2019-09-27 08:22:02.607 [DatebookHikariCP housekeeper] WARN  com.zaxxer.hikari.pool.HikariPool - DatebookHikariCP - Thread starvation or clock leap detected (housekeeper delta=13h29m14s838ms147µs324ns).
2019-09-27 08:39:39.276 [restartedMain] WARN  io.undertow.websockets.jsr - UT026010: Buffer pool was not set on WebSocketDeploymentInfo, the default pool will be used
2019-09-27 08:39:46.418 [RMI TCP Connection(1)-192.168.1.54] WARN  com.zaxxer.hikari.HikariConfig - DatebookHikariCP - idleTimeout is close to or more than maxLifetime, disabling it.
2019-09-27 09:13:30.010 [restartedMain] WARN  io.undertow.websockets.jsr - UT026010: Buffer pool was not set on WebSocketDeploymentInfo, the default pool will be used
2019-09-27 09:13:36.762 [RMI TCP Connection(1)-192.168.1.54] WARN  com.zaxxer.hikari.HikariConfig - DatebookHikariCP - idleTimeout is close to or more than maxLifetime, disabling it.
2019-09-27 09:23:46.804 [XNIO-1 task-2] WARN  o.s.w.s.m.m.a.ExceptionHandlerExceptionResolver - Resolved [org.springframework.http.converter.HttpMessageNotReadableException: JSON parse error: Cannot deserialize instance of `java.util.ArrayList` out of START_OBJECT token; nested exception is com.fasterxml.jackson.databind.exc.MismatchedInputException: Cannot deserialize instance of `java.util.ArrayList` out of START_OBJECT token
 at [Source: (PushbackInputStream); line: 1, column: 1]]
2019-09-27 09:24:17.016 [XNIO-1 task-3] WARN  o.s.w.s.m.m.a.ExceptionHandlerExceptionResolver - Resolved [org.springframework.http.converter.HttpMessageNotReadableException: JSON parse error: Cannot deserialize instance of `java.util.ArrayList` out of START_OBJECT token; nested exception is com.fasterxml.jackson.databind.exc.MismatchedInputException: Cannot deserialize instance of `java.util.ArrayList` out of START_OBJECT token
 at [Source: (PushbackInputStream); line: 1, column: 1]]
2019-09-27 09:25:56.669 [restartedMain] WARN  org.springframework.boot.SpringApplication - Unable to close ApplicationContext
org.springframework.beans.factory.CannotLoadBeanClassException: Cannot find class [com.osen.cloud.system.data.DataHistoryController] for bean with name 'dataHistoryController' defined in file [E:\gitworkspace\lampblack-admin\lampblack-system\target\classes\com\osen\cloud\system\data\DataHistoryController.class]; nested exception is java.lang.ClassNotFoundException: com.osen.cloud.system.data.DataHistoryController
	at org.springframework.beans.factory.support.AbstractBeanFactory.resolveBeanClass(AbstractBeanFactory.java:1392)
	at org.springframework.beans.factory.support.AbstractAutowireCapableBeanFactory.determineTargetType(AbstractAutowireCapableBeanFactory.java:680)
	at org.springframework.beans.factory.support.AbstractAutowireCapableBeanFactory.predictBeanType(AbstractAutowireCapableBeanFactory.java:647)
	at org.springframework.beans.factory.support.AbstractBeanFactory.isFactoryBean(AbstractBeanFactory.java:1518)
	at org.springframework.beans.factory.support.DefaultListableBeanFactory.doGetBeanNamesForType(DefaultListableBeanFactory.java:511)
	at org.springframework.beans.factory.support.DefaultListableBeanFactory.getBeanNamesForType(DefaultListableBeanFactory.java:481)
	at org.springframework.beans.factory.support.DefaultListableBeanFactory.getBeansOfType(DefaultListableBeanFactory.java:602)
	at org.springframework.beans.factory.support.DefaultListableBeanFactory.getBeansOfType(DefaultListableBeanFactory.java:594)
	at org.springframework.context.support.AbstractApplicationContext.getBeansOfType(AbstractApplicationContext.java:1226)
	at org.springframework.boot.SpringApplication.getExitCodeFromMappedException(SpringApplication.java:865)
	at org.springframework.boot.SpringApplication.getExitCodeFromException(SpringApplication.java:853)
	at org.springframework.boot.SpringApplication.handleExitCode(SpringApplication.java:840)
	at org.springframework.boot.SpringApplication.handleRunFailure(SpringApplication.java:791)
	at org.springframework.boot.SpringApplication.run(SpringApplication.java:322)
	at org.springframework.boot.SpringApplication.run(SpringApplication.java:1214)
	at org.springframework.boot.SpringApplication.run(SpringApplication.java:1203)
	at com.osen.cloud.system.LampblackSystemApplication.main(LampblackSystemApplication.java:31)
	at sun.reflect.NativeMethodAccessorImpl.invoke0(Native Method)
	at sun.reflect.NativeMethodAccessorImpl.invoke(NativeMethodAccessorImpl.java:62)
	at sun.reflect.DelegatingMethodAccessorImpl.invoke(DelegatingMethodAccessorImpl.java:43)
	at java.lang.reflect.Method.invoke(Method.java:498)
	at org.springframework.boot.devtools.restart.RestartLauncher.run(RestartLauncher.java:49)
Caused by: java.lang.ClassNotFoundException: com.osen.cloud.system.data.DataHistoryController
	at java.net.URLClassLoader.findClass(URLClassLoader.java:382)
	at java.lang.ClassLoader.loadClass(ClassLoader.java:424)
	at sun.misc.Launcher$AppClassLoader.loadClass(Launcher.java:349)
	at java.lang.ClassLoader.loadClass(ClassLoader.java:357)
	at org.springframework.boot.devtools.restart.classloader.RestartClassLoader.loadClass(RestartClassLoader.java:144)
	at java.lang.ClassLoader.loadClass(ClassLoader.java:357)
	at java.lang.Class.forName0(Native Method)
	at java.lang.Class.forName(Class.java:348)
	at org.springframework.util.ClassUtils.forName(ClassUtils.java:275)
	at org.springframework.beans.factory.support.AbstractBeanDefinition.resolveBeanClass(AbstractBeanDefinition.java:444)
	at org.springframework.beans.factory.support.AbstractBeanFactory.doResolveBeanClass(AbstractBeanFactory.java:1457)
	at org.springframework.beans.factory.support.AbstractBeanFactory.resolveBeanClass(AbstractBeanFactory.java:1384)
	... 21 common frames omitted
2019-09-27 09:27:24.799 [restartedMain] WARN  io.undertow.websockets.jsr - UT026010: Buffer pool was not set on WebSocketDeploymentInfo, the default pool will be used
2019-09-27 09:27:31.881 [RMI TCP Connection(2)-192.168.1.54] WARN  com.zaxxer.hikari.HikariConfig - DatebookHikariCP - idleTimeout is close to or more than maxLifetime, disabling it.
2019-09-27 10:10:47.491 [restartedMain] WARN  io.undertow.websockets.jsr - UT026010: Buffer pool was not set on WebSocketDeploymentInfo, the default pool will be used
2019-09-27 10:10:54.746 [RMI TCP Connection(5)-192.168.1.54] WARN  com.zaxxer.hikari.HikariConfig - DatebookHikariCP - idleTimeout is close to or more than maxLifetime, disabling it.
2019-09-27 10:17:00.888 [XNIO-1 task-6] WARN  o.s.w.s.m.m.a.ExceptionHandlerExceptionResolver - Resolved [java.lang.NullPointerException]
2019-09-27 10:18:07.274 [XNIO-1 task-7] WARN  o.s.w.s.m.m.a.ExceptionHandlerExceptionResolver - Resolved [java.lang.NullPointerException]
2019-09-27 10:31:16.257 [restartedMain] WARN  io.undertow.websockets.jsr - UT026010: Buffer pool was not set on WebSocketDeploymentInfo, the default pool will be used
2019-09-27 10:31:23.384 [RMI TCP Connection(2)-192.168.1.54] WARN  com.zaxxer.hikari.HikariConfig - DatebookHikariCP - idleTimeout is close to or more than maxLifetime, disabling it.
2019-09-27 11:17:28.788 [XNIO-1 task-39] WARN  o.s.w.s.m.m.a.ExceptionHandlerExceptionResolver - Resolved [com.osen.cloud.common.except.type.ServiceException: 无法查询指定用户信息]
2019-09-27 13:31:23.707 [DatebookHikariCP housekeeper] WARN  com.zaxxer.hikari.pool.HikariPool - DatebookHikariCP - Thread starvation or clock leap detected (housekeeper delta=57m28s831ms304µs606ns).
2019-09-27 13:31:54.867 [restartedMain] WARN  io.undertow.websockets.jsr - UT026010: Buffer pool was not set on WebSocketDeploymentInfo, the default pool will be used
2019-09-27 13:32:01.985 [RMI TCP Connection(2)-192.168.1.54] WARN  com.zaxxer.hikari.HikariConfig - DatebookHikariCP - idleTimeout is close to or more than maxLifetime, disabling it.
