2020-02-15 16:48:53.383 log message -> Starting LampblackSystemApplication v1.0.0 on YideMacBook-Pro.local with PID 8804 (/Users/pangyi/Documents/WorkProjects/lampblack-admin/lampblack-system/target/lampblack-system-1.0.0.jar started by pangyi in /Users/pangyi/Documents/WorkProjects/lampblack-admin/lampblack-system/target)
2020-02-15 16:48:53.386 log message -> The following profiles are active: dev
2020-02-15 16:48:54.346 log message -> Multiple Spring Data modules found, entering strict repository configuration mode!
2020-02-15 16:48:54.348 log message -> Bootstrapping Spring Data repositories in DEFAULT mode.
2020-02-15 16:48:54.393 log message -> Finished Spring Data repository scanning in 31ms. Found 0 repository interfaces.
2020-02-15 16:48:54.804 log message -> Bean 'org.springframework.security.config.annotation.configuration.ObjectPostProcessorConfiguration' of type [org.springframework.security.config.annotation.configuration.ObjectPostProcessorConfiguration$$EnhancerBySpringCGLIB$$b661d8e8] is not eligible for getting processed by all BeanPostProcessors (for example: not eligible for auto-proxying)
2020-02-15 16:48:54.812 log message -> Bean 'org.springframework.transaction.annotation.ProxyTransactionManagementConfiguration' of type [org.springframework.transaction.annotation.ProxyTransactionManagementConfiguration$$EnhancerBySpringCGLIB$$1db410ae] is not eligible for getting processed by all BeanPostProcessors (for example: not eligible for auto-proxying)
2020-02-15 16:48:54.839 log message -> Bean 'objectPostProcessor' of type [org.springframework.security.config.annotation.configuration.AutowireBeanFactoryObjectPostProcessor] is not eligible for getting processed by all BeanPostProcessors (for example: not eligible for auto-proxying)
2020-02-15 16:48:54.842 log message -> Bean 'org.springframework.security.access.expression.method.DefaultMethodSecurityExpressionHandler@609e8838' of type [org.springframework.security.access.expression.method.DefaultMethodSecurityExpressionHandler] is not eligible for getting processed by all BeanPostProcessors (for example: not eligible for auto-proxying)
2020-02-15 16:48:54.850 log message -> Bean 'org.springframework.security.config.annotation.method.configuration.GlobalMethodSecurityConfiguration' of type [org.springframework.security.config.annotation.method.configuration.GlobalMethodSecurityConfiguration$$EnhancerBySpringCGLIB$$db367b9a] is not eligible for getting processed by all BeanPostProcessors (for example: not eligible for auto-proxying)
2020-02-15 16:48:54.863 log message -> Bean 'methodSecurityMetadataSource' of type [org.springframework.security.access.method.DelegatingMethodSecurityMetadataSource] is not eligible for getting processed by all BeanPostProcessors (for example: not eligible for auto-proxying)
2020-02-15 16:48:55.279 log message -> Initializing Spring embedded WebApplicationContext
2020-02-15 16:48:55.279 log message -> Root WebApplicationContext: initialization completed in 1811 ms
2020-02-15 16:48:57.979 log message -> system_socket service starting port: 8888
2020-02-15 16:48:58.152 log message -> Creating filter chain: any request, [org.springframework.security.web.context.request.async.WebAsyncManagerIntegrationFilter@ed3068a, org.springframework.security.web.context.SecurityContextPersistenceFilter@2a3c96e3, org.springframework.security.web.header.HeaderWriterFilter@3e5499cc, org.springframework.security.web.authentication.logout.LogoutFilter@79145d5a, com.osen.cloud.system.web_security.config.JwtAuthenticationTokenFilter@cd1d761, org.springframework.security.web.authentication.UsernamePasswordAuthenticationFilter@338494fa, org.springframework.security.web.savedrequest.RequestCacheAwareFilter@5b444398, org.springframework.security.web.servletapi.SecurityContextHolderAwareRequestFilter@a776e, org.springframework.security.web.authentication.AnonymousAuthenticationFilter@7c2b6087, org.springframework.security.web.session.SessionManagementFilter@b78a709, org.springframework.security.web.access.ExceptionTranslationFilter@183e8023, org.springframework.security.web.access.intercept.FilterSecurityInterceptor@ea9b7c6]
2020-02-15 16:48:58.329 log message -> Initializing ExecutorService 'applicationTaskExecutor'
2020-02-15 16:48:58.854 log message -> Exposing 2 endpoint(s) beneath base path '/actuator'
2020-02-15 16:48:58.905 log message -> Initializing ExecutorService 'taskScheduler'
2020-02-15 16:48:59.016 log message -> XNIO version 3.3.8.Final
2020-02-15 16:48:59.030 log message -> XNIO NIO Implementation Version 3.3.8.Final
2020-02-15 16:48:59.119 log message -> Undertow started on port(s) 8081 (http) with context path ''
2020-02-15 16:48:59.122 log message -> Started LampblackSystemApplication in 6.192 seconds (JVM running for 6.55)
2020-02-15 16:49:11.065 log message -> Shutting down ExecutorService 'taskScheduler'
2020-02-15 16:49:11.069 log message -> Shutting down ExecutorService 'applicationTaskExecutor'
2020-02-15 16:50:05.370 log message -> Starting LampblackSystemApplication v1.0.0 on YideMacBook-Pro.local with PID 8862 (/Users/pangyi/Documents/WorkProjects/lampblack-admin/lampblack-system/target/lampblack-system-1.0.0.jar started by pangyi in /Users/pangyi/Documents/WorkProjects/lampblack-admin/lampblack-system/target)
2020-02-15 16:50:05.373 log message -> The following profiles are active: pro
2020-02-15 16:50:06.374 log message -> Multiple Spring Data modules found, entering strict repository configuration mode!
2020-02-15 16:50:06.377 log message -> Bootstrapping Spring Data repositories in DEFAULT mode.
2020-02-15 16:50:06.414 log message -> Finished Spring Data repository scanning in 23ms. Found 0 repository interfaces.
2020-02-15 16:50:06.862 log message -> Bean 'org.springframework.security.config.annotation.configuration.ObjectPostProcessorConfiguration' of type [org.springframework.security.config.annotation.configuration.ObjectPostProcessorConfiguration$$EnhancerBySpringCGLIB$$3ce6c1b2] is not eligible for getting processed by all BeanPostProcessors (for example: not eligible for auto-proxying)
2020-02-15 16:50:06.870 log message -> Bean 'org.springframework.transaction.annotation.ProxyTransactionManagementConfiguration' of type [org.springframework.transaction.annotation.ProxyTransactionManagementConfiguration$$EnhancerBySpringCGLIB$$a438f978] is not eligible for getting processed by all BeanPostProcessors (for example: not eligible for auto-proxying)
2020-02-15 16:50:06.900 log message -> Bean 'objectPostProcessor' of type [org.springframework.security.config.annotation.configuration.AutowireBeanFactoryObjectPostProcessor] is not eligible for getting processed by all BeanPostProcessors (for example: not eligible for auto-proxying)
2020-02-15 16:50:06.907 log message -> Bean 'org.springframework.security.access.expression.method.DefaultMethodSecurityExpressionHandler@35841320' of type [org.springframework.security.access.expression.method.DefaultMethodSecurityExpressionHandler] is not eligible for getting processed by all BeanPostProcessors (for example: not eligible for auto-proxying)
2020-02-15 16:50:06.913 log message -> Bean 'org.springframework.security.config.annotation.method.configuration.GlobalMethodSecurityConfiguration' of type [org.springframework.security.config.annotation.method.configuration.GlobalMethodSecurityConfiguration$$EnhancerBySpringCGLIB$$61bb6464] is not eligible for getting processed by all BeanPostProcessors (for example: not eligible for auto-proxying)
2020-02-15 16:50:06.919 log message -> Bean 'methodSecurityMetadataSource' of type [org.springframework.security.access.method.DelegatingMethodSecurityMetadataSource] is not eligible for getting processed by all BeanPostProcessors (for example: not eligible for auto-proxying)
2020-02-15 16:50:07.246 log message -> Initializing Spring embedded WebApplicationContext
2020-02-15 16:50:07.246 log message -> Root WebApplicationContext: initialization completed in 1781 ms
2020-02-15 16:50:09.669 log message -> system_socket service starting port: 8888
2020-02-15 16:50:09.926 log message -> Creating filter chain: any request, [org.springframework.security.web.context.request.async.WebAsyncManagerIntegrationFilter@18230356, org.springframework.security.web.context.SecurityContextPersistenceFilter@163d04ff, org.springframework.security.web.header.HeaderWriterFilter@57eda880, org.springframework.security.web.authentication.logout.LogoutFilter@75459c75, com.osen.cloud.system.web_security.config.JwtAuthenticationTokenFilter@5cde6747, org.springframework.security.web.authentication.UsernamePasswordAuthenticationFilter@67ab1c47, org.springframework.security.web.savedrequest.RequestCacheAwareFilter@2fc0cc3, org.springframework.security.web.servletapi.SecurityContextHolderAwareRequestFilter@42e3ede4, org.springframework.security.web.authentication.AnonymousAuthenticationFilter@d8305c2, org.springframework.security.web.session.SessionManagementFilter@53d1b9b3, org.springframework.security.web.access.ExceptionTranslationFilter@65b3a85a, org.springframework.security.web.access.intercept.FilterSecurityInterceptor@41e350f1]
2020-02-15 16:50:10.104 log message -> Initializing ExecutorService 'applicationTaskExecutor'
2020-02-15 16:50:10.600 log message -> Exposing 2 endpoint(s) beneath base path '/actuator'
2020-02-15 16:50:10.638 log message -> Initializing ExecutorService 'taskScheduler'
2020-02-15 16:50:10.757 log message -> XNIO version 3.3.8.Final
2020-02-15 16:50:10.767 log message -> XNIO NIO Implementation Version 3.3.8.Final
2020-02-15 16:50:10.839 log message -> Undertow started on port(s) 8080 (http) with context path ''
2020-02-15 16:50:10.841 log message -> Started LampblackSystemApplication in 5.918 seconds (JVM running for 6.27)
2020-02-15 16:51:22.398 log message -> Shutting down ExecutorService 'taskScheduler'
2020-02-15 16:51:22.402 log message -> Shutting down ExecutorService 'applicationTaskExecutor'
