2019-09-24 09:32:22.016 [main] INFO  c.o.cloud.system.LampblackSystemApplicationTests - Starting LampblackSystemApplicationTests on PC-20190708MDDO with PID 4124 (started by Administrator in E:\gitworkspace\lampblack-admin\lampblack-system)
2019-09-24 09:32:22.022 [main] INFO  c.o.cloud.system.LampblackSystemApplicationTests - No active profile set, falling back to default profiles: default
2019-09-24 09:32:25.528 [main] INFO  o.s.d.r.config.RepositoryConfigurationDelegate - Multiple Spring Data modules found, entering strict repository configuration mode!
2019-09-24 09:32:25.538 [main] INFO  o.s.d.r.config.RepositoryConfigurationDelegate - Bootstrapping Spring Data repositories in DEFAULT mode.
2019-09-24 09:32:25.617 [main] INFO  o.s.d.r.config.RepositoryConfigurationDelegate - Finished Spring Data repository scanning in 41ms. Found 0 repository interfaces.
2019-09-24 09:32:26.967 [main] INFO  o.s.c.s.PostProcessorRegistrationDelegate$BeanPostProcessorChecker - Bean 'org.springframework.security.config.annotation.configuration.ObjectPostProcessorConfiguration' of type [org.springframework.security.config.annotation.configuration.ObjectPostProcessorConfiguration$$EnhancerBySpringCGLIB$$f86f3d39] is not eligible for getting processed by all BeanPostProcessors (for example: not eligible for auto-proxying)
2019-09-24 09:32:26.993 [main] INFO  o.s.c.s.PostProcessorRegistrationDelegate$BeanPostProcessorChecker - Bean 'org.springframework.transaction.annotation.ProxyTransactionManagementConfiguration' of type [org.springframework.transaction.annotation.ProxyTransactionManagementConfiguration$$EnhancerBySpringCGLIB$$5fc174ff] is not eligible for getting processed by all BeanPostProcessors (for example: not eligible for auto-proxying)
2019-09-24 09:32:27.059 [main] INFO  o.s.c.s.PostProcessorRegistrationDelegate$BeanPostProcessorChecker - Bean 'objectPostProcessor' of type [org.springframework.security.config.annotation.configuration.AutowireBeanFactoryObjectPostProcessor] is not eligible for getting processed by all BeanPostProcessors (for example: not eligible for auto-proxying)
2019-09-24 09:32:27.064 [main] INFO  o.s.c.s.PostProcessorRegistrationDelegate$BeanPostProcessorChecker - Bean 'org.springframework.security.access.expression.method.DefaultMethodSecurityExpressionHandler@43b5021c' of type [org.springframework.security.access.expression.method.DefaultMethodSecurityExpressionHandler] is not eligible for getting processed by all BeanPostProcessors (for example: not eligible for auto-proxying)
2019-09-24 09:32:27.077 [main] INFO  o.s.c.s.PostProcessorRegistrationDelegate$BeanPostProcessorChecker - Bean 'org.springframework.security.config.annotation.method.configuration.GlobalMethodSecurityConfiguration' of type [org.springframework.security.config.annotation.method.configuration.GlobalMethodSecurityConfiguration$$EnhancerBySpringCGLIB$$1d43dfeb] is not eligible for getting processed by all BeanPostProcessors (for example: not eligible for auto-proxying)
2019-09-24 09:32:27.094 [main] INFO  o.s.c.s.PostProcessorRegistrationDelegate$BeanPostProcessorChecker - Bean 'methodSecurityMetadataSource' of type [org.springframework.security.access.method.DelegatingMethodSecurityMetadataSource] is not eligible for getting processed by all BeanPostProcessors (for example: not eligible for auto-proxying)
2019-09-24 09:32:34.642 [Socket Server Thread-01] INFO  com.osen.cloud.system.socket.server.SocketServer - socket server starting port: 8888
2019-09-24 09:32:35.076 [main] INFO  o.s.b.actuate.endpoint.web.EndpointLinksResolver - Exposing 2 endpoint(s) beneath base path '/actuator'
2019-09-24 09:32:36.434 [main] INFO  o.s.security.web.DefaultSecurityFilterChain - Creating filter chain: any request, [org.springframework.security.web.context.request.async.WebAsyncManagerIntegrationFilter@44abdb1f, org.springframework.security.web.context.SecurityContextPersistenceFilter@7d64a960, org.springframework.security.web.header.HeaderWriterFilter@4b691611, org.springframework.security.web.authentication.logout.LogoutFilter@726a8729, com.osen.cloud.system.security.config.JwtAuthenticationTokenFilter@706f6d26, org.springframework.security.web.authentication.UsernamePasswordAuthenticationFilter@1c2dd89b, org.springframework.security.web.savedrequest.RequestCacheAwareFilter@5d92e8e2, org.springframework.security.web.servletapi.SecurityContextHolderAwareRequestFilter@cd5ff55, org.springframework.security.web.authentication.AnonymousAuthenticationFilter@62108cd3, org.springframework.security.web.session.SessionManagementFilter@379f9555, org.springframework.security.web.access.ExceptionTranslationFilter@84f51d9, org.springframework.security.web.access.intercept.FilterSecurityInterceptor@5408d4b3]
2019-09-24 09:32:36.979 [main] INFO  s.d.s.w.PropertySourcedRequestMappingHandlerMapping - Mapped URL path [/v2/api-docs] onto method [public org.springframework.http.ResponseEntity<springfox.documentation.spring.web.json.Json> springfox.documentation.swagger2.web.Swagger2Controller.getDocumentation(java.lang.String,javax.servlet.http.HttpServletRequest)]
2019-09-24 09:32:39.693 [main] INFO  o.s.scheduling.concurrent.ThreadPoolTaskExecutor - Initializing ExecutorService 'applicationTaskExecutor'
2019-09-24 09:32:42.006 [main] INFO  o.s.scheduling.concurrent.ThreadPoolTaskScheduler - Initializing ExecutorService 'taskScheduler'
2019-09-24 09:32:42.304 [main] INFO  s.d.s.web.plugins.DocumentationPluginsBootstrapper - Context refreshed
2019-09-24 09:32:43.116 [main] INFO  s.d.s.web.plugins.DocumentationPluginsBootstrapper - Found 1 custom documentation plugin(s)
2019-09-24 09:32:43.175 [main] INFO  s.d.spring.web.scanners.ApiListingReferenceScanner - Scanning for api listing references
2019-09-24 09:32:43.518 [main] INFO  c.o.cloud.system.LampblackSystemApplicationTests - Started LampblackSystemApplicationTests in 23.189 seconds (JVM running for 26.403)
2019-09-24 09:32:44.170 [Thread-3] INFO  o.s.scheduling.concurrent.ThreadPoolTaskScheduler - Shutting down ExecutorService 'taskScheduler'
2019-09-24 09:32:44.180 [Thread-3] INFO  o.s.scheduling.concurrent.ThreadPoolTaskExecutor - Shutting down ExecutorService 'applicationTaskExecutor'
