2019-11-05 10:42:41.068 [main] INFO  com.osen.cloud.system.dev_data.VocTest - Starting VocTest on PC-20190708MDDO with PID 9900 (started by Administrator in E:\gitworkspace\lampblack-admin\lampblack-system)
2019-11-05 10:42:41.073 [main] INFO  com.osen.cloud.system.dev_data.VocTest - The following profiles are active: dev
2019-11-05 10:42:44.333 [main] INFO  o.s.d.r.config.RepositoryConfigurationDelegate - Multiple Spring Data modules found, entering strict repository configuration mode!
2019-11-05 10:42:44.340 [main] INFO  o.s.d.r.config.RepositoryConfigurationDelegate - Bootstrapping Spring Data repositories in DEFAULT mode.
2019-11-05 10:42:44.415 [main] INFO  o.s.d.r.config.RepositoryConfigurationDelegate - Finished Spring Data repository scanning in 44ms. Found 0 repository interfaces.
2019-11-05 10:42:45.522 [main] INFO  o.s.c.s.PostProcessorRegistrationDelegate$BeanPostProcessorChecker - Bean 'org.springframework.security.config.annotation.configuration.ObjectPostProcessorConfiguration' of type [org.springframework.security.config.annotation.configuration.ObjectPostProcessorConfiguration$$EnhancerBySpringCGLIB$$dbeb14a9] is not eligible for getting processed by all BeanPostProcessors (for example: not eligible for auto-proxying)
2019-11-05 10:42:45.540 [main] INFO  o.s.c.s.PostProcessorRegistrationDelegate$BeanPostProcessorChecker - Bean 'org.springframework.transaction.annotation.ProxyTransactionManagementConfiguration' of type [org.springframework.transaction.annotation.ProxyTransactionManagementConfiguration$$EnhancerBySpringCGLIB$$433d4c6f] is not eligible for getting processed by all BeanPostProcessors (for example: not eligible for auto-proxying)
2019-11-05 10:42:45.637 [main] INFO  o.s.c.s.PostProcessorRegistrationDelegate$BeanPostProcessorChecker - Bean 'objectPostProcessor' of type [org.springframework.security.config.annotation.configuration.AutowireBeanFactoryObjectPostProcessor] is not eligible for getting processed by all BeanPostProcessors (for example: not eligible for auto-proxying)
2019-11-05 10:42:45.640 [main] INFO  o.s.c.s.PostProcessorRegistrationDelegate$BeanPostProcessorChecker - Bean 'org.springframework.security.access.expression.method.DefaultMethodSecurityExpressionHandler@54e2fe' of type [org.springframework.security.access.expression.method.DefaultMethodSecurityExpressionHandler] is not eligible for getting processed by all BeanPostProcessors (for example: not eligible for auto-proxying)
2019-11-05 10:42:45.651 [main] INFO  o.s.c.s.PostProcessorRegistrationDelegate$BeanPostProcessorChecker - Bean 'org.springframework.security.config.annotation.method.configuration.GlobalMethodSecurityConfiguration' of type [org.springframework.security.config.annotation.method.configuration.GlobalMethodSecurityConfiguration$$EnhancerBySpringCGLIB$$bfb75b] is not eligible for getting processed by all BeanPostProcessors (for example: not eligible for auto-proxying)
2019-11-05 10:42:45.668 [main] INFO  o.s.c.s.PostProcessorRegistrationDelegate$BeanPostProcessorChecker - Bean 'methodSecurityMetadataSource' of type [org.springframework.security.access.method.DelegatingMethodSecurityMetadataSource] is not eligible for getting processed by all BeanPostProcessors (for example: not eligible for auto-proxying)
2019-11-05 10:42:51.171 [Socket Server Thread-01] INFO  c.o.c.s.system_socket.config.SocketServerStarter - system_socket service starting port: 8888
2019-11-05 10:42:51.458 [main] INFO  o.s.security.web.DefaultSecurityFilterChain - Creating filter chain: any request, [org.springframework.security.web.context.request.async.WebAsyncManagerIntegrationFilter@4fb64a52, org.springframework.security.web.context.SecurityContextPersistenceFilter@72c9ebfa, org.springframework.security.web.header.HeaderWriterFilter@1df9186f, org.springframework.security.web.authentication.logout.LogoutFilter@7a606260, com.osen.cloud.system.web_security.config.JwtAuthenticationTokenFilter@5fed9976, org.springframework.security.web.authentication.UsernamePasswordAuthenticationFilter@595f9916, org.springframework.security.web.savedrequest.RequestCacheAwareFilter@747f6c5a, org.springframework.security.web.servletapi.SecurityContextHolderAwareRequestFilter@19662208, org.springframework.security.web.authentication.AnonymousAuthenticationFilter@70b48eb3, org.springframework.security.web.session.SessionManagementFilter@5bb8e6fc, org.springframework.security.web.access.ExceptionTranslationFilter@73e4387, org.springframework.security.web.access.intercept.FilterSecurityInterceptor@3a788fe0]
2019-11-05 10:42:52.469 [main] INFO  o.s.scheduling.concurrent.ThreadPoolTaskExecutor - Initializing ExecutorService 'applicationTaskExecutor'
2019-11-05 10:42:54.405 [main] INFO  o.s.b.actuate.endpoint.web.EndpointLinksResolver - Exposing 2 endpoint(s) beneath base path '/actuator'
2019-11-05 10:42:54.581 [main] INFO  o.s.scheduling.concurrent.ThreadPoolTaskScheduler - Initializing ExecutorService 'taskScheduler'
2019-11-05 10:42:54.850 [main] INFO  com.osen.cloud.system.dev_data.VocTest - Started VocTest in 14.822 seconds (JVM running for 16.689)
2019-11-05 10:42:56.410 [main] INFO  io.lettuce.core.EpollProvider - Starting without optional epoll library
2019-11-05 10:42:56.415 [main] INFO  io.lettuce.core.KqueueProvider - Starting without optional kqueue library
2019-11-05 10:42:56.628 [Thread-3] INFO  o.s.scheduling.concurrent.ThreadPoolTaskScheduler - Shutting down ExecutorService 'taskScheduler'
2019-11-05 10:42:56.630 [Thread-3] INFO  o.s.scheduling.concurrent.ThreadPoolTaskExecutor - Shutting down ExecutorService 'applicationTaskExecutor'
2019-11-05 10:47:50.531 [main] INFO  com.osen.cloud.system.dev_data.ColdChainTest - Starting ColdChainTest on PC-20190708MDDO with PID 9924 (started by Administrator in E:\gitworkspace\lampblack-admin\lampblack-system)
2019-11-05 10:47:50.532 [main] INFO  com.osen.cloud.system.dev_data.ColdChainTest - The following profiles are active: dev
2019-11-05 10:47:53.393 [main] INFO  o.s.d.r.config.RepositoryConfigurationDelegate - Multiple Spring Data modules found, entering strict repository configuration mode!
2019-11-05 10:47:53.397 [main] INFO  o.s.d.r.config.RepositoryConfigurationDelegate - Bootstrapping Spring Data repositories in DEFAULT mode.
2019-11-05 10:47:53.476 [main] INFO  o.s.d.r.config.RepositoryConfigurationDelegate - Finished Spring Data repository scanning in 58ms. Found 0 repository interfaces.
2019-11-05 10:47:54.516 [main] INFO  o.s.c.s.PostProcessorRegistrationDelegate$BeanPostProcessorChecker - Bean 'org.springframework.security.config.annotation.configuration.ObjectPostProcessorConfiguration' of type [org.springframework.security.config.annotation.configuration.ObjectPostProcessorConfiguration$$EnhancerBySpringCGLIB$$ee2acc0d] is not eligible for getting processed by all BeanPostProcessors (for example: not eligible for auto-proxying)
2019-11-05 10:47:54.534 [main] INFO  o.s.c.s.PostProcessorRegistrationDelegate$BeanPostProcessorChecker - Bean 'org.springframework.transaction.annotation.ProxyTransactionManagementConfiguration' of type [org.springframework.transaction.annotation.ProxyTransactionManagementConfiguration$$EnhancerBySpringCGLIB$$557d03d3] is not eligible for getting processed by all BeanPostProcessors (for example: not eligible for auto-proxying)
2019-11-05 10:47:54.604 [main] INFO  o.s.c.s.PostProcessorRegistrationDelegate$BeanPostProcessorChecker - Bean 'objectPostProcessor' of type [org.springframework.security.config.annotation.configuration.AutowireBeanFactoryObjectPostProcessor] is not eligible for getting processed by all BeanPostProcessors (for example: not eligible for auto-proxying)
2019-11-05 10:47:54.607 [main] INFO  o.s.c.s.PostProcessorRegistrationDelegate$BeanPostProcessorChecker - Bean 'org.springframework.security.access.expression.method.DefaultMethodSecurityExpressionHandler@43af351a' of type [org.springframework.security.access.expression.method.DefaultMethodSecurityExpressionHandler] is not eligible for getting processed by all BeanPostProcessors (for example: not eligible for auto-proxying)
2019-11-05 10:47:54.622 [main] INFO  o.s.c.s.PostProcessorRegistrationDelegate$BeanPostProcessorChecker - Bean 'org.springframework.security.config.annotation.method.configuration.GlobalMethodSecurityConfiguration' of type [org.springframework.security.config.annotation.method.configuration.GlobalMethodSecurityConfiguration$$EnhancerBySpringCGLIB$$12ff6ebf] is not eligible for getting processed by all BeanPostProcessors (for example: not eligible for auto-proxying)
2019-11-05 10:47:54.637 [main] INFO  o.s.c.s.PostProcessorRegistrationDelegate$BeanPostProcessorChecker - Bean 'methodSecurityMetadataSource' of type [org.springframework.security.access.method.DelegatingMethodSecurityMetadataSource] is not eligible for getting processed by all BeanPostProcessors (for example: not eligible for auto-proxying)
2019-11-05 10:47:59.680 [Socket Server Thread-01] INFO  c.o.c.s.system_socket.config.SocketServerStarter - system_socket service starting port: 8888
2019-11-05 10:48:00.012 [main] INFO  o.s.security.web.DefaultSecurityFilterChain - Creating filter chain: any request, [org.springframework.security.web.context.request.async.WebAsyncManagerIntegrationFilter@755b5f30, org.springframework.security.web.context.SecurityContextPersistenceFilter@3a3f96ab, org.springframework.security.web.header.HeaderWriterFilter@353c6da1, org.springframework.security.web.authentication.logout.LogoutFilter@3457cc8d, com.osen.cloud.system.web_security.config.JwtAuthenticationTokenFilter@77b5148c, org.springframework.security.web.authentication.UsernamePasswordAuthenticationFilter@73e4387, org.springframework.security.web.savedrequest.RequestCacheAwareFilter@43c7fe8a, org.springframework.security.web.servletapi.SecurityContextHolderAwareRequestFilter@76563ae7, org.springframework.security.web.authentication.AnonymousAuthenticationFilter@29bbc63c, org.springframework.security.web.session.SessionManagementFilter@6750e381, org.springframework.security.web.access.ExceptionTranslationFilter@5a7b309b, org.springframework.security.web.access.intercept.FilterSecurityInterceptor@4652c74d]
2019-11-05 10:48:00.793 [main] INFO  o.s.scheduling.concurrent.ThreadPoolTaskExecutor - Initializing ExecutorService 'applicationTaskExecutor'
2019-11-05 10:48:02.904 [main] INFO  o.s.b.actuate.endpoint.web.EndpointLinksResolver - Exposing 2 endpoint(s) beneath base path '/actuator'
2019-11-05 10:48:03.022 [main] INFO  o.s.scheduling.concurrent.ThreadPoolTaskScheduler - Initializing ExecutorService 'taskScheduler'
2019-11-05 10:48:03.242 [main] INFO  com.osen.cloud.system.dev_data.ColdChainTest - Started ColdChainTest in 13.785 seconds (JVM running for 15.41)
2019-11-05 10:48:04.226 [main] INFO  io.lettuce.core.EpollProvider - Starting without optional epoll library
2019-11-05 10:48:04.231 [main] INFO  io.lettuce.core.KqueueProvider - Starting without optional kqueue library
2019-11-05 10:48:04.423 [Thread-3] INFO  o.s.scheduling.concurrent.ThreadPoolTaskScheduler - Shutting down ExecutorService 'taskScheduler'
2019-11-05 10:48:04.424 [Thread-3] INFO  o.s.scheduling.concurrent.ThreadPoolTaskExecutor - Shutting down ExecutorService 'applicationTaskExecutor'
2019-11-05 12:49:43.830 [main] INFO  com.osen.cloud.system.dev_data.ColdChainTest - Starting ColdChainTest on PC-20190708MDDO with PID 7792 (started by Administrator in E:\gitworkspace\lampblack-admin\lampblack-system)
2019-11-05 12:49:43.831 [main] INFO  com.osen.cloud.system.dev_data.ColdChainTest - The following profiles are active: dev
2019-11-05 12:49:46.933 [main] INFO  o.s.d.r.config.RepositoryConfigurationDelegate - Multiple Spring Data modules found, entering strict repository configuration mode!
2019-11-05 12:49:46.937 [main] INFO  o.s.d.r.config.RepositoryConfigurationDelegate - Bootstrapping Spring Data repositories in DEFAULT mode.
2019-11-05 12:49:47.002 [main] INFO  o.s.d.r.config.RepositoryConfigurationDelegate - Finished Spring Data repository scanning in 46ms. Found 0 repository interfaces.
2019-11-05 12:49:48.200 [main] INFO  o.s.c.s.PostProcessorRegistrationDelegate$BeanPostProcessorChecker - Bean 'org.springframework.security.config.annotation.configuration.ObjectPostProcessorConfiguration' of type [org.springframework.security.config.annotation.configuration.ObjectPostProcessorConfiguration$$EnhancerBySpringCGLIB$$2d7030ba] is not eligible for getting processed by all BeanPostProcessors (for example: not eligible for auto-proxying)
2019-11-05 12:49:48.247 [main] INFO  o.s.c.s.PostProcessorRegistrationDelegate$BeanPostProcessorChecker - Bean 'org.springframework.transaction.annotation.ProxyTransactionManagementConfiguration' of type [org.springframework.transaction.annotation.ProxyTransactionManagementConfiguration$$EnhancerBySpringCGLIB$$94c26880] is not eligible for getting processed by all BeanPostProcessors (for example: not eligible for auto-proxying)
2019-11-05 12:49:48.331 [main] INFO  o.s.c.s.PostProcessorRegistrationDelegate$BeanPostProcessorChecker - Bean 'objectPostProcessor' of type [org.springframework.security.config.annotation.configuration.AutowireBeanFactoryObjectPostProcessor] is not eligible for getting processed by all BeanPostProcessors (for example: not eligible for auto-proxying)
2019-11-05 12:49:48.334 [main] INFO  o.s.c.s.PostProcessorRegistrationDelegate$BeanPostProcessorChecker - Bean 'org.springframework.security.access.expression.method.DefaultMethodSecurityExpressionHandler@762637be' of type [org.springframework.security.access.expression.method.DefaultMethodSecurityExpressionHandler] is not eligible for getting processed by all BeanPostProcessors (for example: not eligible for auto-proxying)
2019-11-05 12:49:48.345 [main] INFO  o.s.c.s.PostProcessorRegistrationDelegate$BeanPostProcessorChecker - Bean 'org.springframework.security.config.annotation.method.configuration.GlobalMethodSecurityConfiguration' of type [org.springframework.security.config.annotation.method.configuration.GlobalMethodSecurityConfiguration$$EnhancerBySpringCGLIB$$5244d36c] is not eligible for getting processed by all BeanPostProcessors (for example: not eligible for auto-proxying)
2019-11-05 12:49:48.358 [main] INFO  o.s.c.s.PostProcessorRegistrationDelegate$BeanPostProcessorChecker - Bean 'methodSecurityMetadataSource' of type [org.springframework.security.access.method.DelegatingMethodSecurityMetadataSource] is not eligible for getting processed by all BeanPostProcessors (for example: not eligible for auto-proxying)
2019-11-05 12:49:53.643 [Socket Server Thread-01] INFO  c.o.c.s.system_socket.config.SocketServerStarter - system_socket service starting port: 8888
2019-11-05 12:49:53.973 [main] INFO  o.s.security.web.DefaultSecurityFilterChain - Creating filter chain: any request, [org.springframework.security.web.context.request.async.WebAsyncManagerIntegrationFilter@78d73b1b, org.springframework.security.web.context.SecurityContextPersistenceFilter@22cb3d59, org.springframework.security.web.header.HeaderWriterFilter@2407a36c, org.springframework.security.web.authentication.logout.LogoutFilter@29bbc391, com.osen.cloud.system.web_security.config.JwtAuthenticationTokenFilter@36359723, org.springframework.security.web.authentication.UsernamePasswordAuthenticationFilter@3a3f96ab, org.springframework.security.web.savedrequest.RequestCacheAwareFilter@5cff729b, org.springframework.security.web.servletapi.SecurityContextHolderAwareRequestFilter@353c6da1, org.springframework.security.web.authentication.AnonymousAuthenticationFilter@238291d4, org.springframework.security.web.session.SessionManagementFilter@28b8f98a, org.springframework.security.web.access.ExceptionTranslationFilter@231b35fb, org.springframework.security.web.access.intercept.FilterSecurityInterceptor@3a0b6a]
2019-11-05 12:49:54.726 [main] INFO  o.s.scheduling.concurrent.ThreadPoolTaskExecutor - Initializing ExecutorService 'applicationTaskExecutor'
2019-11-05 12:49:56.645 [main] INFO  o.s.b.actuate.endpoint.web.EndpointLinksResolver - Exposing 2 endpoint(s) beneath base path '/actuator'
2019-11-05 12:49:56.778 [main] INFO  o.s.scheduling.concurrent.ThreadPoolTaskScheduler - Initializing ExecutorService 'taskScheduler'
2019-11-05 12:49:57.016 [main] INFO  com.osen.cloud.system.dev_data.ColdChainTest - Started ColdChainTest in 14.33 seconds (JVM running for 16.078)
2019-11-05 12:49:58.026 [main] INFO  io.lettuce.core.EpollProvider - Starting without optional epoll library
2019-11-05 12:49:58.033 [main] INFO  io.lettuce.core.KqueueProvider - Starting without optional kqueue library
2019-11-05 12:49:58.238 [Thread-3] INFO  o.s.scheduling.concurrent.ThreadPoolTaskScheduler - Shutting down ExecutorService 'taskScheduler'
2019-11-05 12:49:58.240 [Thread-3] INFO  o.s.scheduling.concurrent.ThreadPoolTaskExecutor - Shutting down ExecutorService 'applicationTaskExecutor'
2019-11-05 13:10:09.556 [main] INFO  com.osen.cloud.system.dev_data.VocTest - Starting VocTest on PC-20190708MDDO with PID 9704 (started by Administrator in E:\gitworkspace\lampblack-admin\lampblack-system)
2019-11-05 13:10:09.558 [main] INFO  com.osen.cloud.system.dev_data.VocTest - The following profiles are active: dev
2019-11-05 13:10:12.685 [main] INFO  o.s.d.r.config.RepositoryConfigurationDelegate - Multiple Spring Data modules found, entering strict repository configuration mode!
2019-11-05 13:10:12.690 [main] INFO  o.s.d.r.config.RepositoryConfigurationDelegate - Bootstrapping Spring Data repositories in DEFAULT mode.
2019-11-05 13:10:12.761 [main] INFO  o.s.d.r.config.RepositoryConfigurationDelegate - Finished Spring Data repository scanning in 44ms. Found 0 repository interfaces.
2019-11-05 13:10:13.881 [main] INFO  o.s.c.s.PostProcessorRegistrationDelegate$BeanPostProcessorChecker - Bean 'org.springframework.security.config.annotation.configuration.ObjectPostProcessorConfiguration' of type [org.springframework.security.config.annotation.configuration.ObjectPostProcessorConfiguration$$EnhancerBySpringCGLIB$$2d7030ba] is not eligible for getting processed by all BeanPostProcessors (for example: not eligible for auto-proxying)
2019-11-05 13:10:13.898 [main] INFO  o.s.c.s.PostProcessorRegistrationDelegate$BeanPostProcessorChecker - Bean 'org.springframework.transaction.annotation.ProxyTransactionManagementConfiguration' of type [org.springframework.transaction.annotation.ProxyTransactionManagementConfiguration$$EnhancerBySpringCGLIB$$94c26880] is not eligible for getting processed by all BeanPostProcessors (for example: not eligible for auto-proxying)
2019-11-05 13:10:13.972 [main] INFO  o.s.c.s.PostProcessorRegistrationDelegate$BeanPostProcessorChecker - Bean 'objectPostProcessor' of type [org.springframework.security.config.annotation.configuration.AutowireBeanFactoryObjectPostProcessor] is not eligible for getting processed by all BeanPostProcessors (for example: not eligible for auto-proxying)
2019-11-05 13:10:13.976 [main] INFO  o.s.c.s.PostProcessorRegistrationDelegate$BeanPostProcessorChecker - Bean 'org.springframework.security.access.expression.method.DefaultMethodSecurityExpressionHandler@762637be' of type [org.springframework.security.access.expression.method.DefaultMethodSecurityExpressionHandler] is not eligible for getting processed by all BeanPostProcessors (for example: not eligible for auto-proxying)
2019-11-05 13:10:13.987 [main] INFO  o.s.c.s.PostProcessorRegistrationDelegate$BeanPostProcessorChecker - Bean 'org.springframework.security.config.annotation.method.configuration.GlobalMethodSecurityConfiguration' of type [org.springframework.security.config.annotation.method.configuration.GlobalMethodSecurityConfiguration$$EnhancerBySpringCGLIB$$5244d36c] is not eligible for getting processed by all BeanPostProcessors (for example: not eligible for auto-proxying)
2019-11-05 13:10:14.002 [main] INFO  o.s.c.s.PostProcessorRegistrationDelegate$BeanPostProcessorChecker - Bean 'methodSecurityMetadataSource' of type [org.springframework.security.access.method.DelegatingMethodSecurityMetadataSource] is not eligible for getting processed by all BeanPostProcessors (for example: not eligible for auto-proxying)
2019-11-05 13:10:19.195 [Socket Server Thread-01] INFO  c.o.c.s.system_socket.config.SocketServerStarter - system_socket service starting port: 8888
2019-11-05 13:10:19.561 [main] INFO  o.s.security.web.DefaultSecurityFilterChain - Creating filter chain: any request, [org.springframework.security.web.context.request.async.WebAsyncManagerIntegrationFilter@c48b543, org.springframework.security.web.context.SecurityContextPersistenceFilter@33e4b9c4, org.springframework.security.web.header.HeaderWriterFilter@5ec9eefa, org.springframework.security.web.authentication.logout.LogoutFilter@46a8c2b4, com.osen.cloud.system.web_security.config.JwtAuthenticationTokenFilter@ccd341d, org.springframework.security.web.authentication.UsernamePasswordAuthenticationFilter@4fd74223, org.springframework.security.web.savedrequest.RequestCacheAwareFilter@10d18696, org.springframework.security.web.servletapi.SecurityContextHolderAwareRequestFilter@36c07c75, org.springframework.security.web.authentication.AnonymousAuthenticationFilter@75793f17, org.springframework.security.web.session.SessionManagementFilter@3b4ef59f, org.springframework.security.web.access.ExceptionTranslationFilter@26da1ba2, org.springframework.security.web.access.intercept.FilterSecurityInterceptor@238291d4]
2019-11-05 13:10:20.296 [main] INFO  o.s.scheduling.concurrent.ThreadPoolTaskExecutor - Initializing ExecutorService 'applicationTaskExecutor'
2019-11-05 13:10:22.396 [main] INFO  o.s.b.actuate.endpoint.web.EndpointLinksResolver - Exposing 2 endpoint(s) beneath base path '/actuator'
2019-11-05 13:10:22.514 [main] INFO  o.s.scheduling.concurrent.ThreadPoolTaskScheduler - Initializing ExecutorService 'taskScheduler'
2019-11-05 13:10:22.752 [main] INFO  com.osen.cloud.system.dev_data.VocTest - Started VocTest in 14.204 seconds (JVM running for 15.889)
2019-11-05 13:10:23.823 [main] INFO  io.lettuce.core.EpollProvider - Starting without optional epoll library
2019-11-05 13:10:23.828 [main] INFO  io.lettuce.core.KqueueProvider - Starting without optional kqueue library
2019-11-05 13:10:24.024 [Thread-3] INFO  o.s.scheduling.concurrent.ThreadPoolTaskScheduler - Shutting down ExecutorService 'taskScheduler'
2019-11-05 13:10:24.026 [Thread-3] INFO  o.s.scheduling.concurrent.ThreadPoolTaskExecutor - Shutting down ExecutorService 'applicationTaskExecutor'
2019-11-05 18:14:20.038 [main] INFO  com.osen.cloud.system.dev_data.DataHistoryTest - Starting DataHistoryTest on PC-20190708MDDO with PID 11096 (started by Administrator in E:\gitworkspace\lampblack-admin\lampblack-system)
2019-11-05 18:14:20.040 [main] INFO  com.osen.cloud.system.dev_data.DataHistoryTest - The following profiles are active: pro
2019-11-05 18:14:22.356 [main] INFO  o.s.d.r.config.RepositoryConfigurationDelegate - Multiple Spring Data modules found, entering strict repository configuration mode!
2019-11-05 18:14:22.362 [main] INFO  o.s.d.r.config.RepositoryConfigurationDelegate - Bootstrapping Spring Data repositories in DEFAULT mode.
2019-11-05 18:14:22.440 [main] INFO  o.s.d.r.config.RepositoryConfigurationDelegate - Finished Spring Data repository scanning in 50ms. Found 0 repository interfaces.
2019-11-05 18:14:23.559 [main] INFO  o.s.c.s.PostProcessorRegistrationDelegate$BeanPostProcessorChecker - Bean 'org.springframework.security.config.annotation.configuration.ObjectPostProcessorConfiguration' of type [org.springframework.security.config.annotation.configuration.ObjectPostProcessorConfiguration$$EnhancerBySpringCGLIB$$f11b9fca] is not eligible for getting processed by all BeanPostProcessors (for example: not eligible for auto-proxying)
2019-11-05 18:14:23.601 [main] INFO  o.s.c.s.PostProcessorRegistrationDelegate$BeanPostProcessorChecker - Bean 'org.springframework.transaction.annotation.ProxyTransactionManagementConfiguration' of type [org.springframework.transaction.annotation.ProxyTransactionManagementConfiguration$$EnhancerBySpringCGLIB$$586dd790] is not eligible for getting processed by all BeanPostProcessors (for example: not eligible for auto-proxying)
2019-11-05 18:14:23.678 [main] INFO  o.s.c.s.PostProcessorRegistrationDelegate$BeanPostProcessorChecker - Bean 'objectPostProcessor' of type [org.springframework.security.config.annotation.configuration.AutowireBeanFactoryObjectPostProcessor] is not eligible for getting processed by all BeanPostProcessors (for example: not eligible for auto-proxying)
2019-11-05 18:14:23.682 [main] INFO  o.s.c.s.PostProcessorRegistrationDelegate$BeanPostProcessorChecker - Bean 'org.springframework.security.access.expression.method.DefaultMethodSecurityExpressionHandler@1fb2d5e' of type [org.springframework.security.access.expression.method.DefaultMethodSecurityExpressionHandler] is not eligible for getting processed by all BeanPostProcessors (for example: not eligible for auto-proxying)
2019-11-05 18:14:23.698 [main] INFO  o.s.c.s.PostProcessorRegistrationDelegate$BeanPostProcessorChecker - Bean 'org.springframework.security.config.annotation.method.configuration.GlobalMethodSecurityConfiguration' of type [org.springframework.security.config.annotation.method.configuration.GlobalMethodSecurityConfiguration$$EnhancerBySpringCGLIB$$15f0427c] is not eligible for getting processed by all BeanPostProcessors (for example: not eligible for auto-proxying)
2019-11-05 18:14:23.714 [main] INFO  o.s.c.s.PostProcessorRegistrationDelegate$BeanPostProcessorChecker - Bean 'methodSecurityMetadataSource' of type [org.springframework.security.access.method.DelegatingMethodSecurityMetadataSource] is not eligible for getting processed by all BeanPostProcessors (for example: not eligible for auto-proxying)
2019-11-05 18:14:29.739 [Socket Server Thread-01] INFO  c.o.c.s.system_socket.config.SocketServerStarter - system_socket service starting port: 8888
2019-11-05 18:14:29.971 [main] INFO  o.s.security.web.DefaultSecurityFilterChain - Creating filter chain: any request, [org.springframework.security.web.context.request.async.WebAsyncManagerIntegrationFilter@4fb64a52, org.springframework.security.web.context.SecurityContextPersistenceFilter@72c9ebfa, org.springframework.security.web.header.HeaderWriterFilter@1df9186f, org.springframework.security.web.authentication.logout.LogoutFilter@7a606260, com.osen.cloud.system.web_security.config.JwtAuthenticationTokenFilter@2415e4c7, org.springframework.security.web.authentication.UsernamePasswordAuthenticationFilter@595f9916, org.springframework.security.web.savedrequest.RequestCacheAwareFilter@747f6c5a, org.springframework.security.web.servletapi.SecurityContextHolderAwareRequestFilter@19662208, org.springframework.security.web.authentication.AnonymousAuthenticationFilter@70b48eb3, org.springframework.security.web.session.SessionManagementFilter@5bb8e6fc, org.springframework.security.web.access.ExceptionTranslationFilter@73e4387, org.springframework.security.web.access.intercept.FilterSecurityInterceptor@3a788fe0]
2019-11-05 18:14:30.865 [main] INFO  o.s.scheduling.concurrent.ThreadPoolTaskExecutor - Initializing ExecutorService 'applicationTaskExecutor'
2019-11-05 18:14:32.910 [main] INFO  o.s.b.actuate.endpoint.web.EndpointLinksResolver - Exposing 2 endpoint(s) beneath base path '/actuator'
2019-11-05 18:14:33.030 [main] INFO  o.s.scheduling.concurrent.ThreadPoolTaskScheduler - Initializing ExecutorService 'taskScheduler'
2019-11-05 18:14:33.260 [main] INFO  com.osen.cloud.system.dev_data.DataHistoryTest - Started DataHistoryTest in 14.36 seconds (JVM running for 16.686)
2019-11-05 18:14:33.663 [main] INFO  com.zaxxer.hikari.HikariDataSource - DatebookHikariCP - Starting...
2019-11-05 18:14:34.400 [main] INFO  com.zaxxer.hikari.HikariDataSource - DatebookHikariCP - Start completed.
2019-11-05 18:14:34.891 [Thread-3] INFO  o.s.scheduling.concurrent.ThreadPoolTaskScheduler - Shutting down ExecutorService 'taskScheduler'
2019-11-05 18:14:34.895 [Thread-3] INFO  o.s.scheduling.concurrent.ThreadPoolTaskExecutor - Shutting down ExecutorService 'applicationTaskExecutor'
2019-11-05 18:14:34.934 [Thread-3] INFO  com.zaxxer.hikari.HikariDataSource - DatebookHikariCP - Shutdown initiated...
2019-11-05 18:14:34.958 [Thread-3] INFO  com.zaxxer.hikari.HikariDataSource - DatebookHikariCP - Shutdown completed.
2019-11-05 18:14:48.151 [main] INFO  com.osen.cloud.system.dev_data.DataHistoryTest - Starting DataHistoryTest on PC-20190708MDDO with PID 7792 (started by Administrator in E:\gitworkspace\lampblack-admin\lampblack-system)
2019-11-05 18:14:48.153 [main] INFO  com.osen.cloud.system.dev_data.DataHistoryTest - The following profiles are active: pro
2019-11-05 18:14:50.834 [main] INFO  o.s.d.r.config.RepositoryConfigurationDelegate - Multiple Spring Data modules found, entering strict repository configuration mode!
2019-11-05 18:14:50.839 [main] INFO  o.s.d.r.config.RepositoryConfigurationDelegate - Bootstrapping Spring Data repositories in DEFAULT mode.
2019-11-05 18:14:50.914 [main] INFO  o.s.d.r.config.RepositoryConfigurationDelegate - Finished Spring Data repository scanning in 49ms. Found 0 repository interfaces.
2019-11-05 18:14:52.085 [main] INFO  o.s.c.s.PostProcessorRegistrationDelegate$BeanPostProcessorChecker - Bean 'org.springframework.security.config.annotation.configuration.ObjectPostProcessorConfiguration' of type [org.springframework.security.config.annotation.configuration.ObjectPostProcessorConfiguration$$EnhancerBySpringCGLIB$$4069b51e] is not eligible for getting processed by all BeanPostProcessors (for example: not eligible for auto-proxying)
2019-11-05 18:14:52.099 [main] INFO  o.s.c.s.PostProcessorRegistrationDelegate$BeanPostProcessorChecker - Bean 'org.springframework.transaction.annotation.ProxyTransactionManagementConfiguration' of type [org.springframework.transaction.annotation.ProxyTransactionManagementConfiguration$$EnhancerBySpringCGLIB$$a7bbece4] is not eligible for getting processed by all BeanPostProcessors (for example: not eligible for auto-proxying)
2019-11-05 18:14:52.170 [main] INFO  o.s.c.s.PostProcessorRegistrationDelegate$BeanPostProcessorChecker - Bean 'objectPostProcessor' of type [org.springframework.security.config.annotation.configuration.AutowireBeanFactoryObjectPostProcessor] is not eligible for getting processed by all BeanPostProcessors (for example: not eligible for auto-proxying)
2019-11-05 18:14:52.173 [main] INFO  o.s.c.s.PostProcessorRegistrationDelegate$BeanPostProcessorChecker - Bean 'org.springframework.security.access.expression.method.DefaultMethodSecurityExpressionHandler@38eb0f4d' of type [org.springframework.security.access.expression.method.DefaultMethodSecurityExpressionHandler] is not eligible for getting processed by all BeanPostProcessors (for example: not eligible for auto-proxying)
2019-11-05 18:14:52.185 [main] INFO  o.s.c.s.PostProcessorRegistrationDelegate$BeanPostProcessorChecker - Bean 'org.springframework.security.config.annotation.method.configuration.GlobalMethodSecurityConfiguration' of type [org.springframework.security.config.annotation.method.configuration.GlobalMethodSecurityConfiguration$$EnhancerBySpringCGLIB$$653e57d0] is not eligible for getting processed by all BeanPostProcessors (for example: not eligible for auto-proxying)
2019-11-05 18:14:52.199 [main] INFO  o.s.c.s.PostProcessorRegistrationDelegate$BeanPostProcessorChecker - Bean 'methodSecurityMetadataSource' of type [org.springframework.security.access.method.DelegatingMethodSecurityMetadataSource] is not eligible for getting processed by all BeanPostProcessors (for example: not eligible for auto-proxying)
2019-11-05 18:14:57.810 [Socket Server Thread-01] INFO  c.o.c.s.system_socket.config.SocketServerStarter - system_socket service starting port: 8888
2019-11-05 18:14:58.149 [main] INFO  o.s.security.web.DefaultSecurityFilterChain - Creating filter chain: any request, [org.springframework.security.web.context.request.async.WebAsyncManagerIntegrationFilter@451e2fa9, org.springframework.security.web.context.SecurityContextPersistenceFilter@1df9186f, org.springframework.security.web.header.HeaderWriterFilter@7994a0d1, org.springframework.security.web.authentication.logout.LogoutFilter@4981d95b, com.osen.cloud.system.web_security.config.JwtAuthenticationTokenFilter@373afd6c, org.springframework.security.web.authentication.UsernamePasswordAuthenticationFilter@3dec3f87, org.springframework.security.web.savedrequest.RequestCacheAwareFilter@5bb8e6fc, org.springframework.security.web.servletapi.SecurityContextHolderAwareRequestFilter@546ed2a0, org.springframework.security.web.authentication.AnonymousAuthenticationFilter@497ed877, org.springframework.security.web.session.SessionManagementFilter@d87d449, org.springframework.security.web.access.ExceptionTranslationFilter@6812c8cc, org.springframework.security.web.access.intercept.FilterSecurityInterceptor@6ad6443]
2019-11-05 18:14:59.391 [main] INFO  o.s.scheduling.concurrent.ThreadPoolTaskExecutor - Initializing ExecutorService 'applicationTaskExecutor'
2019-11-05 18:15:01.486 [main] INFO  o.s.b.actuate.endpoint.web.EndpointLinksResolver - Exposing 2 endpoint(s) beneath base path '/actuator'
2019-11-05 18:15:01.611 [main] INFO  o.s.scheduling.concurrent.ThreadPoolTaskScheduler - Initializing ExecutorService 'taskScheduler'
2019-11-05 18:15:01.927 [main] INFO  com.osen.cloud.system.dev_data.DataHistoryTest - Started DataHistoryTest in 15.75 seconds (JVM running for 17.683)
2019-11-05 18:15:02.279 [main] INFO  com.zaxxer.hikari.HikariDataSource - DatebookHikariCP - Starting...
2019-11-05 18:15:03.003 [main] INFO  com.zaxxer.hikari.HikariDataSource - DatebookHikariCP - Start completed.
2019-11-05 18:15:03.606 [Thread-3] INFO  o.s.scheduling.concurrent.ThreadPoolTaskScheduler - Shutting down ExecutorService 'taskScheduler'
2019-11-05 18:15:03.607 [Thread-3] INFO  o.s.scheduling.concurrent.ThreadPoolTaskExecutor - Shutting down ExecutorService 'applicationTaskExecutor'
2019-11-05 18:15:03.637 [Thread-3] INFO  com.zaxxer.hikari.HikariDataSource - DatebookHikariCP - Shutdown initiated...
2019-11-05 18:15:03.661 [Thread-3] INFO  com.zaxxer.hikari.HikariDataSource - DatebookHikariCP - Shutdown completed.
2019-11-05 18:16:12.294 [main] INFO  com.osen.cloud.system.dev_data.DataHistoryTest - Starting DataHistoryTest on PC-20190708MDDO with PID 9612 (started by Administrator in E:\gitworkspace\lampblack-admin\lampblack-system)
2019-11-05 18:16:12.298 [main] INFO  com.osen.cloud.system.dev_data.DataHistoryTest - The following profiles are active: pro
2019-11-05 18:16:15.827 [main] INFO  o.s.d.r.config.RepositoryConfigurationDelegate - Multiple Spring Data modules found, entering strict repository configuration mode!
2019-11-05 18:16:15.834 [main] INFO  o.s.d.r.config.RepositoryConfigurationDelegate - Bootstrapping Spring Data repositories in DEFAULT mode.
2019-11-05 18:16:15.933 [main] INFO  o.s.d.r.config.RepositoryConfigurationDelegate - Finished Spring Data repository scanning in 58ms. Found 0 repository interfaces.
2019-11-05 18:16:17.205 [main] INFO  o.s.c.s.PostProcessorRegistrationDelegate$BeanPostProcessorChecker - Bean 'org.springframework.security.config.annotation.configuration.ObjectPostProcessorConfiguration' of type [org.springframework.security.config.annotation.configuration.ObjectPostProcessorConfiguration$$EnhancerBySpringCGLIB$$fe81d322] is not eligible for getting processed by all BeanPostProcessors (for example: not eligible for auto-proxying)
2019-11-05 18:16:17.221 [main] INFO  o.s.c.s.PostProcessorRegistrationDelegate$BeanPostProcessorChecker - Bean 'org.springframework.transaction.annotation.ProxyTransactionManagementConfiguration' of type [org.springframework.transaction.annotation.ProxyTransactionManagementConfiguration$$EnhancerBySpringCGLIB$$65d40ae8] is not eligible for getting processed by all BeanPostProcessors (for example: not eligible for auto-proxying)
2019-11-05 18:16:17.302 [main] INFO  o.s.c.s.PostProcessorRegistrationDelegate$BeanPostProcessorChecker - Bean 'objectPostProcessor' of type [org.springframework.security.config.annotation.configuration.AutowireBeanFactoryObjectPostProcessor] is not eligible for getting processed by all BeanPostProcessors (for example: not eligible for auto-proxying)
2019-11-05 18:16:17.306 [main] INFO  o.s.c.s.PostProcessorRegistrationDelegate$BeanPostProcessorChecker - Bean 'org.springframework.security.access.expression.method.DefaultMethodSecurityExpressionHandler@1716e8c5' of type [org.springframework.security.access.expression.method.DefaultMethodSecurityExpressionHandler] is not eligible for getting processed by all BeanPostProcessors (for example: not eligible for auto-proxying)
2019-11-05 18:16:17.318 [main] INFO  o.s.c.s.PostProcessorRegistrationDelegate$BeanPostProcessorChecker - Bean 'org.springframework.security.config.annotation.method.configuration.GlobalMethodSecurityConfiguration' of type [org.springframework.security.config.annotation.method.configuration.GlobalMethodSecurityConfiguration$$EnhancerBySpringCGLIB$$235675d4] is not eligible for getting processed by all BeanPostProcessors (for example: not eligible for auto-proxying)
2019-11-05 18:16:17.331 [main] INFO  o.s.c.s.PostProcessorRegistrationDelegate$BeanPostProcessorChecker - Bean 'methodSecurityMetadataSource' of type [org.springframework.security.access.method.DelegatingMethodSecurityMetadataSource] is not eligible for getting processed by all BeanPostProcessors (for example: not eligible for auto-proxying)
2019-11-05 18:16:23.035 [Socket Server Thread-01] INFO  c.o.c.s.system_socket.config.SocketServerStarter - system_socket service starting port: 8888
2019-11-05 18:16:23.418 [main] INFO  o.s.security.web.DefaultSecurityFilterChain - Creating filter chain: any request, [org.springframework.security.web.context.request.async.WebAsyncManagerIntegrationFilter@451e2fa9, org.springframework.security.web.context.SecurityContextPersistenceFilter@1df9186f, org.springframework.security.web.header.HeaderWriterFilter@7994a0d1, org.springframework.security.web.authentication.logout.LogoutFilter@4981d95b, com.osen.cloud.system.web_security.config.JwtAuthenticationTokenFilter@4f363abd, org.springframework.security.web.authentication.UsernamePasswordAuthenticationFilter@3dec3f87, org.springframework.security.web.savedrequest.RequestCacheAwareFilter@5bb8e6fc, org.springframework.security.web.servletapi.SecurityContextHolderAwareRequestFilter@546ed2a0, org.springframework.security.web.authentication.AnonymousAuthenticationFilter@497ed877, org.springframework.security.web.session.SessionManagementFilter@d87d449, org.springframework.security.web.access.ExceptionTranslationFilter@6812c8cc, org.springframework.security.web.access.intercept.FilterSecurityInterceptor@6ad6443]
2019-11-05 18:16:24.340 [main] INFO  o.s.scheduling.concurrent.ThreadPoolTaskExecutor - Initializing ExecutorService 'applicationTaskExecutor'
2019-11-05 18:16:26.376 [main] INFO  o.s.b.actuate.endpoint.web.EndpointLinksResolver - Exposing 2 endpoint(s) beneath base path '/actuator'
2019-11-05 18:16:26.498 [main] INFO  o.s.scheduling.concurrent.ThreadPoolTaskScheduler - Initializing ExecutorService 'taskScheduler'
2019-11-05 18:16:26.736 [main] INFO  com.osen.cloud.system.dev_data.DataHistoryTest - Started DataHistoryTest in 15.809 seconds (JVM running for 18.05)
2019-11-05 18:16:27.120 [main] INFO  com.zaxxer.hikari.HikariDataSource - DatebookHikariCP - Starting...
2019-11-05 18:16:27.868 [main] INFO  com.zaxxer.hikari.HikariDataSource - DatebookHikariCP - Start completed.
2019-11-05 18:16:28.434 [Thread-3] INFO  o.s.scheduling.concurrent.ThreadPoolTaskScheduler - Shutting down ExecutorService 'taskScheduler'
2019-11-05 18:16:28.440 [Thread-3] INFO  o.s.scheduling.concurrent.ThreadPoolTaskExecutor - Shutting down ExecutorService 'applicationTaskExecutor'
2019-11-05 18:16:28.472 [Thread-3] INFO  com.zaxxer.hikari.HikariDataSource - DatebookHikariCP - Shutdown initiated...
2019-11-05 18:16:28.487 [Thread-3] INFO  com.zaxxer.hikari.HikariDataSource - DatebookHikariCP - Shutdown completed.
2019-11-05 18:16:48.598 [main] INFO  com.osen.cloud.system.dev_data.DataHistoryTest - Starting DataHistoryTest on PC-20190708MDDO with PID 9664 (started by Administrator in E:\gitworkspace\lampblack-admin\lampblack-system)
2019-11-05 18:16:48.600 [main] INFO  com.osen.cloud.system.dev_data.DataHistoryTest - The following profiles are active: pro
2019-11-05 18:16:50.841 [main] INFO  o.s.d.r.config.RepositoryConfigurationDelegate - Multiple Spring Data modules found, entering strict repository configuration mode!
2019-11-05 18:16:50.846 [main] INFO  o.s.d.r.config.RepositoryConfigurationDelegate - Bootstrapping Spring Data repositories in DEFAULT mode.
2019-11-05 18:16:50.930 [main] INFO  o.s.d.r.config.RepositoryConfigurationDelegate - Finished Spring Data repository scanning in 57ms. Found 0 repository interfaces.
2019-11-05 18:16:52.178 [main] INFO  o.s.c.s.PostProcessorRegistrationDelegate$BeanPostProcessorChecker - Bean 'org.springframework.security.config.annotation.configuration.ObjectPostProcessorConfiguration' of type [org.springframework.security.config.annotation.configuration.ObjectPostProcessorConfiguration$$EnhancerBySpringCGLIB$$cf8aec09] is not eligible for getting processed by all BeanPostProcessors (for example: not eligible for auto-proxying)
2019-11-05 18:16:52.191 [main] INFO  o.s.c.s.PostProcessorRegistrationDelegate$BeanPostProcessorChecker - Bean 'org.springframework.transaction.annotation.ProxyTransactionManagementConfiguration' of type [org.springframework.transaction.annotation.ProxyTransactionManagementConfiguration$$EnhancerBySpringCGLIB$$36dd23cf] is not eligible for getting processed by all BeanPostProcessors (for example: not eligible for auto-proxying)
2019-11-05 18:16:52.276 [main] INFO  o.s.c.s.PostProcessorRegistrationDelegate$BeanPostProcessorChecker - Bean 'objectPostProcessor' of type [org.springframework.security.config.annotation.configuration.AutowireBeanFactoryObjectPostProcessor] is not eligible for getting processed by all BeanPostProcessors (for example: not eligible for auto-proxying)
2019-11-05 18:16:52.279 [main] INFO  o.s.c.s.PostProcessorRegistrationDelegate$BeanPostProcessorChecker - Bean 'org.springframework.security.access.expression.method.DefaultMethodSecurityExpressionHandler@6573d2f7' of type [org.springframework.security.access.expression.method.DefaultMethodSecurityExpressionHandler] is not eligible for getting processed by all BeanPostProcessors (for example: not eligible for auto-proxying)
2019-11-05 18:16:52.292 [main] INFO  o.s.c.s.PostProcessorRegistrationDelegate$BeanPostProcessorChecker - Bean 'org.springframework.security.config.annotation.method.configuration.GlobalMethodSecurityConfiguration' of type [org.springframework.security.config.annotation.method.configuration.GlobalMethodSecurityConfiguration$$EnhancerBySpringCGLIB$$f45f8ebb] is not eligible for getting processed by all BeanPostProcessors (for example: not eligible for auto-proxying)
2019-11-05 18:16:52.307 [main] INFO  o.s.c.s.PostProcessorRegistrationDelegate$BeanPostProcessorChecker - Bean 'methodSecurityMetadataSource' of type [org.springframework.security.access.method.DelegatingMethodSecurityMetadataSource] is not eligible for getting processed by all BeanPostProcessors (for example: not eligible for auto-proxying)
2019-11-05 18:16:58.271 [Socket Server Thread-01] INFO  c.o.c.s.system_socket.config.SocketServerStarter - system_socket service starting port: 8888
2019-11-05 18:16:58.677 [main] INFO  o.s.security.web.DefaultSecurityFilterChain - Creating filter chain: any request, [org.springframework.security.web.context.request.async.WebAsyncManagerIntegrationFilter@4652c74d, org.springframework.security.web.context.SecurityContextPersistenceFilter@5d850a25, org.springframework.security.web.header.HeaderWriterFilter@7739aac4, org.springframework.security.web.authentication.logout.LogoutFilter@76563ae7, com.osen.cloud.system.web_security.config.JwtAuthenticationTokenFilter@1ab14636, org.springframework.security.web.authentication.UsernamePasswordAuthenticationFilter@32ae8f27, org.springframework.security.web.savedrequest.RequestCacheAwareFilter@3e14d390, org.springframework.security.web.servletapi.SecurityContextHolderAwareRequestFilter@3a3f96ab, org.springframework.security.web.authentication.AnonymousAuthenticationFilter@4cc12db2, org.springframework.security.web.session.SessionManagementFilter@36c07c75, org.springframework.security.web.access.ExceptionTranslationFilter@7d37ee0c, org.springframework.security.web.access.intercept.FilterSecurityInterceptor@681e913c]
2019-11-05 18:16:59.720 [main] INFO  o.s.scheduling.concurrent.ThreadPoolTaskExecutor - Initializing ExecutorService 'applicationTaskExecutor'
2019-11-05 18:17:01.992 [main] INFO  o.s.b.actuate.endpoint.web.EndpointLinksResolver - Exposing 2 endpoint(s) beneath base path '/actuator'
2019-11-05 18:17:02.115 [main] INFO  o.s.scheduling.concurrent.ThreadPoolTaskScheduler - Initializing ExecutorService 'taskScheduler'
2019-11-05 18:17:02.353 [main] INFO  com.osen.cloud.system.dev_data.DataHistoryTest - Started DataHistoryTest in 15.297 seconds (JVM running for 17.603)
2019-11-05 18:17:02.764 [main] INFO  com.zaxxer.hikari.HikariDataSource - DatebookHikariCP - Starting...
2019-11-05 18:17:03.504 [main] INFO  com.zaxxer.hikari.HikariDataSource - DatebookHikariCP - Start completed.
2019-11-05 18:17:04.069 [Thread-3] INFO  o.s.scheduling.concurrent.ThreadPoolTaskScheduler - Shutting down ExecutorService 'taskScheduler'
2019-11-05 18:17:04.071 [Thread-3] INFO  o.s.scheduling.concurrent.ThreadPoolTaskExecutor - Shutting down ExecutorService 'applicationTaskExecutor'
2019-11-05 18:17:04.103 [Thread-3] INFO  com.zaxxer.hikari.HikariDataSource - DatebookHikariCP - Shutdown initiated...
2019-11-05 18:17:04.118 [Thread-3] INFO  com.zaxxer.hikari.HikariDataSource - DatebookHikariCP - Shutdown completed.
