2019-10-31 09:43:53.296 [main] INFO  com.osen.cloud.system.dev_data.DataHistoryTest - Starting DataHistoryTest on PC-20190708MDDO with PID 4836 (started by Administrator in E:\gitworkspace\lampblack-admin\lampblack-system)
2019-10-31 09:43:53.301 [main] INFO  com.osen.cloud.system.dev_data.DataHistoryTest - The following profiles are active: dev
2019-10-31 09:43:55.435 [main] INFO  o.s.d.r.config.RepositoryConfigurationDelegate - Multiple Spring Data modules found, entering strict repository configuration mode!
2019-10-31 09:43:55.442 [main] INFO  o.s.d.r.config.RepositoryConfigurationDelegate - Bootstrapping Spring Data repositories in DEFAULT mode.
2019-10-31 09:43:55.513 [main] INFO  o.s.d.r.config.RepositoryConfigurationDelegate - Finished Spring Data repository scanning in 42ms. Found 0 repository interfaces.
2019-10-31 09:43:56.634 [main] INFO  o.s.c.s.PostProcessorRegistrationDelegate$BeanPostProcessorChecker - Bean 'org.springframework.security.config.annotation.configuration.ObjectPostProcessorConfiguration' of type [org.springframework.security.config.annotation.configuration.ObjectPostProcessorConfiguration$$EnhancerBySpringCGLIB$$a6c75fdb] is not eligible for getting processed by all BeanPostProcessors (for example: not eligible for auto-proxying)
2019-10-31 09:43:56.648 [main] INFO  o.s.c.s.PostProcessorRegistrationDelegate$BeanPostProcessorChecker - Bean 'org.springframework.transaction.annotation.ProxyTransactionManagementConfiguration' of type [org.springframework.transaction.annotation.ProxyTransactionManagementConfiguration$$EnhancerBySpringCGLIB$$e1997a1] is not eligible for getting processed by all BeanPostProcessors (for example: not eligible for auto-proxying)
2019-10-31 09:43:56.716 [main] INFO  o.s.c.s.PostProcessorRegistrationDelegate$BeanPostProcessorChecker - Bean 'objectPostProcessor' of type [org.springframework.security.config.annotation.configuration.AutowireBeanFactoryObjectPostProcessor] is not eligible for getting processed by all BeanPostProcessors (for example: not eligible for auto-proxying)
2019-10-31 09:43:56.720 [main] INFO  o.s.c.s.PostProcessorRegistrationDelegate$BeanPostProcessorChecker - Bean 'org.springframework.security.access.expression.method.DefaultMethodSecurityExpressionHandler@7baf1f5a' of type [org.springframework.security.access.expression.method.DefaultMethodSecurityExpressionHandler] is not eligible for getting processed by all BeanPostProcessors (for example: not eligible for auto-proxying)
2019-10-31 09:43:56.735 [main] INFO  o.s.c.s.PostProcessorRegistrationDelegate$BeanPostProcessorChecker - Bean 'org.springframework.security.config.annotation.method.configuration.GlobalMethodSecurityConfiguration' of type [org.springframework.security.config.annotation.method.configuration.GlobalMethodSecurityConfiguration$$EnhancerBySpringCGLIB$$cb9c028d] is not eligible for getting processed by all BeanPostProcessors (for example: not eligible for auto-proxying)
2019-10-31 09:43:56.753 [main] INFO  o.s.c.s.PostProcessorRegistrationDelegate$BeanPostProcessorChecker - Bean 'methodSecurityMetadataSource' of type [org.springframework.security.access.method.DelegatingMethodSecurityMetadataSource] is not eligible for getting processed by all BeanPostProcessors (for example: not eligible for auto-proxying)
2019-10-31 09:44:02.272 [Socket Server Thread-01] INFO  c.o.c.s.system_socket.config.SocketServerStarter - system_socket service starting port: 8888
2019-10-31 09:44:02.548 [Socket Server Thread-01] INFO  c.o.c.s.system_socket.config.SocketServerStarter - system_socket service closed
2019-10-31 09:44:02.812 [main] INFO  o.s.security.web.DefaultSecurityFilterChain - Creating filter chain: any request, [org.springframework.security.web.context.request.async.WebAsyncManagerIntegrationFilter@2b6fb197, org.springframework.security.web.context.SecurityContextPersistenceFilter@42c12b3e, org.springframework.security.web.header.HeaderWriterFilter@33d28f0a, org.springframework.security.web.authentication.logout.LogoutFilter@723e3c17, com.osen.cloud.system.web_security.config.JwtAuthenticationTokenFilter@30a7653e, org.springframework.security.web.authentication.UsernamePasswordAuthenticationFilter@bbb6f0, org.springframework.security.web.savedrequest.RequestCacheAwareFilter@46f73ffa, org.springframework.security.web.servletapi.SecurityContextHolderAwareRequestFilter@675b18ff, org.springframework.security.web.authentication.AnonymousAuthenticationFilter@2eb0cefe, org.springframework.security.web.session.SessionManagementFilter@51e7589f, org.springframework.security.web.access.ExceptionTranslationFilter@6cbb7a7d, org.springframework.security.web.access.intercept.FilterSecurityInterceptor@38159384]
2019-10-31 09:44:03.695 [main] INFO  o.s.scheduling.concurrent.ThreadPoolTaskExecutor - Initializing ExecutorService 'applicationTaskExecutor'
2019-10-31 09:44:05.593 [main] INFO  o.s.b.actuate.endpoint.web.EndpointLinksResolver - Exposing 2 endpoint(s) beneath base path '/actuator'
2019-10-31 09:44:05.736 [main] INFO  o.s.scheduling.concurrent.ThreadPoolTaskScheduler - Initializing ExecutorService 'taskScheduler'
2019-10-31 09:44:06.031 [main] INFO  com.osen.cloud.system.dev_data.DataHistoryTest - Started DataHistoryTest in 14.066 seconds (JVM running for 16.688)
2019-10-31 09:44:06.468 [main] INFO  com.zaxxer.hikari.HikariDataSource - DatebookHikariCP - Starting...
2019-10-31 09:44:07.700 [main] INFO  com.zaxxer.hikari.HikariDataSource - DatebookHikariCP - Start completed.
2019-10-31 09:44:08.337 [Thread-3] INFO  o.s.scheduling.concurrent.ThreadPoolTaskScheduler - Shutting down ExecutorService 'taskScheduler'
2019-10-31 09:44:08.340 [Thread-3] INFO  o.s.scheduling.concurrent.ThreadPoolTaskExecutor - Shutting down ExecutorService 'applicationTaskExecutor'
2019-10-31 09:44:08.364 [Thread-3] INFO  com.zaxxer.hikari.HikariDataSource - DatebookHikariCP - Shutdown initiated...
2019-10-31 09:44:08.375 [Thread-3] INFO  com.zaxxer.hikari.HikariDataSource - DatebookHikariCP - Shutdown completed.
2019-10-31 10:30:49.643 [main] INFO  com.osen.cloud.system.system_device.DeviceTest - Starting DeviceTest on PC-20190708MDDO with PID 9824 (started by Administrator in E:\gitworkspace\lampblack-admin\lampblack-system)
2019-10-31 10:30:49.646 [main] INFO  com.osen.cloud.system.system_device.DeviceTest - The following profiles are active: dev
2019-10-31 10:30:52.796 [main] INFO  o.s.d.r.config.RepositoryConfigurationDelegate - Multiple Spring Data modules found, entering strict repository configuration mode!
2019-10-31 10:30:52.800 [main] INFO  o.s.d.r.config.RepositoryConfigurationDelegate - Bootstrapping Spring Data repositories in DEFAULT mode.
2019-10-31 10:30:52.875 [main] INFO  o.s.d.r.config.RepositoryConfigurationDelegate - Finished Spring Data repository scanning in 53ms. Found 0 repository interfaces.
2019-10-31 10:30:54.205 [main] INFO  o.s.c.s.PostProcessorRegistrationDelegate$BeanPostProcessorChecker - Bean 'org.springframework.security.config.annotation.configuration.ObjectPostProcessorConfiguration' of type [org.springframework.security.config.annotation.configuration.ObjectPostProcessorConfiguration$$EnhancerBySpringCGLIB$$419ce99a] is not eligible for getting processed by all BeanPostProcessors (for example: not eligible for auto-proxying)
2019-10-31 10:30:54.271 [main] INFO  o.s.c.s.PostProcessorRegistrationDelegate$BeanPostProcessorChecker - Bean 'org.springframework.transaction.annotation.ProxyTransactionManagementConfiguration' of type [org.springframework.transaction.annotation.ProxyTransactionManagementConfiguration$$EnhancerBySpringCGLIB$$a8ef2160] is not eligible for getting processed by all BeanPostProcessors (for example: not eligible for auto-proxying)
2019-10-31 10:30:54.337 [main] INFO  o.s.c.s.PostProcessorRegistrationDelegate$BeanPostProcessorChecker - Bean 'objectPostProcessor' of type [org.springframework.security.config.annotation.configuration.AutowireBeanFactoryObjectPostProcessor] is not eligible for getting processed by all BeanPostProcessors (for example: not eligible for auto-proxying)
2019-10-31 10:30:54.341 [main] INFO  o.s.c.s.PostProcessorRegistrationDelegate$BeanPostProcessorChecker - Bean 'org.springframework.security.access.expression.method.DefaultMethodSecurityExpressionHandler@799ed4e8' of type [org.springframework.security.access.expression.method.DefaultMethodSecurityExpressionHandler] is not eligible for getting processed by all BeanPostProcessors (for example: not eligible for auto-proxying)
2019-10-31 10:30:54.353 [main] INFO  o.s.c.s.PostProcessorRegistrationDelegate$BeanPostProcessorChecker - Bean 'org.springframework.security.config.annotation.method.configuration.GlobalMethodSecurityConfiguration' of type [org.springframework.security.config.annotation.method.configuration.GlobalMethodSecurityConfiguration$$EnhancerBySpringCGLIB$$66718c4c] is not eligible for getting processed by all BeanPostProcessors (for example: not eligible for auto-proxying)
2019-10-31 10:30:54.368 [main] INFO  o.s.c.s.PostProcessorRegistrationDelegate$BeanPostProcessorChecker - Bean 'methodSecurityMetadataSource' of type [org.springframework.security.access.method.DelegatingMethodSecurityMetadataSource] is not eligible for getting processed by all BeanPostProcessors (for example: not eligible for auto-proxying)
2019-10-31 10:30:59.820 [Socket Server Thread-01] INFO  c.o.c.s.system_socket.config.SocketServerStarter - system_socket service starting port: 8888
2019-10-31 10:31:00.081 [Socket Server Thread-01] INFO  c.o.c.s.system_socket.config.SocketServerStarter - system_socket service closed
2019-10-31 10:31:00.238 [main] INFO  o.s.security.web.DefaultSecurityFilterChain - Creating filter chain: any request, [org.springframework.security.web.context.request.async.WebAsyncManagerIntegrationFilter@55361f03, org.springframework.security.web.context.SecurityContextPersistenceFilter@5a592c70, org.springframework.security.web.header.HeaderWriterFilter@2dbfa972, org.springframework.security.web.authentication.logout.LogoutFilter@2bd8f7db, com.osen.cloud.system.web_security.config.JwtAuthenticationTokenFilter@5fed9976, org.springframework.security.web.authentication.UsernamePasswordAuthenticationFilter@49a38b1, org.springframework.security.web.savedrequest.RequestCacheAwareFilter@11e9ac24, org.springframework.security.web.servletapi.SecurityContextHolderAwareRequestFilter@3fb450d7, org.springframework.security.web.authentication.AnonymousAuthenticationFilter@581c9bb7, org.springframework.security.web.session.SessionManagementFilter@41aebbb4, org.springframework.security.web.access.ExceptionTranslationFilter@51e7589f, org.springframework.security.web.access.intercept.FilterSecurityInterceptor@7a0ab480]
2019-10-31 10:31:01.205 [main] INFO  o.s.scheduling.concurrent.ThreadPoolTaskExecutor - Initializing ExecutorService 'applicationTaskExecutor'
2019-10-31 10:31:03.116 [main] INFO  o.s.b.actuate.endpoint.web.EndpointLinksResolver - Exposing 2 endpoint(s) beneath base path '/actuator'
2019-10-31 10:31:03.254 [main] INFO  o.s.scheduling.concurrent.ThreadPoolTaskScheduler - Initializing ExecutorService 'taskScheduler'
2019-10-31 10:31:03.566 [main] INFO  com.osen.cloud.system.system_device.DeviceTest - Started DeviceTest in 15.139 seconds (JVM running for 16.999)
2019-10-31 10:31:03.903 [Thread-3] INFO  o.s.scheduling.concurrent.ThreadPoolTaskScheduler - Shutting down ExecutorService 'taskScheduler'
2019-10-31 10:31:03.905 [Thread-3] INFO  o.s.scheduling.concurrent.ThreadPoolTaskExecutor - Shutting down ExecutorService 'applicationTaskExecutor'
2019-10-31 10:31:19.778 [main] INFO  com.osen.cloud.system.system_device.DeviceTest - Starting DeviceTest on PC-20190708MDDO with PID 9880 (started by Administrator in E:\gitworkspace\lampblack-admin\lampblack-system)
2019-10-31 10:31:19.785 [main] INFO  com.osen.cloud.system.system_device.DeviceTest - The following profiles are active: dev
2019-10-31 10:31:23.108 [main] INFO  o.s.d.r.config.RepositoryConfigurationDelegate - Multiple Spring Data modules found, entering strict repository configuration mode!
2019-10-31 10:31:23.113 [main] INFO  o.s.d.r.config.RepositoryConfigurationDelegate - Bootstrapping Spring Data repositories in DEFAULT mode.
2019-10-31 10:31:23.179 [main] INFO  o.s.d.r.config.RepositoryConfigurationDelegate - Finished Spring Data repository scanning in 44ms. Found 0 repository interfaces.
2019-10-31 10:31:24.395 [main] INFO  o.s.c.s.PostProcessorRegistrationDelegate$BeanPostProcessorChecker - Bean 'org.springframework.security.config.annotation.configuration.ObjectPostProcessorConfiguration' of type [org.springframework.security.config.annotation.configuration.ObjectPostProcessorConfiguration$$EnhancerBySpringCGLIB$$b072c260] is not eligible for getting processed by all BeanPostProcessors (for example: not eligible for auto-proxying)
2019-10-31 10:31:24.410 [main] INFO  o.s.c.s.PostProcessorRegistrationDelegate$BeanPostProcessorChecker - Bean 'org.springframework.transaction.annotation.ProxyTransactionManagementConfiguration' of type [org.springframework.transaction.annotation.ProxyTransactionManagementConfiguration$$EnhancerBySpringCGLIB$$17c4fa26] is not eligible for getting processed by all BeanPostProcessors (for example: not eligible for auto-proxying)
2019-10-31 10:31:24.483 [main] INFO  o.s.c.s.PostProcessorRegistrationDelegate$BeanPostProcessorChecker - Bean 'objectPostProcessor' of type [org.springframework.security.config.annotation.configuration.AutowireBeanFactoryObjectPostProcessor] is not eligible for getting processed by all BeanPostProcessors (for example: not eligible for auto-proxying)
2019-10-31 10:31:24.486 [main] INFO  o.s.c.s.PostProcessorRegistrationDelegate$BeanPostProcessorChecker - Bean 'org.springframework.security.access.expression.method.DefaultMethodSecurityExpressionHandler@7100dea' of type [org.springframework.security.access.expression.method.DefaultMethodSecurityExpressionHandler] is not eligible for getting processed by all BeanPostProcessors (for example: not eligible for auto-proxying)
2019-10-31 10:31:24.496 [main] INFO  o.s.c.s.PostProcessorRegistrationDelegate$BeanPostProcessorChecker - Bean 'org.springframework.security.config.annotation.method.configuration.GlobalMethodSecurityConfiguration' of type [org.springframework.security.config.annotation.method.configuration.GlobalMethodSecurityConfiguration$$EnhancerBySpringCGLIB$$d5476512] is not eligible for getting processed by all BeanPostProcessors (for example: not eligible for auto-proxying)
2019-10-31 10:31:24.512 [main] INFO  o.s.c.s.PostProcessorRegistrationDelegate$BeanPostProcessorChecker - Bean 'methodSecurityMetadataSource' of type [org.springframework.security.access.method.DelegatingMethodSecurityMetadataSource] is not eligible for getting processed by all BeanPostProcessors (for example: not eligible for auto-proxying)
2019-10-31 10:31:29.827 [Socket Server Thread-01] INFO  c.o.c.s.system_socket.config.SocketServerStarter - system_socket service starting port: 8888
2019-10-31 10:31:30.156 [Socket Server Thread-01] INFO  c.o.c.s.system_socket.config.SocketServerStarter - system_socket service closed
2019-10-31 10:31:30.303 [main] INFO  o.s.security.web.DefaultSecurityFilterChain - Creating filter chain: any request, [org.springframework.security.web.context.request.async.WebAsyncManagerIntegrationFilter@1c5d3a37, org.springframework.security.web.context.SecurityContextPersistenceFilter@3fb450d7, org.springframework.security.web.header.HeaderWriterFilter@34279b8a, org.springframework.security.web.authentication.logout.LogoutFilter@6629643d, com.osen.cloud.system.web_security.config.JwtAuthenticationTokenFilter@5f08fe00, org.springframework.security.web.authentication.UsernamePasswordAuthenticationFilter@6870cfac, org.springframework.security.web.savedrequest.RequestCacheAwareFilter@636985df, org.springframework.security.web.servletapi.SecurityContextHolderAwareRequestFilter@2bd8f7db, org.springframework.security.web.authentication.AnonymousAuthenticationFilter@7e3d2ebd, org.springframework.security.web.session.SessionManagementFilter@8641b7d, org.springframework.security.web.access.ExceptionTranslationFilter@11e9ac24, org.springframework.security.web.access.intercept.FilterSecurityInterceptor@55361f03]
2019-10-31 10:31:31.145 [main] INFO  o.s.scheduling.concurrent.ThreadPoolTaskExecutor - Initializing ExecutorService 'applicationTaskExecutor'
2019-10-31 10:31:33.206 [main] INFO  o.s.b.actuate.endpoint.web.EndpointLinksResolver - Exposing 2 endpoint(s) beneath base path '/actuator'
2019-10-31 10:31:33.340 [main] INFO  o.s.scheduling.concurrent.ThreadPoolTaskScheduler - Initializing ExecutorService 'taskScheduler'
2019-10-31 10:31:33.569 [main] INFO  com.osen.cloud.system.system_device.DeviceTest - Started DeviceTest in 15.05 seconds (JVM running for 16.89)
2019-10-31 10:31:33.948 [Thread-3] INFO  o.s.scheduling.concurrent.ThreadPoolTaskScheduler - Shutting down ExecutorService 'taskScheduler'
2019-10-31 10:31:33.951 [Thread-3] INFO  o.s.scheduling.concurrent.ThreadPoolTaskExecutor - Shutting down ExecutorService 'applicationTaskExecutor'
2019-10-31 12:03:19.601 [main] INFO  com.osen.cloud.system.dev_data.ColdChainTest - Starting ColdChainTest on PC-20190708MDDO with PID 8688 (started by Administrator in E:\gitworkspace\lampblack-admin\lampblack-system)
2019-10-31 12:03:19.603 [main] INFO  com.osen.cloud.system.dev_data.ColdChainTest - The following profiles are active: dev
2019-10-31 12:03:22.927 [main] INFO  o.s.d.r.config.RepositoryConfigurationDelegate - Multiple Spring Data modules found, entering strict repository configuration mode!
2019-10-31 12:03:22.934 [main] INFO  o.s.d.r.config.RepositoryConfigurationDelegate - Bootstrapping Spring Data repositories in DEFAULT mode.
2019-10-31 12:03:23.066 [main] INFO  o.s.d.r.config.RepositoryConfigurationDelegate - Finished Spring Data repository scanning in 84ms. Found 0 repository interfaces.
2019-10-31 12:03:24.635 [main] INFO  o.s.c.s.PostProcessorRegistrationDelegate$BeanPostProcessorChecker - Bean 'org.springframework.security.config.annotation.configuration.ObjectPostProcessorConfiguration' of type [org.springframework.security.config.annotation.configuration.ObjectPostProcessorConfiguration$$EnhancerBySpringCGLIB$$b8434427] is not eligible for getting processed by all BeanPostProcessors (for example: not eligible for auto-proxying)
2019-10-31 12:03:24.654 [main] INFO  o.s.c.s.PostProcessorRegistrationDelegate$BeanPostProcessorChecker - Bean 'org.springframework.transaction.annotation.ProxyTransactionManagementConfiguration' of type [org.springframework.transaction.annotation.ProxyTransactionManagementConfiguration$$EnhancerBySpringCGLIB$$1f957bed] is not eligible for getting processed by all BeanPostProcessors (for example: not eligible for auto-proxying)
2019-10-31 12:03:24.737 [main] INFO  o.s.c.s.PostProcessorRegistrationDelegate$BeanPostProcessorChecker - Bean 'objectPostProcessor' of type [org.springframework.security.config.annotation.configuration.AutowireBeanFactoryObjectPostProcessor] is not eligible for getting processed by all BeanPostProcessors (for example: not eligible for auto-proxying)
2019-10-31 12:03:24.741 [main] INFO  o.s.c.s.PostProcessorRegistrationDelegate$BeanPostProcessorChecker - Bean 'org.springframework.security.access.expression.method.DefaultMethodSecurityExpressionHandler@44536de4' of type [org.springframework.security.access.expression.method.DefaultMethodSecurityExpressionHandler] is not eligible for getting processed by all BeanPostProcessors (for example: not eligible for auto-proxying)
2019-10-31 12:03:24.757 [main] INFO  o.s.c.s.PostProcessorRegistrationDelegate$BeanPostProcessorChecker - Bean 'org.springframework.security.config.annotation.method.configuration.GlobalMethodSecurityConfiguration' of type [org.springframework.security.config.annotation.method.configuration.GlobalMethodSecurityConfiguration$$EnhancerBySpringCGLIB$$dd17e6d9] is not eligible for getting processed by all BeanPostProcessors (for example: not eligible for auto-proxying)
2019-10-31 12:03:24.774 [main] INFO  o.s.c.s.PostProcessorRegistrationDelegate$BeanPostProcessorChecker - Bean 'methodSecurityMetadataSource' of type [org.springframework.security.access.method.DelegatingMethodSecurityMetadataSource] is not eligible for getting processed by all BeanPostProcessors (for example: not eligible for auto-proxying)
2019-10-31 12:03:31.143 [Socket Server Thread-01] INFO  c.o.c.s.system_socket.config.SocketServerStarter - system_socket service starting port: 8888
2019-10-31 12:03:31.283 [main] INFO  o.s.security.web.DefaultSecurityFilterChain - Creating filter chain: any request, [org.springframework.security.web.context.request.async.WebAsyncManagerIntegrationFilter@4f235107, org.springframework.security.web.context.SecurityContextPersistenceFilter@8641b7d, org.springframework.security.web.header.HeaderWriterFilter@74f280bd, org.springframework.security.web.authentication.logout.LogoutFilter@69a40b3c, com.osen.cloud.system.web_security.config.JwtAuthenticationTokenFilter@644a3add, org.springframework.security.web.authentication.UsernamePasswordAuthenticationFilter@2dd178f3, org.springframework.security.web.savedrequest.RequestCacheAwareFilter@3fb450d7, org.springframework.security.web.servletapi.SecurityContextHolderAwareRequestFilter@bbb6f0, org.springframework.security.web.authentication.AnonymousAuthenticationFilter@28d739f1, org.springframework.security.web.session.SessionManagementFilter@34279b8a, org.springframework.security.web.access.ExceptionTranslationFilter@5a592c70, org.springframework.security.web.access.intercept.FilterSecurityInterceptor@2bec068b]
2019-10-31 12:03:32.175 [main] INFO  o.s.scheduling.concurrent.ThreadPoolTaskExecutor - Initializing ExecutorService 'applicationTaskExecutor'
2019-10-31 12:03:34.248 [main] INFO  o.s.b.actuate.endpoint.web.EndpointLinksResolver - Exposing 2 endpoint(s) beneath base path '/actuator'
2019-10-31 12:03:34.458 [main] INFO  o.s.scheduling.concurrent.ThreadPoolTaskScheduler - Initializing ExecutorService 'taskScheduler'
2019-10-31 12:03:34.725 [main] INFO  com.osen.cloud.system.dev_data.ColdChainTest - Started ColdChainTest in 16.539 seconds (JVM running for 18.738)
2019-10-31 12:03:35.236 [Thread-3] INFO  o.s.scheduling.concurrent.ThreadPoolTaskScheduler - Shutting down ExecutorService 'taskScheduler'
2019-10-31 12:03:35.238 [Thread-3] INFO  o.s.scheduling.concurrent.ThreadPoolTaskExecutor - Shutting down ExecutorService 'applicationTaskExecutor'
2019-10-31 12:03:51.714 [main] INFO  com.osen.cloud.system.dev_data.ColdChainTest - Starting ColdChainTest on PC-20190708MDDO with PID 4868 (started by Administrator in E:\gitworkspace\lampblack-admin\lampblack-system)
2019-10-31 12:03:51.716 [main] INFO  com.osen.cloud.system.dev_data.ColdChainTest - The following profiles are active: dev
2019-10-31 12:03:55.024 [main] INFO  o.s.d.r.config.RepositoryConfigurationDelegate - Multiple Spring Data modules found, entering strict repository configuration mode!
2019-10-31 12:03:55.028 [main] INFO  o.s.d.r.config.RepositoryConfigurationDelegate - Bootstrapping Spring Data repositories in DEFAULT mode.
2019-10-31 12:03:55.096 [main] INFO  o.s.d.r.config.RepositoryConfigurationDelegate - Finished Spring Data repository scanning in 46ms. Found 0 repository interfaces.
2019-10-31 12:03:56.314 [main] INFO  o.s.c.s.PostProcessorRegistrationDelegate$BeanPostProcessorChecker - Bean 'org.springframework.security.config.annotation.configuration.ObjectPostProcessorConfiguration' of type [org.springframework.security.config.annotation.configuration.ObjectPostProcessorConfiguration$$EnhancerBySpringCGLIB$$817bbcdc] is not eligible for getting processed by all BeanPostProcessors (for example: not eligible for auto-proxying)
2019-10-31 12:03:56.330 [main] INFO  o.s.c.s.PostProcessorRegistrationDelegate$BeanPostProcessorChecker - Bean 'org.springframework.transaction.annotation.ProxyTransactionManagementConfiguration' of type [org.springframework.transaction.annotation.ProxyTransactionManagementConfiguration$$EnhancerBySpringCGLIB$$e8cdf4a2] is not eligible for getting processed by all BeanPostProcessors (for example: not eligible for auto-proxying)
2019-10-31 12:03:56.405 [main] INFO  o.s.c.s.PostProcessorRegistrationDelegate$BeanPostProcessorChecker - Bean 'objectPostProcessor' of type [org.springframework.security.config.annotation.configuration.AutowireBeanFactoryObjectPostProcessor] is not eligible for getting processed by all BeanPostProcessors (for example: not eligible for auto-proxying)
2019-10-31 12:03:56.409 [main] INFO  o.s.c.s.PostProcessorRegistrationDelegate$BeanPostProcessorChecker - Bean 'org.springframework.security.access.expression.method.DefaultMethodSecurityExpressionHandler@32e54a9d' of type [org.springframework.security.access.expression.method.DefaultMethodSecurityExpressionHandler] is not eligible for getting processed by all BeanPostProcessors (for example: not eligible for auto-proxying)
2019-10-31 12:03:56.422 [main] INFO  o.s.c.s.PostProcessorRegistrationDelegate$BeanPostProcessorChecker - Bean 'org.springframework.security.config.annotation.method.configuration.GlobalMethodSecurityConfiguration' of type [org.springframework.security.config.annotation.method.configuration.GlobalMethodSecurityConfiguration$$EnhancerBySpringCGLIB$$a6505f8e] is not eligible for getting processed by all BeanPostProcessors (for example: not eligible for auto-proxying)
2019-10-31 12:03:56.438 [main] INFO  o.s.c.s.PostProcessorRegistrationDelegate$BeanPostProcessorChecker - Bean 'methodSecurityMetadataSource' of type [org.springframework.security.access.method.DelegatingMethodSecurityMetadataSource] is not eligible for getting processed by all BeanPostProcessors (for example: not eligible for auto-proxying)
2019-10-31 12:04:01.790 [Socket Server Thread-01] INFO  c.o.c.s.system_socket.config.SocketServerStarter - system_socket service starting port: 8888
2019-10-31 12:04:02.196 [main] INFO  o.s.security.web.DefaultSecurityFilterChain - Creating filter chain: any request, [org.springframework.security.web.context.request.async.WebAsyncManagerIntegrationFilter@23bd0c81, org.springframework.security.web.context.SecurityContextPersistenceFilter@681061d6, org.springframework.security.web.header.HeaderWriterFilter@2bd8f7db, org.springframework.security.web.authentication.logout.LogoutFilter@2801827a, com.osen.cloud.system.web_security.config.JwtAuthenticationTokenFilter@4b765e92, org.springframework.security.web.authentication.UsernamePasswordAuthenticationFilter@22791b75, org.springframework.security.web.savedrequest.RequestCacheAwareFilter@3caee3a8, org.springframework.security.web.servletapi.SecurityContextHolderAwareRequestFilter@45554613, org.springframework.security.web.authentication.AnonymousAuthenticationFilter@1332dec4, org.springframework.security.web.session.SessionManagementFilter@30abf79c, org.springframework.security.web.access.ExceptionTranslationFilter@6094de13, org.springframework.security.web.access.intercept.FilterSecurityInterceptor@4f3356c0]
2019-10-31 12:04:03.025 [main] INFO  o.s.scheduling.concurrent.ThreadPoolTaskExecutor - Initializing ExecutorService 'applicationTaskExecutor'
2019-10-31 12:04:04.973 [main] INFO  o.s.b.actuate.endpoint.web.EndpointLinksResolver - Exposing 2 endpoint(s) beneath base path '/actuator'
2019-10-31 12:04:05.101 [main] INFO  o.s.scheduling.concurrent.ThreadPoolTaskScheduler - Initializing ExecutorService 'taskScheduler'
2019-10-31 12:04:05.325 [main] INFO  com.osen.cloud.system.dev_data.ColdChainTest - Started ColdChainTest in 14.814 seconds (JVM running for 16.625)
2019-10-31 12:04:06.381 [main] INFO  io.lettuce.core.EpollProvider - Starting without optional epoll library
2019-10-31 12:04:06.388 [main] INFO  io.lettuce.core.KqueueProvider - Starting without optional kqueue library
2019-10-31 12:04:06.647 [Thread-3] INFO  o.s.scheduling.concurrent.ThreadPoolTaskScheduler - Shutting down ExecutorService 'taskScheduler'
2019-10-31 12:04:06.649 [Thread-3] INFO  o.s.scheduling.concurrent.ThreadPoolTaskExecutor - Shutting down ExecutorService 'applicationTaskExecutor'
2019-10-31 13:45:05.212 [main] INFO  com.osen.cloud.system.dev_data.ColdChainTest - Starting ColdChainTest on PC-20190708MDDO with PID 7412 (started by Administrator in E:\gitworkspace\lampblack-admin\lampblack-system)
2019-10-31 13:45:05.214 [main] INFO  com.osen.cloud.system.dev_data.ColdChainTest - The following profiles are active: dev
2019-10-31 13:45:08.289 [main] INFO  o.s.d.r.config.RepositoryConfigurationDelegate - Multiple Spring Data modules found, entering strict repository configuration mode!
2019-10-31 13:45:08.294 [main] INFO  o.s.d.r.config.RepositoryConfigurationDelegate - Bootstrapping Spring Data repositories in DEFAULT mode.
2019-10-31 13:45:08.367 [main] INFO  o.s.d.r.config.RepositoryConfigurationDelegate - Finished Spring Data repository scanning in 48ms. Found 0 repository interfaces.
2019-10-31 13:45:09.543 [main] INFO  o.s.c.s.PostProcessorRegistrationDelegate$BeanPostProcessorChecker - Bean 'org.springframework.security.config.annotation.configuration.ObjectPostProcessorConfiguration' of type [org.springframework.security.config.annotation.configuration.ObjectPostProcessorConfiguration$$EnhancerBySpringCGLIB$$7e9b44d2] is not eligible for getting processed by all BeanPostProcessors (for example: not eligible for auto-proxying)
2019-10-31 13:45:09.558 [main] INFO  o.s.c.s.PostProcessorRegistrationDelegate$BeanPostProcessorChecker - Bean 'org.springframework.transaction.annotation.ProxyTransactionManagementConfiguration' of type [org.springframework.transaction.annotation.ProxyTransactionManagementConfiguration$$EnhancerBySpringCGLIB$$e5ed7c98] is not eligible for getting processed by all BeanPostProcessors (for example: not eligible for auto-proxying)
2019-10-31 13:45:09.623 [main] INFO  o.s.c.s.PostProcessorRegistrationDelegate$BeanPostProcessorChecker - Bean 'objectPostProcessor' of type [org.springframework.security.config.annotation.configuration.AutowireBeanFactoryObjectPostProcessor] is not eligible for getting processed by all BeanPostProcessors (for example: not eligible for auto-proxying)
2019-10-31 13:45:09.626 [main] INFO  o.s.c.s.PostProcessorRegistrationDelegate$BeanPostProcessorChecker - Bean 'org.springframework.security.access.expression.method.DefaultMethodSecurityExpressionHandler@b52b755' of type [org.springframework.security.access.expression.method.DefaultMethodSecurityExpressionHandler] is not eligible for getting processed by all BeanPostProcessors (for example: not eligible for auto-proxying)
2019-10-31 13:45:09.634 [main] INFO  o.s.c.s.PostProcessorRegistrationDelegate$BeanPostProcessorChecker - Bean 'org.springframework.security.config.annotation.method.configuration.GlobalMethodSecurityConfiguration' of type [org.springframework.security.config.annotation.method.configuration.GlobalMethodSecurityConfiguration$$EnhancerBySpringCGLIB$$a36fe784] is not eligible for getting processed by all BeanPostProcessors (for example: not eligible for auto-proxying)
2019-10-31 13:45:09.647 [main] INFO  o.s.c.s.PostProcessorRegistrationDelegate$BeanPostProcessorChecker - Bean 'methodSecurityMetadataSource' of type [org.springframework.security.access.method.DelegatingMethodSecurityMetadataSource] is not eligible for getting processed by all BeanPostProcessors (for example: not eligible for auto-proxying)
2019-10-31 13:45:14.658 [Socket Server Thread-01] INFO  c.o.c.s.system_socket.config.SocketServerStarter - system_socket service starting port: 8888
2019-10-31 13:45:15.097 [main] INFO  o.s.security.web.DefaultSecurityFilterChain - Creating filter chain: any request, [org.springframework.security.web.context.request.async.WebAsyncManagerIntegrationFilter@b022551, org.springframework.security.web.context.SecurityContextPersistenceFilter@7d0cd23c, org.springframework.security.web.header.HeaderWriterFilter@599f1b7, org.springframework.security.web.authentication.logout.LogoutFilter@5d7dd549, com.osen.cloud.system.web_security.config.JwtAuthenticationTokenFilter@2abafa97, org.springframework.security.web.authentication.UsernamePasswordAuthenticationFilter@740b9a50, org.springframework.security.web.savedrequest.RequestCacheAwareFilter@6b0f266e, org.springframework.security.web.servletapi.SecurityContextHolderAwareRequestFilter@fddd7ae, org.springframework.security.web.authentication.AnonymousAuthenticationFilter@3e14d390, org.springframework.security.web.session.SessionManagementFilter@64f4f12, org.springframework.security.web.access.ExceptionTranslationFilter@6d294ddc, org.springframework.security.web.access.intercept.FilterSecurityInterceptor@6b8b5020]
2019-10-31 13:45:15.931 [main] INFO  o.s.scheduling.concurrent.ThreadPoolTaskExecutor - Initializing ExecutorService 'applicationTaskExecutor'
2019-10-31 13:45:17.675 [main] INFO  o.s.b.actuate.endpoint.web.EndpointLinksResolver - Exposing 2 endpoint(s) beneath base path '/actuator'
2019-10-31 13:45:17.824 [main] INFO  o.s.scheduling.concurrent.ThreadPoolTaskScheduler - Initializing ExecutorService 'taskScheduler'
2019-10-31 13:45:18.170 [main] INFO  com.osen.cloud.system.dev_data.ColdChainTest - Started ColdChainTest in 14.082 seconds (JVM running for 15.759)
2019-10-31 13:45:19.142 [main] INFO  io.lettuce.core.EpollProvider - Starting without optional epoll library
2019-10-31 13:45:19.148 [main] INFO  io.lettuce.core.KqueueProvider - Starting without optional kqueue library
2019-10-31 13:45:19.347 [Thread-3] INFO  o.s.scheduling.concurrent.ThreadPoolTaskScheduler - Shutting down ExecutorService 'taskScheduler'
2019-10-31 13:45:19.349 [Thread-3] INFO  o.s.scheduling.concurrent.ThreadPoolTaskExecutor - Shutting down ExecutorService 'applicationTaskExecutor'
2019-10-31 13:46:53.927 [main] INFO  com.osen.cloud.system.dev_data.ColdChainTest - Starting ColdChainTest on PC-20190708MDDO with PID 6132 (started by Administrator in E:\gitworkspace\lampblack-admin\lampblack-system)
2019-10-31 13:46:53.942 [main] INFO  com.osen.cloud.system.dev_data.ColdChainTest - The following profiles are active: dev
2019-10-31 13:46:56.669 [main] INFO  o.s.d.r.config.RepositoryConfigurationDelegate - Multiple Spring Data modules found, entering strict repository configuration mode!
2019-10-31 13:46:56.674 [main] INFO  o.s.d.r.config.RepositoryConfigurationDelegate - Bootstrapping Spring Data repositories in DEFAULT mode.
2019-10-31 13:46:56.739 [main] INFO  o.s.d.r.config.RepositoryConfigurationDelegate - Finished Spring Data repository scanning in 45ms. Found 0 repository interfaces.
2019-10-31 13:46:57.839 [main] INFO  o.s.c.s.PostProcessorRegistrationDelegate$BeanPostProcessorChecker - Bean 'org.springframework.security.config.annotation.configuration.ObjectPostProcessorConfiguration' of type [org.springframework.security.config.annotation.configuration.ObjectPostProcessorConfiguration$$EnhancerBySpringCGLIB$$401498c7] is not eligible for getting processed by all BeanPostProcessors (for example: not eligible for auto-proxying)
2019-10-31 13:46:57.856 [main] INFO  o.s.c.s.PostProcessorRegistrationDelegate$BeanPostProcessorChecker - Bean 'org.springframework.transaction.annotation.ProxyTransactionManagementConfiguration' of type [org.springframework.transaction.annotation.ProxyTransactionManagementConfiguration$$EnhancerBySpringCGLIB$$a766d08d] is not eligible for getting processed by all BeanPostProcessors (for example: not eligible for auto-proxying)
2019-10-31 13:46:57.927 [main] INFO  o.s.c.s.PostProcessorRegistrationDelegate$BeanPostProcessorChecker - Bean 'objectPostProcessor' of type [org.springframework.security.config.annotation.configuration.AutowireBeanFactoryObjectPostProcessor] is not eligible for getting processed by all BeanPostProcessors (for example: not eligible for auto-proxying)
2019-10-31 13:46:57.931 [main] INFO  o.s.c.s.PostProcessorRegistrationDelegate$BeanPostProcessorChecker - Bean 'org.springframework.security.access.expression.method.DefaultMethodSecurityExpressionHandler@c3edf4c' of type [org.springframework.security.access.expression.method.DefaultMethodSecurityExpressionHandler] is not eligible for getting processed by all BeanPostProcessors (for example: not eligible for auto-proxying)
2019-10-31 13:46:57.943 [main] INFO  o.s.c.s.PostProcessorRegistrationDelegate$BeanPostProcessorChecker - Bean 'org.springframework.security.config.annotation.method.configuration.GlobalMethodSecurityConfiguration' of type [org.springframework.security.config.annotation.method.configuration.GlobalMethodSecurityConfiguration$$EnhancerBySpringCGLIB$$64e93b79] is not eligible for getting processed by all BeanPostProcessors (for example: not eligible for auto-proxying)
2019-10-31 13:46:57.960 [main] INFO  o.s.c.s.PostProcessorRegistrationDelegate$BeanPostProcessorChecker - Bean 'methodSecurityMetadataSource' of type [org.springframework.security.access.method.DelegatingMethodSecurityMetadataSource] is not eligible for getting processed by all BeanPostProcessors (for example: not eligible for auto-proxying)
2019-10-31 13:47:02.883 [Socket Server Thread-01] INFO  c.o.c.s.system_socket.config.SocketServerStarter - system_socket service starting port: 8888
2019-10-31 13:47:03.343 [main] INFO  o.s.security.web.DefaultSecurityFilterChain - Creating filter chain: any request, [org.springframework.security.web.context.request.async.WebAsyncManagerIntegrationFilter@3a4a5f3c, org.springframework.security.web.context.SecurityContextPersistenceFilter@6f91fbda, org.springframework.security.web.header.HeaderWriterFilter@37c7766e, org.springframework.security.web.authentication.logout.LogoutFilter@6870cfac, com.osen.cloud.system.web_security.config.JwtAuthenticationTokenFilter@4b765e92, org.springframework.security.web.authentication.UsernamePasswordAuthenticationFilter@2c9306d3, org.springframework.security.web.savedrequest.RequestCacheAwareFilter@4ffced4e, org.springframework.security.web.servletapi.SecurityContextHolderAwareRequestFilter@49a38b1, org.springframework.security.web.authentication.AnonymousAuthenticationFilter@4f3356c0, org.springframework.security.web.session.SessionManagementFilter@4b7ed03e, org.springframework.security.web.access.ExceptionTranslationFilter@34279b8a, org.springframework.security.web.access.intercept.FilterSecurityInterceptor@212fafd1]
2019-10-31 13:47:04.075 [main] INFO  o.s.scheduling.concurrent.ThreadPoolTaskExecutor - Initializing ExecutorService 'applicationTaskExecutor'
2019-10-31 13:47:05.941 [main] INFO  o.s.b.actuate.endpoint.web.EndpointLinksResolver - Exposing 2 endpoint(s) beneath base path '/actuator'
2019-10-31 13:47:06.048 [main] INFO  o.s.scheduling.concurrent.ThreadPoolTaskScheduler - Initializing ExecutorService 'taskScheduler'
2019-10-31 13:47:06.273 [main] INFO  com.osen.cloud.system.dev_data.ColdChainTest - Started ColdChainTest in 13.707 seconds (JVM running for 15.473)
2019-10-31 13:47:07.258 [main] INFO  io.lettuce.core.EpollProvider - Starting without optional epoll library
2019-10-31 13:47:07.262 [main] INFO  io.lettuce.core.KqueueProvider - Starting without optional kqueue library
2019-10-31 13:47:07.472 [Thread-3] INFO  o.s.scheduling.concurrent.ThreadPoolTaskScheduler - Shutting down ExecutorService 'taskScheduler'
2019-10-31 13:47:07.474 [Thread-3] INFO  o.s.scheduling.concurrent.ThreadPoolTaskExecutor - Shutting down ExecutorService 'applicationTaskExecutor'
2019-10-31 14:11:25.426 [main] INFO  com.osen.cloud.system.dev_data.DataHistoryTest - Starting DataHistoryTest on PC-20190708MDDO with PID 9700 (started by Administrator in E:\gitworkspace\lampblack-admin\lampblack-system)
2019-10-31 14:11:25.428 [main] INFO  com.osen.cloud.system.dev_data.DataHistoryTest - The following profiles are active: dev
2019-10-31 14:11:28.818 [main] INFO  o.s.d.r.config.RepositoryConfigurationDelegate - Multiple Spring Data modules found, entering strict repository configuration mode!
2019-10-31 14:11:28.822 [main] INFO  o.s.d.r.config.RepositoryConfigurationDelegate - Bootstrapping Spring Data repositories in DEFAULT mode.
2019-10-31 14:11:28.900 [main] INFO  o.s.d.r.config.RepositoryConfigurationDelegate - Finished Spring Data repository scanning in 56ms. Found 0 repository interfaces.
2019-10-31 14:11:30.094 [main] INFO  o.s.c.s.PostProcessorRegistrationDelegate$BeanPostProcessorChecker - Bean 'org.springframework.security.config.annotation.configuration.ObjectPostProcessorConfiguration' of type [org.springframework.security.config.annotation.configuration.ObjectPostProcessorConfiguration$$EnhancerBySpringCGLIB$$738cb1d2] is not eligible for getting processed by all BeanPostProcessors (for example: not eligible for auto-proxying)
2019-10-31 14:11:30.111 [main] INFO  o.s.c.s.PostProcessorRegistrationDelegate$BeanPostProcessorChecker - Bean 'org.springframework.transaction.annotation.ProxyTransactionManagementConfiguration' of type [org.springframework.transaction.annotation.ProxyTransactionManagementConfiguration$$EnhancerBySpringCGLIB$$dadee998] is not eligible for getting processed by all BeanPostProcessors (for example: not eligible for auto-proxying)
2019-10-31 14:11:30.183 [main] INFO  o.s.c.s.PostProcessorRegistrationDelegate$BeanPostProcessorChecker - Bean 'objectPostProcessor' of type [org.springframework.security.config.annotation.configuration.AutowireBeanFactoryObjectPostProcessor] is not eligible for getting processed by all BeanPostProcessors (for example: not eligible for auto-proxying)
2019-10-31 14:11:30.187 [main] INFO  o.s.c.s.PostProcessorRegistrationDelegate$BeanPostProcessorChecker - Bean 'org.springframework.security.access.expression.method.DefaultMethodSecurityExpressionHandler@5fcfde70' of type [org.springframework.security.access.expression.method.DefaultMethodSecurityExpressionHandler] is not eligible for getting processed by all BeanPostProcessors (for example: not eligible for auto-proxying)
2019-10-31 14:11:30.203 [main] INFO  o.s.c.s.PostProcessorRegistrationDelegate$BeanPostProcessorChecker - Bean 'org.springframework.security.config.annotation.method.configuration.GlobalMethodSecurityConfiguration' of type [org.springframework.security.config.annotation.method.configuration.GlobalMethodSecurityConfiguration$$EnhancerBySpringCGLIB$$98615484] is not eligible for getting processed by all BeanPostProcessors (for example: not eligible for auto-proxying)
2019-10-31 14:11:30.220 [main] INFO  o.s.c.s.PostProcessorRegistrationDelegate$BeanPostProcessorChecker - Bean 'methodSecurityMetadataSource' of type [org.springframework.security.access.method.DelegatingMethodSecurityMetadataSource] is not eligible for getting processed by all BeanPostProcessors (for example: not eligible for auto-proxying)
2019-10-31 14:11:35.534 [Socket Server Thread-01] INFO  c.o.c.s.system_socket.config.SocketServerStarter - system_socket service starting port: 8888
2019-10-31 14:11:35.981 [main] INFO  o.s.security.web.DefaultSecurityFilterChain - Creating filter chain: any request, [org.springframework.security.web.context.request.async.WebAsyncManagerIntegrationFilter@5ec9eefa, org.springframework.security.web.context.SecurityContextPersistenceFilter@6870cfac, org.springframework.security.web.header.HeaderWriterFilter@251c90f, org.springframework.security.web.authentication.logout.LogoutFilter@6b0f266e, com.osen.cloud.system.web_security.config.JwtAuthenticationTokenFilter@6e8fdd19, org.springframework.security.web.authentication.UsernamePasswordAuthenticationFilter@62a6674f, org.springframework.security.web.savedrequest.RequestCacheAwareFilter@63e5b8aa, org.springframework.security.web.servletapi.SecurityContextHolderAwareRequestFilter@6d294ddc, org.springframework.security.web.authentication.AnonymousAuthenticationFilter@28b8f98a, org.springframework.security.web.session.SessionManagementFilter@2dd178f3, org.springframework.security.web.access.ExceptionTranslationFilter@53d6e959, org.springframework.security.web.access.intercept.FilterSecurityInterceptor@4aaecabd]
2019-10-31 14:11:36.775 [main] INFO  o.s.scheduling.concurrent.ThreadPoolTaskExecutor - Initializing ExecutorService 'applicationTaskExecutor'
2019-10-31 14:11:38.834 [main] INFO  o.s.b.actuate.endpoint.web.EndpointLinksResolver - Exposing 2 endpoint(s) beneath base path '/actuator'
2019-10-31 14:11:38.954 [main] INFO  o.s.scheduling.concurrent.ThreadPoolTaskScheduler - Initializing ExecutorService 'taskScheduler'
2019-10-31 14:11:39.179 [main] INFO  com.osen.cloud.system.dev_data.DataHistoryTest - Started DataHistoryTest in 14.946 seconds (JVM running for 17.532)
2019-10-31 14:11:39.547 [main] INFO  com.zaxxer.hikari.HikariDataSource - DatebookHikariCP - Starting...
2019-10-31 14:11:40.751 [main] INFO  com.zaxxer.hikari.HikariDataSource - DatebookHikariCP - Start completed.
2019-10-31 14:11:41.271 [Thread-3] INFO  o.s.scheduling.concurrent.ThreadPoolTaskScheduler - Shutting down ExecutorService 'taskScheduler'
2019-10-31 14:11:41.274 [Thread-3] INFO  o.s.scheduling.concurrent.ThreadPoolTaskExecutor - Shutting down ExecutorService 'applicationTaskExecutor'
2019-10-31 14:11:41.319 [Thread-3] INFO  com.zaxxer.hikari.HikariDataSource - DatebookHikariCP - Shutdown initiated...
2019-10-31 14:11:41.405 [Thread-3] INFO  com.zaxxer.hikari.HikariDataSource - DatebookHikariCP - Shutdown completed.
2019-10-31 16:07:58.106 [main] INFO  com.osen.cloud.system.dev_data.VocTest - Starting VocTest on PC-20190708MDDO with PID 9204 (started by Administrator in E:\gitworkspace\lampblack-admin\lampblack-system)
2019-10-31 16:07:58.108 [main] INFO  com.osen.cloud.system.dev_data.VocTest - The following profiles are active: dev
2019-10-31 16:08:00.994 [main] INFO  o.s.d.r.config.RepositoryConfigurationDelegate - Multiple Spring Data modules found, entering strict repository configuration mode!
2019-10-31 16:08:01.001 [main] INFO  o.s.d.r.config.RepositoryConfigurationDelegate - Bootstrapping Spring Data repositories in DEFAULT mode.
2019-10-31 16:08:01.083 [main] INFO  o.s.d.r.config.RepositoryConfigurationDelegate - Finished Spring Data repository scanning in 51ms. Found 0 repository interfaces.
2019-10-31 16:08:02.278 [main] INFO  o.s.c.s.PostProcessorRegistrationDelegate$BeanPostProcessorChecker - Bean 'org.springframework.security.config.annotation.configuration.ObjectPostProcessorConfiguration' of type [org.springframework.security.config.annotation.configuration.ObjectPostProcessorConfiguration$$EnhancerBySpringCGLIB$$85c25960] is not eligible for getting processed by all BeanPostProcessors (for example: not eligible for auto-proxying)
2019-10-31 16:08:02.298 [main] INFO  o.s.c.s.PostProcessorRegistrationDelegate$BeanPostProcessorChecker - Bean 'org.springframework.transaction.annotation.ProxyTransactionManagementConfiguration' of type [org.springframework.transaction.annotation.ProxyTransactionManagementConfiguration$$EnhancerBySpringCGLIB$$ed149126] is not eligible for getting processed by all BeanPostProcessors (for example: not eligible for auto-proxying)
2019-10-31 16:08:02.368 [main] INFO  o.s.c.s.PostProcessorRegistrationDelegate$BeanPostProcessorChecker - Bean 'objectPostProcessor' of type [org.springframework.security.config.annotation.configuration.AutowireBeanFactoryObjectPostProcessor] is not eligible for getting processed by all BeanPostProcessors (for example: not eligible for auto-proxying)
2019-10-31 16:08:02.372 [main] INFO  o.s.c.s.PostProcessorRegistrationDelegate$BeanPostProcessorChecker - Bean 'org.springframework.security.access.expression.method.DefaultMethodSecurityExpressionHandler@10f7c76' of type [org.springframework.security.access.expression.method.DefaultMethodSecurityExpressionHandler] is not eligible for getting processed by all BeanPostProcessors (for example: not eligible for auto-proxying)
2019-10-31 16:08:02.386 [main] INFO  o.s.c.s.PostProcessorRegistrationDelegate$BeanPostProcessorChecker - Bean 'org.springframework.security.config.annotation.method.configuration.GlobalMethodSecurityConfiguration' of type [org.springframework.security.config.annotation.method.configuration.GlobalMethodSecurityConfiguration$$EnhancerBySpringCGLIB$$aa96fc12] is not eligible for getting processed by all BeanPostProcessors (for example: not eligible for auto-proxying)
2019-10-31 16:08:02.403 [main] INFO  o.s.c.s.PostProcessorRegistrationDelegate$BeanPostProcessorChecker - Bean 'methodSecurityMetadataSource' of type [org.springframework.security.access.method.DelegatingMethodSecurityMetadataSource] is not eligible for getting processed by all BeanPostProcessors (for example: not eligible for auto-proxying)
2019-10-31 16:08:08.031 [Socket Server Thread-01] INFO  c.o.c.s.system_socket.config.SocketServerStarter - system_socket service starting port: 8888
2019-10-31 16:08:08.457 [main] INFO  o.s.security.web.DefaultSecurityFilterChain - Creating filter chain: any request, [org.springframework.security.web.context.request.async.WebAsyncManagerIntegrationFilter@682e422c, org.springframework.security.web.context.SecurityContextPersistenceFilter@3002e397, org.springframework.security.web.header.HeaderWriterFilter@12192604, org.springframework.security.web.authentication.logout.LogoutFilter@138f0661, com.osen.cloud.system.web_security.config.JwtAuthenticationTokenFilter@3a1b36a1, org.springframework.security.web.authentication.UsernamePasswordAuthenticationFilter@787988f4, org.springframework.security.web.savedrequest.RequestCacheAwareFilter@38159384, org.springframework.security.web.servletapi.SecurityContextHolderAwareRequestFilter@130cfc47, org.springframework.security.web.authentication.AnonymousAuthenticationFilter@5bb8e6fc, org.springframework.security.web.session.SessionManagementFilter@231cdda8, org.springframework.security.web.access.ExceptionTranslationFilter@6b1321b7, org.springframework.security.web.access.intercept.FilterSecurityInterceptor@5d1bdd4a]
2019-10-31 16:08:09.361 [main] INFO  o.s.scheduling.concurrent.ThreadPoolTaskExecutor - Initializing ExecutorService 'applicationTaskExecutor'
2019-10-31 16:08:11.119 [main] INFO  o.s.b.actuate.endpoint.web.EndpointLinksResolver - Exposing 2 endpoint(s) beneath base path '/actuator'
2019-10-31 16:08:11.227 [main] INFO  o.s.scheduling.concurrent.ThreadPoolTaskScheduler - Initializing ExecutorService 'taskScheduler'
2019-10-31 16:08:11.470 [main] INFO  com.osen.cloud.system.dev_data.VocTest - Started VocTest in 14.819 seconds (JVM running for 16.675)
2019-10-31 16:08:12.576 [main] INFO  io.lettuce.core.EpollProvider - Starting without optional epoll library
2019-10-31 16:08:12.579 [main] INFO  io.lettuce.core.KqueueProvider - Starting without optional kqueue library
2019-10-31 16:08:12.776 [Thread-3] INFO  o.s.scheduling.concurrent.ThreadPoolTaskScheduler - Shutting down ExecutorService 'taskScheduler'
2019-10-31 16:08:12.784 [Thread-3] INFO  o.s.scheduling.concurrent.ThreadPoolTaskExecutor - Shutting down ExecutorService 'applicationTaskExecutor'
