2019-09-18 15:39:27.954 [main] INFO  com.osen.cloud.system.data.DataHistoryTest - Starting DataHistoryTest on PC-20190708MDDO with PID 2432 (started by Administrator in E:\gitworkspace\lampblack-admin\lampblack-system)
2019-09-18 15:39:27.974 [main] INFO  com.osen.cloud.system.data.DataHistoryTest - No active profile set, falling back to default profiles: default
2019-09-18 15:39:31.576 [main] INFO  o.s.d.r.config.RepositoryConfigurationDelegate - Multiple Spring Data modules found, entering strict repository configuration mode!
2019-09-18 15:39:31.583 [main] INFO  o.s.d.r.config.RepositoryConfigurationDelegate - Bootstrapping Spring Data repositories in DEFAULT mode.
2019-09-18 15:39:31.652 [main] INFO  o.s.d.r.config.RepositoryConfigurationDelegate - Finished Spring Data repository scanning in 46ms. Found 0 repository interfaces.
2019-09-18 15:39:33.140 [main] INFO  o.s.c.s.PostProcessorRegistrationDelegate$BeanPostProcessorChecker - Bean 'org.springframework.security.config.annotation.configuration.ObjectPostProcessorConfiguration' of type [org.springframework.security.config.annotation.configuration.ObjectPostProcessorConfiguration$$EnhancerBySpringCGLIB$$461693fd] is not eligible for getting processed by all BeanPostProcessors (for example: not eligible for auto-proxying)
2019-09-18 15:39:33.158 [main] INFO  o.s.c.s.PostProcessorRegistrationDelegate$BeanPostProcessorChecker - Bean 'org.springframework.transaction.annotation.ProxyTransactionManagementConfiguration' of type [org.springframework.transaction.annotation.ProxyTransactionManagementConfiguration$$EnhancerBySpringCGLIB$$ad68cbc3] is not eligible for getting processed by all BeanPostProcessors (for example: not eligible for auto-proxying)
2019-09-18 15:39:33.253 [main] INFO  o.s.c.s.PostProcessorRegistrationDelegate$BeanPostProcessorChecker - Bean 'objectPostProcessor' of type [org.springframework.security.config.annotation.configuration.AutowireBeanFactoryObjectPostProcessor] is not eligible for getting processed by all BeanPostProcessors (for example: not eligible for auto-proxying)
2019-09-18 15:39:33.277 [main] INFO  o.s.c.s.PostProcessorRegistrationDelegate$BeanPostProcessorChecker - Bean 'org.springframework.security.access.expression.method.DefaultMethodSecurityExpressionHandler@34a2d6e0' of type [org.springframework.security.access.expression.method.DefaultMethodSecurityExpressionHandler] is not eligible for getting processed by all BeanPostProcessors (for example: not eligible for auto-proxying)
2019-09-18 15:39:33.299 [main] INFO  o.s.c.s.PostProcessorRegistrationDelegate$BeanPostProcessorChecker - Bean 'org.springframework.security.config.annotation.method.configuration.GlobalMethodSecurityConfiguration' of type [org.springframework.security.config.annotation.method.configuration.GlobalMethodSecurityConfiguration$$EnhancerBySpringCGLIB$$6aeb36af] is not eligible for getting processed by all BeanPostProcessors (for example: not eligible for auto-proxying)
2019-09-18 15:39:33.318 [main] INFO  o.s.c.s.PostProcessorRegistrationDelegate$BeanPostProcessorChecker - Bean 'methodSecurityMetadataSource' of type [org.springframework.security.access.method.DelegatingMethodSecurityMetadataSource] is not eligible for getting processed by all BeanPostProcessors (for example: not eligible for auto-proxying)
2019-09-18 15:39:37.198 [Socket Server Thread-01] INFO  com.osen.cloud.system.socket.server.SocketServer - socket server starting port: 8888
2019-09-18 15:39:38.555 [main] INFO  o.s.b.actuate.endpoint.web.EndpointLinksResolver - Exposing 2 endpoint(s) beneath base path '/actuator'
2019-09-18 15:39:39.337 [main] INFO  o.s.security.web.DefaultSecurityFilterChain - Creating filter chain: any request, [org.springframework.security.web.context.request.async.WebAsyncManagerIntegrationFilter@19faedcc, org.springframework.security.web.context.SecurityContextPersistenceFilter@74a85515, org.springframework.security.web.header.HeaderWriterFilter@674184d, org.springframework.security.web.authentication.logout.LogoutFilter@31f31b20, com.osen.cloud.system.security.config.JwtAuthenticationTokenFilter@79ecc507, org.springframework.security.web.authentication.UsernamePasswordAuthenticationFilter@44084713, org.springframework.security.web.savedrequest.RequestCacheAwareFilter@3dfe92ef, org.springframework.security.web.servletapi.SecurityContextHolderAwareRequestFilter@15d88c10, org.springframework.security.web.authentication.AnonymousAuthenticationFilter@2c6927f0, org.springframework.security.web.session.SessionManagementFilter@5835e24a, org.springframework.security.web.access.ExceptionTranslationFilter@2712e8f4, org.springframework.security.web.access.intercept.FilterSecurityInterceptor@4fe2dd02]
2019-09-18 15:39:39.497 [main] INFO  s.d.s.w.PropertySourcedRequestMappingHandlerMapping - Mapped URL path [/v2/api-docs] onto method [public org.springframework.http.ResponseEntity<springfox.documentation.spring.web.json.Json> springfox.documentation.swagger2.web.Swagger2Controller.getDocumentation(java.lang.String,javax.servlet.http.HttpServletRequest)]
2019-09-18 15:39:40.631 [main] INFO  o.s.scheduling.concurrent.ThreadPoolTaskExecutor - Initializing ExecutorService 'applicationTaskExecutor'
2019-09-18 15:39:41.792 [main] INFO  o.s.scheduling.concurrent.ThreadPoolTaskScheduler - Initializing ExecutorService 'taskScheduler'
2019-09-18 15:39:42.032 [main] INFO  s.d.s.web.plugins.DocumentationPluginsBootstrapper - Context refreshed
2019-09-18 15:39:42.075 [main] INFO  s.d.s.web.plugins.DocumentationPluginsBootstrapper - Found 1 custom documentation plugin(s)
2019-09-18 15:39:42.146 [main] INFO  s.d.spring.web.scanners.ApiListingReferenceScanner - Scanning for api listing references
2019-09-18 15:39:42.532 [main] INFO  com.osen.cloud.system.data.DataHistoryTest - Started DataHistoryTest in 15.857 seconds (JVM running for 18.753)
2019-09-18 15:39:43.290 [main] INFO  com.zaxxer.hikari.HikariDataSource - DatebookHikariCP - Starting...
2019-09-18 15:39:43.644 [main] INFO  com.zaxxer.hikari.HikariDataSource - DatebookHikariCP - Start completed.
2019-09-18 15:39:43.902 [Thread-3] INFO  o.s.scheduling.concurrent.ThreadPoolTaskScheduler - Shutting down ExecutorService 'taskScheduler'
2019-09-18 15:39:43.904 [Thread-3] INFO  o.s.scheduling.concurrent.ThreadPoolTaskExecutor - Shutting down ExecutorService 'applicationTaskExecutor'
2019-09-18 15:39:43.951 [Thread-3] INFO  com.zaxxer.hikari.HikariDataSource - DatebookHikariCP - Shutdown initiated...
2019-09-18 15:39:43.990 [Thread-3] INFO  com.zaxxer.hikari.HikariDataSource - DatebookHikariCP - Shutdown completed.
2019-09-18 18:11:58.770 [main] INFO  com.osen.cloud.system.data.DataHistoryTest - Starting DataHistoryTest on PC-20190708MDDO with PID 7748 (started by Administrator in E:\gitworkspace\lampblack-admin\lampblack-system)
2019-09-18 18:11:58.772 [main] INFO  com.osen.cloud.system.data.DataHistoryTest - No active profile set, falling back to default profiles: default
2019-09-18 18:12:02.722 [main] INFO  o.s.d.r.config.RepositoryConfigurationDelegate - Multiple Spring Data modules found, entering strict repository configuration mode!
2019-09-18 18:12:02.731 [main] INFO  o.s.d.r.config.RepositoryConfigurationDelegate - Bootstrapping Spring Data repositories in DEFAULT mode.
2019-09-18 18:12:02.808 [main] INFO  o.s.d.r.config.RepositoryConfigurationDelegate - Finished Spring Data repository scanning in 47ms. Found 0 repository interfaces.
2019-09-18 18:12:03.986 [main] INFO  o.s.c.s.PostProcessorRegistrationDelegate$BeanPostProcessorChecker - Bean 'org.springframework.security.config.annotation.configuration.ObjectPostProcessorConfiguration' of type [org.springframework.security.config.annotation.configuration.ObjectPostProcessorConfiguration$$EnhancerBySpringCGLIB$$1b03f66a] is not eligible for getting processed by all BeanPostProcessors (for example: not eligible for auto-proxying)
2019-09-18 18:12:04.002 [main] INFO  o.s.c.s.PostProcessorRegistrationDelegate$BeanPostProcessorChecker - Bean 'org.springframework.transaction.annotation.ProxyTransactionManagementConfiguration' of type [org.springframework.transaction.annotation.ProxyTransactionManagementConfiguration$$EnhancerBySpringCGLIB$$82562e30] is not eligible for getting processed by all BeanPostProcessors (for example: not eligible for auto-proxying)
2019-09-18 18:12:04.078 [main] INFO  o.s.c.s.PostProcessorRegistrationDelegate$BeanPostProcessorChecker - Bean 'objectPostProcessor' of type [org.springframework.security.config.annotation.configuration.AutowireBeanFactoryObjectPostProcessor] is not eligible for getting processed by all BeanPostProcessors (for example: not eligible for auto-proxying)
2019-09-18 18:12:04.081 [main] INFO  o.s.c.s.PostProcessorRegistrationDelegate$BeanPostProcessorChecker - Bean 'org.springframework.security.access.expression.method.DefaultMethodSecurityExpressionHandler@124d02b2' of type [org.springframework.security.access.expression.method.DefaultMethodSecurityExpressionHandler] is not eligible for getting processed by all BeanPostProcessors (for example: not eligible for auto-proxying)
2019-09-18 18:12:04.095 [main] INFO  o.s.c.s.PostProcessorRegistrationDelegate$BeanPostProcessorChecker - Bean 'org.springframework.security.config.annotation.method.configuration.GlobalMethodSecurityConfiguration' of type [org.springframework.security.config.annotation.method.configuration.GlobalMethodSecurityConfiguration$$EnhancerBySpringCGLIB$$3fd8991c] is not eligible for getting processed by all BeanPostProcessors (for example: not eligible for auto-proxying)
2019-09-18 18:12:04.114 [main] INFO  o.s.c.s.PostProcessorRegistrationDelegate$BeanPostProcessorChecker - Bean 'methodSecurityMetadataSource' of type [org.springframework.security.access.method.DelegatingMethodSecurityMetadataSource] is not eligible for getting processed by all BeanPostProcessors (for example: not eligible for auto-proxying)
2019-09-18 18:12:08.041 [Socket Server Thread-01] INFO  com.osen.cloud.system.socket.server.SocketServer - socket server starting port: 8888
2019-09-18 18:12:09.804 [main] INFO  o.s.b.actuate.endpoint.web.EndpointLinksResolver - Exposing 2 endpoint(s) beneath base path '/actuator'
2019-09-18 18:12:10.665 [main] INFO  o.s.security.web.DefaultSecurityFilterChain - Creating filter chain: any request, [org.springframework.security.web.context.request.async.WebAsyncManagerIntegrationFilter@138a85d3, org.springframework.security.web.context.SecurityContextPersistenceFilter@205159dc, org.springframework.security.web.header.HeaderWriterFilter@42cc5460, org.springframework.security.web.authentication.logout.LogoutFilter@2e29f28e, com.osen.cloud.system.security.config.JwtAuthenticationTokenFilter@5b1e88f, org.springframework.security.web.authentication.UsernamePasswordAuthenticationFilter@5353dd09, org.springframework.security.web.savedrequest.RequestCacheAwareFilter@731db93f, org.springframework.security.web.servletapi.SecurityContextHolderAwareRequestFilter@6eabe718, org.springframework.security.web.authentication.AnonymousAuthenticationFilter@709d86a2, org.springframework.security.web.session.SessionManagementFilter@20820df0, org.springframework.security.web.access.ExceptionTranslationFilter@406ad6d5, org.springframework.security.web.access.intercept.FilterSecurityInterceptor@29147c12]
2019-09-18 18:12:10.813 [main] INFO  s.d.s.w.PropertySourcedRequestMappingHandlerMapping - Mapped URL path [/v2/api-docs] onto method [public org.springframework.http.ResponseEntity<springfox.documentation.spring.web.json.Json> springfox.documentation.swagger2.web.Swagger2Controller.getDocumentation(java.lang.String,javax.servlet.http.HttpServletRequest)]
2019-09-18 18:12:11.898 [main] INFO  o.s.scheduling.concurrent.ThreadPoolTaskExecutor - Initializing ExecutorService 'applicationTaskExecutor'
2019-09-18 18:12:13.124 [main] INFO  o.s.scheduling.concurrent.ThreadPoolTaskScheduler - Initializing ExecutorService 'taskScheduler'
2019-09-18 18:12:13.374 [main] INFO  s.d.s.web.plugins.DocumentationPluginsBootstrapper - Context refreshed
2019-09-18 18:12:13.423 [main] INFO  s.d.s.web.plugins.DocumentationPluginsBootstrapper - Found 1 custom documentation plugin(s)
2019-09-18 18:12:13.499 [main] INFO  s.d.spring.web.scanners.ApiListingReferenceScanner - Scanning for api listing references
2019-09-18 18:12:13.864 [main] INFO  com.osen.cloud.system.data.DataHistoryTest - Started DataHistoryTest in 16.255 seconds (JVM running for 18.279)
2019-09-18 18:12:14.807 [main] INFO  com.zaxxer.hikari.HikariDataSource - DatebookHikariCP - Starting...
2019-09-18 18:12:15.130 [main] INFO  com.zaxxer.hikari.HikariDataSource - DatebookHikariCP - Start completed.
2019-09-18 18:12:15.467 [Thread-3] INFO  o.s.scheduling.concurrent.ThreadPoolTaskScheduler - Shutting down ExecutorService 'taskScheduler'
2019-09-18 18:12:15.469 [Thread-3] INFO  o.s.scheduling.concurrent.ThreadPoolTaskExecutor - Shutting down ExecutorService 'applicationTaskExecutor'
2019-09-18 18:12:15.515 [Thread-3] INFO  com.zaxxer.hikari.HikariDataSource - DatebookHikariCP - Shutdown initiated...
2019-09-18 18:12:15.573 [Thread-3] INFO  com.zaxxer.hikari.HikariDataSource - DatebookHikariCP - Shutdown completed.
