2019-11-08 11:18:31.398 [main] INFO  com.osen.cloud.system.dev_data.VocTest - Starting VocTest on PC-20190708MDDO with PID 8928 (started by Administrator in E:\gitworkspace\lampblack-admin\lampblack-system)
2019-11-08 11:18:31.405 [main] INFO  com.osen.cloud.system.dev_data.VocTest - The following profiles are active: dev
2019-11-08 11:18:34.858 [main] INFO  o.s.d.r.config.RepositoryConfigurationDelegate - Multiple Spring Data modules found, entering strict repository configuration mode!
2019-11-08 11:18:34.862 [main] INFO  o.s.d.r.config.RepositoryConfigurationDelegate - Bootstrapping Spring Data repositories in DEFAULT mode.
2019-11-08 11:18:34.950 [main] INFO  o.s.d.r.config.RepositoryConfigurationDelegate - Finished Spring Data repository scanning in 61ms. Found 0 repository interfaces.
2019-11-08 11:18:36.303 [main] INFO  o.s.c.s.PostProcessorRegistrationDelegate$BeanPostProcessorChecker - Bean 'org.springframework.security.config.annotation.configuration.ObjectPostProcessorConfiguration' of type [org.springframework.security.config.annotation.configuration.ObjectPostProcessorConfiguration$$EnhancerBySpringCGLIB$$997149dd] is not eligible for getting processed by all BeanPostProcessors (for example: not eligible for auto-proxying)
2019-11-08 11:18:36.318 [main] INFO  o.s.c.s.PostProcessorRegistrationDelegate$BeanPostProcessorChecker - Bean 'org.springframework.transaction.annotation.ProxyTransactionManagementConfiguration' of type [org.springframework.transaction.annotation.ProxyTransactionManagementConfiguration$$EnhancerBySpringCGLIB$$c381a3] is not eligible for getting processed by all BeanPostProcessors (for example: not eligible for auto-proxying)
2019-11-08 11:18:36.397 [main] INFO  o.s.c.s.PostProcessorRegistrationDelegate$BeanPostProcessorChecker - Bean 'objectPostProcessor' of type [org.springframework.security.config.annotation.configuration.AutowireBeanFactoryObjectPostProcessor] is not eligible for getting processed by all BeanPostProcessors (for example: not eligible for auto-proxying)
2019-11-08 11:18:36.401 [main] INFO  o.s.c.s.PostProcessorRegistrationDelegate$BeanPostProcessorChecker - Bean 'org.springframework.security.access.expression.method.DefaultMethodSecurityExpressionHandler@437486cd' of type [org.springframework.security.access.expression.method.DefaultMethodSecurityExpressionHandler] is not eligible for getting processed by all BeanPostProcessors (for example: not eligible for auto-proxying)
2019-11-08 11:18:36.416 [main] INFO  o.s.c.s.PostProcessorRegistrationDelegate$BeanPostProcessorChecker - Bean 'org.springframework.security.config.annotation.method.configuration.GlobalMethodSecurityConfiguration' of type [org.springframework.security.config.annotation.method.configuration.GlobalMethodSecurityConfiguration$$EnhancerBySpringCGLIB$$be45ec8f] is not eligible for getting processed by all BeanPostProcessors (for example: not eligible for auto-proxying)
2019-11-08 11:18:36.431 [main] INFO  o.s.c.s.PostProcessorRegistrationDelegate$BeanPostProcessorChecker - Bean 'methodSecurityMetadataSource' of type [org.springframework.security.access.method.DelegatingMethodSecurityMetadataSource] is not eligible for getting processed by all BeanPostProcessors (for example: not eligible for auto-proxying)
2019-11-08 11:18:41.919 [Socket Server Thread-01] INFO  c.o.c.s.system_socket.config.SocketServerStarter - system_socket service starting port: 8888
2019-11-08 11:18:42.267 [main] INFO  o.s.security.web.DefaultSecurityFilterChain - Creating filter chain: any request, [org.springframework.security.web.context.request.async.WebAsyncManagerIntegrationFilter@7b8ea1db, org.springframework.security.web.context.SecurityContextPersistenceFilter@747f6c5a, org.springframework.security.web.header.HeaderWriterFilter@5bb8e6fc, org.springframework.security.web.authentication.logout.LogoutFilter@5939e24, com.osen.cloud.system.web_security.config.JwtAuthenticationTokenFilter@45592af7, org.springframework.security.web.authentication.UsernamePasswordAuthenticationFilter@28768e25, org.springframework.security.web.savedrequest.RequestCacheAwareFilter@5b48f0f4, org.springframework.security.web.servletapi.SecurityContextHolderAwareRequestFilter@62f9c790, org.springframework.security.web.authentication.AnonymousAuthenticationFilter@a91119b, org.springframework.security.web.session.SessionManagementFilter@72c9ebfa, org.springframework.security.web.access.ExceptionTranslationFilter@4137aab0, org.springframework.security.web.access.intercept.FilterSecurityInterceptor@1373e3ee]
2019-11-08 11:18:43.162 [main] INFO  o.s.scheduling.concurrent.ThreadPoolTaskExecutor - Initializing ExecutorService 'applicationTaskExecutor'
2019-11-08 11:18:45.176 [main] INFO  o.s.b.actuate.endpoint.web.EndpointLinksResolver - Exposing 2 endpoint(s) beneath base path '/actuator'
2019-11-08 11:18:45.297 [main] INFO  o.s.scheduling.concurrent.ThreadPoolTaskScheduler - Initializing ExecutorService 'taskScheduler'
2019-11-08 11:18:45.496 [main] INFO  com.osen.cloud.system.dev_data.VocTest - Started VocTest in 15.381 seconds (JVM running for 17.489)
2019-11-08 11:18:46.686 [main] INFO  io.lettuce.core.EpollProvider - Starting without optional epoll library
2019-11-08 11:18:46.691 [main] INFO  io.lettuce.core.KqueueProvider - Starting without optional kqueue library
2019-11-08 11:18:46.897 [Thread-3] INFO  o.s.scheduling.concurrent.ThreadPoolTaskScheduler - Shutting down ExecutorService 'taskScheduler'
2019-11-08 11:18:46.908 [Thread-3] INFO  o.s.scheduling.concurrent.ThreadPoolTaskExecutor - Shutting down ExecutorService 'applicationTaskExecutor'
2019-11-08 11:19:00.226 [main] INFO  com.osen.cloud.system.dev_data.VocTest - Starting VocTest on PC-20190708MDDO with PID 6960 (started by Administrator in E:\gitworkspace\lampblack-admin\lampblack-system)
2019-11-08 11:19:00.228 [main] INFO  com.osen.cloud.system.dev_data.VocTest - The following profiles are active: dev
2019-11-08 11:19:02.366 [main] INFO  o.s.d.r.config.RepositoryConfigurationDelegate - Multiple Spring Data modules found, entering strict repository configuration mode!
2019-11-08 11:19:02.374 [main] INFO  o.s.d.r.config.RepositoryConfigurationDelegate - Bootstrapping Spring Data repositories in DEFAULT mode.
2019-11-08 11:19:02.459 [main] INFO  o.s.d.r.config.RepositoryConfigurationDelegate - Finished Spring Data repository scanning in 55ms. Found 0 repository interfaces.
2019-11-08 11:19:03.647 [main] INFO  o.s.c.s.PostProcessorRegistrationDelegate$BeanPostProcessorChecker - Bean 'org.springframework.security.config.annotation.configuration.ObjectPostProcessorConfiguration' of type [org.springframework.security.config.annotation.configuration.ObjectPostProcessorConfiguration$$EnhancerBySpringCGLIB$$b0ad6680] is not eligible for getting processed by all BeanPostProcessors (for example: not eligible for auto-proxying)
2019-11-08 11:19:03.678 [main] INFO  o.s.c.s.PostProcessorRegistrationDelegate$BeanPostProcessorChecker - Bean 'org.springframework.transaction.annotation.ProxyTransactionManagementConfiguration' of type [org.springframework.transaction.annotation.ProxyTransactionManagementConfiguration$$EnhancerBySpringCGLIB$$17ff9e46] is not eligible for getting processed by all BeanPostProcessors (for example: not eligible for auto-proxying)
2019-11-08 11:19:03.756 [main] INFO  o.s.c.s.PostProcessorRegistrationDelegate$BeanPostProcessorChecker - Bean 'objectPostProcessor' of type [org.springframework.security.config.annotation.configuration.AutowireBeanFactoryObjectPostProcessor] is not eligible for getting processed by all BeanPostProcessors (for example: not eligible for auto-proxying)
2019-11-08 11:19:03.760 [main] INFO  o.s.c.s.PostProcessorRegistrationDelegate$BeanPostProcessorChecker - Bean 'org.springframework.security.access.expression.method.DefaultMethodSecurityExpressionHandler@69fe0ed4' of type [org.springframework.security.access.expression.method.DefaultMethodSecurityExpressionHandler] is not eligible for getting processed by all BeanPostProcessors (for example: not eligible for auto-proxying)
2019-11-08 11:19:03.771 [main] INFO  o.s.c.s.PostProcessorRegistrationDelegate$BeanPostProcessorChecker - Bean 'org.springframework.security.config.annotation.method.configuration.GlobalMethodSecurityConfiguration' of type [org.springframework.security.config.annotation.method.configuration.GlobalMethodSecurityConfiguration$$EnhancerBySpringCGLIB$$d5820932] is not eligible for getting processed by all BeanPostProcessors (for example: not eligible for auto-proxying)
2019-11-08 11:19:03.787 [main] INFO  o.s.c.s.PostProcessorRegistrationDelegate$BeanPostProcessorChecker - Bean 'methodSecurityMetadataSource' of type [org.springframework.security.access.method.DelegatingMethodSecurityMetadataSource] is not eligible for getting processed by all BeanPostProcessors (for example: not eligible for auto-proxying)
2019-11-08 11:19:09.276 [Socket Server Thread-01] INFO  c.o.c.s.system_socket.config.SocketServerStarter - system_socket service starting port: 8888
2019-11-08 11:19:09.571 [main] INFO  o.s.security.web.DefaultSecurityFilterChain - Creating filter chain: any request, [org.springframework.security.web.context.request.async.WebAsyncManagerIntegrationFilter@2cccf134, org.springframework.security.web.context.SecurityContextPersistenceFilter@67f946c3, org.springframework.security.web.header.HeaderWriterFilter@530ee28b, org.springframework.security.web.authentication.logout.LogoutFilter@73e4387, com.osen.cloud.system.web_security.config.JwtAuthenticationTokenFilter@4f1fb828, org.springframework.security.web.authentication.UsernamePasswordAuthenticationFilter@1df9186f, org.springframework.security.web.savedrequest.RequestCacheAwareFilter@1785d194, org.springframework.security.web.servletapi.SecurityContextHolderAwareRequestFilter@32ae8f27, org.springframework.security.web.authentication.AnonymousAuthenticationFilter@3c18942, org.springframework.security.web.session.SessionManagementFilter@4def7d36, org.springframework.security.web.access.ExceptionTranslationFilter@31ab1e67, org.springframework.security.web.access.intercept.FilterSecurityInterceptor@39d77de9]
2019-11-08 11:19:10.368 [main] INFO  o.s.scheduling.concurrent.ThreadPoolTaskExecutor - Initializing ExecutorService 'applicationTaskExecutor'
2019-11-08 11:19:12.259 [main] INFO  o.s.b.actuate.endpoint.web.EndpointLinksResolver - Exposing 2 endpoint(s) beneath base path '/actuator'
2019-11-08 11:19:12.365 [main] INFO  o.s.scheduling.concurrent.ThreadPoolTaskScheduler - Initializing ExecutorService 'taskScheduler'
2019-11-08 11:19:12.579 [main] INFO  com.osen.cloud.system.dev_data.VocTest - Started VocTest in 13.847 seconds (JVM running for 15.595)
2019-11-08 11:19:13.666 [main] INFO  io.lettuce.core.EpollProvider - Starting without optional epoll library
2019-11-08 11:19:13.672 [main] INFO  io.lettuce.core.KqueueProvider - Starting without optional kqueue library
2019-11-08 11:19:13.854 [Thread-3] INFO  o.s.scheduling.concurrent.ThreadPoolTaskScheduler - Shutting down ExecutorService 'taskScheduler'
2019-11-08 11:19:13.856 [Thread-3] INFO  o.s.scheduling.concurrent.ThreadPoolTaskExecutor - Shutting down ExecutorService 'applicationTaskExecutor'
2019-11-08 11:19:41.375 [main] INFO  com.osen.cloud.system.dev_data.VocTest - Starting VocTest on PC-20190708MDDO with PID 8520 (started by Administrator in E:\gitworkspace\lampblack-admin\lampblack-system)
2019-11-08 11:19:41.377 [main] INFO  com.osen.cloud.system.dev_data.VocTest - The following profiles are active: dev
2019-11-08 11:19:44.396 [main] INFO  o.s.d.r.config.RepositoryConfigurationDelegate - Multiple Spring Data modules found, entering strict repository configuration mode!
2019-11-08 11:19:44.401 [main] INFO  o.s.d.r.config.RepositoryConfigurationDelegate - Bootstrapping Spring Data repositories in DEFAULT mode.
2019-11-08 11:19:44.475 [main] INFO  o.s.d.r.config.RepositoryConfigurationDelegate - Finished Spring Data repository scanning in 53ms. Found 0 repository interfaces.
2019-11-08 11:19:45.729 [main] INFO  o.s.c.s.PostProcessorRegistrationDelegate$BeanPostProcessorChecker - Bean 'org.springframework.security.config.annotation.configuration.ObjectPostProcessorConfiguration' of type [org.springframework.security.config.annotation.configuration.ObjectPostProcessorConfiguration$$EnhancerBySpringCGLIB$$5215de12] is not eligible for getting processed by all BeanPostProcessors (for example: not eligible for auto-proxying)
2019-11-08 11:19:45.746 [main] INFO  o.s.c.s.PostProcessorRegistrationDelegate$BeanPostProcessorChecker - Bean 'org.springframework.transaction.annotation.ProxyTransactionManagementConfiguration' of type [org.springframework.transaction.annotation.ProxyTransactionManagementConfiguration$$EnhancerBySpringCGLIB$$b96815d8] is not eligible for getting processed by all BeanPostProcessors (for example: not eligible for auto-proxying)
2019-11-08 11:19:45.820 [main] INFO  o.s.c.s.PostProcessorRegistrationDelegate$BeanPostProcessorChecker - Bean 'objectPostProcessor' of type [org.springframework.security.config.annotation.configuration.AutowireBeanFactoryObjectPostProcessor] is not eligible for getting processed by all BeanPostProcessors (for example: not eligible for auto-proxying)
2019-11-08 11:19:45.823 [main] INFO  o.s.c.s.PostProcessorRegistrationDelegate$BeanPostProcessorChecker - Bean 'org.springframework.security.access.expression.method.DefaultMethodSecurityExpressionHandler@518bfd90' of type [org.springframework.security.access.expression.method.DefaultMethodSecurityExpressionHandler] is not eligible for getting processed by all BeanPostProcessors (for example: not eligible for auto-proxying)
2019-11-08 11:19:45.840 [main] INFO  o.s.c.s.PostProcessorRegistrationDelegate$BeanPostProcessorChecker - Bean 'org.springframework.security.config.annotation.method.configuration.GlobalMethodSecurityConfiguration' of type [org.springframework.security.config.annotation.method.configuration.GlobalMethodSecurityConfiguration$$EnhancerBySpringCGLIB$$76ea80c4] is not eligible for getting processed by all BeanPostProcessors (for example: not eligible for auto-proxying)
2019-11-08 11:19:45.862 [main] INFO  o.s.c.s.PostProcessorRegistrationDelegate$BeanPostProcessorChecker - Bean 'methodSecurityMetadataSource' of type [org.springframework.security.access.method.DelegatingMethodSecurityMetadataSource] is not eligible for getting processed by all BeanPostProcessors (for example: not eligible for auto-proxying)
2019-11-08 11:19:51.535 [Socket Server Thread-01] INFO  c.o.c.s.system_socket.config.SocketServerStarter - system_socket service starting port: 8888
2019-11-08 11:19:51.921 [main] INFO  o.s.security.web.DefaultSecurityFilterChain - Creating filter chain: any request, [org.springframework.security.web.context.request.async.WebAsyncManagerIntegrationFilter@3a788fe0, org.springframework.security.web.context.SecurityContextPersistenceFilter@7a66c35a, org.springframework.security.web.header.HeaderWriterFilter@1b8aaeab, org.springframework.security.web.authentication.logout.LogoutFilter@19662208, com.osen.cloud.system.web_security.config.JwtAuthenticationTokenFilter@6401188a, org.springframework.security.web.authentication.UsernamePasswordAuthenticationFilter@21e5f0b6, org.springframework.security.web.savedrequest.RequestCacheAwareFilter@73e4387, org.springframework.security.web.servletapi.SecurityContextHolderAwareRequestFilter@72c9ebfa, org.springframework.security.web.authentication.AnonymousAuthenticationFilter@430df350, org.springframework.security.web.session.SessionManagementFilter@6812c8cc, org.springframework.security.web.access.ExceptionTranslationFilter@32ae8f27, org.springframework.security.web.access.intercept.FilterSecurityInterceptor@47fcefb3]
2019-11-08 11:19:52.724 [main] INFO  o.s.scheduling.concurrent.ThreadPoolTaskExecutor - Initializing ExecutorService 'applicationTaskExecutor'
2019-11-08 11:19:54.712 [main] INFO  o.s.b.actuate.endpoint.web.EndpointLinksResolver - Exposing 2 endpoint(s) beneath base path '/actuator'
2019-11-08 11:19:54.822 [main] INFO  o.s.scheduling.concurrent.ThreadPoolTaskScheduler - Initializing ExecutorService 'taskScheduler'
2019-11-08 11:19:55.065 [main] INFO  com.osen.cloud.system.dev_data.VocTest - Started VocTest in 15.273 seconds (JVM running for 17.014)
2019-11-08 11:19:56.023 [main] INFO  io.lettuce.core.EpollProvider - Starting without optional epoll library
2019-11-08 11:19:56.030 [main] INFO  io.lettuce.core.KqueueProvider - Starting without optional kqueue library
2019-11-08 11:19:56.207 [Thread-3] INFO  o.s.scheduling.concurrent.ThreadPoolTaskScheduler - Shutting down ExecutorService 'taskScheduler'
2019-11-08 11:19:56.210 [Thread-3] INFO  o.s.scheduling.concurrent.ThreadPoolTaskExecutor - Shutting down ExecutorService 'applicationTaskExecutor'
