2019-10-14 14:03:19.879 [main] INFO  com.osen.cloud.system.system_user.UserSimpleTest - Starting UserSimpleTest on PC-20190708MDDO with PID 4620 (started by Administrator in E:\gitworkspace\lampblack-admin\lampblack-system)
2019-10-14 14:03:19.885 [main] INFO  com.osen.cloud.system.system_user.UserSimpleTest - No active profile set, falling back to default profiles: default
2019-10-14 14:03:22.073 [main] INFO  o.s.d.r.config.RepositoryConfigurationDelegate - Multiple Spring Data modules found, entering strict repository configuration mode!
2019-10-14 14:03:22.078 [main] INFO  o.s.d.r.config.RepositoryConfigurationDelegate - Bootstrapping Spring Data repositories in DEFAULT mode.
2019-10-14 14:03:22.152 [main] INFO  o.s.d.r.config.RepositoryConfigurationDelegate - Finished Spring Data repository scanning in 51ms. Found 0 repository interfaces.
2019-10-14 14:03:23.202 [main] INFO  o.s.c.s.PostProcessorRegistrationDelegate$BeanPostProcessorChecker - Bean 'org.springframework.security.config.annotation.configuration.ObjectPostProcessorConfiguration' of type [org.springframework.security.config.annotation.configuration.ObjectPostProcessorConfiguration$$EnhancerBySpringCGLIB$$1c5bde08] is not eligible for getting processed by all BeanPostProcessors (for example: not eligible for auto-proxying)
2019-10-14 14:03:23.212 [main] INFO  o.s.c.s.PostProcessorRegistrationDelegate$BeanPostProcessorChecker - Bean 'org.springframework.transaction.annotation.ProxyTransactionManagementConfiguration' of type [org.springframework.transaction.annotation.ProxyTransactionManagementConfiguration$$EnhancerBySpringCGLIB$$83ae15ce] is not eligible for getting processed by all BeanPostProcessors (for example: not eligible for auto-proxying)
2019-10-14 14:03:23.287 [main] INFO  o.s.c.s.PostProcessorRegistrationDelegate$BeanPostProcessorChecker - Bean 'objectPostProcessor' of type [org.springframework.security.config.annotation.configuration.AutowireBeanFactoryObjectPostProcessor] is not eligible for getting processed by all BeanPostProcessors (for example: not eligible for auto-proxying)
2019-10-14 14:03:23.291 [main] INFO  o.s.c.s.PostProcessorRegistrationDelegate$BeanPostProcessorChecker - Bean 'org.springframework.security.access.expression.method.DefaultMethodSecurityExpressionHandler@2643d762' of type [org.springframework.security.access.expression.method.DefaultMethodSecurityExpressionHandler] is not eligible for getting processed by all BeanPostProcessors (for example: not eligible for auto-proxying)
2019-10-14 14:03:23.313 [main] INFO  o.s.c.s.PostProcessorRegistrationDelegate$BeanPostProcessorChecker - Bean 'org.springframework.security.config.annotation.method.configuration.GlobalMethodSecurityConfiguration' of type [org.springframework.security.config.annotation.method.configuration.GlobalMethodSecurityConfiguration$$EnhancerBySpringCGLIB$$413080ba] is not eligible for getting processed by all BeanPostProcessors (for example: not eligible for auto-proxying)
2019-10-14 14:03:23.338 [main] INFO  o.s.c.s.PostProcessorRegistrationDelegate$BeanPostProcessorChecker - Bean 'methodSecurityMetadataSource' of type [org.springframework.security.access.method.DelegatingMethodSecurityMetadataSource] is not eligible for getting processed by all BeanPostProcessors (for example: not eligible for auto-proxying)
2019-10-14 14:03:28.101 [Socket Server Thread-01] INFO  com.osen.cloud.system.system_socket.service.SocketServer - socket server starting port: 8888
2019-10-14 14:03:28.828 [main] INFO  o.s.security.web.DefaultSecurityFilterChain - Creating filter chain: any request, [org.springframework.security.web.context.request.async.WebAsyncManagerIntegrationFilter@563ccd31, org.springframework.security.web.context.SecurityContextPersistenceFilter@320be73, org.springframework.security.web.header.HeaderWriterFilter@284bdeed, org.springframework.security.web.authentication.logout.LogoutFilter@66f5b8fe, com.osen.cloud.system.web_security.config.JwtAuthenticationTokenFilter@385d819, org.springframework.security.web.authentication.UsernamePasswordAuthenticationFilter@19fec3d6, org.springframework.security.web.savedrequest.RequestCacheAwareFilter@6af310c7, org.springframework.security.web.servletapi.SecurityContextHolderAwareRequestFilter@3e856100, org.springframework.security.web.authentication.AnonymousAuthenticationFilter@72465eb2, org.springframework.security.web.session.SessionManagementFilter@482c351d, org.springframework.security.web.access.ExceptionTranslationFilter@111c229c, org.springframework.security.web.access.intercept.FilterSecurityInterceptor@7e49ded]
2019-10-14 14:03:30.233 [main] INFO  o.s.scheduling.concurrent.ThreadPoolTaskExecutor - Initializing ExecutorService 'applicationTaskExecutor'
2019-10-14 14:03:32.039 [nioEventLoopGroup-5-1] INFO  c.o.c.system.socket.handler.SocketServerHandler - 设备成功连接服务器：0c9d92fffe787de5-0000120c-00000001-8c7f65d02c9556fc-b47b6d62
2019-10-14 14:03:32.233 [main] INFO  o.s.b.actuate.endpoint.web.EndpointLinksResolver - Exposing 2 endpoint(s) beneath base path '/actuator'
2019-10-14 14:03:32.372 [main] INFO  o.s.scheduling.concurrent.ThreadPoolTaskScheduler - Initializing ExecutorService 'taskScheduler'
2019-10-14 14:03:32.602 [main] INFO  com.osen.cloud.system.system_user.UserSimpleTest - Started UserSimpleTest in 14.268 seconds (JVM running for 16.114)
2019-10-14 14:03:33.347 [main] INFO  com.zaxxer.hikari.HikariDataSource - DatebookHikariCP - Starting...
2019-10-14 14:03:34.688 [main] INFO  com.zaxxer.hikari.HikariDataSource - DatebookHikariCP - Start completed.
2019-10-14 14:03:34.830 [Thread-3] INFO  o.s.scheduling.concurrent.ThreadPoolTaskScheduler - Shutting down ExecutorService 'taskScheduler'
2019-10-14 14:03:34.831 [Thread-3] INFO  o.s.scheduling.concurrent.ThreadPoolTaskExecutor - Shutting down ExecutorService 'applicationTaskExecutor'
2019-10-14 14:03:34.873 [Thread-3] INFO  com.zaxxer.hikari.HikariDataSource - DatebookHikariCP - Shutdown initiated...
2019-10-14 14:03:34.941 [Thread-3] INFO  com.zaxxer.hikari.HikariDataSource - DatebookHikariCP - Shutdown completed.
2019-10-14 14:14:11.522 [main] INFO  com.osen.cloud.system.system_user.UserSimpleTest - Starting UserSimpleTest on PC-20190708MDDO with PID 6840 (started by Administrator in E:\gitworkspace\lampblack-admin\lampblack-system)
2019-10-14 14:14:11.526 [main] INFO  com.osen.cloud.system.system_user.UserSimpleTest - No active profile set, falling back to default profiles: default
2019-10-14 14:14:14.494 [main] INFO  o.s.d.r.config.RepositoryConfigurationDelegate - Multiple Spring Data modules found, entering strict repository configuration mode!
2019-10-14 14:14:14.500 [main] INFO  o.s.d.r.config.RepositoryConfigurationDelegate - Bootstrapping Spring Data repositories in DEFAULT mode.
2019-10-14 14:14:14.583 [main] INFO  o.s.d.r.config.RepositoryConfigurationDelegate - Finished Spring Data repository scanning in 53ms. Found 0 repository interfaces.
2019-10-14 14:14:15.614 [main] INFO  o.s.c.s.PostProcessorRegistrationDelegate$BeanPostProcessorChecker - Bean 'org.springframework.security.config.annotation.configuration.ObjectPostProcessorConfiguration' of type [org.springframework.security.config.annotation.configuration.ObjectPostProcessorConfiguration$$EnhancerBySpringCGLIB$$24032de7] is not eligible for getting processed by all BeanPostProcessors (for example: not eligible for auto-proxying)
2019-10-14 14:14:15.625 [main] INFO  o.s.c.s.PostProcessorRegistrationDelegate$BeanPostProcessorChecker - Bean 'org.springframework.transaction.annotation.ProxyTransactionManagementConfiguration' of type [org.springframework.transaction.annotation.ProxyTransactionManagementConfiguration$$EnhancerBySpringCGLIB$$8b5565ad] is not eligible for getting processed by all BeanPostProcessors (for example: not eligible for auto-proxying)
2019-10-14 14:14:15.704 [main] INFO  o.s.c.s.PostProcessorRegistrationDelegate$BeanPostProcessorChecker - Bean 'objectPostProcessor' of type [org.springframework.security.config.annotation.configuration.AutowireBeanFactoryObjectPostProcessor] is not eligible for getting processed by all BeanPostProcessors (for example: not eligible for auto-proxying)
2019-10-14 14:14:15.708 [main] INFO  o.s.c.s.PostProcessorRegistrationDelegate$BeanPostProcessorChecker - Bean 'org.springframework.security.access.expression.method.DefaultMethodSecurityExpressionHandler@5fa23c' of type [org.springframework.security.access.expression.method.DefaultMethodSecurityExpressionHandler] is not eligible for getting processed by all BeanPostProcessors (for example: not eligible for auto-proxying)
2019-10-14 14:14:15.724 [main] INFO  o.s.c.s.PostProcessorRegistrationDelegate$BeanPostProcessorChecker - Bean 'org.springframework.security.config.annotation.method.configuration.GlobalMethodSecurityConfiguration' of type [org.springframework.security.config.annotation.method.configuration.GlobalMethodSecurityConfiguration$$EnhancerBySpringCGLIB$$48d7d099] is not eligible for getting processed by all BeanPostProcessors (for example: not eligible for auto-proxying)
2019-10-14 14:14:15.779 [main] INFO  o.s.c.s.PostProcessorRegistrationDelegate$BeanPostProcessorChecker - Bean 'methodSecurityMetadataSource' of type [org.springframework.security.access.method.DelegatingMethodSecurityMetadataSource] is not eligible for getting processed by all BeanPostProcessors (for example: not eligible for auto-proxying)
2019-10-14 14:14:20.114 [Socket Server Thread-01] INFO  com.osen.cloud.system.system_socket.service.SocketServer - socket server starting port: 8888
2019-10-14 14:14:20.451 [main] INFO  o.s.security.web.DefaultSecurityFilterChain - Creating filter chain: any request, [org.springframework.security.web.context.request.async.WebAsyncManagerIntegrationFilter@9e02f84, org.springframework.security.web.context.SecurityContextPersistenceFilter@3af2f846, org.springframework.security.web.header.HeaderWriterFilter@58f254b1, org.springframework.security.web.authentication.logout.LogoutFilter@2c1d57bc, com.osen.cloud.system.web_security.config.JwtAuthenticationTokenFilter@5f025000, org.springframework.security.web.authentication.UsernamePasswordAuthenticationFilter@6e9a0bea, org.springframework.security.web.savedrequest.RequestCacheAwareFilter@370c9018, org.springframework.security.web.servletapi.SecurityContextHolderAwareRequestFilter@482c351d, org.springframework.security.web.authentication.AnonymousAuthenticationFilter@1e6060f1, org.springframework.security.web.session.SessionManagementFilter@240f350a, org.springframework.security.web.access.ExceptionTranslationFilter@21f7e537, org.springframework.security.web.access.intercept.FilterSecurityInterceptor@6c9b44bf]
2019-10-14 14:14:21.430 [main] INFO  o.s.scheduling.concurrent.ThreadPoolTaskExecutor - Initializing ExecutorService 'applicationTaskExecutor'
2019-10-14 14:14:23.222 [main] INFO  o.s.b.actuate.endpoint.web.EndpointLinksResolver - Exposing 2 endpoint(s) beneath base path '/actuator'
2019-10-14 14:14:23.357 [main] INFO  o.s.scheduling.concurrent.ThreadPoolTaskScheduler - Initializing ExecutorService 'taskScheduler'
2019-10-14 14:14:23.593 [main] INFO  com.osen.cloud.system.system_user.UserSimpleTest - Started UserSimpleTest in 13.249 seconds (JVM running for 14.933)
2019-10-14 14:14:24.110 [main] INFO  com.zaxxer.hikari.HikariDataSource - DatebookHikariCP - Starting...
2019-10-14 14:14:24.529 [nioEventLoopGroup-5-1] INFO  c.o.c.system.socket.handler.SocketServerHandler - 设备成功连接服务器：0c9d92fffe787de5-00001ab8-00000001-537a67f835af4bdf-2db0c2f7
2019-10-14 14:14:25.230 [main] INFO  com.zaxxer.hikari.HikariDataSource - DatebookHikariCP - Start completed.
2019-10-14 14:14:25.363 [Thread-3] INFO  o.s.scheduling.concurrent.ThreadPoolTaskScheduler - Shutting down ExecutorService 'taskScheduler'
2019-10-14 14:14:25.365 [Thread-3] INFO  o.s.scheduling.concurrent.ThreadPoolTaskExecutor - Shutting down ExecutorService 'applicationTaskExecutor'
2019-10-14 14:14:25.394 [Thread-3] INFO  com.zaxxer.hikari.HikariDataSource - DatebookHikariCP - Shutdown initiated...
2019-10-14 14:14:25.482 [Thread-3] INFO  com.zaxxer.hikari.HikariDataSource - DatebookHikariCP - Shutdown completed.
2019-10-14 16:53:12.648 [main] INFO  com.osen.cloud.system.system_device.DeviceTest - Starting DeviceTest on PC-20190708MDDO with PID 3928 (started by Administrator in E:\gitworkspace\lampblack-admin\lampblack-system)
2019-10-14 16:53:12.652 [main] INFO  com.osen.cloud.system.system_device.DeviceTest - No active profile set, falling back to default profiles: default
2019-10-14 16:53:15.744 [main] INFO  o.s.d.r.config.RepositoryConfigurationDelegate - Multiple Spring Data modules found, entering strict repository configuration mode!
2019-10-14 16:53:15.749 [main] INFO  o.s.d.r.config.RepositoryConfigurationDelegate - Bootstrapping Spring Data repositories in DEFAULT mode.
2019-10-14 16:53:15.812 [main] INFO  o.s.d.r.config.RepositoryConfigurationDelegate - Finished Spring Data repository scanning in 42ms. Found 0 repository interfaces.
2019-10-14 16:53:16.888 [main] INFO  o.s.c.s.PostProcessorRegistrationDelegate$BeanPostProcessorChecker - Bean 'org.springframework.security.config.annotation.configuration.ObjectPostProcessorConfiguration' of type [org.springframework.security.config.annotation.configuration.ObjectPostProcessorConfiguration$$EnhancerBySpringCGLIB$$9dd68037] is not eligible for getting processed by all BeanPostProcessors (for example: not eligible for auto-proxying)
2019-10-14 16:53:16.905 [main] INFO  o.s.c.s.PostProcessorRegistrationDelegate$BeanPostProcessorChecker - Bean 'org.springframework.transaction.annotation.ProxyTransactionManagementConfiguration' of type [org.springframework.transaction.annotation.ProxyTransactionManagementConfiguration$$EnhancerBySpringCGLIB$$528b7fd] is not eligible for getting processed by all BeanPostProcessors (for example: not eligible for auto-proxying)
2019-10-14 16:53:16.989 [main] INFO  o.s.c.s.PostProcessorRegistrationDelegate$BeanPostProcessorChecker - Bean 'objectPostProcessor' of type [org.springframework.security.config.annotation.configuration.AutowireBeanFactoryObjectPostProcessor] is not eligible for getting processed by all BeanPostProcessors (for example: not eligible for auto-proxying)
2019-10-14 16:53:16.993 [main] INFO  o.s.c.s.PostProcessorRegistrationDelegate$BeanPostProcessorChecker - Bean 'org.springframework.security.access.expression.method.DefaultMethodSecurityExpressionHandler@43045f9f' of type [org.springframework.security.access.expression.method.DefaultMethodSecurityExpressionHandler] is not eligible for getting processed by all BeanPostProcessors (for example: not eligible for auto-proxying)
2019-10-14 16:53:17.008 [main] INFO  o.s.c.s.PostProcessorRegistrationDelegate$BeanPostProcessorChecker - Bean 'org.springframework.security.config.annotation.method.configuration.GlobalMethodSecurityConfiguration' of type [org.springframework.security.config.annotation.method.configuration.GlobalMethodSecurityConfiguration$$EnhancerBySpringCGLIB$$c2ab22e9] is not eligible for getting processed by all BeanPostProcessors (for example: not eligible for auto-proxying)
2019-10-14 16:53:17.025 [main] INFO  o.s.c.s.PostProcessorRegistrationDelegate$BeanPostProcessorChecker - Bean 'methodSecurityMetadataSource' of type [org.springframework.security.access.method.DelegatingMethodSecurityMetadataSource] is not eligible for getting processed by all BeanPostProcessors (for example: not eligible for auto-proxying)
2019-10-14 16:53:21.285 [Socket Server Thread-01] INFO  com.osen.cloud.system.system_socket.service.SocketServer - socket server starting port: 8888
2019-10-14 16:53:21.592 [main] INFO  o.s.security.web.DefaultSecurityFilterChain - Creating filter chain: any request, [org.springframework.security.web.context.request.async.WebAsyncManagerIntegrationFilter@4f114b, org.springframework.security.web.context.SecurityContextPersistenceFilter@19fec3d6, org.springframework.security.web.header.HeaderWriterFilter@41e9f86, org.springframework.security.web.authentication.logout.LogoutFilter@24a0c58b, com.osen.cloud.system.web_security.config.JwtAuthenticationTokenFilter@310a7859, org.springframework.security.web.authentication.UsernamePasswordAuthenticationFilter@183fc2fa, org.springframework.security.web.savedrequest.RequestCacheAwareFilter@b768a65, org.springframework.security.web.servletapi.SecurityContextHolderAwareRequestFilter@4be490da, org.springframework.security.web.authentication.AnonymousAuthenticationFilter@257f30f7, org.springframework.security.web.session.SessionManagementFilter@233f52f8, org.springframework.security.web.access.ExceptionTranslationFilter@1e3f86d5, org.springframework.security.web.access.intercept.FilterSecurityInterceptor@2db86a7c]
2019-10-14 16:53:22.529 [main] INFO  o.s.scheduling.concurrent.ThreadPoolTaskExecutor - Initializing ExecutorService 'applicationTaskExecutor'
2019-10-14 16:53:24.357 [main] INFO  o.s.b.actuate.endpoint.web.EndpointLinksResolver - Exposing 2 endpoint(s) beneath base path '/actuator'
2019-10-14 16:53:24.501 [main] INFO  o.s.scheduling.concurrent.ThreadPoolTaskScheduler - Initializing ExecutorService 'taskScheduler'
2019-10-14 16:53:24.754 [main] INFO  com.osen.cloud.system.system_device.DeviceTest - Started DeviceTest in 13.082 seconds (JVM running for 14.77)
2019-10-14 16:53:24.890 [nioEventLoopGroup-5-1] INFO  c.o.c.system.socket.handler.SocketServerHandler - 设备成功连接服务器：0c9d92fffe787de5-00000f58-00000001-e2f9328affa0dedd-a1434bfa
2019-10-14 16:53:25.252 [Thread-3] INFO  o.s.scheduling.concurrent.ThreadPoolTaskScheduler - Shutting down ExecutorService 'taskScheduler'
2019-10-14 16:53:25.254 [Thread-3] INFO  o.s.scheduling.concurrent.ThreadPoolTaskExecutor - Shutting down ExecutorService 'applicationTaskExecutor'
2019-10-14 16:54:45.518 [main] INFO  com.osen.cloud.system.system_device.DeviceTest - Starting DeviceTest on PC-20190708MDDO with PID 7716 (started by Administrator in E:\gitworkspace\lampblack-admin\lampblack-system)
2019-10-14 16:54:45.520 [main] INFO  com.osen.cloud.system.system_device.DeviceTest - No active profile set, falling back to default profiles: default
2019-10-14 16:54:48.837 [main] INFO  o.s.d.r.config.RepositoryConfigurationDelegate - Multiple Spring Data modules found, entering strict repository configuration mode!
2019-10-14 16:54:48.845 [main] INFO  o.s.d.r.config.RepositoryConfigurationDelegate - Bootstrapping Spring Data repositories in DEFAULT mode.
2019-10-14 16:54:48.950 [main] INFO  o.s.d.r.config.RepositoryConfigurationDelegate - Finished Spring Data repository scanning in 60ms. Found 0 repository interfaces.
2019-10-14 16:54:50.343 [main] INFO  o.s.c.s.PostProcessorRegistrationDelegate$BeanPostProcessorChecker - Bean 'org.springframework.security.config.annotation.configuration.ObjectPostProcessorConfiguration' of type [org.springframework.security.config.annotation.configuration.ObjectPostProcessorConfiguration$$EnhancerBySpringCGLIB$$bb9d2132] is not eligible for getting processed by all BeanPostProcessors (for example: not eligible for auto-proxying)
2019-10-14 16:54:50.356 [main] INFO  o.s.c.s.PostProcessorRegistrationDelegate$BeanPostProcessorChecker - Bean 'org.springframework.transaction.annotation.ProxyTransactionManagementConfiguration' of type [org.springframework.transaction.annotation.ProxyTransactionManagementConfiguration$$EnhancerBySpringCGLIB$$22ef58f8] is not eligible for getting processed by all BeanPostProcessors (for example: not eligible for auto-proxying)
2019-10-14 16:54:50.491 [main] INFO  o.s.c.s.PostProcessorRegistrationDelegate$BeanPostProcessorChecker - Bean 'objectPostProcessor' of type [org.springframework.security.config.annotation.configuration.AutowireBeanFactoryObjectPostProcessor] is not eligible for getting processed by all BeanPostProcessors (for example: not eligible for auto-proxying)
2019-10-14 16:54:50.496 [main] INFO  o.s.c.s.PostProcessorRegistrationDelegate$BeanPostProcessorChecker - Bean 'org.springframework.security.access.expression.method.DefaultMethodSecurityExpressionHandler@26dc9bd5' of type [org.springframework.security.access.expression.method.DefaultMethodSecurityExpressionHandler] is not eligible for getting processed by all BeanPostProcessors (for example: not eligible for auto-proxying)
2019-10-14 16:54:50.515 [main] INFO  o.s.c.s.PostProcessorRegistrationDelegate$BeanPostProcessorChecker - Bean 'org.springframework.security.config.annotation.method.configuration.GlobalMethodSecurityConfiguration' of type [org.springframework.security.config.annotation.method.configuration.GlobalMethodSecurityConfiguration$$EnhancerBySpringCGLIB$$e071c3e4] is not eligible for getting processed by all BeanPostProcessors (for example: not eligible for auto-proxying)
2019-10-14 16:54:50.533 [main] INFO  o.s.c.s.PostProcessorRegistrationDelegate$BeanPostProcessorChecker - Bean 'methodSecurityMetadataSource' of type [org.springframework.security.access.method.DelegatingMethodSecurityMetadataSource] is not eligible for getting processed by all BeanPostProcessors (for example: not eligible for auto-proxying)
2019-10-14 16:54:55.413 [Socket Server Thread-01] INFO  com.osen.cloud.system.system_socket.service.SocketServer - socket server starting port: 8888
2019-10-14 16:54:55.546 [main] INFO  o.s.security.web.DefaultSecurityFilterChain - Creating filter chain: any request, [org.springframework.security.web.context.request.async.WebAsyncManagerIntegrationFilter@601d6622, org.springframework.security.web.context.SecurityContextPersistenceFilter@41e9f86, org.springframework.security.web.header.HeaderWriterFilter@20440c6c, org.springframework.security.web.authentication.logout.LogoutFilter@7c950b3b, com.osen.cloud.system.web_security.config.JwtAuthenticationTokenFilter@124d26ba, org.springframework.security.web.authentication.UsernamePasswordAuthenticationFilter@3c7b137a, org.springframework.security.web.savedrequest.RequestCacheAwareFilter@233f52f8, org.springframework.security.web.servletapi.SecurityContextHolderAwareRequestFilter@6bce313, org.springframework.security.web.authentication.AnonymousAuthenticationFilter@76216830, org.springframework.security.web.session.SessionManagementFilter@560271a1, org.springframework.security.web.access.ExceptionTranslationFilter@6e9a0bea, org.springframework.security.web.access.intercept.FilterSecurityInterceptor@7b18658a]
2019-10-14 16:54:56.497 [main] INFO  o.s.scheduling.concurrent.ThreadPoolTaskExecutor - Initializing ExecutorService 'applicationTaskExecutor'
2019-10-14 16:54:58.706 [main] INFO  o.s.b.actuate.endpoint.web.EndpointLinksResolver - Exposing 2 endpoint(s) beneath base path '/actuator'
2019-10-14 16:54:58.818 [main] INFO  o.s.scheduling.concurrent.ThreadPoolTaskScheduler - Initializing ExecutorService 'taskScheduler'
2019-10-14 16:54:59.108 [main] INFO  com.osen.cloud.system.system_device.DeviceTest - Started DeviceTest in 14.759 seconds (JVM running for 16.591)
2019-10-14 16:54:59.387 [nioEventLoopGroup-5-1] INFO  c.o.c.system.socket.handler.SocketServerHandler - 设备成功连接服务器：0c9d92fffe787de5-00001e24-00000001-e29cc97a88a24ffc-aee3effd
2019-10-14 16:54:59.547 [Thread-3] INFO  o.s.scheduling.concurrent.ThreadPoolTaskScheduler - Shutting down ExecutorService 'taskScheduler'
2019-10-14 16:54:59.550 [Thread-3] INFO  o.s.scheduling.concurrent.ThreadPoolTaskExecutor - Shutting down ExecutorService 'applicationTaskExecutor'
2019-10-14 16:55:19.771 [main] INFO  com.osen.cloud.system.system_device.DeviceTest - Starting DeviceTest on PC-20190708MDDO with PID 9464 (started by Administrator in E:\gitworkspace\lampblack-admin\lampblack-system)
2019-10-14 16:55:19.775 [main] INFO  com.osen.cloud.system.system_device.DeviceTest - No active profile set, falling back to default profiles: default
2019-10-14 16:55:23.096 [main] INFO  o.s.d.r.config.RepositoryConfigurationDelegate - Multiple Spring Data modules found, entering strict repository configuration mode!
2019-10-14 16:55:23.101 [main] INFO  o.s.d.r.config.RepositoryConfigurationDelegate - Bootstrapping Spring Data repositories in DEFAULT mode.
2019-10-14 16:55:23.168 [main] INFO  o.s.d.r.config.RepositoryConfigurationDelegate - Finished Spring Data repository scanning in 41ms. Found 0 repository interfaces.
2019-10-14 16:55:24.456 [main] INFO  o.s.c.s.PostProcessorRegistrationDelegate$BeanPostProcessorChecker - Bean 'org.springframework.security.config.annotation.configuration.ObjectPostProcessorConfiguration' of type [org.springframework.security.config.annotation.configuration.ObjectPostProcessorConfiguration$$EnhancerBySpringCGLIB$$d68a40e0] is not eligible for getting processed by all BeanPostProcessors (for example: not eligible for auto-proxying)
2019-10-14 16:55:24.477 [main] INFO  o.s.c.s.PostProcessorRegistrationDelegate$BeanPostProcessorChecker - Bean 'org.springframework.transaction.annotation.ProxyTransactionManagementConfiguration' of type [org.springframework.transaction.annotation.ProxyTransactionManagementConfiguration$$EnhancerBySpringCGLIB$$3ddc78a6] is not eligible for getting processed by all BeanPostProcessors (for example: not eligible for auto-proxying)
2019-10-14 16:55:24.591 [main] INFO  o.s.c.s.PostProcessorRegistrationDelegate$BeanPostProcessorChecker - Bean 'objectPostProcessor' of type [org.springframework.security.config.annotation.configuration.AutowireBeanFactoryObjectPostProcessor] is not eligible for getting processed by all BeanPostProcessors (for example: not eligible for auto-proxying)
2019-10-14 16:55:24.594 [main] INFO  o.s.c.s.PostProcessorRegistrationDelegate$BeanPostProcessorChecker - Bean 'org.springframework.security.access.expression.method.DefaultMethodSecurityExpressionHandler@227a47' of type [org.springframework.security.access.expression.method.DefaultMethodSecurityExpressionHandler] is not eligible for getting processed by all BeanPostProcessors (for example: not eligible for auto-proxying)
2019-10-14 16:55:24.606 [main] INFO  o.s.c.s.PostProcessorRegistrationDelegate$BeanPostProcessorChecker - Bean 'org.springframework.security.config.annotation.method.configuration.GlobalMethodSecurityConfiguration' of type [org.springframework.security.config.annotation.method.configuration.GlobalMethodSecurityConfiguration$$EnhancerBySpringCGLIB$$fb5ee392] is not eligible for getting processed by all BeanPostProcessors (for example: not eligible for auto-proxying)
2019-10-14 16:55:24.620 [main] INFO  o.s.c.s.PostProcessorRegistrationDelegate$BeanPostProcessorChecker - Bean 'methodSecurityMetadataSource' of type [org.springframework.security.access.method.DelegatingMethodSecurityMetadataSource] is not eligible for getting processed by all BeanPostProcessors (for example: not eligible for auto-proxying)
2019-10-14 16:55:29.718 [Socket Server Thread-01] INFO  com.osen.cloud.system.system_socket.service.SocketServer - socket server starting port: 8888
2019-10-14 16:55:29.960 [main] INFO  o.s.security.web.DefaultSecurityFilterChain - Creating filter chain: any request, [org.springframework.security.web.context.request.async.WebAsyncManagerIntegrationFilter@4ef18604, org.springframework.security.web.context.SecurityContextPersistenceFilter@4d354a3e, org.springframework.security.web.header.HeaderWriterFilter@6424e613, org.springframework.security.web.authentication.logout.LogoutFilter@3d3c886f, com.osen.cloud.system.web_security.config.JwtAuthenticationTokenFilter@4a89ef44, org.springframework.security.web.authentication.UsernamePasswordAuthenticationFilter@5b1c32e4, org.springframework.security.web.savedrequest.RequestCacheAwareFilter@604d28c6, org.springframework.security.web.servletapi.SecurityContextHolderAwareRequestFilter@7ec08115, org.springframework.security.web.authentication.AnonymousAuthenticationFilter@372f0a99, org.springframework.security.web.session.SessionManagementFilter@8e99809, org.springframework.security.web.access.ExceptionTranslationFilter@68631b1d, org.springframework.security.web.access.intercept.FilterSecurityInterceptor@615efd1c]
2019-10-14 16:55:30.848 [nioEventLoopGroup-5-1] INFO  c.o.c.system.socket.handler.SocketServerHandler - 设备成功连接服务器：0c9d92fffe787de5-000024f8-00000001-586e02b198a2caea-1bc657cc
2019-10-14 16:55:30.996 [main] INFO  o.s.scheduling.concurrent.ThreadPoolTaskExecutor - Initializing ExecutorService 'applicationTaskExecutor'
2019-10-14 16:55:33.414 [main] INFO  o.s.b.actuate.endpoint.web.EndpointLinksResolver - Exposing 2 endpoint(s) beneath base path '/actuator'
2019-10-14 16:55:33.591 [main] INFO  o.s.scheduling.concurrent.ThreadPoolTaskScheduler - Initializing ExecutorService 'taskScheduler'
2019-10-14 16:55:33.879 [main] INFO  com.osen.cloud.system.system_device.DeviceTest - Started DeviceTest in 15.38 seconds (JVM running for 17.175)
2019-10-14 16:55:34.340 [Thread-3] INFO  o.s.scheduling.concurrent.ThreadPoolTaskScheduler - Shutting down ExecutorService 'taskScheduler'
2019-10-14 16:55:34.342 [Thread-3] INFO  o.s.scheduling.concurrent.ThreadPoolTaskExecutor - Shutting down ExecutorService 'applicationTaskExecutor'
2019-10-14 16:56:41.940 [main] INFO  com.osen.cloud.system.system_device.DeviceTest - Starting DeviceTest on PC-20190708MDDO with PID 7436 (started by Administrator in E:\gitworkspace\lampblack-admin\lampblack-system)
2019-10-14 16:56:41.953 [main] INFO  com.osen.cloud.system.system_device.DeviceTest - No active profile set, falling back to default profiles: default
2019-10-14 16:56:44.957 [main] INFO  o.s.d.r.config.RepositoryConfigurationDelegate - Multiple Spring Data modules found, entering strict repository configuration mode!
2019-10-14 16:56:44.963 [main] INFO  o.s.d.r.config.RepositoryConfigurationDelegate - Bootstrapping Spring Data repositories in DEFAULT mode.
2019-10-14 16:56:45.034 [main] INFO  o.s.d.r.config.RepositoryConfigurationDelegate - Finished Spring Data repository scanning in 43ms. Found 0 repository interfaces.
2019-10-14 16:56:46.127 [main] INFO  o.s.c.s.PostProcessorRegistrationDelegate$BeanPostProcessorChecker - Bean 'org.springframework.security.config.annotation.configuration.ObjectPostProcessorConfiguration' of type [org.springframework.security.config.annotation.configuration.ObjectPostProcessorConfiguration$$EnhancerBySpringCGLIB$$5dcdb3dd] is not eligible for getting processed by all BeanPostProcessors (for example: not eligible for auto-proxying)
2019-10-14 16:56:46.140 [main] INFO  o.s.c.s.PostProcessorRegistrationDelegate$BeanPostProcessorChecker - Bean 'org.springframework.transaction.annotation.ProxyTransactionManagementConfiguration' of type [org.springframework.transaction.annotation.ProxyTransactionManagementConfiguration$$EnhancerBySpringCGLIB$$c51feba3] is not eligible for getting processed by all BeanPostProcessors (for example: not eligible for auto-proxying)
2019-10-14 16:56:46.209 [main] INFO  o.s.c.s.PostProcessorRegistrationDelegate$BeanPostProcessorChecker - Bean 'objectPostProcessor' of type [org.springframework.security.config.annotation.configuration.AutowireBeanFactoryObjectPostProcessor] is not eligible for getting processed by all BeanPostProcessors (for example: not eligible for auto-proxying)
2019-10-14 16:56:46.212 [main] INFO  o.s.c.s.PostProcessorRegistrationDelegate$BeanPostProcessorChecker - Bean 'org.springframework.security.access.expression.method.DefaultMethodSecurityExpressionHandler@70228253' of type [org.springframework.security.access.expression.method.DefaultMethodSecurityExpressionHandler] is not eligible for getting processed by all BeanPostProcessors (for example: not eligible for auto-proxying)
2019-10-14 16:56:46.227 [main] INFO  o.s.c.s.PostProcessorRegistrationDelegate$BeanPostProcessorChecker - Bean 'org.springframework.security.config.annotation.method.configuration.GlobalMethodSecurityConfiguration' of type [org.springframework.security.config.annotation.method.configuration.GlobalMethodSecurityConfiguration$$EnhancerBySpringCGLIB$$82a2568f] is not eligible for getting processed by all BeanPostProcessors (for example: not eligible for auto-proxying)
2019-10-14 16:56:46.246 [main] INFO  o.s.c.s.PostProcessorRegistrationDelegate$BeanPostProcessorChecker - Bean 'methodSecurityMetadataSource' of type [org.springframework.security.access.method.DelegatingMethodSecurityMetadataSource] is not eligible for getting processed by all BeanPostProcessors (for example: not eligible for auto-proxying)
2019-10-14 16:56:50.537 [Socket Server Thread-01] INFO  com.osen.cloud.system.system_socket.service.SocketServer - socket server starting port: 8888
2019-10-14 16:56:50.850 [main] INFO  o.s.security.web.DefaultSecurityFilterChain - Creating filter chain: any request, [org.springframework.security.web.context.request.async.WebAsyncManagerIntegrationFilter@611d0763, org.springframework.security.web.context.SecurityContextPersistenceFilter@3af10d0b, org.springframework.security.web.header.HeaderWriterFilter@353e6389, org.springframework.security.web.authentication.logout.LogoutFilter@4a62062a, com.osen.cloud.system.web_security.config.JwtAuthenticationTokenFilter@16e99306, org.springframework.security.web.authentication.UsernamePasswordAuthenticationFilter@1e76afeb, org.springframework.security.web.savedrequest.RequestCacheAwareFilter@3c7b137a, org.springframework.security.web.servletapi.SecurityContextHolderAwareRequestFilter@e62319f, org.springframework.security.web.authentication.AnonymousAuthenticationFilter@615efd1c, org.springframework.security.web.session.SessionManagementFilter@7a65c995, org.springframework.security.web.access.ExceptionTranslationFilter@2aa14ae6, org.springframework.security.web.access.intercept.FilterSecurityInterceptor@3c54ddec]
2019-10-14 16:56:51.812 [main] INFO  o.s.scheduling.concurrent.ThreadPoolTaskExecutor - Initializing ExecutorService 'applicationTaskExecutor'
2019-10-14 16:56:51.849 [nioEventLoopGroup-5-1] INFO  c.o.c.system.socket.handler.SocketServerHandler - 设备成功连接服务器：0c9d92fffe787de5-00001d0c-00000001-1d2d498570a40748-63854c3f
2019-10-14 16:56:53.885 [main] INFO  o.s.b.actuate.endpoint.web.EndpointLinksResolver - Exposing 2 endpoint(s) beneath base path '/actuator'
2019-10-14 16:56:54.039 [main] INFO  o.s.scheduling.concurrent.ThreadPoolTaskScheduler - Initializing ExecutorService 'taskScheduler'
2019-10-14 16:56:54.303 [main] INFO  com.osen.cloud.system.system_device.DeviceTest - Started DeviceTest in 13.538 seconds (JVM running for 15.338)
2019-10-14 16:56:54.644 [Thread-3] INFO  o.s.scheduling.concurrent.ThreadPoolTaskScheduler - Shutting down ExecutorService 'taskScheduler'
2019-10-14 16:56:54.645 [Thread-3] INFO  o.s.scheduling.concurrent.ThreadPoolTaskExecutor - Shutting down ExecutorService 'applicationTaskExecutor'
2019-10-14 16:57:44.329 [main] INFO  com.osen.cloud.system.system_device.DeviceTest - Starting DeviceTest on PC-20190708MDDO with PID 4116 (started by Administrator in E:\gitworkspace\lampblack-admin\lampblack-system)
2019-10-14 16:57:44.332 [main] INFO  com.osen.cloud.system.system_device.DeviceTest - No active profile set, falling back to default profiles: default
2019-10-14 16:57:47.325 [main] INFO  o.s.d.r.config.RepositoryConfigurationDelegate - Multiple Spring Data modules found, entering strict repository configuration mode!
2019-10-14 16:57:47.330 [main] INFO  o.s.d.r.config.RepositoryConfigurationDelegate - Bootstrapping Spring Data repositories in DEFAULT mode.
2019-10-14 16:57:47.401 [main] INFO  o.s.d.r.config.RepositoryConfigurationDelegate - Finished Spring Data repository scanning in 47ms. Found 0 repository interfaces.
2019-10-14 16:57:48.752 [main] INFO  o.s.c.s.PostProcessorRegistrationDelegate$BeanPostProcessorChecker - Bean 'org.springframework.security.config.annotation.configuration.ObjectPostProcessorConfiguration' of type [org.springframework.security.config.annotation.configuration.ObjectPostProcessorConfiguration$$EnhancerBySpringCGLIB$$2ffe783c] is not eligible for getting processed by all BeanPostProcessors (for example: not eligible for auto-proxying)
2019-10-14 16:57:48.776 [main] INFO  o.s.c.s.PostProcessorRegistrationDelegate$BeanPostProcessorChecker - Bean 'org.springframework.transaction.annotation.ProxyTransactionManagementConfiguration' of type [org.springframework.transaction.annotation.ProxyTransactionManagementConfiguration$$EnhancerBySpringCGLIB$$9750b002] is not eligible for getting processed by all BeanPostProcessors (for example: not eligible for auto-proxying)
2019-10-14 16:57:48.880 [main] INFO  o.s.c.s.PostProcessorRegistrationDelegate$BeanPostProcessorChecker - Bean 'objectPostProcessor' of type [org.springframework.security.config.annotation.configuration.AutowireBeanFactoryObjectPostProcessor] is not eligible for getting processed by all BeanPostProcessors (for example: not eligible for auto-proxying)
2019-10-14 16:57:48.884 [main] INFO  o.s.c.s.PostProcessorRegistrationDelegate$BeanPostProcessorChecker - Bean 'org.springframework.security.access.expression.method.DefaultMethodSecurityExpressionHandler@252dc8c4' of type [org.springframework.security.access.expression.method.DefaultMethodSecurityExpressionHandler] is not eligible for getting processed by all BeanPostProcessors (for example: not eligible for auto-proxying)
2019-10-14 16:57:48.902 [main] INFO  o.s.c.s.PostProcessorRegistrationDelegate$BeanPostProcessorChecker - Bean 'org.springframework.security.config.annotation.method.configuration.GlobalMethodSecurityConfiguration' of type [org.springframework.security.config.annotation.method.configuration.GlobalMethodSecurityConfiguration$$EnhancerBySpringCGLIB$$54d31aee] is not eligible for getting processed by all BeanPostProcessors (for example: not eligible for auto-proxying)
2019-10-14 16:57:48.926 [main] INFO  o.s.c.s.PostProcessorRegistrationDelegate$BeanPostProcessorChecker - Bean 'methodSecurityMetadataSource' of type [org.springframework.security.access.method.DelegatingMethodSecurityMetadataSource] is not eligible for getting processed by all BeanPostProcessors (for example: not eligible for auto-proxying)
2019-10-14 16:57:53.934 [Socket Server Thread-01] INFO  com.osen.cloud.system.system_socket.service.SocketServer - socket server starting port: 8888
2019-10-14 16:57:54.220 [main] INFO  o.s.security.web.DefaultSecurityFilterChain - Creating filter chain: any request, [org.springframework.security.web.context.request.async.WebAsyncManagerIntegrationFilter@7aded903, org.springframework.security.web.context.SecurityContextPersistenceFilter@233f52f8, org.springframework.security.web.header.HeaderWriterFilter@560271a1, org.springframework.security.web.authentication.logout.LogoutFilter@6806468e, com.osen.cloud.system.web_security.config.JwtAuthenticationTokenFilter@1416ff46, org.springframework.security.web.authentication.UsernamePasswordAuthenticationFilter@5a48da4f, org.springframework.security.web.savedrequest.RequestCacheAwareFilter@19fec3d6, org.springframework.security.web.servletapi.SecurityContextHolderAwareRequestFilter@74b00247, org.springframework.security.web.authentication.AnonymousAuthenticationFilter@2db86a7c, org.springframework.security.web.session.SessionManagementFilter@41e9f86, org.springframework.security.web.access.ExceptionTranslationFilter@355ce6a6, org.springframework.security.web.access.intercept.FilterSecurityInterceptor@1a1f79ce]
2019-10-14 16:57:54.876 [nioEventLoopGroup-5-1] INFO  c.o.c.system.socket.handler.SocketServerHandler - 设备成功连接服务器：0c9d92fffe787de5-00001014-00000001-ec0542ae1ca4fd7c-9ca15b9f
2019-10-14 16:57:55.282 [main] INFO  o.s.scheduling.concurrent.ThreadPoolTaskExecutor - Initializing ExecutorService 'applicationTaskExecutor'
2019-10-14 16:57:57.194 [main] INFO  o.s.b.actuate.endpoint.web.EndpointLinksResolver - Exposing 2 endpoint(s) beneath base path '/actuator'
2019-10-14 16:57:57.366 [main] INFO  o.s.scheduling.concurrent.ThreadPoolTaskScheduler - Initializing ExecutorService 'taskScheduler'
2019-10-14 16:57:57.602 [main] INFO  com.osen.cloud.system.system_device.DeviceTest - Started DeviceTest in 14.737 seconds (JVM running for 16.552)
2019-10-14 16:57:57.984 [Thread-3] INFO  o.s.scheduling.concurrent.ThreadPoolTaskScheduler - Shutting down ExecutorService 'taskScheduler'
2019-10-14 16:57:57.986 [Thread-3] INFO  o.s.scheduling.concurrent.ThreadPoolTaskExecutor - Shutting down ExecutorService 'applicationTaskExecutor'
2019-10-14 16:59:29.431 [main] INFO  com.osen.cloud.system.system_device.DeviceTest - Starting DeviceTest on PC-20190708MDDO with PID 2068 (started by Administrator in E:\gitworkspace\lampblack-admin\lampblack-system)
2019-10-14 16:59:29.436 [main] INFO  com.osen.cloud.system.system_device.DeviceTest - No active profile set, falling back to default profiles: default
2019-10-14 16:59:32.317 [main] INFO  o.s.d.r.config.RepositoryConfigurationDelegate - Multiple Spring Data modules found, entering strict repository configuration mode!
2019-10-14 16:59:32.323 [main] INFO  o.s.d.r.config.RepositoryConfigurationDelegate - Bootstrapping Spring Data repositories in DEFAULT mode.
2019-10-14 16:59:32.470 [main] INFO  o.s.d.r.config.RepositoryConfigurationDelegate - Finished Spring Data repository scanning in 113ms. Found 0 repository interfaces.
2019-10-14 16:59:33.977 [main] INFO  o.s.c.s.PostProcessorRegistrationDelegate$BeanPostProcessorChecker - Bean 'org.springframework.security.config.annotation.configuration.ObjectPostProcessorConfiguration' of type [org.springframework.security.config.annotation.configuration.ObjectPostProcessorConfiguration$$EnhancerBySpringCGLIB$$611d7995] is not eligible for getting processed by all BeanPostProcessors (for example: not eligible for auto-proxying)
2019-10-14 16:59:33.994 [main] INFO  o.s.c.s.PostProcessorRegistrationDelegate$BeanPostProcessorChecker - Bean 'org.springframework.transaction.annotation.ProxyTransactionManagementConfiguration' of type [org.springframework.transaction.annotation.ProxyTransactionManagementConfiguration$$EnhancerBySpringCGLIB$$c86fb15b] is not eligible for getting processed by all BeanPostProcessors (for example: not eligible for auto-proxying)
2019-10-14 16:59:34.064 [main] INFO  o.s.c.s.PostProcessorRegistrationDelegate$BeanPostProcessorChecker - Bean 'objectPostProcessor' of type [org.springframework.security.config.annotation.configuration.AutowireBeanFactoryObjectPostProcessor] is not eligible for getting processed by all BeanPostProcessors (for example: not eligible for auto-proxying)
2019-10-14 16:59:34.067 [main] INFO  o.s.c.s.PostProcessorRegistrationDelegate$BeanPostProcessorChecker - Bean 'org.springframework.security.access.expression.method.DefaultMethodSecurityExpressionHandler@3968bc60' of type [org.springframework.security.access.expression.method.DefaultMethodSecurityExpressionHandler] is not eligible for getting processed by all BeanPostProcessors (for example: not eligible for auto-proxying)
2019-10-14 16:59:34.081 [main] INFO  o.s.c.s.PostProcessorRegistrationDelegate$BeanPostProcessorChecker - Bean 'org.springframework.security.config.annotation.method.configuration.GlobalMethodSecurityConfiguration' of type [org.springframework.security.config.annotation.method.configuration.GlobalMethodSecurityConfiguration$$EnhancerBySpringCGLIB$$85f21c47] is not eligible for getting processed by all BeanPostProcessors (for example: not eligible for auto-proxying)
2019-10-14 16:59:34.097 [main] INFO  o.s.c.s.PostProcessorRegistrationDelegate$BeanPostProcessorChecker - Bean 'methodSecurityMetadataSource' of type [org.springframework.security.access.method.DelegatingMethodSecurityMetadataSource] is not eligible for getting processed by all BeanPostProcessors (for example: not eligible for auto-proxying)
2019-10-14 16:59:38.836 [Socket Server Thread-01] INFO  com.osen.cloud.system.system_socket.service.SocketServer - socket server starting port: 8888
2019-10-14 16:59:39.224 [main] INFO  o.s.security.web.DefaultSecurityFilterChain - Creating filter chain: any request, [org.springframework.security.web.context.request.async.WebAsyncManagerIntegrationFilter@66f16742, org.springframework.security.web.context.SecurityContextPersistenceFilter@6986f93e, org.springframework.security.web.header.HeaderWriterFilter@19fec3d6, org.springframework.security.web.authentication.logout.LogoutFilter@14efa279, com.osen.cloud.system.web_security.config.JwtAuthenticationTokenFilter@3d9f0a5, org.springframework.security.web.authentication.UsernamePasswordAuthenticationFilter@4d354a3e, org.springframework.security.web.savedrequest.RequestCacheAwareFilter@39266403, org.springframework.security.web.servletapi.SecurityContextHolderAwareRequestFilter@7a65c995, org.springframework.security.web.authentication.AnonymousAuthenticationFilter@2871ac91, org.springframework.security.web.session.SessionManagementFilter@b768a65, org.springframework.security.web.access.ExceptionTranslationFilter@66f5b8fe, org.springframework.security.web.access.intercept.FilterSecurityInterceptor@1118d539]
2019-10-14 16:59:40.199 [main] INFO  o.s.scheduling.concurrent.ThreadPoolTaskExecutor - Initializing ExecutorService 'applicationTaskExecutor'
2019-10-14 16:59:42.064 [main] INFO  o.s.b.actuate.endpoint.web.EndpointLinksResolver - Exposing 2 endpoint(s) beneath base path '/actuator'
2019-10-14 16:59:42.201 [main] INFO  o.s.scheduling.concurrent.ThreadPoolTaskScheduler - Initializing ExecutorService 'taskScheduler'
2019-10-14 16:59:42.482 [main] INFO  com.osen.cloud.system.system_device.DeviceTest - Started DeviceTest in 14.398 seconds (JVM running for 16.234)
2019-10-14 16:59:42.857 [Thread-3] INFO  o.s.scheduling.concurrent.ThreadPoolTaskScheduler - Shutting down ExecutorService 'taskScheduler'
2019-10-14 16:59:42.860 [Thread-3] INFO  o.s.scheduling.concurrent.ThreadPoolTaskExecutor - Shutting down ExecutorService 'applicationTaskExecutor'
2019-10-14 16:59:42.915 [nioEventLoopGroup-5-1] INFO  c.o.c.system.socket.handler.SocketServerHandler - 设备成功连接服务器：0c9d92fffe787de5-00000814-00000001-450de93aeaa6a36f-685be294
2019-10-14 17:00:14.601 [main] INFO  com.osen.cloud.system.system_device.DeviceTest - Starting DeviceTest on PC-20190708MDDO with PID 10988 (started by Administrator in E:\gitworkspace\lampblack-admin\lampblack-system)
2019-10-14 17:00:14.604 [main] INFO  com.osen.cloud.system.system_device.DeviceTest - No active profile set, falling back to default profiles: default
2019-10-14 17:00:18.051 [main] INFO  o.s.d.r.config.RepositoryConfigurationDelegate - Multiple Spring Data modules found, entering strict repository configuration mode!
2019-10-14 17:00:18.056 [main] INFO  o.s.d.r.config.RepositoryConfigurationDelegate - Bootstrapping Spring Data repositories in DEFAULT mode.
2019-10-14 17:00:18.148 [main] INFO  o.s.d.r.config.RepositoryConfigurationDelegate - Finished Spring Data repository scanning in 55ms. Found 0 repository interfaces.
2019-10-14 17:00:19.410 [main] INFO  o.s.c.s.PostProcessorRegistrationDelegate$BeanPostProcessorChecker - Bean 'org.springframework.security.config.annotation.configuration.ObjectPostProcessorConfiguration' of type [org.springframework.security.config.annotation.configuration.ObjectPostProcessorConfiguration$$EnhancerBySpringCGLIB$$3880ec2c] is not eligible for getting processed by all BeanPostProcessors (for example: not eligible for auto-proxying)
2019-10-14 17:00:19.425 [main] INFO  o.s.c.s.PostProcessorRegistrationDelegate$BeanPostProcessorChecker - Bean 'org.springframework.transaction.annotation.ProxyTransactionManagementConfiguration' of type [org.springframework.transaction.annotation.ProxyTransactionManagementConfiguration$$EnhancerBySpringCGLIB$$9fd323f2] is not eligible for getting processed by all BeanPostProcessors (for example: not eligible for auto-proxying)
2019-10-14 17:00:19.500 [main] INFO  o.s.c.s.PostProcessorRegistrationDelegate$BeanPostProcessorChecker - Bean 'objectPostProcessor' of type [org.springframework.security.config.annotation.configuration.AutowireBeanFactoryObjectPostProcessor] is not eligible for getting processed by all BeanPostProcessors (for example: not eligible for auto-proxying)
2019-10-14 17:00:19.505 [main] INFO  o.s.c.s.PostProcessorRegistrationDelegate$BeanPostProcessorChecker - Bean 'org.springframework.security.access.expression.method.DefaultMethodSecurityExpressionHandler@26c47874' of type [org.springframework.security.access.expression.method.DefaultMethodSecurityExpressionHandler] is not eligible for getting processed by all BeanPostProcessors (for example: not eligible for auto-proxying)
2019-10-14 17:00:19.518 [main] INFO  o.s.c.s.PostProcessorRegistrationDelegate$BeanPostProcessorChecker - Bean 'org.springframework.security.config.annotation.method.configuration.GlobalMethodSecurityConfiguration' of type [org.springframework.security.config.annotation.method.configuration.GlobalMethodSecurityConfiguration$$EnhancerBySpringCGLIB$$5d558ede] is not eligible for getting processed by all BeanPostProcessors (for example: not eligible for auto-proxying)
2019-10-14 17:00:19.534 [main] INFO  o.s.c.s.PostProcessorRegistrationDelegate$BeanPostProcessorChecker - Bean 'methodSecurityMetadataSource' of type [org.springframework.security.access.method.DelegatingMethodSecurityMetadataSource] is not eligible for getting processed by all BeanPostProcessors (for example: not eligible for auto-proxying)
2019-10-14 17:00:24.065 [Socket Server Thread-01] INFO  com.osen.cloud.system.system_socket.service.SocketServer - socket server starting port: 8888
2019-10-14 17:00:24.390 [main] INFO  o.s.security.web.DefaultSecurityFilterChain - Creating filter chain: any request, [org.springframework.security.web.context.request.async.WebAsyncManagerIntegrationFilter@35025a0a, org.springframework.security.web.context.SecurityContextPersistenceFilter@a0c5be, org.springframework.security.web.header.HeaderWriterFilter@6806468e, org.springframework.security.web.authentication.logout.LogoutFilter@3e4d40ea, com.osen.cloud.system.web_security.config.JwtAuthenticationTokenFilter@5ac53c06, org.springframework.security.web.authentication.UsernamePasswordAuthenticationFilter@1511d157, org.springframework.security.web.savedrequest.RequestCacheAwareFilter@14efa279, org.springframework.security.web.servletapi.SecurityContextHolderAwareRequestFilter@183fc2fa, org.springframework.security.web.authentication.AnonymousAuthenticationFilter@38732364, org.springframework.security.web.session.SessionManagementFilter@68631b1d, org.springframework.security.web.access.ExceptionTranslationFilter@7a65c995, org.springframework.security.web.access.intercept.FilterSecurityInterceptor@1f916219]
2019-10-14 17:00:25.213 [main] INFO  o.s.scheduling.concurrent.ThreadPoolTaskExecutor - Initializing ExecutorService 'applicationTaskExecutor'
2019-10-14 17:00:27.127 [main] INFO  o.s.b.actuate.endpoint.web.EndpointLinksResolver - Exposing 2 endpoint(s) beneath base path '/actuator'
2019-10-14 17:00:27.247 [main] INFO  o.s.scheduling.concurrent.ThreadPoolTaskScheduler - Initializing ExecutorService 'taskScheduler'
2019-10-14 17:00:27.490 [main] INFO  com.osen.cloud.system.system_device.DeviceTest - Started DeviceTest in 14.012 seconds (JVM running for 15.762)
2019-10-14 17:00:27.805 [Thread-3] INFO  o.s.scheduling.concurrent.ThreadPoolTaskScheduler - Shutting down ExecutorService 'taskScheduler'
2019-10-14 17:00:27.807 [Thread-3] INFO  o.s.scheduling.concurrent.ThreadPoolTaskExecutor - Shutting down ExecutorService 'applicationTaskExecutor'
2019-10-14 17:03:12.620 [main] INFO  com.osen.cloud.system.system_device.DeviceTest - Starting DeviceTest on PC-20190708MDDO with PID 9112 (started by Administrator in E:\gitworkspace\lampblack-admin\lampblack-system)
2019-10-14 17:03:12.623 [main] INFO  com.osen.cloud.system.system_device.DeviceTest - No active profile set, falling back to default profiles: default
2019-10-14 17:03:15.178 [main] INFO  o.s.d.r.config.RepositoryConfigurationDelegate - Multiple Spring Data modules found, entering strict repository configuration mode!
2019-10-14 17:03:15.183 [main] INFO  o.s.d.r.config.RepositoryConfigurationDelegate - Bootstrapping Spring Data repositories in DEFAULT mode.
2019-10-14 17:03:15.252 [main] INFO  o.s.d.r.config.RepositoryConfigurationDelegate - Finished Spring Data repository scanning in 47ms. Found 0 repository interfaces.
2019-10-14 17:03:16.409 [main] INFO  o.s.c.s.PostProcessorRegistrationDelegate$BeanPostProcessorChecker - Bean 'org.springframework.security.config.annotation.configuration.ObjectPostProcessorConfiguration' of type [org.springframework.security.config.annotation.configuration.ObjectPostProcessorConfiguration$$EnhancerBySpringCGLIB$$bb9d2132] is not eligible for getting processed by all BeanPostProcessors (for example: not eligible for auto-proxying)
2019-10-14 17:03:16.427 [main] INFO  o.s.c.s.PostProcessorRegistrationDelegate$BeanPostProcessorChecker - Bean 'org.springframework.transaction.annotation.ProxyTransactionManagementConfiguration' of type [org.springframework.transaction.annotation.ProxyTransactionManagementConfiguration$$EnhancerBySpringCGLIB$$22ef58f8] is not eligible for getting processed by all BeanPostProcessors (for example: not eligible for auto-proxying)
2019-10-14 17:03:16.538 [main] INFO  o.s.c.s.PostProcessorRegistrationDelegate$BeanPostProcessorChecker - Bean 'objectPostProcessor' of type [org.springframework.security.config.annotation.configuration.AutowireBeanFactoryObjectPostProcessor] is not eligible for getting processed by all BeanPostProcessors (for example: not eligible for auto-proxying)
2019-10-14 17:03:16.542 [main] INFO  o.s.c.s.PostProcessorRegistrationDelegate$BeanPostProcessorChecker - Bean 'org.springframework.security.access.expression.method.DefaultMethodSecurityExpressionHandler@26dc9bd5' of type [org.springframework.security.access.expression.method.DefaultMethodSecurityExpressionHandler] is not eligible for getting processed by all BeanPostProcessors (for example: not eligible for auto-proxying)
2019-10-14 17:03:16.560 [main] INFO  o.s.c.s.PostProcessorRegistrationDelegate$BeanPostProcessorChecker - Bean 'org.springframework.security.config.annotation.method.configuration.GlobalMethodSecurityConfiguration' of type [org.springframework.security.config.annotation.method.configuration.GlobalMethodSecurityConfiguration$$EnhancerBySpringCGLIB$$e071c3e4] is not eligible for getting processed by all BeanPostProcessors (for example: not eligible for auto-proxying)
2019-10-14 17:03:16.581 [main] INFO  o.s.c.s.PostProcessorRegistrationDelegate$BeanPostProcessorChecker - Bean 'methodSecurityMetadataSource' of type [org.springframework.security.access.method.DelegatingMethodSecurityMetadataSource] is not eligible for getting processed by all BeanPostProcessors (for example: not eligible for auto-proxying)
2019-10-14 17:03:21.089 [Socket Server Thread-01] INFO  com.osen.cloud.system.system_socket.service.SocketServer - socket server starting port: 8888
2019-10-14 17:03:21.436 [main] INFO  o.s.security.web.DefaultSecurityFilterChain - Creating filter chain: any request, [org.springframework.security.web.context.request.async.WebAsyncManagerIntegrationFilter@563ccd31, org.springframework.security.web.context.SecurityContextPersistenceFilter@320be73, org.springframework.security.web.header.HeaderWriterFilter@284bdeed, org.springframework.security.web.authentication.logout.LogoutFilter@66f5b8fe, com.osen.cloud.system.web_security.config.JwtAuthenticationTokenFilter@49c099b, org.springframework.security.web.authentication.UsernamePasswordAuthenticationFilter@19fec3d6, org.springframework.security.web.savedrequest.RequestCacheAwareFilter@6af310c7, org.springframework.security.web.servletapi.SecurityContextHolderAwareRequestFilter@3e856100, org.springframework.security.web.authentication.AnonymousAuthenticationFilter@72465eb2, org.springframework.security.web.session.SessionManagementFilter@482c351d, org.springframework.security.web.access.ExceptionTranslationFilter@111c229c, org.springframework.security.web.access.intercept.FilterSecurityInterceptor@7e49ded]
2019-10-14 17:03:22.327 [main] INFO  o.s.scheduling.concurrent.ThreadPoolTaskExecutor - Initializing ExecutorService 'applicationTaskExecutor'
2019-10-14 17:03:23.764 [nioEventLoopGroup-5-1] INFO  c.o.c.system.socket.handler.SocketServerHandler - 设备成功连接服务器：0c9d92fffe787de5-00002398-00000001-09f33187d65a023b-64513c1e
2019-10-14 17:03:24.461 [main] INFO  o.s.b.actuate.endpoint.web.EndpointLinksResolver - Exposing 2 endpoint(s) beneath base path '/actuator'
2019-10-14 17:03:24.665 [main] INFO  o.s.scheduling.concurrent.ThreadPoolTaskScheduler - Initializing ExecutorService 'taskScheduler'
2019-10-14 17:03:24.884 [main] INFO  com.osen.cloud.system.system_device.DeviceTest - Started DeviceTest in 13.533 seconds (JVM running for 15.228)
2019-10-14 17:03:25.263 [Thread-3] INFO  o.s.scheduling.concurrent.ThreadPoolTaskScheduler - Shutting down ExecutorService 'taskScheduler'
2019-10-14 17:03:25.265 [Thread-3] INFO  o.s.scheduling.concurrent.ThreadPoolTaskExecutor - Shutting down ExecutorService 'applicationTaskExecutor'
2019-10-14 17:03:40.367 [main] INFO  com.osen.cloud.system.system_device.DeviceTest - Starting DeviceTest on PC-20190708MDDO with PID 7528 (started by Administrator in E:\gitworkspace\lampblack-admin\lampblack-system)
2019-10-14 17:03:40.370 [main] INFO  com.osen.cloud.system.system_device.DeviceTest - No active profile set, falling back to default profiles: default
2019-10-14 17:03:43.330 [main] INFO  o.s.d.r.config.RepositoryConfigurationDelegate - Multiple Spring Data modules found, entering strict repository configuration mode!
2019-10-14 17:03:43.336 [main] INFO  o.s.d.r.config.RepositoryConfigurationDelegate - Bootstrapping Spring Data repositories in DEFAULT mode.
2019-10-14 17:03:43.399 [main] INFO  o.s.d.r.config.RepositoryConfigurationDelegate - Finished Spring Data repository scanning in 41ms. Found 0 repository interfaces.
2019-10-14 17:03:44.548 [main] INFO  o.s.c.s.PostProcessorRegistrationDelegate$BeanPostProcessorChecker - Bean 'org.springframework.security.config.annotation.configuration.ObjectPostProcessorConfiguration' of type [org.springframework.security.config.annotation.configuration.ObjectPostProcessorConfiguration$$EnhancerBySpringCGLIB$$6b877f5e] is not eligible for getting processed by all BeanPostProcessors (for example: not eligible for auto-proxying)
2019-10-14 17:03:44.566 [main] INFO  o.s.c.s.PostProcessorRegistrationDelegate$BeanPostProcessorChecker - Bean 'org.springframework.transaction.annotation.ProxyTransactionManagementConfiguration' of type [org.springframework.transaction.annotation.ProxyTransactionManagementConfiguration$$EnhancerBySpringCGLIB$$d2d9b724] is not eligible for getting processed by all BeanPostProcessors (for example: not eligible for auto-proxying)
2019-10-14 17:03:44.677 [main] INFO  o.s.c.s.PostProcessorRegistrationDelegate$BeanPostProcessorChecker - Bean 'objectPostProcessor' of type [org.springframework.security.config.annotation.configuration.AutowireBeanFactoryObjectPostProcessor] is not eligible for getting processed by all BeanPostProcessors (for example: not eligible for auto-proxying)
2019-10-14 17:03:44.680 [main] INFO  o.s.c.s.PostProcessorRegistrationDelegate$BeanPostProcessorChecker - Bean 'org.springframework.security.access.expression.method.DefaultMethodSecurityExpressionHandler@1effd53c' of type [org.springframework.security.access.expression.method.DefaultMethodSecurityExpressionHandler] is not eligible for getting processed by all BeanPostProcessors (for example: not eligible for auto-proxying)
2019-10-14 17:03:44.688 [main] INFO  o.s.c.s.PostProcessorRegistrationDelegate$BeanPostProcessorChecker - Bean 'org.springframework.security.config.annotation.method.configuration.GlobalMethodSecurityConfiguration' of type [org.springframework.security.config.annotation.method.configuration.GlobalMethodSecurityConfiguration$$EnhancerBySpringCGLIB$$905c2210] is not eligible for getting processed by all BeanPostProcessors (for example: not eligible for auto-proxying)
2019-10-14 17:03:44.705 [main] INFO  o.s.c.s.PostProcessorRegistrationDelegate$BeanPostProcessorChecker - Bean 'methodSecurityMetadataSource' of type [org.springframework.security.access.method.DelegatingMethodSecurityMetadataSource] is not eligible for getting processed by all BeanPostProcessors (for example: not eligible for auto-proxying)
2019-10-14 17:03:49.123 [Socket Server Thread-01] INFO  com.osen.cloud.system.system_socket.service.SocketServer - socket server starting port: 8888
2019-10-14 17:03:49.445 [main] INFO  o.s.security.web.DefaultSecurityFilterChain - Creating filter chain: any request, [org.springframework.security.web.context.request.async.WebAsyncManagerIntegrationFilter@7aded903, org.springframework.security.web.context.SecurityContextPersistenceFilter@233f52f8, org.springframework.security.web.header.HeaderWriterFilter@560271a1, org.springframework.security.web.authentication.logout.LogoutFilter@6806468e, com.osen.cloud.system.web_security.config.JwtAuthenticationTokenFilter@a0bf272, org.springframework.security.web.authentication.UsernamePasswordAuthenticationFilter@5a48da4f, org.springframework.security.web.savedrequest.RequestCacheAwareFilter@19fec3d6, org.springframework.security.web.servletapi.SecurityContextHolderAwareRequestFilter@74b00247, org.springframework.security.web.authentication.AnonymousAuthenticationFilter@2db86a7c, org.springframework.security.web.session.SessionManagementFilter@41e9f86, org.springframework.security.web.access.ExceptionTranslationFilter@355ce6a6, org.springframework.security.web.access.intercept.FilterSecurityInterceptor@1a1f79ce]
2019-10-14 17:03:50.304 [main] INFO  o.s.scheduling.concurrent.ThreadPoolTaskExecutor - Initializing ExecutorService 'applicationTaskExecutor'
2019-10-14 17:03:50.709 [nioEventLoopGroup-5-1] INFO  c.o.c.system.socket.handler.SocketServerHandler - 设备成功连接服务器：0c9d92fffe787de5-00001d68-00000001-4b5a2d54b65a6b6d-95911edf
2019-10-14 17:03:52.402 [main] INFO  o.s.b.actuate.endpoint.web.EndpointLinksResolver - Exposing 2 endpoint(s) beneath base path '/actuator'
2019-10-14 17:03:52.527 [main] INFO  o.s.scheduling.concurrent.ThreadPoolTaskScheduler - Initializing ExecutorService 'taskScheduler'
2019-10-14 17:03:52.760 [main] INFO  com.osen.cloud.system.system_device.DeviceTest - Started DeviceTest in 13.61 seconds (JVM running for 15.486)
2019-10-14 17:03:53.144 [Thread-3] INFO  o.s.scheduling.concurrent.ThreadPoolTaskScheduler - Shutting down ExecutorService 'taskScheduler'
2019-10-14 17:03:53.146 [Thread-3] INFO  o.s.scheduling.concurrent.ThreadPoolTaskExecutor - Shutting down ExecutorService 'applicationTaskExecutor'
