2019-10-29 10:09:34.243 [main] INFO  com.osen.cloud.system.dev_data.DataHistoryTest - Starting DataHistoryTest on PC-20190708MDDO with PID 9208 (started by Administrator in E:\gitworkspace\lampblack-admin\lampblack-system)
2019-10-29 10:09:34.256 [main] INFO  com.osen.cloud.system.dev_data.DataHistoryTest - The following profiles are active: dev
2019-10-29 10:09:36.748 [main] INFO  o.s.d.r.config.RepositoryConfigurationDelegate - Multiple Spring Data modules found, entering strict repository configuration mode!
2019-10-29 10:09:36.754 [main] INFO  o.s.d.r.config.RepositoryConfigurationDelegate - Bootstrapping Spring Data repositories in DEFAULT mode.
2019-10-29 10:09:36.837 [main] INFO  o.s.d.r.config.RepositoryConfigurationDelegate - Finished Spring Data repository scanning in 53ms. Found 0 repository interfaces.
2019-10-29 10:09:38.008 [main] INFO  o.s.c.s.PostProcessorRegistrationDelegate$BeanPostProcessorChecker - Bean 'org.springframework.security.config.annotation.configuration.ObjectPostProcessorConfiguration' of type [org.springframework.security.config.annotation.configuration.ObjectPostProcessorConfiguration$$EnhancerBySpringCGLIB$$b229891a] is not eligible for getting processed by all BeanPostProcessors (for example: not eligible for auto-proxying)
2019-10-29 10:09:38.030 [main] INFO  o.s.c.s.PostProcessorRegistrationDelegate$BeanPostProcessorChecker - Bean 'org.springframework.transaction.annotation.ProxyTransactionManagementConfiguration' of type [org.springframework.transaction.annotation.ProxyTransactionManagementConfiguration$$EnhancerBySpringCGLIB$$197bc0e0] is not eligible for getting processed by all BeanPostProcessors (for example: not eligible for auto-proxying)
2019-10-29 10:09:38.123 [main] INFO  o.s.c.s.PostProcessorRegistrationDelegate$BeanPostProcessorChecker - Bean 'objectPostProcessor' of type [org.springframework.security.config.annotation.configuration.AutowireBeanFactoryObjectPostProcessor] is not eligible for getting processed by all BeanPostProcessors (for example: not eligible for auto-proxying)
2019-10-29 10:09:38.127 [main] INFO  o.s.c.s.PostProcessorRegistrationDelegate$BeanPostProcessorChecker - Bean 'org.springframework.security.access.expression.method.DefaultMethodSecurityExpressionHandler@1aad0b1' of type [org.springframework.security.access.expression.method.DefaultMethodSecurityExpressionHandler] is not eligible for getting processed by all BeanPostProcessors (for example: not eligible for auto-proxying)
2019-10-29 10:09:38.141 [main] INFO  o.s.c.s.PostProcessorRegistrationDelegate$BeanPostProcessorChecker - Bean 'org.springframework.security.config.annotation.method.configuration.GlobalMethodSecurityConfiguration' of type [org.springframework.security.config.annotation.method.configuration.GlobalMethodSecurityConfiguration$$EnhancerBySpringCGLIB$$d6fe2bcc] is not eligible for getting processed by all BeanPostProcessors (for example: not eligible for auto-proxying)
2019-10-29 10:09:38.158 [main] INFO  o.s.c.s.PostProcessorRegistrationDelegate$BeanPostProcessorChecker - Bean 'methodSecurityMetadataSource' of type [org.springframework.security.access.method.DelegatingMethodSecurityMetadataSource] is not eligible for getting processed by all BeanPostProcessors (for example: not eligible for auto-proxying)
2019-10-29 10:09:43.593 [Socket Server Thread-01] INFO  c.o.c.s.system_socket.config.SocketServerStarter - system_socket service starting port: 8888
2019-10-29 10:09:45.670 [main] INFO  o.s.security.web.DefaultSecurityFilterChain - Creating filter chain: any request, [org.springframework.security.web.context.request.async.WebAsyncManagerIntegrationFilter@3002e397, org.springframework.security.web.context.SecurityContextPersistenceFilter@12abcd1e, org.springframework.security.web.header.HeaderWriterFilter@508ad266, org.springframework.security.web.authentication.logout.LogoutFilter@11e9ac24, com.osen.cloud.system.web_security.config.JwtAuthenticationTokenFilter@7aaad0, org.springframework.security.web.authentication.UsernamePasswordAuthenticationFilter@34279b8a, org.springframework.security.web.savedrequest.RequestCacheAwareFilter@1595d2b2, org.springframework.security.web.servletapi.SecurityContextHolderAwareRequestFilter@51e7589f, org.springframework.security.web.authentication.AnonymousAuthenticationFilter@7da1e005, org.springframework.security.web.session.SessionManagementFilter@216372b7, org.springframework.security.web.access.ExceptionTranslationFilter@6222391a, org.springframework.security.web.access.intercept.FilterSecurityInterceptor@7ac48e10]
2019-10-29 10:09:48.025 [main] INFO  o.s.scheduling.concurrent.ThreadPoolTaskExecutor - Initializing ExecutorService 'applicationTaskExecutor'
2019-10-29 10:09:50.963 [main] INFO  o.s.b.actuate.endpoint.web.EndpointLinksResolver - Exposing 2 endpoint(s) beneath base path '/actuator'
2019-10-29 10:09:51.106 [main] INFO  o.s.scheduling.concurrent.ThreadPoolTaskScheduler - Initializing ExecutorService 'taskScheduler'
2019-10-29 10:09:51.468 [main] INFO  com.osen.cloud.system.dev_data.DataHistoryTest - Started DataHistoryTest in 18.564 seconds (JVM running for 21.645)
2019-10-29 10:09:52.018 [main] INFO  com.zaxxer.hikari.HikariDataSource - DatebookHikariCP - Starting...
2019-10-29 10:09:54.791 [main] INFO  com.zaxxer.hikari.HikariDataSource - DatebookHikariCP - Start completed.
2019-10-29 10:09:55.569 [Thread-3] INFO  o.s.scheduling.concurrent.ThreadPoolTaskScheduler - Shutting down ExecutorService 'taskScheduler'
2019-10-29 10:09:55.570 [Thread-3] INFO  o.s.scheduling.concurrent.ThreadPoolTaskExecutor - Shutting down ExecutorService 'applicationTaskExecutor'
2019-10-29 10:09:55.606 [Thread-3] INFO  com.zaxxer.hikari.HikariDataSource - DatebookHikariCP - Shutdown initiated...
2019-10-29 10:09:55.624 [Thread-3] INFO  com.zaxxer.hikari.HikariDataSource - DatebookHikariCP - Shutdown completed.
