2019-11-25 17:58:39.523 [main] INFO  com.osen.cloud.system.system_device.DeviceTest - Starting DeviceTest on PC-20190708MDDO with PID 8752 (started by Administrator in E:\gitworkspace\lampblack-admin\lampblack-system)
2019-11-25 17:58:39.529 [main] INFO  com.osen.cloud.system.system_device.DeviceTest - The following profiles are active: dev
2019-11-25 17:58:42.584 [main] INFO  o.s.d.r.config.RepositoryConfigurationDelegate - Multiple Spring Data modules found, entering strict repository configuration mode!
2019-11-25 17:58:42.591 [main] INFO  o.s.d.r.config.RepositoryConfigurationDelegate - Bootstrapping Spring Data repositories in DEFAULT mode.
2019-11-25 17:58:42.688 [main] INFO  o.s.d.r.config.RepositoryConfigurationDelegate - Finished Spring Data repository scanning in 59ms. Found 0 repository interfaces.
2019-11-25 17:58:43.990 [main] INFO  o.s.c.s.PostProcessorRegistrationDelegate$BeanPostProcessorChecker - Bean 'org.springframework.security.config.annotation.configuration.ObjectPostProcessorConfiguration' of type [org.springframework.security.config.annotation.configuration.ObjectPostProcessorConfiguration$$EnhancerBySpringCGLIB$$b878575] is not eligible for getting processed by all BeanPostProcessors (for example: not eligible for auto-proxying)
2019-11-25 17:58:44.004 [main] INFO  o.s.c.s.PostProcessorRegistrationDelegate$BeanPostProcessorChecker - Bean 'org.springframework.transaction.annotation.ProxyTransactionManagementConfiguration' of type [org.springframework.transaction.annotation.ProxyTransactionManagementConfiguration$$EnhancerBySpringCGLIB$$72d9bd3b] is not eligible for getting processed by all BeanPostProcessors (for example: not eligible for auto-proxying)
2019-11-25 17:58:44.091 [main] INFO  o.s.c.s.PostProcessorRegistrationDelegate$BeanPostProcessorChecker - Bean 'objectPostProcessor' of type [org.springframework.security.config.annotation.configuration.AutowireBeanFactoryObjectPostProcessor] is not eligible for getting processed by all BeanPostProcessors (for example: not eligible for auto-proxying)
2019-11-25 17:58:44.096 [main] INFO  o.s.c.s.PostProcessorRegistrationDelegate$BeanPostProcessorChecker - Bean 'org.springframework.security.access.expression.method.DefaultMethodSecurityExpressionHandler@6573d2f7' of type [org.springframework.security.access.expression.method.DefaultMethodSecurityExpressionHandler] is not eligible for getting processed by all BeanPostProcessors (for example: not eligible for auto-proxying)
2019-11-25 17:58:44.113 [main] INFO  o.s.c.s.PostProcessorRegistrationDelegate$BeanPostProcessorChecker - Bean 'org.springframework.security.config.annotation.method.configuration.GlobalMethodSecurityConfiguration' of type [org.springframework.security.config.annotation.method.configuration.GlobalMethodSecurityConfiguration$$EnhancerBySpringCGLIB$$305c2827] is not eligible for getting processed by all BeanPostProcessors (for example: not eligible for auto-proxying)
2019-11-25 17:58:44.132 [main] INFO  o.s.c.s.PostProcessorRegistrationDelegate$BeanPostProcessorChecker - Bean 'methodSecurityMetadataSource' of type [org.springframework.security.access.method.DelegatingMethodSecurityMetadataSource] is not eligible for getting processed by all BeanPostProcessors (for example: not eligible for auto-proxying)
2019-11-25 17:58:50.335 [Socket Server Thread-01] INFO  c.o.c.s.system_socket.config.SocketServerStarter - system_socket service starting port: 8888
2019-11-25 17:58:50.798 [main] INFO  o.s.security.web.DefaultSecurityFilterChain - Creating filter chain: any request, [org.springframework.security.web.context.request.async.WebAsyncManagerIntegrationFilter@1373e3ee, org.springframework.security.web.context.SecurityContextPersistenceFilter@73e4387, org.springframework.security.web.header.HeaderWriterFilter@6812c8cc, org.springframework.security.web.authentication.logout.LogoutFilter@62f9c790, com.osen.cloud.system.web_security.config.JwtAuthenticationTokenFilter@437bd805, org.springframework.security.web.authentication.UsernamePasswordAuthenticationFilter@4981d95b, org.springframework.security.web.savedrequest.RequestCacheAwareFilter@4137aab0, org.springframework.security.web.servletapi.SecurityContextHolderAwareRequestFilter@747f6c5a, org.springframework.security.web.authentication.AnonymousAuthenticationFilter@175c5c3a, org.springframework.security.web.session.SessionManagementFilter@7a66c35a, org.springframework.security.web.access.ExceptionTranslationFilter@5b8853, org.springframework.security.web.access.intercept.FilterSecurityInterceptor@68e2d03e]
2019-11-25 17:58:50.931 [nioEventLoopGroup-5-1] INFO  c.o.c.s.system_socket.handler.SocketServerHandler - 设备成功连接服务器：0c9d92fffe787de5-00002230-00000001-bc19e0a30d07deee-f16be8a4
2019-11-25 17:58:51.665 [main] INFO  o.s.scheduling.concurrent.ThreadPoolTaskExecutor - Initializing ExecutorService 'applicationTaskExecutor'
2019-11-25 17:58:53.934 [main] INFO  o.s.b.actuate.endpoint.web.EndpointLinksResolver - Exposing 2 endpoint(s) beneath base path '/actuator'
2019-11-25 17:58:54.039 [main] INFO  o.s.scheduling.concurrent.ThreadPoolTaskScheduler - Initializing ExecutorService 'taskScheduler'
2019-11-25 17:58:54.262 [main] INFO  com.osen.cloud.system.system_device.DeviceTest - Started DeviceTest in 16.383 seconds (JVM running for 19.188)
2019-11-25 17:58:55.177 [main] INFO  com.zaxxer.hikari.HikariDataSource - DatebookHikariCP - Starting...
2019-11-25 17:58:55.603 [main] INFO  com.zaxxer.hikari.HikariDataSource - DatebookHikariCP - Start completed.
2019-11-25 17:58:55.900 [Thread-3] INFO  o.s.scheduling.concurrent.ThreadPoolTaskScheduler - Shutting down ExecutorService 'taskScheduler'
2019-11-25 17:58:55.902 [Thread-3] INFO  o.s.scheduling.concurrent.ThreadPoolTaskExecutor - Shutting down ExecutorService 'applicationTaskExecutor'
2019-11-25 17:58:56.033 [Thread-3] INFO  com.zaxxer.hikari.HikariDataSource - DatebookHikariCP - Shutdown initiated...
2019-11-25 17:58:56.066 [Thread-3] INFO  com.zaxxer.hikari.HikariDataSource - DatebookHikariCP - Shutdown completed.
2019-11-25 17:59:28.648 [main] INFO  com.osen.cloud.system.system_device.DeviceTest - Starting DeviceTest on PC-20190708MDDO with PID 4932 (started by Administrator in E:\gitworkspace\lampblack-admin\lampblack-system)
2019-11-25 17:59:28.651 [main] INFO  com.osen.cloud.system.system_device.DeviceTest - The following profiles are active: dev
2019-11-25 17:59:31.933 [main] INFO  o.s.d.r.config.RepositoryConfigurationDelegate - Multiple Spring Data modules found, entering strict repository configuration mode!
2019-11-25 17:59:31.940 [main] INFO  o.s.d.r.config.RepositoryConfigurationDelegate - Bootstrapping Spring Data repositories in DEFAULT mode.
2019-11-25 17:59:32.014 [main] INFO  o.s.d.r.config.RepositoryConfigurationDelegate - Finished Spring Data repository scanning in 45ms. Found 0 repository interfaces.
2019-11-25 17:59:33.237 [main] INFO  o.s.c.s.PostProcessorRegistrationDelegate$BeanPostProcessorChecker - Bean 'org.springframework.security.config.annotation.configuration.ObjectPostProcessorConfiguration' of type [org.springframework.security.config.annotation.configuration.ObjectPostProcessorConfiguration$$EnhancerBySpringCGLIB$$b2f39e72] is not eligible for getting processed by all BeanPostProcessors (for example: not eligible for auto-proxying)
2019-11-25 17:59:33.254 [main] INFO  o.s.c.s.PostProcessorRegistrationDelegate$BeanPostProcessorChecker - Bean 'org.springframework.transaction.annotation.ProxyTransactionManagementConfiguration' of type [org.springframework.transaction.annotation.ProxyTransactionManagementConfiguration$$EnhancerBySpringCGLIB$$1a45d638] is not eligible for getting processed by all BeanPostProcessors (for example: not eligible for auto-proxying)
2019-11-25 17:59:33.336 [main] INFO  o.s.c.s.PostProcessorRegistrationDelegate$BeanPostProcessorChecker - Bean 'objectPostProcessor' of type [org.springframework.security.config.annotation.configuration.AutowireBeanFactoryObjectPostProcessor] is not eligible for getting processed by all BeanPostProcessors (for example: not eligible for auto-proxying)
2019-11-25 17:59:33.341 [main] INFO  o.s.c.s.PostProcessorRegistrationDelegate$BeanPostProcessorChecker - Bean 'org.springframework.security.access.expression.method.DefaultMethodSecurityExpressionHandler@7d44a19' of type [org.springframework.security.access.expression.method.DefaultMethodSecurityExpressionHandler] is not eligible for getting processed by all BeanPostProcessors (for example: not eligible for auto-proxying)
2019-11-25 17:59:33.360 [main] INFO  o.s.c.s.PostProcessorRegistrationDelegate$BeanPostProcessorChecker - Bean 'org.springframework.security.config.annotation.method.configuration.GlobalMethodSecurityConfiguration' of type [org.springframework.security.config.annotation.method.configuration.GlobalMethodSecurityConfiguration$$EnhancerBySpringCGLIB$$d7c84124] is not eligible for getting processed by all BeanPostProcessors (for example: not eligible for auto-proxying)
2019-11-25 17:59:33.377 [main] INFO  o.s.c.s.PostProcessorRegistrationDelegate$BeanPostProcessorChecker - Bean 'methodSecurityMetadataSource' of type [org.springframework.security.access.method.DelegatingMethodSecurityMetadataSource] is not eligible for getting processed by all BeanPostProcessors (for example: not eligible for auto-proxying)
2019-11-25 17:59:39.163 [Socket Server Thread-01] INFO  c.o.c.s.system_socket.config.SocketServerStarter - system_socket service starting port: 8888
2019-11-25 17:59:39.423 [main] INFO  o.s.security.web.DefaultSecurityFilterChain - Creating filter chain: any request, [org.springframework.security.web.context.request.async.WebAsyncManagerIntegrationFilter@7b8ea1db, org.springframework.security.web.context.SecurityContextPersistenceFilter@747f6c5a, org.springframework.security.web.header.HeaderWriterFilter@5bb8e6fc, org.springframework.security.web.authentication.logout.LogoutFilter@5939e24, com.osen.cloud.system.web_security.config.JwtAuthenticationTokenFilter@373afd6c, org.springframework.security.web.authentication.UsernamePasswordAuthenticationFilter@28768e25, org.springframework.security.web.savedrequest.RequestCacheAwareFilter@5b48f0f4, org.springframework.security.web.servletapi.SecurityContextHolderAwareRequestFilter@62f9c790, org.springframework.security.web.authentication.AnonymousAuthenticationFilter@a91119b, org.springframework.security.web.session.SessionManagementFilter@72c9ebfa, org.springframework.security.web.access.ExceptionTranslationFilter@4137aab0, org.springframework.security.web.access.intercept.FilterSecurityInterceptor@1373e3ee]
2019-11-25 17:59:40.419 [main] INFO  o.s.scheduling.concurrent.ThreadPoolTaskExecutor - Initializing ExecutorService 'applicationTaskExecutor'
2019-11-25 17:59:41.889 [nioEventLoopGroup-5-1] INFO  c.o.c.s.system_socket.handler.SocketServerHandler - 设备成功连接服务器：0c9d92fffe787de5-00001344-00000001-1b9de6df20f8a5cc-9f6b32d5
2019-11-25 17:59:42.650 [main] INFO  o.s.b.actuate.endpoint.web.EndpointLinksResolver - Exposing 2 endpoint(s) beneath base path '/actuator'
2019-11-25 17:59:42.830 [main] INFO  o.s.scheduling.concurrent.ThreadPoolTaskScheduler - Initializing ExecutorService 'taskScheduler'
2019-11-25 17:59:43.066 [main] INFO  com.osen.cloud.system.system_device.DeviceTest - Started DeviceTest in 15.765 seconds (JVM running for 17.723)
2019-11-25 17:59:43.895 [main] INFO  com.zaxxer.hikari.HikariDataSource - DatebookHikariCP - Starting...
2019-11-25 17:59:44.296 [main] INFO  com.zaxxer.hikari.HikariDataSource - DatebookHikariCP - Start completed.
2019-11-25 17:59:44.515 [Thread-3] INFO  o.s.scheduling.concurrent.ThreadPoolTaskScheduler - Shutting down ExecutorService 'taskScheduler'
2019-11-25 17:59:44.517 [Thread-3] INFO  o.s.scheduling.concurrent.ThreadPoolTaskExecutor - Shutting down ExecutorService 'applicationTaskExecutor'
2019-11-25 17:59:44.560 [Thread-3] INFO  com.zaxxer.hikari.HikariDataSource - DatebookHikariCP - Shutdown initiated...
2019-11-25 17:59:44.678 [Thread-3] INFO  com.zaxxer.hikari.HikariDataSource - DatebookHikariCP - Shutdown completed.
