2019-10-08 15:53:32.465 [restartedMain] INFO  com.osen.cloud.system.LampblackSystemApplication - Starting LampblackSystemApplication on PC-20190708MDDO with PID 8532 (E:\gitworkspace\lampblack-admin\lampblack-system\target\classes started by Administrator in E:\gitworkspace\lampblack-admin)
2019-10-08 15:53:32.473 [restartedMain] INFO  com.osen.cloud.system.LampblackSystemApplication - No active profile set, falling back to default profiles: default
2019-10-08 15:53:32.643 [restartedMain] INFO  o.s.b.d.env.DevToolsPropertyDefaultsPostProcessor - Devtools property defaults active! Set 'spring.devtools.add-properties' to 'false' to disable
2019-10-08 15:53:32.643 [restartedMain] INFO  o.s.b.d.env.DevToolsPropertyDefaultsPostProcessor - For additional web related logging consider setting the 'logging.level.web' property to 'DEBUG'
2019-10-08 15:53:38.188 [restartedMain] INFO  o.s.d.r.config.RepositoryConfigurationDelegate - Multiple Spring Data modules found, entering strict repository configuration mode!
2019-10-08 15:53:38.474 [restartedMain] INFO  o.s.d.r.config.RepositoryConfigurationDelegate - Bootstrapping Spring Data repositories in DEFAULT mode.
2019-10-08 15:53:38.594 [restartedMain] INFO  o.s.d.r.config.RepositoryConfigurationDelegate - Finished Spring Data repository scanning in 57ms. Found 0 repository interfaces.
2019-10-08 15:53:39.757 [restartedMain] INFO  o.s.c.s.PostProcessorRegistrationDelegate$BeanPostProcessorChecker - Bean 'org.springframework.security.config.annotation.configuration.ObjectPostProcessorConfiguration' of type [org.springframework.security.config.annotation.configuration.ObjectPostProcessorConfiguration$$EnhancerBySpringCGLIB$$254ad424] is not eligible for getting processed by all BeanPostProcessors (for example: not eligible for auto-proxying)
2019-10-08 15:53:39.779 [restartedMain] INFO  o.s.c.s.PostProcessorRegistrationDelegate$BeanPostProcessorChecker - Bean 'org.springframework.transaction.annotation.ProxyTransactionManagementConfiguration' of type [org.springframework.transaction.annotation.ProxyTransactionManagementConfiguration$$EnhancerBySpringCGLIB$$8c9d0bea] is not eligible for getting processed by all BeanPostProcessors (for example: not eligible for auto-proxying)
2019-10-08 15:53:39.834 [restartedMain] INFO  o.s.c.s.PostProcessorRegistrationDelegate$BeanPostProcessorChecker - Bean 'objectPostProcessor' of type [org.springframework.security.config.annotation.configuration.AutowireBeanFactoryObjectPostProcessor] is not eligible for getting processed by all BeanPostProcessors (for example: not eligible for auto-proxying)
2019-10-08 15:53:39.843 [restartedMain] INFO  o.s.c.s.PostProcessorRegistrationDelegate$BeanPostProcessorChecker - Bean 'org.springframework.security.access.expression.method.DefaultMethodSecurityExpressionHandler@51bb1aa6' of type [org.springframework.security.access.expression.method.DefaultMethodSecurityExpressionHandler] is not eligible for getting processed by all BeanPostProcessors (for example: not eligible for auto-proxying)
2019-10-08 15:53:39.849 [restartedMain] INFO  o.s.c.s.PostProcessorRegistrationDelegate$BeanPostProcessorChecker - Bean 'org.springframework.security.config.annotation.method.configuration.GlobalMethodSecurityConfiguration' of type [org.springframework.security.config.annotation.method.configuration.GlobalMethodSecurityConfiguration$$EnhancerBySpringCGLIB$$4a1f76d6] is not eligible for getting processed by all BeanPostProcessors (for example: not eligible for auto-proxying)
2019-10-08 15:53:39.862 [restartedMain] INFO  o.s.c.s.PostProcessorRegistrationDelegate$BeanPostProcessorChecker - Bean 'methodSecurityMetadataSource' of type [org.springframework.security.access.method.DelegatingMethodSecurityMetadataSource] is not eligible for getting processed by all BeanPostProcessors (for example: not eligible for auto-proxying)
2019-10-08 15:53:41.134 [restartedMain] INFO  io.undertow.servlet - Initializing Spring embedded WebApplicationContext
2019-10-08 15:53:41.135 [restartedMain] INFO  org.springframework.web.context.ContextLoader - Root WebApplicationContext: initialization completed in 8491 ms
2019-10-08 15:53:45.797 [Socket Server Thread-01] INFO  com.osen.cloud.system.socket.service.SocketServer - socket server starting port: 8888
2019-10-08 15:53:46.104 [restartedMain] INFO  o.s.security.web.DefaultSecurityFilterChain - Creating filter chain: any request, [org.springframework.security.web.context.request.async.WebAsyncManagerIntegrationFilter@11dada88, org.springframework.security.web.context.SecurityContextPersistenceFilter@743b77d3, org.springframework.security.web.header.HeaderWriterFilter@639593b2, org.springframework.security.web.authentication.logout.LogoutFilter@83af300, com.osen.cloud.system.security.config.JwtAuthenticationTokenFilter@229e77c4, org.springframework.security.web.authentication.UsernamePasswordAuthenticationFilter@4abf006d, org.springframework.security.web.savedrequest.RequestCacheAwareFilter@5b71ee6f, org.springframework.security.web.servletapi.SecurityContextHolderAwareRequestFilter@5bbc3343, org.springframework.security.web.authentication.AnonymousAuthenticationFilter@75dac6e4, org.springframework.security.web.session.SessionManagementFilter@2f78b416, org.springframework.security.web.access.ExceptionTranslationFilter@39d489e9, org.springframework.security.web.access.intercept.FilterSecurityInterceptor@6ee1bb90]
2019-10-08 15:53:46.330 [restartedMain] INFO  o.s.scheduling.concurrent.ThreadPoolTaskExecutor - Initializing ExecutorService 'applicationTaskExecutor'
2019-10-08 15:53:47.287 [restartedMain] INFO  o.s.b.actuate.endpoint.web.EndpointLinksResolver - Exposing 2 endpoint(s) beneath base path '/actuator'
2019-10-08 15:53:47.377 [restartedMain] INFO  o.s.scheduling.concurrent.ThreadPoolTaskScheduler - Initializing ExecutorService 'taskScheduler'
2019-10-08 15:53:47.498 [restartedMain] INFO  o.s.b.d.autoconfigure.OptionalLiveReloadServer - LiveReload server is running on port 35729
2019-10-08 15:53:47.651 [restartedMain] INFO  org.xnio - XNIO version 3.3.8.Final
2019-10-08 15:53:47.671 [restartedMain] INFO  org.xnio.nio - XNIO NIO Implementation Version 3.3.8.Final
2019-10-08 15:53:47.764 [restartedMain] INFO  o.s.b.w.embedded.undertow.UndertowServletWebServer - Undertow started on port(s) 8080 (http) with context path ''
2019-10-08 15:53:47.770 [restartedMain] INFO  com.osen.cloud.system.LampblackSystemApplication - Started LampblackSystemApplication in 17.43 seconds (JVM running for 20.909)
2019-10-08 15:53:48.472 [RMI TCP Connection(5)-192.168.1.54] INFO  io.undertow.servlet - Initializing Spring DispatcherServlet 'dispatcherServlet'
2019-10-08 15:53:48.473 [RMI TCP Connection(5)-192.168.1.54] INFO  org.springframework.web.servlet.DispatcherServlet - Initializing Servlet 'dispatcherServlet'
2019-10-08 15:53:48.475 [RMI TCP Connection(6)-192.168.1.54] INFO  com.zaxxer.hikari.HikariDataSource - DatebookHikariCP - Starting...
2019-10-08 15:53:48.505 [RMI TCP Connection(5)-192.168.1.54] INFO  org.springframework.web.servlet.DispatcherServlet - Completed initialization in 31 ms
2019-10-08 15:53:50.007 [RMI TCP Connection(6)-192.168.1.54] INFO  com.zaxxer.hikari.HikariDataSource - DatebookHikariCP - Start completed.
2019-10-08 15:53:50.225 [nioEventLoopGroup-5-1] INFO  c.o.c.system.socket.handler.SocketServerHandler - 设备成功连接服务器：0c9d92fffe787de5-00002154-00000001-e5c94adebddc2b09-cb409591
2019-10-08 15:53:51.178 [parallel-1] INFO  io.lettuce.core.EpollProvider - Starting without optional epoll library
2019-10-08 15:53:51.184 [parallel-1] INFO  io.lettuce.core.KqueueProvider - Starting without optional kqueue library
2019-10-08 15:54:22.044 [nioEventLoopGroup-5-1] INFO  c.o.c.system.socket.handler.SocketServerHandler - 服务器接收上传数据-连接设备ID ：0c9d92fffe787de5-00002154-00000001-e5c94adebddc2b09-cb409591
2019-10-08 15:54:22.045 [nioEventLoopGroup-5-1] INFO  c.o.c.system.socket.handler.SocketServerHandler - 数据：##0137QN=20191008155400001;ST=22;CN=2011;PW=123456;MN=2019081903100008;Flag=5;CP=&&DataTime=20191008155400;LAMPBLACK-Rtd=0.0,LAMPBLACK-Flag=N&&3FC0
2019-10-08 15:54:22.080 [nioEventLoopGroup-5-1] INFO  c.o.c.system.socket.handler.SocketServerHandler - 服务器接收设备上传数据完毕：0c9d92fffe787de5-00002154-00000001-e5c94adebddc2b09-cb409591
2019-10-08 15:54:22.081 [task-1] INFO  c.o.cloud.system.socket.utils.DataSegmentParseUtil - 实时数据类型
2019-10-08 15:54:22.082 [task-1] INFO  c.o.cloud.system.socket.server.DataSegmentService - 存储设备上传实时数据到数据库
2019-10-08 15:54:22.083 [task-1] INFO  c.o.cloud.system.socket.server.DataSegmentService - DataHistory(id=null, deviceNo=2019081903100008, dateTime=2019-10-08T15:54, lampblack=0.0, lampblackFlag=N, pm=null, pmFlag=null, nmhc=null, nmhcFlag=null, fanFlag=2, purifierFlag=2)
2019-10-08 15:55:20.325 [nioEventLoopGroup-5-1] INFO  c.o.c.system.socket.handler.SocketServerHandler - 服务器接收上传数据-连接设备ID ：0c9d92fffe787de5-00002154-00000001-e5c94adebddc2b09-cb409591
2019-10-08 15:55:20.325 [nioEventLoopGroup-5-1] INFO  c.o.c.system.socket.handler.SocketServerHandler - 数据：##0137QN=20191008155500001;ST=22;CN=2011;PW=123456;MN=2019081903100008;Flag=5;CP=&&DataTime=20191008155500;LAMPBLACK-Rtd=0.0,LAMPBLACK-Flag=N&&0280
2019-10-08 15:55:20.325 [nioEventLoopGroup-5-1] INFO  c.o.c.system.socket.handler.SocketServerHandler - 设备上传格式错误，不符合HJ212协议
2019-10-08 15:55:20.325 [nioEventLoopGroup-5-1] INFO  c.o.c.system.socket.handler.SocketServerHandler - 服务器接收设备上传数据完毕：0c9d92fffe787de5-00002154-00000001-e5c94adebddc2b09-cb409591
2019-10-08 15:55:21.705 [nioEventLoopGroup-5-2] INFO  c.o.c.system.socket.handler.SocketServerHandler - 设备成功连接服务器：0c9d92fffe787de5-00002154-00000004-aea64b29d5dd90e6-a24b6a2a
2019-10-08 15:55:30.134 [nioEventLoopGroup-5-2] INFO  c.o.c.system.socket.handler.SocketServerHandler - 服务器接收上传数据-连接设备ID ：0c9d92fffe787de5-00002154-00000004-aea64b29d5dd90e6-a24b6a2a
2019-10-08 15:55:30.135 [nioEventLoopGroup-5-2] INFO  c.o.c.system.socket.handler.SocketServerHandler - 数据：00##0137QN=20191008014800001;ST=22;CN=2011;PW=123456;MN=2019081903100008;Flag=5;CP=&&DataTime=20191008014800;LAMPBLACK-Rtd=0.1,LAMPBLACK-Flag=N&&AA01
2019-10-08 15:55:30.136 [nioEventLoopGroup-5-2] INFO  c.o.c.system.socket.handler.SocketServerHandler - 服务器接收设备上传数据完毕：0c9d92fffe787de5-00002154-00000004-aea64b29d5dd90e6-a24b6a2a
2019-10-08 15:55:30.137 [task-2] INFO  c.o.cloud.system.socket.utils.DataSegmentParseUtil - 实时数据类型
2019-10-08 15:55:30.138 [task-2] INFO  c.o.cloud.system.socket.server.DataSegmentService - 存储设备上传实时数据到数据库
2019-10-08 15:55:30.138 [task-2] INFO  c.o.cloud.system.socket.server.DataSegmentService - DataHistory(id=null, deviceNo=2019081903100008, dateTime=2019-10-08T01:48, lampblack=0.1, lampblackFlag=N, pm=null, pmFlag=null, nmhc=null, nmhcFlag=null, fanFlag=2, purifierFlag=2)
2019-10-08 15:55:48.813 [nioEventLoopGroup-5-2] INFO  c.o.c.system.socket.handler.SocketServerHandler - 服务器接收上传数据-连接设备ID ：0c9d92fffe787de5-00002154-00000004-aea64b29d5dd90e6-a24b6a2a
2019-10-08 15:55:48.814 [nioEventLoopGroup-5-2] INFO  c.o.c.system.socket.handler.SocketServerHandler - 数据：00##0137QN=20191008014800001;ST=22;CN=2011;PW=123456;MN=2019081903100008;Flag=5;CP=&&DataTime=20191008014800;LAMPBLACK-Rtd=0.1,LAMPBLACK-Flag=N&&AA01
2019-10-08 15:56:08.659 [nioEventLoopGroup-5-2] INFO  c.o.c.system.socket.handler.SocketServerHandler - 服务器接收设备上传数据完毕：0c9d92fffe787de5-00002154-00000004-aea64b29d5dd90e6-a24b6a2a
2019-10-08 15:56:08.660 [task-3] INFO  c.o.cloud.system.socket.utils.DataSegmentParseUtil - 实时数据类型
2019-10-08 15:56:08.661 [task-3] INFO  c.o.cloud.system.socket.server.DataSegmentService - 存储设备上传实时数据到数据库
2019-10-08 15:56:08.661 [task-3] INFO  c.o.cloud.system.socket.server.DataSegmentService - DataHistory(id=null, deviceNo=2019081903100008, dateTime=2019-10-08T01:48, lampblack=0.1, lampblackFlag=N, pm=null, pmFlag=null, nmhc=null, nmhcFlag=null, fanFlag=2, purifierFlag=2)
2019-10-08 15:56:11.405 [Thread-38] INFO  o.s.scheduling.concurrent.ThreadPoolTaskScheduler - Shutting down ExecutorService 'taskScheduler'
2019-10-08 15:56:11.409 [Thread-38] INFO  o.s.scheduling.concurrent.ThreadPoolTaskExecutor - Shutting down ExecutorService 'applicationTaskExecutor'
2019-10-08 15:56:12.543 [Thread-38] INFO  com.zaxxer.hikari.HikariDataSource - DatebookHikariCP - Shutdown initiated...
2019-10-08 15:56:12.558 [Thread-38] INFO  com.zaxxer.hikari.HikariDataSource - DatebookHikariCP - Shutdown completed.
2019-10-08 15:56:12.563 [Thread-38] INFO  io.undertow.servlet - Destroying Spring FrameworkServlet 'dispatcherServlet'
2019-10-08 16:21:03.572 [restartedMain] INFO  com.osen.cloud.system.LampblackSystemApplication - Starting LampblackSystemApplication on PC-20190708MDDO with PID 9536 (E:\gitworkspace\lampblack-admin\lampblack-system\target\classes started by Administrator in E:\gitworkspace\lampblack-admin)
2019-10-08 16:21:03.580 [restartedMain] INFO  com.osen.cloud.system.LampblackSystemApplication - No active profile set, falling back to default profiles: default
2019-10-08 16:21:03.683 [restartedMain] INFO  o.s.b.d.env.DevToolsPropertyDefaultsPostProcessor - Devtools property defaults active! Set 'spring.devtools.add-properties' to 'false' to disable
2019-10-08 16:21:03.683 [restartedMain] INFO  o.s.b.d.env.DevToolsPropertyDefaultsPostProcessor - For additional web related logging consider setting the 'logging.level.web' property to 'DEBUG'
2019-10-08 16:21:06.339 [restartedMain] INFO  o.s.d.r.config.RepositoryConfigurationDelegate - Multiple Spring Data modules found, entering strict repository configuration mode!
2019-10-08 16:21:06.342 [restartedMain] INFO  o.s.d.r.config.RepositoryConfigurationDelegate - Bootstrapping Spring Data repositories in DEFAULT mode.
2019-10-08 16:21:06.412 [restartedMain] INFO  o.s.d.r.config.RepositoryConfigurationDelegate - Finished Spring Data repository scanning in 47ms. Found 0 repository interfaces.
2019-10-08 16:21:07.237 [restartedMain] INFO  o.s.c.s.PostProcessorRegistrationDelegate$BeanPostProcessorChecker - Bean 'org.springframework.security.config.annotation.configuration.ObjectPostProcessorConfiguration' of type [org.springframework.security.config.annotation.configuration.ObjectPostProcessorConfiguration$$EnhancerBySpringCGLIB$$c4f3f007] is not eligible for getting processed by all BeanPostProcessors (for example: not eligible for auto-proxying)
2019-10-08 16:21:07.256 [restartedMain] INFO  o.s.c.s.PostProcessorRegistrationDelegate$BeanPostProcessorChecker - Bean 'org.springframework.transaction.annotation.ProxyTransactionManagementConfiguration' of type [org.springframework.transaction.annotation.ProxyTransactionManagementConfiguration$$EnhancerBySpringCGLIB$$2c4627cd] is not eligible for getting processed by all BeanPostProcessors (for example: not eligible for auto-proxying)
2019-10-08 16:21:07.300 [restartedMain] INFO  o.s.c.s.PostProcessorRegistrationDelegate$BeanPostProcessorChecker - Bean 'objectPostProcessor' of type [org.springframework.security.config.annotation.configuration.AutowireBeanFactoryObjectPostProcessor] is not eligible for getting processed by all BeanPostProcessors (for example: not eligible for auto-proxying)
2019-10-08 16:21:07.304 [restartedMain] INFO  o.s.c.s.PostProcessorRegistrationDelegate$BeanPostProcessorChecker - Bean 'org.springframework.security.access.expression.method.DefaultMethodSecurityExpressionHandler@656cd904' of type [org.springframework.security.access.expression.method.DefaultMethodSecurityExpressionHandler] is not eligible for getting processed by all BeanPostProcessors (for example: not eligible for auto-proxying)
2019-10-08 16:21:07.310 [restartedMain] INFO  o.s.c.s.PostProcessorRegistrationDelegate$BeanPostProcessorChecker - Bean 'org.springframework.security.config.annotation.method.configuration.GlobalMethodSecurityConfiguration' of type [org.springframework.security.config.annotation.method.configuration.GlobalMethodSecurityConfiguration$$EnhancerBySpringCGLIB$$e9c892b9] is not eligible for getting processed by all BeanPostProcessors (for example: not eligible for auto-proxying)
2019-10-08 16:21:07.321 [restartedMain] INFO  o.s.c.s.PostProcessorRegistrationDelegate$BeanPostProcessorChecker - Bean 'methodSecurityMetadataSource' of type [org.springframework.security.access.method.DelegatingMethodSecurityMetadataSource] is not eligible for getting processed by all BeanPostProcessors (for example: not eligible for auto-proxying)
2019-10-08 16:21:07.912 [restartedMain] INFO  io.undertow.servlet - Initializing Spring embedded WebApplicationContext
2019-10-08 16:21:07.912 [restartedMain] INFO  org.springframework.web.context.ContextLoader - Root WebApplicationContext: initialization completed in 4228 ms
2019-10-08 16:21:11.316 [Socket Server Thread-01] INFO  com.osen.cloud.system.socket.service.SocketServer - socket server starting port: 8888
2019-10-08 16:21:11.581 [restartedMain] INFO  o.s.security.web.DefaultSecurityFilterChain - Creating filter chain: any request, [org.springframework.security.web.context.request.async.WebAsyncManagerIntegrationFilter@39fb39ff, org.springframework.security.web.context.SecurityContextPersistenceFilter@6b732147, org.springframework.security.web.header.HeaderWriterFilter@6a6e3cf2, org.springframework.security.web.authentication.logout.LogoutFilter@15a369d7, com.osen.cloud.system.security.config.JwtAuthenticationTokenFilter@64dc5d5e, org.springframework.security.web.authentication.UsernamePasswordAuthenticationFilter@7279aa2c, org.springframework.security.web.savedrequest.RequestCacheAwareFilter@116045fe, org.springframework.security.web.servletapi.SecurityContextHolderAwareRequestFilter@5cb6dbba, org.springframework.security.web.authentication.AnonymousAuthenticationFilter@382b9b56, org.springframework.security.web.session.SessionManagementFilter@47bd71, org.springframework.security.web.access.ExceptionTranslationFilter@139a5387, org.springframework.security.web.access.intercept.FilterSecurityInterceptor@5d301712]
2019-10-08 16:21:11.813 [restartedMain] INFO  o.s.scheduling.concurrent.ThreadPoolTaskExecutor - Initializing ExecutorService 'applicationTaskExecutor'
2019-10-08 16:21:12.771 [restartedMain] INFO  o.s.b.actuate.endpoint.web.EndpointLinksResolver - Exposing 2 endpoint(s) beneath base path '/actuator'
2019-10-08 16:21:12.881 [restartedMain] INFO  o.s.scheduling.concurrent.ThreadPoolTaskScheduler - Initializing ExecutorService 'taskScheduler'
2019-10-08 16:21:12.917 [nioEventLoopGroup-5-1] INFO  c.o.c.system.socket.handler.SocketServerHandler - 设备成功连接服务器：0c9d92fffe787de5-00002540-00000001-0db740ff4cb53c24-1b1db300
2019-10-08 16:21:13.000 [restartedMain] INFO  o.s.b.d.autoconfigure.OptionalLiveReloadServer - LiveReload server is running on port 35729
2019-10-08 16:21:13.148 [restartedMain] INFO  org.xnio - XNIO version 3.3.8.Final
2019-10-08 16:21:13.165 [restartedMain] INFO  org.xnio.nio - XNIO NIO Implementation Version 3.3.8.Final
2019-10-08 16:21:13.243 [restartedMain] INFO  o.s.b.w.embedded.undertow.UndertowServletWebServer - Undertow started on port(s) 8080 (http) with context path ''
2019-10-08 16:21:13.248 [restartedMain] INFO  com.osen.cloud.system.LampblackSystemApplication - Started LampblackSystemApplication in 10.949 seconds (JVM running for 12.451)
2019-10-08 16:21:13.960 [RMI TCP Connection(3)-192.168.1.54] INFO  io.undertow.servlet - Initializing Spring DispatcherServlet 'dispatcherServlet'
2019-10-08 16:21:13.960 [RMI TCP Connection(3)-192.168.1.54] INFO  org.springframework.web.servlet.DispatcherServlet - Initializing Servlet 'dispatcherServlet'
2019-10-08 16:21:13.964 [RMI TCP Connection(2)-192.168.1.54] INFO  com.zaxxer.hikari.HikariDataSource - DatebookHikariCP - Starting...
2019-10-08 16:21:13.979 [RMI TCP Connection(3)-192.168.1.54] INFO  org.springframework.web.servlet.DispatcherServlet - Completed initialization in 19 ms
2019-10-08 16:21:14.981 [RMI TCP Connection(2)-192.168.1.54] INFO  com.zaxxer.hikari.HikariDataSource - DatebookHikariCP - Start completed.
2019-10-08 16:21:15.254 [parallel-1] INFO  io.lettuce.core.EpollProvider - Starting without optional epoll library
2019-10-08 16:21:15.258 [parallel-1] INFO  io.lettuce.core.KqueueProvider - Starting without optional kqueue library
2019-10-08 16:21:22.101 [nioEventLoopGroup-5-1] INFO  c.o.c.system.socket.handler.SocketServerHandler - 服务器接收上传数据-连接设备ID ：0c9d92fffe787de5-00002540-00000001-0db740ff4cb53c24-1b1db300
2019-10-08 16:21:22.102 [nioEventLoopGroup-5-1] INFO  c.o.c.system.socket.handler.SocketServerHandler - 数据：##0137QN=20191008162100001;ST=22;CN=2011;PW=123456;MN=2019081903100008;Flag=5;CP=&&DataTime=20191008162100;LAMPBLACK-Rtd=0.0,LAMPBLACK-Flag=N&&9481
2019-10-08 16:21:22.147 [nioEventLoopGroup-5-1] INFO  c.o.c.system.socket.handler.SocketServerHandler - 服务器接收设备上传数据完毕：0c9d92fffe787de5-00002540-00000001-0db740ff4cb53c24-1b1db300
2019-10-08 16:21:22.149 [task-1] INFO  c.o.cloud.system.socket.utils.DataSegmentParseUtil - 实时数据类型
2019-10-08 16:21:22.151 [task-1] INFO  c.o.cloud.system.socket.server.DataSegmentService - 存储设备上传实时数据到数据库
2019-10-08 16:21:22.152 [task-1] INFO  c.o.cloud.system.socket.server.DataSegmentService - DataHistory(id=null, deviceNo=2019081903100008, dateTime=2019-10-08T16:21, lampblack=0.0, lampblackFlag=N, pm=null, pmFlag=null, nmhc=null, nmhcFlag=null, fanFlag=2, purifierFlag=2)
2019-10-08 16:21:35.393 [Thread-30] INFO  o.s.scheduling.concurrent.ThreadPoolTaskScheduler - Shutting down ExecutorService 'taskScheduler'
2019-10-08 16:21:35.396 [Thread-30] INFO  o.s.scheduling.concurrent.ThreadPoolTaskExecutor - Shutting down ExecutorService 'applicationTaskExecutor'
2019-10-08 16:21:36.528 [Thread-30] INFO  com.zaxxer.hikari.HikariDataSource - DatebookHikariCP - Shutdown initiated...
2019-10-08 16:21:36.537 [Thread-30] INFO  com.zaxxer.hikari.HikariDataSource - DatebookHikariCP - Shutdown completed.
2019-10-08 16:21:36.547 [Thread-30] INFO  io.undertow.servlet - Destroying Spring FrameworkServlet 'dispatcherServlet'
2019-10-08 16:30:07.373 [restartedMain] INFO  com.osen.cloud.system.LampblackSystemApplication - Starting LampblackSystemApplication on PC-20190708MDDO with PID 8848 (E:\gitworkspace\lampblack-admin\lampblack-system\target\classes started by Administrator in E:\gitworkspace\lampblack-admin)
2019-10-08 16:30:07.379 [restartedMain] INFO  com.osen.cloud.system.LampblackSystemApplication - No active profile set, falling back to default profiles: default
2019-10-08 16:30:07.585 [restartedMain] INFO  o.s.b.d.env.DevToolsPropertyDefaultsPostProcessor - Devtools property defaults active! Set 'spring.devtools.add-properties' to 'false' to disable
2019-10-08 16:30:07.585 [restartedMain] INFO  o.s.b.d.env.DevToolsPropertyDefaultsPostProcessor - For additional web related logging consider setting the 'logging.level.web' property to 'DEBUG'
2019-10-08 16:30:09.614 [restartedMain] INFO  o.s.d.r.config.RepositoryConfigurationDelegate - Multiple Spring Data modules found, entering strict repository configuration mode!
2019-10-08 16:30:09.617 [restartedMain] INFO  o.s.d.r.config.RepositoryConfigurationDelegate - Bootstrapping Spring Data repositories in DEFAULT mode.
2019-10-08 16:30:09.687 [restartedMain] INFO  o.s.d.r.config.RepositoryConfigurationDelegate - Finished Spring Data repository scanning in 49ms. Found 0 repository interfaces.
2019-10-08 16:30:10.434 [restartedMain] INFO  o.s.c.s.PostProcessorRegistrationDelegate$BeanPostProcessorChecker - Bean 'org.springframework.security.config.annotation.configuration.ObjectPostProcessorConfiguration' of type [org.springframework.security.config.annotation.configuration.ObjectPostProcessorConfiguration$$EnhancerBySpringCGLIB$$548911dd] is not eligible for getting processed by all BeanPostProcessors (for example: not eligible for auto-proxying)
2019-10-08 16:30:10.449 [restartedMain] INFO  o.s.c.s.PostProcessorRegistrationDelegate$BeanPostProcessorChecker - Bean 'org.springframework.transaction.annotation.ProxyTransactionManagementConfiguration' of type [org.springframework.transaction.annotation.ProxyTransactionManagementConfiguration$$EnhancerBySpringCGLIB$$bbdb49a3] is not eligible for getting processed by all BeanPostProcessors (for example: not eligible for auto-proxying)
2019-10-08 16:30:10.490 [restartedMain] INFO  o.s.c.s.PostProcessorRegistrationDelegate$BeanPostProcessorChecker - Bean 'objectPostProcessor' of type [org.springframework.security.config.annotation.configuration.AutowireBeanFactoryObjectPostProcessor] is not eligible for getting processed by all BeanPostProcessors (for example: not eligible for auto-proxying)
2019-10-08 16:30:10.495 [restartedMain] INFO  o.s.c.s.PostProcessorRegistrationDelegate$BeanPostProcessorChecker - Bean 'org.springframework.security.access.expression.method.DefaultMethodSecurityExpressionHandler@327908b4' of type [org.springframework.security.access.expression.method.DefaultMethodSecurityExpressionHandler] is not eligible for getting processed by all BeanPostProcessors (for example: not eligible for auto-proxying)
2019-10-08 16:30:10.499 [restartedMain] INFO  o.s.c.s.PostProcessorRegistrationDelegate$BeanPostProcessorChecker - Bean 'org.springframework.security.config.annotation.method.configuration.GlobalMethodSecurityConfiguration' of type [org.springframework.security.config.annotation.method.configuration.GlobalMethodSecurityConfiguration$$EnhancerBySpringCGLIB$$795db48f] is not eligible for getting processed by all BeanPostProcessors (for example: not eligible for auto-proxying)
2019-10-08 16:30:10.509 [restartedMain] INFO  o.s.c.s.PostProcessorRegistrationDelegate$BeanPostProcessorChecker - Bean 'methodSecurityMetadataSource' of type [org.springframework.security.access.method.DelegatingMethodSecurityMetadataSource] is not eligible for getting processed by all BeanPostProcessors (for example: not eligible for auto-proxying)
2019-10-08 16:30:11.076 [restartedMain] INFO  io.undertow.servlet - Initializing Spring embedded WebApplicationContext
2019-10-08 16:30:11.076 [restartedMain] INFO  org.springframework.web.context.ContextLoader - Root WebApplicationContext: initialization completed in 3491 ms
2019-10-08 16:30:14.484 [Socket Server Thread-01] INFO  com.osen.cloud.system.socket.service.SocketServer - socket server starting port: 8888
2019-10-08 16:30:14.755 [restartedMain] INFO  o.s.security.web.DefaultSecurityFilterChain - Creating filter chain: any request, [org.springframework.security.web.context.request.async.WebAsyncManagerIntegrationFilter@63ba863c, org.springframework.security.web.context.SecurityContextPersistenceFilter@5b008919, org.springframework.security.web.header.HeaderWriterFilter@7ea8ba84, org.springframework.security.web.authentication.logout.LogoutFilter@2965d02b, com.osen.cloud.system.security.config.JwtAuthenticationTokenFilter@75b73f40, org.springframework.security.web.authentication.UsernamePasswordAuthenticationFilter@653f324, org.springframework.security.web.savedrequest.RequestCacheAwareFilter@5f48c133, org.springframework.security.web.servletapi.SecurityContextHolderAwareRequestFilter@7d8291dc, org.springframework.security.web.authentication.AnonymousAuthenticationFilter@5ac660ab, org.springframework.security.web.session.SessionManagementFilter@445f0aec, org.springframework.security.web.access.ExceptionTranslationFilter@7b0ace51, org.springframework.security.web.access.intercept.FilterSecurityInterceptor@2d223bf7]
2019-10-08 16:30:14.976 [restartedMain] INFO  o.s.scheduling.concurrent.ThreadPoolTaskExecutor - Initializing ExecutorService 'applicationTaskExecutor'
2019-10-08 16:30:15.971 [restartedMain] INFO  o.s.b.actuate.endpoint.web.EndpointLinksResolver - Exposing 2 endpoint(s) beneath base path '/actuator'
2019-10-08 16:30:16.108 [restartedMain] INFO  o.s.scheduling.concurrent.ThreadPoolTaskScheduler - Initializing ExecutorService 'taskScheduler'
2019-10-08 16:30:16.221 [restartedMain] INFO  o.s.b.d.autoconfigure.OptionalLiveReloadServer - LiveReload server is running on port 35729
2019-10-08 16:30:16.365 [restartedMain] INFO  org.xnio - XNIO version 3.3.8.Final
2019-10-08 16:30:16.388 [restartedMain] INFO  org.xnio.nio - XNIO NIO Implementation Version 3.3.8.Final
2019-10-08 16:30:16.465 [restartedMain] INFO  o.s.b.w.embedded.undertow.UndertowServletWebServer - Undertow started on port(s) 8080 (http) with context path ''
2019-10-08 16:30:16.471 [restartedMain] INFO  com.osen.cloud.system.LampblackSystemApplication - Started LampblackSystemApplication in 10.811 seconds (JVM running for 12.171)
2019-10-08 16:30:17.113 [RMI TCP Connection(5)-192.168.1.54] INFO  io.undertow.servlet - Initializing Spring DispatcherServlet 'dispatcherServlet'
2019-10-08 16:30:17.113 [RMI TCP Connection(5)-192.168.1.54] INFO  org.springframework.web.servlet.DispatcherServlet - Initializing Servlet 'dispatcherServlet'
2019-10-08 16:30:17.114 [RMI TCP Connection(4)-192.168.1.54] INFO  com.zaxxer.hikari.HikariDataSource - DatebookHikariCP - Starting...
2019-10-08 16:30:17.133 [RMI TCP Connection(5)-192.168.1.54] INFO  org.springframework.web.servlet.DispatcherServlet - Completed initialization in 19 ms
2019-10-08 16:30:17.435 [nioEventLoopGroup-5-1] INFO  c.o.c.system.socket.handler.SocketServerHandler - 设备成功连接服务器：0c9d92fffe787de5-00002290-00000001-5724901dcdbd8b04-352c4740
2019-10-08 16:30:18.101 [RMI TCP Connection(4)-192.168.1.54] INFO  com.zaxxer.hikari.HikariDataSource - DatebookHikariCP - Start completed.
2019-10-08 16:30:18.303 [parallel-1] INFO  io.lettuce.core.EpollProvider - Starting without optional epoll library
2019-10-08 16:30:18.309 [parallel-1] INFO  io.lettuce.core.KqueueProvider - Starting without optional kqueue library
2019-10-08 16:30:22.088 [nioEventLoopGroup-5-1] INFO  c.o.c.system.socket.handler.SocketServerHandler - 服务器接收上传数据-连接设备ID ：0c9d92fffe787de5-00002290-00000001-5724901dcdbd8b04-352c4740
2019-10-08 16:30:22.089 [nioEventLoopGroup-5-1] INFO  c.o.c.system.socket.handler.SocketServerHandler - 数据：##0137QN=20191008163000001;ST=22;CN=2011;PW=123456;MN=2019081903100008;Flag=5;CP=&&DataTime=20191008163000;LAMPBLACK-Rtd=0.4,LAMPBLACK-Flag=N&&3900
2019-10-08 16:30:22.118 [nioEventLoopGroup-5-1] INFO  c.o.c.system.socket.handler.SocketServerHandler - 服务器接收设备上传数据完毕：0c9d92fffe787de5-00002290-00000001-5724901dcdbd8b04-352c4740
2019-10-08 16:30:22.118 [task-1] INFO  c.o.cloud.system.socket.utils.DataSegmentParseUtil - 实时数据类型
2019-10-08 16:30:22.120 [task-1] INFO  c.o.cloud.system.socket.server.DataSegmentService - 存储设备上传实时数据到数据库
2019-10-08 16:30:22.120 [task-1] INFO  c.o.cloud.system.socket.server.DataSegmentService - DataHistory(id=null, deviceNo=2019081903100008, dateTime=2019-10-08T16:30, lampblack=0.4, lampblackFlag=N, pm=null, pmFlag=null, nmhc=null, nmhcFlag=null, fanFlag=2, purifierFlag=2)
2019-10-08 16:30:22.285 [nioEventLoopGroup-5-1] INFO  c.o.c.system.socket.handler.SocketServerHandler - 服务器接收上传数据-连接设备ID ：0c9d92fffe787de5-00002290-00000001-5724901dcdbd8b04-352c4740
2019-10-08 16:30:22.285 [nioEventLoopGroup-5-1] INFO  c.o.c.system.socket.handler.SocketServerHandler - 数据：##0173QN=20191008163000001;ST=22;CN=2051;PW=123456;MN=2019081903100008;Flag=5;CP=&&DataTime=20191008163000;LAMPBLACK-Min=0.0,LAMPBLACK-Avg=0.2,LAMPBLACK-Max=0.4,LAMPBLACK-Flag=N&&5F00
2019-10-08 16:30:22.286 [nioEventLoopGroup-5-1] INFO  c.o.c.system.socket.handler.SocketServerHandler - 服务器接收设备上传数据完毕：0c9d92fffe787de5-00002290-00000001-5724901dcdbd8b04-352c4740
2019-10-08 16:30:22.311 [task-2] INFO  c.o.cloud.system.socket.utils.DataSegmentParseUtil - 分钟数据类型
2019-10-08 16:30:22.377 [task-2] INFO  c.o.cloud.system.socket.server.DataSegmentService - 存储设备上传分钟数据到数据库
2019-10-08 16:30:22.378 [task-2] INFO  c.o.cloud.system.socket.server.DataSegmentService - DataMinute(id=null, deviceNo=2019081903100008, dateTime=2019-10-08T16:30, lampblack=0.2, lampblackMin=0.0, lampblackMax=0.4, lampblackFlag=N, pm=null, pmMin=null, pmMax=null, pmFlag=null, nmhc=null, nmhcMin=null, nmhcMax=null, nmhcFlag=null, fanFlag=2, purifierFlag=2)
2019-10-08 16:31:20.580 [nioEventLoopGroup-5-1] INFO  c.o.c.system.socket.handler.SocketServerHandler - 服务器接收上传数据-连接设备ID ：0c9d92fffe787de5-00002290-00000001-5724901dcdbd8b04-352c4740
2019-10-08 16:31:20.581 [nioEventLoopGroup-5-1] INFO  c.o.c.system.socket.handler.SocketServerHandler - 数据：##0137QN=20191008163100001;ST=22;CN=2011;PW=123456;MN=2019081903100008;Flag=5;CP=&&DataTime=20191008163100;LAMPBLACK-Rtd=0.3,LAMPBLACK-Flag=N&&7940
2019-10-08 16:31:20.582 [nioEventLoopGroup-5-1] INFO  c.o.c.system.socket.handler.SocketServerHandler - 服务器接收设备上传数据完毕：0c9d92fffe787de5-00002290-00000001-5724901dcdbd8b04-352c4740
2019-10-08 16:31:20.583 [task-3] INFO  c.o.cloud.system.socket.utils.DataSegmentParseUtil - 实时数据类型
2019-10-08 16:31:20.583 [task-3] INFO  c.o.cloud.system.socket.server.DataSegmentService - 存储设备上传实时数据到数据库
2019-10-08 16:31:20.583 [task-3] INFO  c.o.cloud.system.socket.server.DataSegmentService - DataHistory(id=null, deviceNo=2019081903100008, dateTime=2019-10-08T16:31, lampblack=0.3, lampblackFlag=N, pm=null, pmFlag=null, nmhc=null, nmhcFlag=null, fanFlag=2, purifierFlag=2)
2019-10-08 16:32:19.079 [nioEventLoopGroup-5-1] INFO  c.o.c.system.socket.handler.SocketServerHandler - 服务器接收上传数据-连接设备ID ：0c9d92fffe787de5-00002290-00000001-5724901dcdbd8b04-352c4740
2019-10-08 16:32:19.079 [nioEventLoopGroup-5-1] INFO  c.o.c.system.socket.handler.SocketServerHandler - 数据：##0137QN=20191008163200001;ST=22;CN=2011;PW=123456;MN=2019081903100008;Flag=5;CP=&&DataTime=20191008163200;LAMPBLACK-Rtd=0.3,LAMPBLACK-Flag=N&&2A80
2019-10-08 16:32:19.080 [nioEventLoopGroup-5-1] INFO  c.o.c.system.socket.handler.SocketServerHandler - 服务器接收设备上传数据完毕：0c9d92fffe787de5-00002290-00000001-5724901dcdbd8b04-352c4740
2019-10-08 16:32:19.081 [task-4] INFO  c.o.cloud.system.socket.utils.DataSegmentParseUtil - 实时数据类型
2019-10-08 16:32:19.082 [task-4] INFO  c.o.cloud.system.socket.server.DataSegmentService - 存储设备上传实时数据到数据库
2019-10-08 16:32:19.083 [task-4] INFO  c.o.cloud.system.socket.server.DataSegmentService - DataHistory(id=null, deviceNo=2019081903100008, dateTime=2019-10-08T16:32, lampblack=0.3, lampblackFlag=N, pm=null, pmFlag=null, nmhc=null, nmhcFlag=null, fanFlag=2, purifierFlag=2)
2019-10-08 16:33:22.077 [nioEventLoopGroup-5-1] INFO  c.o.c.system.socket.handler.SocketServerHandler - 服务器接收上传数据-连接设备ID ：0c9d92fffe787de5-00002290-00000001-5724901dcdbd8b04-352c4740
2019-10-08 16:33:22.078 [nioEventLoopGroup-5-1] INFO  c.o.c.system.socket.handler.SocketServerHandler - 数据：##0137QN=20191008163300001;ST=22;CN=2011;PW=123456;MN=2019081903100008;Flag=5;CP=&&DataTime=20191008163300;LAMPBLACK-Rtd=0.3,LAMPBLACK-Flag=N&&17C0
2019-10-08 16:33:22.079 [nioEventLoopGroup-5-1] INFO  c.o.c.system.socket.handler.SocketServerHandler - 服务器接收设备上传数据完毕：0c9d92fffe787de5-00002290-00000001-5724901dcdbd8b04-352c4740
2019-10-08 16:33:22.081 [task-5] INFO  c.o.cloud.system.socket.utils.DataSegmentParseUtil - 实时数据类型
2019-10-08 16:33:22.083 [task-5] INFO  c.o.cloud.system.socket.server.DataSegmentService - 存储设备上传实时数据到数据库
2019-10-08 16:33:22.083 [task-5] INFO  c.o.cloud.system.socket.server.DataSegmentService - DataHistory(id=null, deviceNo=2019081903100008, dateTime=2019-10-08T16:33, lampblack=0.3, lampblackFlag=N, pm=null, pmFlag=null, nmhc=null, nmhcFlag=null, fanFlag=2, purifierFlag=2)
2019-10-08 16:34:20.576 [nioEventLoopGroup-5-1] INFO  c.o.c.system.socket.handler.SocketServerHandler - 服务器接收上传数据-连接设备ID ：0c9d92fffe787de5-00002290-00000001-5724901dcdbd8b04-352c4740
2019-10-08 16:34:20.577 [nioEventLoopGroup-5-1] INFO  c.o.c.system.socket.handler.SocketServerHandler - 数据：##0137QN=20191008163400001;ST=22;CN=2011;PW=123456;MN=2019081903100008;Flag=5;CP=&&DataTime=20191008163400;LAMPBLACK-Rtd=0.3,LAMPBLACK-Flag=N&&BC81
2019-10-08 16:34:20.578 [nioEventLoopGroup-5-1] INFO  c.o.c.system.socket.handler.SocketServerHandler - 服务器接收设备上传数据完毕：0c9d92fffe787de5-00002290-00000001-5724901dcdbd8b04-352c4740
2019-10-08 16:34:20.580 [task-6] INFO  c.o.cloud.system.socket.utils.DataSegmentParseUtil - 实时数据类型
2019-10-08 16:34:20.580 [task-6] INFO  c.o.cloud.system.socket.server.DataSegmentService - 存储设备上传实时数据到数据库
2019-10-08 16:34:20.580 [task-6] INFO  c.o.cloud.system.socket.server.DataSegmentService - DataHistory(id=null, deviceNo=2019081903100008, dateTime=2019-10-08T16:34, lampblack=0.3, lampblackFlag=N, pm=null, pmFlag=null, nmhc=null, nmhcFlag=null, fanFlag=2, purifierFlag=2)
2019-10-08 16:34:40.094 [XNIO-1 task-1] INFO  c.o.c.s.s.handler.UserAuthenticationEntryPoint - 用户未登录
2019-10-08 16:35:04.474 [XNIO-1 task-2] INFO  c.o.c.s.s.handler.UserAuthenticationSuccessHandler - 用户登录成功
2019-10-08 16:35:19.076 [nioEventLoopGroup-5-1] INFO  c.o.c.system.socket.handler.SocketServerHandler - 服务器接收上传数据-连接设备ID ：0c9d92fffe787de5-00002290-00000001-5724901dcdbd8b04-352c4740
2019-10-08 16:35:19.076 [nioEventLoopGroup-5-1] INFO  c.o.c.system.socket.handler.SocketServerHandler - 数据：##0137QN=20191008163500001;ST=22;CN=2011;PW=123456;MN=2019081903100008;Flag=5;CP=&&DataTime=20191008163500;LAMPBLACK-Rtd=0.3,LAMPBLACK-Flag=N&&81C1
2019-10-08 16:35:19.078 [nioEventLoopGroup-5-1] INFO  c.o.c.system.socket.handler.SocketServerHandler - 服务器接收设备上传数据完毕：0c9d92fffe787de5-00002290-00000001-5724901dcdbd8b04-352c4740
2019-10-08 16:35:19.079 [task-8] INFO  c.o.cloud.system.socket.utils.DataSegmentParseUtil - 实时数据类型
2019-10-08 16:35:19.080 [task-8] INFO  c.o.cloud.system.socket.server.DataSegmentService - 存储设备上传实时数据到数据库
2019-10-08 16:35:19.080 [task-8] INFO  c.o.cloud.system.socket.server.DataSegmentService - DataHistory(id=null, deviceNo=2019081903100008, dateTime=2019-10-08T16:35, lampblack=0.3, lampblackFlag=N, pm=null, pmFlag=null, nmhc=null, nmhcFlag=null, fanFlag=2, purifierFlag=2)
2019-10-08 16:36:22.074 [nioEventLoopGroup-5-1] INFO  c.o.c.system.socket.handler.SocketServerHandler - 服务器接收上传数据-连接设备ID ：0c9d92fffe787de5-00002290-00000001-5724901dcdbd8b04-352c4740
2019-10-08 16:36:22.074 [nioEventLoopGroup-5-1] INFO  c.o.c.system.socket.handler.SocketServerHandler - 数据：##0137QN=20191008163600001;ST=22;CN=2011;PW=123456;MN=2019081903100008;Flag=5;CP=&&DataTime=20191008163600;LAMPBLACK-Rtd=0.2,LAMPBLACK-Flag=N&&C301
2019-10-08 16:36:22.075 [nioEventLoopGroup-5-1] INFO  c.o.c.system.socket.handler.SocketServerHandler - 服务器接收设备上传数据完毕：0c9d92fffe787de5-00002290-00000001-5724901dcdbd8b04-352c4740
2019-10-08 16:36:22.075 [task-9] INFO  c.o.cloud.system.socket.utils.DataSegmentParseUtil - 实时数据类型
2019-10-08 16:36:22.076 [task-9] INFO  c.o.cloud.system.socket.server.DataSegmentService - 存储设备上传实时数据到数据库
2019-10-08 16:36:22.076 [task-9] INFO  c.o.cloud.system.socket.server.DataSegmentService - DataHistory(id=null, deviceNo=2019081903100008, dateTime=2019-10-08T16:36, lampblack=0.2, lampblackFlag=N, pm=null, pmFlag=null, nmhc=null, nmhcFlag=null, fanFlag=2, purifierFlag=2)
2019-10-08 16:37:20.573 [nioEventLoopGroup-5-1] INFO  c.o.c.system.socket.handler.SocketServerHandler - 服务器接收上传数据-连接设备ID ：0c9d92fffe787de5-00002290-00000001-5724901dcdbd8b04-352c4740
2019-10-08 16:37:20.574 [nioEventLoopGroup-5-1] INFO  c.o.c.system.socket.handler.SocketServerHandler - 数据：##0137QN=20191008163700001;ST=22;CN=2011;PW=123456;MN=2019081903100008;Flag=5;CP=&&DataTime=20191008163700;LAMPBLACK-Rtd=0.2,LAMPBLACK-Flag=N&&FE41
2019-10-08 16:37:20.577 [nioEventLoopGroup-5-1] INFO  c.o.c.system.socket.handler.SocketServerHandler - 服务器接收设备上传数据完毕：0c9d92fffe787de5-00002290-00000001-5724901dcdbd8b04-352c4740
2019-10-08 16:37:20.580 [task-10] INFO  c.o.cloud.system.socket.utils.DataSegmentParseUtil - 实时数据类型
2019-10-08 16:37:20.581 [task-10] INFO  c.o.cloud.system.socket.server.DataSegmentService - 存储设备上传实时数据到数据库
2019-10-08 16:37:20.581 [task-10] INFO  c.o.cloud.system.socket.server.DataSegmentService - DataHistory(id=null, deviceNo=2019081903100008, dateTime=2019-10-08T16:37, lampblack=0.2, lampblackFlag=N, pm=null, pmFlag=null, nmhc=null, nmhcFlag=null, fanFlag=2, purifierFlag=2)
2019-10-08 16:38:19.072 [nioEventLoopGroup-5-1] INFO  c.o.c.system.socket.handler.SocketServerHandler - 服务器接收上传数据-连接设备ID ：0c9d92fffe787de5-00002290-00000001-5724901dcdbd8b04-352c4740
2019-10-08 16:38:19.072 [nioEventLoopGroup-5-1] INFO  c.o.c.system.socket.handler.SocketServerHandler - 数据：##0137QN=20191008163800001;ST=22;CN=2011;PW=123456;MN=2019081903100008;Flag=5;CP=&&DataTime=20191008163800;LAMPBLACK-Rtd=0.2,LAMPBLACK-Flag=N&&A001
2019-10-08 16:38:19.074 [nioEventLoopGroup-5-1] INFO  c.o.c.system.socket.handler.SocketServerHandler - 服务器接收设备上传数据完毕：0c9d92fffe787de5-00002290-00000001-5724901dcdbd8b04-352c4740
2019-10-08 16:38:19.074 [task-11] INFO  c.o.cloud.system.socket.utils.DataSegmentParseUtil - 实时数据类型
2019-10-08 16:38:19.074 [task-11] INFO  c.o.cloud.system.socket.server.DataSegmentService - 存储设备上传实时数据到数据库
2019-10-08 16:38:19.075 [task-11] INFO  c.o.cloud.system.socket.server.DataSegmentService - DataHistory(id=null, deviceNo=2019081903100008, dateTime=2019-10-08T16:38, lampblack=0.2, lampblackFlag=N, pm=null, pmFlag=null, nmhc=null, nmhcFlag=null, fanFlag=2, purifierFlag=2)
2019-10-08 16:39:22.070 [nioEventLoopGroup-5-1] INFO  c.o.c.system.socket.handler.SocketServerHandler - 服务器接收上传数据-连接设备ID ：0c9d92fffe787de5-00002290-00000001-5724901dcdbd8b04-352c4740
2019-10-08 16:39:22.071 [nioEventLoopGroup-5-1] INFO  c.o.c.system.socket.handler.SocketServerHandler - 数据：##0137QN=20191008163900001;ST=22;CN=2011;PW=123456;MN=2019081903100008;Flag=5;CP=&&DataTime=20191008163900;LAMPBLACK-Rtd=0.2,LAMPBLACK-Flag=N&&9D41
2019-10-08 16:39:22.072 [nioEventLoopGroup-5-1] INFO  c.o.c.system.socket.handler.SocketServerHandler - 服务器接收设备上传数据完毕：0c9d92fffe787de5-00002290-00000001-5724901dcdbd8b04-352c4740
2019-10-08 16:39:22.073 [task-12] INFO  c.o.cloud.system.socket.utils.DataSegmentParseUtil - 实时数据类型
2019-10-08 16:39:22.074 [task-12] INFO  c.o.cloud.system.socket.server.DataSegmentService - 存储设备上传实时数据到数据库
2019-10-08 16:39:22.074 [task-12] INFO  c.o.cloud.system.socket.server.DataSegmentService - DataHistory(id=null, deviceNo=2019081903100008, dateTime=2019-10-08T16:39, lampblack=0.2, lampblackFlag=N, pm=null, pmFlag=null, nmhc=null, nmhcFlag=null, fanFlag=2, purifierFlag=2)
2019-10-08 16:40:20.568 [nioEventLoopGroup-5-1] INFO  c.o.c.system.socket.handler.SocketServerHandler - 服务器接收上传数据-连接设备ID ：0c9d92fffe787de5-00002290-00000001-5724901dcdbd8b04-352c4740
2019-10-08 16:40:20.569 [nioEventLoopGroup-5-1] INFO  c.o.c.system.socket.handler.SocketServerHandler - 数据：##0137QN=20191008164000001;ST=22;CN=2011;PW=123456;MN=2019081903100008;Flag=5;CP=&&DataTime=20191008164000;LAMPBLACK-Rtd=0.1,LAMPBLACK-Flag=N&&D641
2019-10-08 16:40:20.569 [nioEventLoopGroup-5-1] INFO  c.o.c.system.socket.handler.SocketServerHandler - 服务器接收设备上传数据完毕：0c9d92fffe787de5-00002290-00000001-5724901dcdbd8b04-352c4740
2019-10-08 16:40:20.570 [task-13] INFO  c.o.cloud.system.socket.utils.DataSegmentParseUtil - 实时数据类型
2019-10-08 16:40:20.570 [task-13] INFO  c.o.cloud.system.socket.server.DataSegmentService - 存储设备上传实时数据到数据库
2019-10-08 16:40:20.570 [task-13] INFO  c.o.cloud.system.socket.server.DataSegmentService - DataHistory(id=null, deviceNo=2019081903100008, dateTime=2019-10-08T16:40, lampblack=0.1, lampblackFlag=N, pm=null, pmFlag=null, nmhc=null, nmhcFlag=null, fanFlag=2, purifierFlag=2)
2019-10-08 16:40:20.776 [nioEventLoopGroup-5-1] INFO  c.o.c.system.socket.handler.SocketServerHandler - 服务器接收上传数据-连接设备ID ：0c9d92fffe787de5-00002290-00000001-5724901dcdbd8b04-352c4740
2019-10-08 16:40:20.776 [nioEventLoopGroup-5-1] INFO  c.o.c.system.socket.handler.SocketServerHandler - 数据：##0173QN=20191008164000001;ST=22;CN=2051;PW=123456;MN=2019081903100008;Flag=5;CP=&&DataTime=20191008164000;LAMPBLACK-Min=0.1,LAMPBLACK-Avg=0.2,LAMPBLACK-Max=0.3,LAMPBLACK-Flag=N&&0500
2019-10-08 16:40:20.777 [nioEventLoopGroup-5-1] INFO  c.o.c.system.socket.handler.SocketServerHandler - 设备上传格式错误，不符合HJ212协议
2019-10-08 16:40:20.777 [nioEventLoopGroup-5-1] INFO  c.o.c.system.socket.handler.SocketServerHandler - 服务器接收设备上传数据完毕：0c9d92fffe787de5-00002290-00000001-5724901dcdbd8b04-352c4740
2019-10-08 16:41:15.847 [Thread-28] INFO  o.s.scheduling.concurrent.ThreadPoolTaskScheduler - Shutting down ExecutorService 'taskScheduler'
2019-10-08 16:41:15.853 [Thread-28] INFO  o.s.scheduling.concurrent.ThreadPoolTaskExecutor - Shutting down ExecutorService 'applicationTaskExecutor'
2019-10-08 16:41:16.983 [Thread-28] INFO  com.zaxxer.hikari.HikariDataSource - DatebookHikariCP - Shutdown initiated...
2019-10-08 16:41:16.997 [Thread-28] INFO  com.zaxxer.hikari.HikariDataSource - DatebookHikariCP - Shutdown completed.
2019-10-08 16:41:17.005 [Thread-28] INFO  io.undertow.servlet - Destroying Spring FrameworkServlet 'dispatcherServlet'
