2019-11-08 10:25:12.551 [restartedMain] INFO  com.osen.cloud.system.LampblackSystemApplication - Starting LampblackSystemApplication on PC-20190708MDDO with PID 6692 (E:\gitworkspace\lampblack-admin\lampblack-system\target\classes started by Administrator in E:\gitworkspace\lampblack-admin)
2019-11-08 10:25:12.559 [restartedMain] INFO  com.osen.cloud.system.LampblackSystemApplication - The following profiles are active: dev
2019-11-08 10:25:12.723 [restartedMain] INFO  o.s.b.d.env.DevToolsPropertyDefaultsPostProcessor - Devtools property defaults active! Set 'spring.devtools.add-properties' to 'false' to disable
2019-11-08 10:25:12.724 [restartedMain] INFO  o.s.b.d.env.DevToolsPropertyDefaultsPostProcessor - For additional web related logging consider setting the 'logging.level.web' property to 'DEBUG'
2019-11-08 10:25:15.238 [restartedMain] INFO  o.s.d.r.config.RepositoryConfigurationDelegate - Multiple Spring Data modules found, entering strict repository configuration mode!
2019-11-08 10:25:15.245 [restartedMain] INFO  o.s.d.r.config.RepositoryConfigurationDelegate - Bootstrapping Spring Data repositories in DEFAULT mode.
2019-11-08 10:25:15.332 [restartedMain] INFO  o.s.d.r.config.RepositoryConfigurationDelegate - Finished Spring Data repository scanning in 52ms. Found 0 repository interfaces.
2019-11-08 10:25:16.180 [restartedMain] INFO  o.s.c.s.PostProcessorRegistrationDelegate$BeanPostProcessorChecker - Bean 'org.springframework.security.config.annotation.configuration.ObjectPostProcessorConfiguration' of type [org.springframework.security.config.annotation.configuration.ObjectPostProcessorConfiguration$$EnhancerBySpringCGLIB$$6c75d209] is not eligible for getting processed by all BeanPostProcessors (for example: not eligible for auto-proxying)
2019-11-08 10:25:16.197 [restartedMain] INFO  o.s.c.s.PostProcessorRegistrationDelegate$BeanPostProcessorChecker - Bean 'org.springframework.transaction.annotation.ProxyTransactionManagementConfiguration' of type [org.springframework.transaction.annotation.ProxyTransactionManagementConfiguration$$EnhancerBySpringCGLIB$$d3c809cf] is not eligible for getting processed by all BeanPostProcessors (for example: not eligible for auto-proxying)
2019-11-08 10:25:16.241 [restartedMain] INFO  o.s.c.s.PostProcessorRegistrationDelegate$BeanPostProcessorChecker - Bean 'objectPostProcessor' of type [org.springframework.security.config.annotation.configuration.AutowireBeanFactoryObjectPostProcessor] is not eligible for getting processed by all BeanPostProcessors (for example: not eligible for auto-proxying)
2019-11-08 10:25:16.245 [restartedMain] INFO  o.s.c.s.PostProcessorRegistrationDelegate$BeanPostProcessorChecker - Bean 'org.springframework.security.access.expression.method.DefaultMethodSecurityExpressionHandler@212b42d8' of type [org.springframework.security.access.expression.method.DefaultMethodSecurityExpressionHandler] is not eligible for getting processed by all BeanPostProcessors (for example: not eligible for auto-proxying)
2019-11-08 10:25:16.251 [restartedMain] INFO  o.s.c.s.PostProcessorRegistrationDelegate$BeanPostProcessorChecker - Bean 'org.springframework.security.config.annotation.method.configuration.GlobalMethodSecurityConfiguration' of type [org.springframework.security.config.annotation.method.configuration.GlobalMethodSecurityConfiguration$$EnhancerBySpringCGLIB$$914a74bb] is not eligible for getting processed by all BeanPostProcessors (for example: not eligible for auto-proxying)
2019-11-08 10:25:16.262 [restartedMain] INFO  o.s.c.s.PostProcessorRegistrationDelegate$BeanPostProcessorChecker - Bean 'methodSecurityMetadataSource' of type [org.springframework.security.access.method.DelegatingMethodSecurityMetadataSource] is not eligible for getting processed by all BeanPostProcessors (for example: not eligible for auto-proxying)
2019-11-08 10:25:16.865 [restartedMain] INFO  io.undertow.servlet - Initializing Spring embedded WebApplicationContext
2019-11-08 10:25:16.865 [restartedMain] INFO  org.springframework.web.context.ContextLoader - Root WebApplicationContext: initialization completed in 4141 ms
2019-11-08 10:25:21.324 [Socket Server Thread-01] INFO  c.o.c.s.system_socket.config.SocketServerStarter - system_socket service starting port: 8888
2019-11-08 10:25:21.672 [restartedMain] INFO  o.s.security.web.DefaultSecurityFilterChain - Creating filter chain: any request, [org.springframework.security.web.context.request.async.WebAsyncManagerIntegrationFilter@232036f, org.springframework.security.web.context.SecurityContextPersistenceFilter@1c12623b, org.springframework.security.web.header.HeaderWriterFilter@2b9631be, org.springframework.security.web.authentication.logout.LogoutFilter@3525a93e, com.osen.cloud.system.web_security.config.JwtAuthenticationTokenFilter@4a05f6a3, org.springframework.security.web.authentication.UsernamePasswordAuthenticationFilter@48518956, org.springframework.security.web.savedrequest.RequestCacheAwareFilter@121227b8, org.springframework.security.web.servletapi.SecurityContextHolderAwareRequestFilter@5ce25b6d, org.springframework.security.web.authentication.AnonymousAuthenticationFilter@2daf7556, org.springframework.security.web.session.SessionManagementFilter@59c9cc09, org.springframework.security.web.access.ExceptionTranslationFilter@5542c90d, org.springframework.security.web.access.intercept.FilterSecurityInterceptor@7f98ac19]
2019-11-08 10:25:21.913 [restartedMain] INFO  o.s.scheduling.concurrent.ThreadPoolTaskExecutor - Initializing ExecutorService 'applicationTaskExecutor'
2019-11-08 10:25:22.966 [restartedMain] INFO  o.s.b.actuate.endpoint.web.EndpointLinksResolver - Exposing 2 endpoint(s) beneath base path '/actuator'
2019-11-08 10:25:23.056 [restartedMain] INFO  o.s.scheduling.concurrent.ThreadPoolTaskScheduler - Initializing ExecutorService 'taskScheduler'
2019-11-08 10:25:23.186 [restartedMain] INFO  o.s.b.d.autoconfigure.OptionalLiveReloadServer - LiveReload server is running on port 35729
2019-11-08 10:25:23.360 [restartedMain] INFO  org.xnio - XNIO version 3.3.8.Final
2019-11-08 10:25:23.384 [restartedMain] INFO  org.xnio.nio - XNIO NIO Implementation Version 3.3.8.Final
2019-11-08 10:25:23.475 [restartedMain] INFO  o.s.b.w.embedded.undertow.UndertowServletWebServer - Undertow started on port(s) 8081 (http) with context path ''
2019-11-08 10:25:23.480 [restartedMain] INFO  com.osen.cloud.system.LampblackSystemApplication - Started LampblackSystemApplication in 12.164 seconds (JVM running for 15.761)
2019-11-08 10:25:23.843 [RMI TCP Connection(3)-192.168.1.54] INFO  com.zaxxer.hikari.HikariDataSource - DatebookHikariCP - Starting...
2019-11-08 10:25:23.969 [RMI TCP Connection(5)-192.168.1.54] INFO  io.undertow.servlet - Initializing Spring DispatcherServlet 'dispatcherServlet'
2019-11-08 10:25:23.970 [RMI TCP Connection(5)-192.168.1.54] INFO  org.springframework.web.servlet.DispatcherServlet - Initializing Servlet 'dispatcherServlet'
2019-11-08 10:25:23.989 [RMI TCP Connection(5)-192.168.1.54] INFO  org.springframework.web.servlet.DispatcherServlet - Completed initialization in 19 ms
2019-11-08 10:25:24.218 [RMI TCP Connection(3)-192.168.1.54] INFO  com.zaxxer.hikari.HikariDataSource - DatebookHikariCP - Start completed.
2019-11-08 10:25:24.477 [parallel-1] INFO  io.lettuce.core.EpollProvider - Starting without optional epoll library
2019-11-08 10:25:24.482 [parallel-1] INFO  io.lettuce.core.KqueueProvider - Starting without optional kqueue library
2019-11-08 10:28:23.293 [XNIO-1 task-1] INFO  c.o.c.s.w.handler.UserAuthenticationEntryPoint - 用户未登录
2019-11-08 10:28:33.711 [XNIO-1 task-2] INFO  c.o.c.s.w.handler.UserAuthenticationSuccessHandler - 用户登录成功
2019-11-08 10:30:28.348 [Thread-32] INFO  o.s.scheduling.concurrent.ThreadPoolTaskScheduler - Shutting down ExecutorService 'taskScheduler'
2019-11-08 10:30:28.353 [Thread-32] INFO  o.s.scheduling.concurrent.ThreadPoolTaskExecutor - Shutting down ExecutorService 'applicationTaskExecutor'
2019-11-08 10:30:29.022 [XNIO-1 task-12] INFO  c.o.c.s.w.handler.UserAuthenticationEntryPoint - 用户未登录
2019-11-08 10:30:30.012 [Thread-32] INFO  com.zaxxer.hikari.HikariDataSource - DatebookHikariCP - Shutdown initiated...
2019-11-08 10:30:30.023 [Thread-32] INFO  com.zaxxer.hikari.HikariDataSource - DatebookHikariCP - Shutdown completed.
2019-11-08 10:30:30.034 [Thread-32] INFO  io.undertow.servlet - Destroying Spring FrameworkServlet 'dispatcherServlet'
2019-11-08 10:31:29.866 [restartedMain] INFO  com.osen.cloud.system.LampblackSystemApplication - Starting LampblackSystemApplication on PC-20190708MDDO with PID 1800 (E:\gitworkspace\lampblack-admin\lampblack-system\target\classes started by Administrator in E:\gitworkspace\lampblack-admin)
2019-11-08 10:31:29.871 [restartedMain] INFO  com.osen.cloud.system.LampblackSystemApplication - The following profiles are active: dev
2019-11-08 10:31:30.036 [restartedMain] INFO  o.s.b.d.env.DevToolsPropertyDefaultsPostProcessor - Devtools property defaults active! Set 'spring.devtools.add-properties' to 'false' to disable
2019-11-08 10:31:30.037 [restartedMain] INFO  o.s.b.d.env.DevToolsPropertyDefaultsPostProcessor - For additional web related logging consider setting the 'logging.level.web' property to 'DEBUG'
2019-11-08 10:31:32.555 [restartedMain] INFO  o.s.d.r.config.RepositoryConfigurationDelegate - Multiple Spring Data modules found, entering strict repository configuration mode!
2019-11-08 10:31:32.558 [restartedMain] INFO  o.s.d.r.config.RepositoryConfigurationDelegate - Bootstrapping Spring Data repositories in DEFAULT mode.
2019-11-08 10:31:32.630 [restartedMain] INFO  o.s.d.r.config.RepositoryConfigurationDelegate - Finished Spring Data repository scanning in 44ms. Found 0 repository interfaces.
2019-11-08 10:31:33.391 [restartedMain] INFO  o.s.c.s.PostProcessorRegistrationDelegate$BeanPostProcessorChecker - Bean 'org.springframework.security.config.annotation.configuration.ObjectPostProcessorConfiguration' of type [org.springframework.security.config.annotation.configuration.ObjectPostProcessorConfiguration$$EnhancerBySpringCGLIB$$cf78163f] is not eligible for getting processed by all BeanPostProcessors (for example: not eligible for auto-proxying)
2019-11-08 10:31:33.407 [restartedMain] INFO  o.s.c.s.PostProcessorRegistrationDelegate$BeanPostProcessorChecker - Bean 'org.springframework.transaction.annotation.ProxyTransactionManagementConfiguration' of type [org.springframework.transaction.annotation.ProxyTransactionManagementConfiguration$$EnhancerBySpringCGLIB$$36ca4e05] is not eligible for getting processed by all BeanPostProcessors (for example: not eligible for auto-proxying)
2019-11-08 10:31:33.445 [restartedMain] INFO  o.s.c.s.PostProcessorRegistrationDelegate$BeanPostProcessorChecker - Bean 'objectPostProcessor' of type [org.springframework.security.config.annotation.configuration.AutowireBeanFactoryObjectPostProcessor] is not eligible for getting processed by all BeanPostProcessors (for example: not eligible for auto-proxying)
2019-11-08 10:31:33.449 [restartedMain] INFO  o.s.c.s.PostProcessorRegistrationDelegate$BeanPostProcessorChecker - Bean 'org.springframework.security.access.expression.method.DefaultMethodSecurityExpressionHandler@3a147247' of type [org.springframework.security.access.expression.method.DefaultMethodSecurityExpressionHandler] is not eligible for getting processed by all BeanPostProcessors (for example: not eligible for auto-proxying)
2019-11-08 10:31:33.454 [restartedMain] INFO  o.s.c.s.PostProcessorRegistrationDelegate$BeanPostProcessorChecker - Bean 'org.springframework.security.config.annotation.method.configuration.GlobalMethodSecurityConfiguration' of type [org.springframework.security.config.annotation.method.configuration.GlobalMethodSecurityConfiguration$$EnhancerBySpringCGLIB$$f44cb8f1] is not eligible for getting processed by all BeanPostProcessors (for example: not eligible for auto-proxying)
2019-11-08 10:31:33.463 [restartedMain] INFO  o.s.c.s.PostProcessorRegistrationDelegate$BeanPostProcessorChecker - Bean 'methodSecurityMetadataSource' of type [org.springframework.security.access.method.DelegatingMethodSecurityMetadataSource] is not eligible for getting processed by all BeanPostProcessors (for example: not eligible for auto-proxying)
2019-11-08 10:31:33.993 [restartedMain] INFO  io.undertow.servlet - Initializing Spring embedded WebApplicationContext
2019-11-08 10:31:33.994 [restartedMain] INFO  org.springframework.web.context.ContextLoader - Root WebApplicationContext: initialization completed in 3957 ms
2019-11-08 10:31:38.066 [Socket Server Thread-01] INFO  c.o.c.s.system_socket.config.SocketServerStarter - system_socket service starting port: 8888
2019-11-08 10:31:38.335 [restartedMain] INFO  o.s.security.web.DefaultSecurityFilterChain - Creating filter chain: any request, [org.springframework.security.web.context.request.async.WebAsyncManagerIntegrationFilter@1c2ad2de, org.springframework.security.web.context.SecurityContextPersistenceFilter@238d40ec, org.springframework.security.web.header.HeaderWriterFilter@78c799f, org.springframework.security.web.authentication.logout.LogoutFilter@696c15e1, com.osen.cloud.system.web_security.config.JwtAuthenticationTokenFilter@4502e1c2, org.springframework.security.web.authentication.UsernamePasswordAuthenticationFilter@43af9912, org.springframework.security.web.savedrequest.RequestCacheAwareFilter@259d745f, org.springframework.security.web.servletapi.SecurityContextHolderAwareRequestFilter@a589b, org.springframework.security.web.authentication.AnonymousAuthenticationFilter@614cb539, org.springframework.security.web.session.SessionManagementFilter@173f084e, org.springframework.security.web.access.ExceptionTranslationFilter@2bde7db3, org.springframework.security.web.access.intercept.FilterSecurityInterceptor@288e3c8d]
2019-11-08 10:31:38.554 [restartedMain] INFO  o.s.scheduling.concurrent.ThreadPoolTaskExecutor - Initializing ExecutorService 'applicationTaskExecutor'
2019-11-08 10:31:39.560 [restartedMain] INFO  o.s.b.actuate.endpoint.web.EndpointLinksResolver - Exposing 2 endpoint(s) beneath base path '/actuator'
2019-11-08 10:31:39.649 [restartedMain] INFO  o.s.scheduling.concurrent.ThreadPoolTaskScheduler - Initializing ExecutorService 'taskScheduler'
2019-11-08 10:31:39.772 [restartedMain] INFO  o.s.b.d.autoconfigure.OptionalLiveReloadServer - LiveReload server is running on port 35729
2019-11-08 10:31:39.936 [restartedMain] INFO  org.xnio - XNIO version 3.3.8.Final
2019-11-08 10:31:39.954 [restartedMain] INFO  org.xnio.nio - XNIO NIO Implementation Version 3.3.8.Final
2019-11-08 10:31:40.040 [restartedMain] INFO  o.s.b.w.embedded.undertow.UndertowServletWebServer - Undertow started on port(s) 8081 (http) with context path ''
2019-11-08 10:31:40.047 [restartedMain] INFO  com.osen.cloud.system.LampblackSystemApplication - Started LampblackSystemApplication in 11.156 seconds (JVM running for 12.574)
2019-11-08 10:31:40.217 [RMI TCP Connection(1)-192.168.1.54] INFO  com.zaxxer.hikari.HikariDataSource - DatebookHikariCP - Starting...
2019-11-08 10:31:40.393 [RMI TCP Connection(3)-192.168.1.54] INFO  io.undertow.servlet - Initializing Spring DispatcherServlet 'dispatcherServlet'
2019-11-08 10:31:40.393 [RMI TCP Connection(3)-192.168.1.54] INFO  org.springframework.web.servlet.DispatcherServlet - Initializing Servlet 'dispatcherServlet'
2019-11-08 10:31:40.411 [RMI TCP Connection(3)-192.168.1.54] INFO  org.springframework.web.servlet.DispatcherServlet - Completed initialization in 17 ms
2019-11-08 10:31:40.612 [RMI TCP Connection(1)-192.168.1.54] INFO  com.zaxxer.hikari.HikariDataSource - DatebookHikariCP - Start completed.
2019-11-08 10:31:40.959 [parallel-1] INFO  io.lettuce.core.EpollProvider - Starting without optional epoll library
2019-11-08 10:31:40.962 [parallel-1] INFO  io.lettuce.core.KqueueProvider - Starting without optional kqueue library
2019-11-08 10:34:18.803 [Thread-28] INFO  o.s.scheduling.concurrent.ThreadPoolTaskScheduler - Shutting down ExecutorService 'taskScheduler'
2019-11-08 10:34:18.808 [Thread-28] INFO  o.s.scheduling.concurrent.ThreadPoolTaskExecutor - Shutting down ExecutorService 'applicationTaskExecutor'
2019-11-08 10:34:20.113 [Thread-28] INFO  com.zaxxer.hikari.HikariDataSource - DatebookHikariCP - Shutdown initiated...
2019-11-08 10:34:20.133 [Thread-28] INFO  com.zaxxer.hikari.HikariDataSource - DatebookHikariCP - Shutdown completed.
2019-11-08 10:34:20.141 [Thread-28] INFO  io.undertow.servlet - Destroying Spring FrameworkServlet 'dispatcherServlet'
2019-11-08 10:34:20.560 [restartedMain] INFO  com.osen.cloud.system.LampblackSystemApplication - Starting LampblackSystemApplication on PC-20190708MDDO with PID 1800 (E:\gitworkspace\lampblack-admin\lampblack-system\target\classes started by Administrator in E:\gitworkspace\lampblack-admin)
2019-11-08 10:34:20.561 [restartedMain] INFO  com.osen.cloud.system.LampblackSystemApplication - The following profiles are active: dev
2019-11-08 10:34:22.059 [restartedMain] INFO  o.s.d.r.config.RepositoryConfigurationDelegate - Multiple Spring Data modules found, entering strict repository configuration mode!
2019-11-08 10:34:22.060 [restartedMain] INFO  o.s.d.r.config.RepositoryConfigurationDelegate - Bootstrapping Spring Data repositories in DEFAULT mode.
2019-11-08 10:34:22.095 [restartedMain] INFO  o.s.d.r.config.RepositoryConfigurationDelegate - Finished Spring Data repository scanning in 35ms. Found 0 repository interfaces.
2019-11-08 10:34:32.827 [restartedMain] INFO  com.osen.cloud.system.LampblackSystemApplication - Starting LampblackSystemApplication on PC-20190708MDDO with PID 8472 (E:\gitworkspace\lampblack-admin\lampblack-system\target\classes started by Administrator in E:\gitworkspace\lampblack-admin)
2019-11-08 10:34:32.833 [restartedMain] INFO  com.osen.cloud.system.LampblackSystemApplication - The following profiles are active: dev
2019-11-08 10:34:32.979 [restartedMain] INFO  o.s.b.d.env.DevToolsPropertyDefaultsPostProcessor - Devtools property defaults active! Set 'spring.devtools.add-properties' to 'false' to disable
2019-11-08 10:34:32.980 [restartedMain] INFO  o.s.b.d.env.DevToolsPropertyDefaultsPostProcessor - For additional web related logging consider setting the 'logging.level.web' property to 'DEBUG'
2019-11-08 10:34:35.713 [restartedMain] INFO  o.s.d.r.config.RepositoryConfigurationDelegate - Multiple Spring Data modules found, entering strict repository configuration mode!
2019-11-08 10:34:35.717 [restartedMain] INFO  o.s.d.r.config.RepositoryConfigurationDelegate - Bootstrapping Spring Data repositories in DEFAULT mode.
2019-11-08 10:34:35.792 [restartedMain] INFO  o.s.d.r.config.RepositoryConfigurationDelegate - Finished Spring Data repository scanning in 48ms. Found 0 repository interfaces.
2019-11-08 10:34:36.536 [restartedMain] INFO  o.s.c.s.PostProcessorRegistrationDelegate$BeanPostProcessorChecker - Bean 'org.springframework.security.config.annotation.configuration.ObjectPostProcessorConfiguration' of type [org.springframework.security.config.annotation.configuration.ObjectPostProcessorConfiguration$$EnhancerBySpringCGLIB$$9c9cfa00] is not eligible for getting processed by all BeanPostProcessors (for example: not eligible for auto-proxying)
2019-11-08 10:34:36.555 [restartedMain] INFO  o.s.c.s.PostProcessorRegistrationDelegate$BeanPostProcessorChecker - Bean 'org.springframework.transaction.annotation.ProxyTransactionManagementConfiguration' of type [org.springframework.transaction.annotation.ProxyTransactionManagementConfiguration$$EnhancerBySpringCGLIB$$3ef31c6] is not eligible for getting processed by all BeanPostProcessors (for example: not eligible for auto-proxying)
2019-11-08 10:34:36.594 [restartedMain] INFO  o.s.c.s.PostProcessorRegistrationDelegate$BeanPostProcessorChecker - Bean 'objectPostProcessor' of type [org.springframework.security.config.annotation.configuration.AutowireBeanFactoryObjectPostProcessor] is not eligible for getting processed by all BeanPostProcessors (for example: not eligible for auto-proxying)
2019-11-08 10:34:36.597 [restartedMain] INFO  o.s.c.s.PostProcessorRegistrationDelegate$BeanPostProcessorChecker - Bean 'org.springframework.security.access.expression.method.DefaultMethodSecurityExpressionHandler@19cc468' of type [org.springframework.security.access.expression.method.DefaultMethodSecurityExpressionHandler] is not eligible for getting processed by all BeanPostProcessors (for example: not eligible for auto-proxying)
2019-11-08 10:34:36.603 [restartedMain] INFO  o.s.c.s.PostProcessorRegistrationDelegate$BeanPostProcessorChecker - Bean 'org.springframework.security.config.annotation.method.configuration.GlobalMethodSecurityConfiguration' of type [org.springframework.security.config.annotation.method.configuration.GlobalMethodSecurityConfiguration$$EnhancerBySpringCGLIB$$c1719cb2] is not eligible for getting processed by all BeanPostProcessors (for example: not eligible for auto-proxying)
2019-11-08 10:34:36.614 [restartedMain] INFO  o.s.c.s.PostProcessorRegistrationDelegate$BeanPostProcessorChecker - Bean 'methodSecurityMetadataSource' of type [org.springframework.security.access.method.DelegatingMethodSecurityMetadataSource] is not eligible for getting processed by all BeanPostProcessors (for example: not eligible for auto-proxying)
2019-11-08 10:34:37.163 [restartedMain] INFO  io.undertow.servlet - Initializing Spring embedded WebApplicationContext
2019-11-08 10:34:37.163 [restartedMain] INFO  org.springframework.web.context.ContextLoader - Root WebApplicationContext: initialization completed in 4183 ms
2019-11-08 10:34:41.253 [Socket Server Thread-01] INFO  c.o.c.s.system_socket.config.SocketServerStarter - system_socket service starting port: 8888
2019-11-08 10:34:41.567 [restartedMain] INFO  o.s.security.web.DefaultSecurityFilterChain - Creating filter chain: any request, [org.springframework.security.web.context.request.async.WebAsyncManagerIntegrationFilter@2a688a5a, org.springframework.security.web.context.SecurityContextPersistenceFilter@67f50f27, org.springframework.security.web.header.HeaderWriterFilter@92c6a08, org.springframework.security.web.authentication.logout.LogoutFilter@3ae5d270, com.osen.cloud.system.web_security.config.JwtAuthenticationTokenFilter@22be3e3e, org.springframework.security.web.authentication.UsernamePasswordAuthenticationFilter@15a4b6a6, org.springframework.security.web.savedrequest.RequestCacheAwareFilter@36edc9ef, org.springframework.security.web.servletapi.SecurityContextHolderAwareRequestFilter@74ef529a, org.springframework.security.web.authentication.AnonymousAuthenticationFilter@20f1dc28, org.springframework.security.web.session.SessionManagementFilter@24394149, org.springframework.security.web.access.ExceptionTranslationFilter@23f2992f, org.springframework.security.web.access.intercept.FilterSecurityInterceptor@595f6127]
2019-11-08 10:34:41.798 [restartedMain] INFO  o.s.scheduling.concurrent.ThreadPoolTaskExecutor - Initializing ExecutorService 'applicationTaskExecutor'
2019-11-08 10:34:42.780 [restartedMain] INFO  o.s.b.actuate.endpoint.web.EndpointLinksResolver - Exposing 2 endpoint(s) beneath base path '/actuator'
2019-11-08 10:34:42.873 [restartedMain] INFO  o.s.scheduling.concurrent.ThreadPoolTaskScheduler - Initializing ExecutorService 'taskScheduler'
2019-11-08 10:34:43.006 [restartedMain] INFO  o.s.b.d.autoconfigure.OptionalLiveReloadServer - LiveReload server is running on port 35729
2019-11-08 10:34:43.179 [restartedMain] INFO  org.xnio - XNIO version 3.3.8.Final
2019-11-08 10:34:43.209 [restartedMain] INFO  org.xnio.nio - XNIO NIO Implementation Version 3.3.8.Final
2019-11-08 10:34:43.286 [restartedMain] INFO  o.s.b.w.embedded.undertow.UndertowServletWebServer - Undertow started on port(s) 8081 (http) with context path ''
2019-11-08 10:34:43.291 [restartedMain] INFO  com.osen.cloud.system.LampblackSystemApplication - Started LampblackSystemApplication in 11.885 seconds (JVM running for 13.15)
2019-11-08 10:34:43.873 [RMI TCP Connection(2)-192.168.1.54] INFO  io.undertow.servlet - Initializing Spring DispatcherServlet 'dispatcherServlet'
2019-11-08 10:34:43.874 [RMI TCP Connection(2)-192.168.1.54] INFO  org.springframework.web.servlet.DispatcherServlet - Initializing Servlet 'dispatcherServlet'
2019-11-08 10:34:43.884 [RMI TCP Connection(1)-192.168.1.54] INFO  com.zaxxer.hikari.HikariDataSource - DatebookHikariCP - Starting...
2019-11-08 10:34:43.899 [RMI TCP Connection(2)-192.168.1.54] INFO  org.springframework.web.servlet.DispatcherServlet - Completed initialization in 24 ms
2019-11-08 10:34:44.165 [RMI TCP Connection(1)-192.168.1.54] INFO  com.zaxxer.hikari.HikariDataSource - DatebookHikariCP - Start completed.
2019-11-08 10:34:44.468 [parallel-1] INFO  io.lettuce.core.EpollProvider - Starting without optional epoll library
2019-11-08 10:34:44.472 [parallel-1] INFO  io.lettuce.core.KqueueProvider - Starting without optional kqueue library
2019-11-08 10:35:54.611 [Thread-30] INFO  o.s.scheduling.concurrent.ThreadPoolTaskScheduler - Shutting down ExecutorService 'taskScheduler'
2019-11-08 10:35:54.614 [Thread-30] INFO  o.s.scheduling.concurrent.ThreadPoolTaskExecutor - Shutting down ExecutorService 'applicationTaskExecutor'
2019-11-08 10:35:55.744 [Thread-30] INFO  com.zaxxer.hikari.HikariDataSource - DatebookHikariCP - Shutdown initiated...
2019-11-08 10:35:55.753 [Thread-30] INFO  com.zaxxer.hikari.HikariDataSource - DatebookHikariCP - Shutdown completed.
2019-11-08 10:35:55.757 [Thread-30] INFO  io.undertow.servlet - Destroying Spring FrameworkServlet 'dispatcherServlet'
2019-11-08 10:36:12.969 [restartedMain] INFO  com.osen.cloud.system.LampblackSystemApplication - Starting LampblackSystemApplication on PC-20190708MDDO with PID 9084 (E:\gitworkspace\lampblack-admin\lampblack-system\target\classes started by Administrator in E:\gitworkspace\lampblack-admin)
2019-11-08 10:36:12.972 [restartedMain] INFO  com.osen.cloud.system.LampblackSystemApplication - The following profiles are active: dev
2019-11-08 10:36:13.093 [restartedMain] INFO  o.s.b.d.env.DevToolsPropertyDefaultsPostProcessor - Devtools property defaults active! Set 'spring.devtools.add-properties' to 'false' to disable
2019-11-08 10:36:13.093 [restartedMain] INFO  o.s.b.d.env.DevToolsPropertyDefaultsPostProcessor - For additional web related logging consider setting the 'logging.level.web' property to 'DEBUG'
2019-11-08 10:36:15.110 [restartedMain] INFO  o.s.d.r.config.RepositoryConfigurationDelegate - Multiple Spring Data modules found, entering strict repository configuration mode!
2019-11-08 10:36:15.114 [restartedMain] INFO  o.s.d.r.config.RepositoryConfigurationDelegate - Bootstrapping Spring Data repositories in DEFAULT mode.
2019-11-08 10:36:15.182 [restartedMain] INFO  o.s.d.r.config.RepositoryConfigurationDelegate - Finished Spring Data repository scanning in 44ms. Found 0 repository interfaces.
2019-11-08 10:36:15.914 [restartedMain] INFO  o.s.c.s.PostProcessorRegistrationDelegate$BeanPostProcessorChecker - Bean 'org.springframework.security.config.annotation.configuration.ObjectPostProcessorConfiguration' of type [org.springframework.security.config.annotation.configuration.ObjectPostProcessorConfiguration$$EnhancerBySpringCGLIB$$9aa7c78d] is not eligible for getting processed by all BeanPostProcessors (for example: not eligible for auto-proxying)
2019-11-08 10:36:15.929 [restartedMain] INFO  o.s.c.s.PostProcessorRegistrationDelegate$BeanPostProcessorChecker - Bean 'org.springframework.transaction.annotation.ProxyTransactionManagementConfiguration' of type [org.springframework.transaction.annotation.ProxyTransactionManagementConfiguration$$EnhancerBySpringCGLIB$$1f9ff53] is not eligible for getting processed by all BeanPostProcessors (for example: not eligible for auto-proxying)
2019-11-08 10:36:15.968 [restartedMain] INFO  o.s.c.s.PostProcessorRegistrationDelegate$BeanPostProcessorChecker - Bean 'objectPostProcessor' of type [org.springframework.security.config.annotation.configuration.AutowireBeanFactoryObjectPostProcessor] is not eligible for getting processed by all BeanPostProcessors (for example: not eligible for auto-proxying)
2019-11-08 10:36:15.972 [restartedMain] INFO  o.s.c.s.PostProcessorRegistrationDelegate$BeanPostProcessorChecker - Bean 'org.springframework.security.access.expression.method.DefaultMethodSecurityExpressionHandler@6573c7ff' of type [org.springframework.security.access.expression.method.DefaultMethodSecurityExpressionHandler] is not eligible for getting processed by all BeanPostProcessors (for example: not eligible for auto-proxying)
2019-11-08 10:36:15.976 [restartedMain] INFO  o.s.c.s.PostProcessorRegistrationDelegate$BeanPostProcessorChecker - Bean 'org.springframework.security.config.annotation.method.configuration.GlobalMethodSecurityConfiguration' of type [org.springframework.security.config.annotation.method.configuration.GlobalMethodSecurityConfiguration$$EnhancerBySpringCGLIB$$bf7c6a3f] is not eligible for getting processed by all BeanPostProcessors (for example: not eligible for auto-proxying)
2019-11-08 10:36:15.986 [restartedMain] INFO  o.s.c.s.PostProcessorRegistrationDelegate$BeanPostProcessorChecker - Bean 'methodSecurityMetadataSource' of type [org.springframework.security.access.method.DelegatingMethodSecurityMetadataSource] is not eligible for getting processed by all BeanPostProcessors (for example: not eligible for auto-proxying)
2019-11-08 10:36:16.550 [restartedMain] INFO  io.undertow.servlet - Initializing Spring embedded WebApplicationContext
2019-11-08 10:36:16.551 [restartedMain] INFO  org.springframework.web.context.ContextLoader - Root WebApplicationContext: initialization completed in 3458 ms
2019-11-08 10:36:20.679 [Socket Server Thread-01] INFO  c.o.c.s.system_socket.config.SocketServerStarter - system_socket service starting port: 8888
2019-11-08 10:36:20.956 [restartedMain] INFO  o.s.security.web.DefaultSecurityFilterChain - Creating filter chain: any request, [org.springframework.security.web.context.request.async.WebAsyncManagerIntegrationFilter@42fdb8fb, org.springframework.security.web.context.SecurityContextPersistenceFilter@20c9b729, org.springframework.security.web.header.HeaderWriterFilter@a81a7ca, org.springframework.security.web.authentication.logout.LogoutFilter@4a9f499f, com.osen.cloud.system.web_security.config.JwtAuthenticationTokenFilter@4d34a8, org.springframework.security.web.authentication.UsernamePasswordAuthenticationFilter@7819be13, org.springframework.security.web.savedrequest.RequestCacheAwareFilter@63e631de, org.springframework.security.web.servletapi.SecurityContextHolderAwareRequestFilter@2e8db214, org.springframework.security.web.authentication.AnonymousAuthenticationFilter@432fa2c9, org.springframework.security.web.session.SessionManagementFilter@54572bfb, org.springframework.security.web.access.ExceptionTranslationFilter@230a6584, org.springframework.security.web.access.intercept.FilterSecurityInterceptor@4eedfbc4]
2019-11-08 10:36:21.183 [restartedMain] INFO  o.s.scheduling.concurrent.ThreadPoolTaskExecutor - Initializing ExecutorService 'applicationTaskExecutor'
2019-11-08 10:36:22.212 [restartedMain] INFO  o.s.b.actuate.endpoint.web.EndpointLinksResolver - Exposing 2 endpoint(s) beneath base path '/actuator'
2019-11-08 10:36:22.298 [restartedMain] INFO  o.s.scheduling.concurrent.ThreadPoolTaskScheduler - Initializing ExecutorService 'taskScheduler'
2019-11-08 10:36:22.409 [restartedMain] INFO  o.s.b.d.autoconfigure.OptionalLiveReloadServer - LiveReload server is running on port 35729
2019-11-08 10:36:22.565 [restartedMain] INFO  org.xnio - XNIO version 3.3.8.Final
2019-11-08 10:36:22.580 [restartedMain] INFO  org.xnio.nio - XNIO NIO Implementation Version 3.3.8.Final
2019-11-08 10:36:22.657 [restartedMain] INFO  o.s.b.w.embedded.undertow.UndertowServletWebServer - Undertow started on port(s) 8081 (http) with context path ''
2019-11-08 10:36:22.662 [restartedMain] INFO  com.osen.cloud.system.LampblackSystemApplication - Started LampblackSystemApplication in 11.244 seconds (JVM running for 12.442)
2019-11-08 10:36:23.264 [RMI TCP Connection(1)-192.168.1.54] INFO  io.undertow.servlet - Initializing Spring DispatcherServlet 'dispatcherServlet'
2019-11-08 10:36:23.264 [RMI TCP Connection(1)-192.168.1.54] INFO  org.springframework.web.servlet.DispatcherServlet - Initializing Servlet 'dispatcherServlet'
2019-11-08 10:36:23.271 [RMI TCP Connection(2)-192.168.1.54] INFO  com.zaxxer.hikari.HikariDataSource - DatebookHikariCP - Starting...
2019-11-08 10:36:23.283 [RMI TCP Connection(1)-192.168.1.54] INFO  org.springframework.web.servlet.DispatcherServlet - Completed initialization in 19 ms
2019-11-08 10:36:23.586 [RMI TCP Connection(2)-192.168.1.54] INFO  com.zaxxer.hikari.HikariDataSource - DatebookHikariCP - Start completed.
2019-11-08 10:36:23.894 [parallel-1] INFO  io.lettuce.core.EpollProvider - Starting without optional epoll library
2019-11-08 10:36:23.900 [parallel-1] INFO  io.lettuce.core.KqueueProvider - Starting without optional kqueue library
2019-11-08 10:36:58.800 [Thread-29] INFO  o.s.scheduling.concurrent.ThreadPoolTaskScheduler - Shutting down ExecutorService 'taskScheduler'
2019-11-08 10:36:58.803 [Thread-29] INFO  o.s.scheduling.concurrent.ThreadPoolTaskExecutor - Shutting down ExecutorService 'applicationTaskExecutor'
2019-11-08 10:36:59.934 [Thread-29] INFO  com.zaxxer.hikari.HikariDataSource - DatebookHikariCP - Shutdown initiated...
2019-11-08 10:36:59.945 [Thread-29] INFO  com.zaxxer.hikari.HikariDataSource - DatebookHikariCP - Shutdown completed.
2019-11-08 10:36:59.956 [Thread-29] INFO  io.undertow.servlet - Destroying Spring FrameworkServlet 'dispatcherServlet'
2019-11-08 10:37:19.406 [restartedMain] INFO  com.osen.cloud.system.LampblackSystemApplication - Starting LampblackSystemApplication on PC-20190708MDDO with PID 8916 (E:\gitworkspace\lampblack-admin\lampblack-system\target\classes started by Administrator in E:\gitworkspace\lampblack-admin)
2019-11-08 10:37:19.412 [restartedMain] INFO  com.osen.cloud.system.LampblackSystemApplication - The following profiles are active: dev
2019-11-08 10:37:19.555 [restartedMain] INFO  o.s.b.d.env.DevToolsPropertyDefaultsPostProcessor - Devtools property defaults active! Set 'spring.devtools.add-properties' to 'false' to disable
2019-11-08 10:37:19.556 [restartedMain] INFO  o.s.b.d.env.DevToolsPropertyDefaultsPostProcessor - For additional web related logging consider setting the 'logging.level.web' property to 'DEBUG'
2019-11-08 10:37:21.613 [restartedMain] INFO  o.s.d.r.config.RepositoryConfigurationDelegate - Multiple Spring Data modules found, entering strict repository configuration mode!
2019-11-08 10:37:21.617 [restartedMain] INFO  o.s.d.r.config.RepositoryConfigurationDelegate - Bootstrapping Spring Data repositories in DEFAULT mode.
2019-11-08 10:37:21.683 [restartedMain] INFO  o.s.d.r.config.RepositoryConfigurationDelegate - Finished Spring Data repository scanning in 43ms. Found 0 repository interfaces.
2019-11-08 10:37:22.428 [restartedMain] INFO  o.s.c.s.PostProcessorRegistrationDelegate$BeanPostProcessorChecker - Bean 'org.springframework.security.config.annotation.configuration.ObjectPostProcessorConfiguration' of type [org.springframework.security.config.annotation.configuration.ObjectPostProcessorConfiguration$$EnhancerBySpringCGLIB$$d10c70b0] is not eligible for getting processed by all BeanPostProcessors (for example: not eligible for auto-proxying)
2019-11-08 10:37:22.443 [restartedMain] INFO  o.s.c.s.PostProcessorRegistrationDelegate$BeanPostProcessorChecker - Bean 'org.springframework.transaction.annotation.ProxyTransactionManagementConfiguration' of type [org.springframework.transaction.annotation.ProxyTransactionManagementConfiguration$$EnhancerBySpringCGLIB$$385ea876] is not eligible for getting processed by all BeanPostProcessors (for example: not eligible for auto-proxying)
2019-11-08 10:37:22.484 [restartedMain] INFO  o.s.c.s.PostProcessorRegistrationDelegate$BeanPostProcessorChecker - Bean 'objectPostProcessor' of type [org.springframework.security.config.annotation.configuration.AutowireBeanFactoryObjectPostProcessor] is not eligible for getting processed by all BeanPostProcessors (for example: not eligible for auto-proxying)
2019-11-08 10:37:22.488 [restartedMain] INFO  o.s.c.s.PostProcessorRegistrationDelegate$BeanPostProcessorChecker - Bean 'org.springframework.security.access.expression.method.DefaultMethodSecurityExpressionHandler@5fd53752' of type [org.springframework.security.access.expression.method.DefaultMethodSecurityExpressionHandler] is not eligible for getting processed by all BeanPostProcessors (for example: not eligible for auto-proxying)
2019-11-08 10:37:22.494 [restartedMain] INFO  o.s.c.s.PostProcessorRegistrationDelegate$BeanPostProcessorChecker - Bean 'org.springframework.security.config.annotation.method.configuration.GlobalMethodSecurityConfiguration' of type [org.springframework.security.config.annotation.method.configuration.GlobalMethodSecurityConfiguration$$EnhancerBySpringCGLIB$$f5e11362] is not eligible for getting processed by all BeanPostProcessors (for example: not eligible for auto-proxying)
2019-11-08 10:37:22.502 [restartedMain] INFO  o.s.c.s.PostProcessorRegistrationDelegate$BeanPostProcessorChecker - Bean 'methodSecurityMetadataSource' of type [org.springframework.security.access.method.DelegatingMethodSecurityMetadataSource] is not eligible for getting processed by all BeanPostProcessors (for example: not eligible for auto-proxying)
2019-11-08 10:37:23.065 [restartedMain] INFO  io.undertow.servlet - Initializing Spring embedded WebApplicationContext
2019-11-08 10:37:23.066 [restartedMain] INFO  org.springframework.web.context.ContextLoader - Root WebApplicationContext: initialization completed in 3510 ms
2019-11-08 10:37:27.165 [Socket Server Thread-01] INFO  c.o.c.s.system_socket.config.SocketServerStarter - system_socket service starting port: 8888
2019-11-08 10:37:27.430 [restartedMain] INFO  o.s.security.web.DefaultSecurityFilterChain - Creating filter chain: any request, [org.springframework.security.web.context.request.async.WebAsyncManagerIntegrationFilter@77e401e8, org.springframework.security.web.context.SecurityContextPersistenceFilter@76f94c3f, org.springframework.security.web.header.HeaderWriterFilter@d859e0, org.springframework.security.web.authentication.logout.LogoutFilter@402e26a1, com.osen.cloud.system.web_security.config.JwtAuthenticationTokenFilter@59188ff0, org.springframework.security.web.authentication.UsernamePasswordAuthenticationFilter@79798553, org.springframework.security.web.savedrequest.RequestCacheAwareFilter@cc6d447, org.springframework.security.web.servletapi.SecurityContextHolderAwareRequestFilter@157ab129, org.springframework.security.web.authentication.AnonymousAuthenticationFilter@3cd4ef26, org.springframework.security.web.session.SessionManagementFilter@3c405e00, org.springframework.security.web.access.ExceptionTranslationFilter@790c7759, org.springframework.security.web.access.intercept.FilterSecurityInterceptor@22669764]
2019-11-08 10:37:27.642 [restartedMain] INFO  o.s.scheduling.concurrent.ThreadPoolTaskExecutor - Initializing ExecutorService 'applicationTaskExecutor'
2019-11-08 10:37:28.655 [restartedMain] INFO  o.s.b.actuate.endpoint.web.EndpointLinksResolver - Exposing 2 endpoint(s) beneath base path '/actuator'
2019-11-08 10:37:28.745 [restartedMain] INFO  o.s.scheduling.concurrent.ThreadPoolTaskScheduler - Initializing ExecutorService 'taskScheduler'
2019-11-08 10:37:28.869 [restartedMain] INFO  o.s.b.d.autoconfigure.OptionalLiveReloadServer - LiveReload server is running on port 35729
2019-11-08 10:37:29.035 [restartedMain] INFO  org.xnio - XNIO version 3.3.8.Final
2019-11-08 10:37:29.052 [restartedMain] INFO  org.xnio.nio - XNIO NIO Implementation Version 3.3.8.Final
2019-11-08 10:37:29.134 [restartedMain] INFO  o.s.b.w.embedded.undertow.UndertowServletWebServer - Undertow started on port(s) 8081 (http) with context path ''
2019-11-08 10:37:29.141 [restartedMain] INFO  com.osen.cloud.system.LampblackSystemApplication - Started LampblackSystemApplication in 11.313 seconds (JVM running for 12.677)
2019-11-08 10:37:29.595 [RMI TCP Connection(2)-192.168.1.54] INFO  io.undertow.servlet - Initializing Spring DispatcherServlet 'dispatcherServlet'
2019-11-08 10:37:29.595 [RMI TCP Connection(2)-192.168.1.54] INFO  org.springframework.web.servlet.DispatcherServlet - Initializing Servlet 'dispatcherServlet'
2019-11-08 10:37:29.596 [RMI TCP Connection(1)-192.168.1.54] INFO  com.zaxxer.hikari.HikariDataSource - DatebookHikariCP - Starting...
2019-11-08 10:37:29.614 [RMI TCP Connection(2)-192.168.1.54] INFO  org.springframework.web.servlet.DispatcherServlet - Completed initialization in 19 ms
2019-11-08 10:37:29.967 [RMI TCP Connection(1)-192.168.1.54] INFO  com.zaxxer.hikari.HikariDataSource - DatebookHikariCP - Start completed.
2019-11-08 10:37:30.170 [parallel-1] INFO  io.lettuce.core.EpollProvider - Starting without optional epoll library
2019-11-08 10:37:30.176 [parallel-1] INFO  io.lettuce.core.KqueueProvider - Starting without optional kqueue library
2019-11-08 10:38:16.218 [Thread-30] INFO  o.s.scheduling.concurrent.ThreadPoolTaskScheduler - Shutting down ExecutorService 'taskScheduler'
2019-11-08 10:38:16.221 [Thread-30] INFO  o.s.scheduling.concurrent.ThreadPoolTaskExecutor - Shutting down ExecutorService 'applicationTaskExecutor'
2019-11-08 10:38:17.504 [Thread-30] INFO  com.zaxxer.hikari.HikariDataSource - DatebookHikariCP - Shutdown initiated...
2019-11-08 10:38:17.516 [Thread-30] INFO  com.zaxxer.hikari.HikariDataSource - DatebookHikariCP - Shutdown completed.
2019-11-08 10:38:17.521 [Thread-30] INFO  io.undertow.servlet - Destroying Spring FrameworkServlet 'dispatcherServlet'
2019-11-08 10:38:28.601 [restartedMain] INFO  com.osen.cloud.system.LampblackSystemApplication - Starting LampblackSystemApplication on PC-20190708MDDO with PID 8776 (E:\gitworkspace\lampblack-admin\lampblack-system\target\classes started by Administrator in E:\gitworkspace\lampblack-admin)
2019-11-08 10:38:28.607 [restartedMain] INFO  com.osen.cloud.system.LampblackSystemApplication - The following profiles are active: dev
2019-11-08 10:38:28.812 [restartedMain] INFO  o.s.b.d.env.DevToolsPropertyDefaultsPostProcessor - Devtools property defaults active! Set 'spring.devtools.add-properties' to 'false' to disable
2019-11-08 10:38:28.812 [restartedMain] INFO  o.s.b.d.env.DevToolsPropertyDefaultsPostProcessor - For additional web related logging consider setting the 'logging.level.web' property to 'DEBUG'
2019-11-08 10:38:31.355 [restartedMain] INFO  o.s.d.r.config.RepositoryConfigurationDelegate - Multiple Spring Data modules found, entering strict repository configuration mode!
2019-11-08 10:38:31.359 [restartedMain] INFO  o.s.d.r.config.RepositoryConfigurationDelegate - Bootstrapping Spring Data repositories in DEFAULT mode.
2019-11-08 10:38:31.422 [restartedMain] INFO  o.s.d.r.config.RepositoryConfigurationDelegate - Finished Spring Data repository scanning in 42ms. Found 0 repository interfaces.
2019-11-08 10:38:32.152 [restartedMain] INFO  o.s.c.s.PostProcessorRegistrationDelegate$BeanPostProcessorChecker - Bean 'org.springframework.security.config.annotation.configuration.ObjectPostProcessorConfiguration' of type [org.springframework.security.config.annotation.configuration.ObjectPostProcessorConfiguration$$EnhancerBySpringCGLIB$$14b7afc4] is not eligible for getting processed by all BeanPostProcessors (for example: not eligible for auto-proxying)
2019-11-08 10:38:32.169 [restartedMain] INFO  o.s.c.s.PostProcessorRegistrationDelegate$BeanPostProcessorChecker - Bean 'org.springframework.transaction.annotation.ProxyTransactionManagementConfiguration' of type [org.springframework.transaction.annotation.ProxyTransactionManagementConfiguration$$EnhancerBySpringCGLIB$$7c09e78a] is not eligible for getting processed by all BeanPostProcessors (for example: not eligible for auto-proxying)
2019-11-08 10:38:32.206 [restartedMain] INFO  o.s.c.s.PostProcessorRegistrationDelegate$BeanPostProcessorChecker - Bean 'objectPostProcessor' of type [org.springframework.security.config.annotation.configuration.AutowireBeanFactoryObjectPostProcessor] is not eligible for getting processed by all BeanPostProcessors (for example: not eligible for auto-proxying)
2019-11-08 10:38:32.210 [restartedMain] INFO  o.s.c.s.PostProcessorRegistrationDelegate$BeanPostProcessorChecker - Bean 'org.springframework.security.access.expression.method.DefaultMethodSecurityExpressionHandler@66e7ee50' of type [org.springframework.security.access.expression.method.DefaultMethodSecurityExpressionHandler] is not eligible for getting processed by all BeanPostProcessors (for example: not eligible for auto-proxying)
2019-11-08 10:38:32.214 [restartedMain] INFO  o.s.c.s.PostProcessorRegistrationDelegate$BeanPostProcessorChecker - Bean 'org.springframework.security.config.annotation.method.configuration.GlobalMethodSecurityConfiguration' of type [org.springframework.security.config.annotation.method.configuration.GlobalMethodSecurityConfiguration$$EnhancerBySpringCGLIB$$398c5276] is not eligible for getting processed by all BeanPostProcessors (for example: not eligible for auto-proxying)
2019-11-08 10:38:32.225 [restartedMain] INFO  o.s.c.s.PostProcessorRegistrationDelegate$BeanPostProcessorChecker - Bean 'methodSecurityMetadataSource' of type [org.springframework.security.access.method.DelegatingMethodSecurityMetadataSource] is not eligible for getting processed by all BeanPostProcessors (for example: not eligible for auto-proxying)
2019-11-08 10:38:32.746 [restartedMain] INFO  io.undertow.servlet - Initializing Spring embedded WebApplicationContext
2019-11-08 10:38:32.746 [restartedMain] INFO  org.springframework.web.context.ContextLoader - Root WebApplicationContext: initialization completed in 3933 ms
2019-11-08 10:38:36.891 [Socket Server Thread-01] INFO  c.o.c.s.system_socket.config.SocketServerStarter - system_socket service starting port: 8888
2019-11-08 10:38:37.162 [restartedMain] INFO  o.s.security.web.DefaultSecurityFilterChain - Creating filter chain: any request, [org.springframework.security.web.context.request.async.WebAsyncManagerIntegrationFilter@3e24ad5f, org.springframework.security.web.context.SecurityContextPersistenceFilter@3e654739, org.springframework.security.web.header.HeaderWriterFilter@29f82c75, org.springframework.security.web.authentication.logout.LogoutFilter@c3b1ad, com.osen.cloud.system.web_security.config.JwtAuthenticationTokenFilter@a41798b, org.springframework.security.web.authentication.UsernamePasswordAuthenticationFilter@5b2bcdda, org.springframework.security.web.savedrequest.RequestCacheAwareFilter@5de3b850, org.springframework.security.web.servletapi.SecurityContextHolderAwareRequestFilter@5ffa8053, org.springframework.security.web.authentication.AnonymousAuthenticationFilter@42bfa4a0, org.springframework.security.web.session.SessionManagementFilter@52d5823f, org.springframework.security.web.access.ExceptionTranslationFilter@72fd8199, org.springframework.security.web.access.intercept.FilterSecurityInterceptor@6c7c8007]
2019-11-08 10:38:37.379 [restartedMain] INFO  o.s.scheduling.concurrent.ThreadPoolTaskExecutor - Initializing ExecutorService 'applicationTaskExecutor'
2019-11-08 10:38:38.363 [restartedMain] INFO  o.s.b.actuate.endpoint.web.EndpointLinksResolver - Exposing 2 endpoint(s) beneath base path '/actuator'
2019-11-08 10:38:38.453 [restartedMain] INFO  o.s.scheduling.concurrent.ThreadPoolTaskScheduler - Initializing ExecutorService 'taskScheduler'
2019-11-08 10:38:38.583 [restartedMain] INFO  o.s.b.d.autoconfigure.OptionalLiveReloadServer - LiveReload server is running on port 35729
2019-11-08 10:38:38.743 [restartedMain] INFO  org.xnio - XNIO version 3.3.8.Final
2019-11-08 10:38:38.762 [restartedMain] INFO  org.xnio.nio - XNIO NIO Implementation Version 3.3.8.Final
2019-11-08 10:38:38.841 [restartedMain] INFO  o.s.b.w.embedded.undertow.UndertowServletWebServer - Undertow started on port(s) 8081 (http) with context path ''
2019-11-08 10:38:38.846 [restartedMain] INFO  com.osen.cloud.system.LampblackSystemApplication - Started LampblackSystemApplication in 11.278 seconds (JVM running for 12.49)
2019-11-08 10:38:39.565 [RMI TCP Connection(3)-192.168.1.54] INFO  io.undertow.servlet - Initializing Spring DispatcherServlet 'dispatcherServlet'
2019-11-08 10:38:39.565 [RMI TCP Connection(3)-192.168.1.54] INFO  org.springframework.web.servlet.DispatcherServlet - Initializing Servlet 'dispatcherServlet'
2019-11-08 10:38:39.566 [RMI TCP Connection(2)-192.168.1.54] INFO  com.zaxxer.hikari.HikariDataSource - DatebookHikariCP - Starting...
2019-11-08 10:38:39.584 [RMI TCP Connection(3)-192.168.1.54] INFO  org.springframework.web.servlet.DispatcherServlet - Completed initialization in 19 ms
2019-11-08 10:38:39.901 [RMI TCP Connection(2)-192.168.1.54] INFO  com.zaxxer.hikari.HikariDataSource - DatebookHikariCP - Start completed.
2019-11-08 10:38:40.097 [parallel-1] INFO  io.lettuce.core.EpollProvider - Starting without optional epoll library
2019-11-08 10:38:40.102 [parallel-1] INFO  io.lettuce.core.KqueueProvider - Starting without optional kqueue library
2019-11-08 11:17:51.039 [Thread-29] INFO  o.s.scheduling.concurrent.ThreadPoolTaskScheduler - Shutting down ExecutorService 'taskScheduler'
2019-11-08 11:17:51.042 [Thread-29] INFO  o.s.scheduling.concurrent.ThreadPoolTaskExecutor - Shutting down ExecutorService 'applicationTaskExecutor'
2019-11-08 11:17:52.178 [Thread-29] INFO  com.zaxxer.hikari.HikariDataSource - DatebookHikariCP - Shutdown initiated...
2019-11-08 11:17:52.184 [Thread-29] INFO  com.zaxxer.hikari.HikariDataSource - DatebookHikariCP - Shutdown completed.
2019-11-08 11:17:52.192 [Thread-29] INFO  io.undertow.servlet - Destroying Spring FrameworkServlet 'dispatcherServlet'
2019-11-08 11:20:06.264 [restartedMain] INFO  com.osen.cloud.system.LampblackSystemApplication - Starting LampblackSystemApplication on PC-20190708MDDO with PID 8696 (E:\gitworkspace\lampblack-admin\lampblack-system\target\classes started by Administrator in E:\gitworkspace\lampblack-admin)
2019-11-08 11:20:06.270 [restartedMain] INFO  com.osen.cloud.system.LampblackSystemApplication - The following profiles are active: dev
2019-11-08 11:20:06.417 [restartedMain] INFO  o.s.b.d.env.DevToolsPropertyDefaultsPostProcessor - Devtools property defaults active! Set 'spring.devtools.add-properties' to 'false' to disable
2019-11-08 11:20:06.417 [restartedMain] INFO  o.s.b.d.env.DevToolsPropertyDefaultsPostProcessor - For additional web related logging consider setting the 'logging.level.web' property to 'DEBUG'
2019-11-08 11:20:09.201 [restartedMain] INFO  o.s.d.r.config.RepositoryConfigurationDelegate - Multiple Spring Data modules found, entering strict repository configuration mode!
2019-11-08 11:20:09.209 [restartedMain] INFO  o.s.d.r.config.RepositoryConfigurationDelegate - Bootstrapping Spring Data repositories in DEFAULT mode.
2019-11-08 11:20:09.333 [restartedMain] INFO  o.s.d.r.config.RepositoryConfigurationDelegate - Finished Spring Data repository scanning in 88ms. Found 0 repository interfaces.
2019-11-08 11:20:10.209 [restartedMain] INFO  o.s.c.s.PostProcessorRegistrationDelegate$BeanPostProcessorChecker - Bean 'org.springframework.security.config.annotation.configuration.ObjectPostProcessorConfiguration' of type [org.springframework.security.config.annotation.configuration.ObjectPostProcessorConfiguration$$EnhancerBySpringCGLIB$$2681f663] is not eligible for getting processed by all BeanPostProcessors (for example: not eligible for auto-proxying)
2019-11-08 11:20:10.225 [restartedMain] INFO  o.s.c.s.PostProcessorRegistrationDelegate$BeanPostProcessorChecker - Bean 'org.springframework.transaction.annotation.ProxyTransactionManagementConfiguration' of type [org.springframework.transaction.annotation.ProxyTransactionManagementConfiguration$$EnhancerBySpringCGLIB$$8dd42e29] is not eligible for getting processed by all BeanPostProcessors (for example: not eligible for auto-proxying)
2019-11-08 11:20:10.266 [restartedMain] INFO  o.s.c.s.PostProcessorRegistrationDelegate$BeanPostProcessorChecker - Bean 'objectPostProcessor' of type [org.springframework.security.config.annotation.configuration.AutowireBeanFactoryObjectPostProcessor] is not eligible for getting processed by all BeanPostProcessors (for example: not eligible for auto-proxying)
2019-11-08 11:20:10.270 [restartedMain] INFO  o.s.c.s.PostProcessorRegistrationDelegate$BeanPostProcessorChecker - Bean 'org.springframework.security.access.expression.method.DefaultMethodSecurityExpressionHandler@64d31136' of type [org.springframework.security.access.expression.method.DefaultMethodSecurityExpressionHandler] is not eligible for getting processed by all BeanPostProcessors (for example: not eligible for auto-proxying)
2019-11-08 11:20:10.272 [restartedMain] INFO  o.s.c.s.PostProcessorRegistrationDelegate$BeanPostProcessorChecker - Bean 'org.springframework.security.config.annotation.method.configuration.GlobalMethodSecurityConfiguration' of type [org.springframework.security.config.annotation.method.configuration.GlobalMethodSecurityConfiguration$$EnhancerBySpringCGLIB$$4b569915] is not eligible for getting processed by all BeanPostProcessors (for example: not eligible for auto-proxying)
2019-11-08 11:20:10.280 [restartedMain] INFO  o.s.c.s.PostProcessorRegistrationDelegate$BeanPostProcessorChecker - Bean 'methodSecurityMetadataSource' of type [org.springframework.security.access.method.DelegatingMethodSecurityMetadataSource] is not eligible for getting processed by all BeanPostProcessors (for example: not eligible for auto-proxying)
2019-11-08 11:20:10.836 [restartedMain] INFO  io.undertow.servlet - Initializing Spring embedded WebApplicationContext
2019-11-08 11:20:10.836 [restartedMain] INFO  org.springframework.web.context.ContextLoader - Root WebApplicationContext: initialization completed in 4418 ms
2019-11-08 11:20:14.947 [Socket Server Thread-01] INFO  c.o.c.s.system_socket.config.SocketServerStarter - system_socket service starting port: 8888
2019-11-08 11:20:15.237 [restartedMain] INFO  o.s.security.web.DefaultSecurityFilterChain - Creating filter chain: any request, [org.springframework.security.web.context.request.async.WebAsyncManagerIntegrationFilter@6343142d, org.springframework.security.web.context.SecurityContextPersistenceFilter@1805ad78, org.springframework.security.web.header.HeaderWriterFilter@1c343ef4, org.springframework.security.web.authentication.logout.LogoutFilter@3596fe35, com.osen.cloud.system.web_security.config.JwtAuthenticationTokenFilter@3d0bfd61, org.springframework.security.web.authentication.UsernamePasswordAuthenticationFilter@cfd2fb8, org.springframework.security.web.savedrequest.RequestCacheAwareFilter@5abc7ce9, org.springframework.security.web.servletapi.SecurityContextHolderAwareRequestFilter@6cb1a6b6, org.springframework.security.web.authentication.AnonymousAuthenticationFilter@7e79e850, org.springframework.security.web.session.SessionManagementFilter@7d414626, org.springframework.security.web.access.ExceptionTranslationFilter@1651fa63, org.springframework.security.web.access.intercept.FilterSecurityInterceptor@24eca9b7]
2019-11-08 11:20:15.463 [restartedMain] INFO  o.s.scheduling.concurrent.ThreadPoolTaskExecutor - Initializing ExecutorService 'applicationTaskExecutor'
2019-11-08 11:20:16.489 [restartedMain] INFO  o.s.b.actuate.endpoint.web.EndpointLinksResolver - Exposing 2 endpoint(s) beneath base path '/actuator'
2019-11-08 11:20:16.577 [restartedMain] INFO  o.s.scheduling.concurrent.ThreadPoolTaskScheduler - Initializing ExecutorService 'taskScheduler'
2019-11-08 11:20:16.704 [restartedMain] INFO  o.s.b.d.autoconfigure.OptionalLiveReloadServer - LiveReload server is running on port 35729
2019-11-08 11:20:16.872 [restartedMain] INFO  org.xnio - XNIO version 3.3.8.Final
2019-11-08 11:20:16.888 [restartedMain] INFO  org.xnio.nio - XNIO NIO Implementation Version 3.3.8.Final
2019-11-08 11:20:16.966 [restartedMain] INFO  o.s.b.w.embedded.undertow.UndertowServletWebServer - Undertow started on port(s) 8081 (http) with context path ''
2019-11-08 11:20:16.971 [restartedMain] INFO  com.osen.cloud.system.LampblackSystemApplication - Started LampblackSystemApplication in 12.139 seconds (JVM running for 13.511)
2019-11-08 11:20:17.648 [RMI TCP Connection(2)-192.168.1.54] INFO  com.zaxxer.hikari.HikariDataSource - DatebookHikariCP - Starting...
2019-11-08 11:20:17.648 [RMI TCP Connection(3)-192.168.1.54] INFO  io.undertow.servlet - Initializing Spring DispatcherServlet 'dispatcherServlet'
2019-11-08 11:20:17.651 [RMI TCP Connection(3)-192.168.1.54] INFO  org.springframework.web.servlet.DispatcherServlet - Initializing Servlet 'dispatcherServlet'
2019-11-08 11:20:17.673 [RMI TCP Connection(3)-192.168.1.54] INFO  org.springframework.web.servlet.DispatcherServlet - Completed initialization in 22 ms
2019-11-08 11:20:17.943 [RMI TCP Connection(2)-192.168.1.54] INFO  com.zaxxer.hikari.HikariDataSource - DatebookHikariCP - Start completed.
2019-11-08 11:20:18.191 [parallel-1] INFO  io.lettuce.core.EpollProvider - Starting without optional epoll library
2019-11-08 11:20:18.196 [parallel-1] INFO  io.lettuce.core.KqueueProvider - Starting without optional kqueue library
2019-11-08 14:17:38.976 [XNIO-1 task-60] INFO  c.o.c.s.w.handler.UserAuthenticationEntryPoint - 用户未登录
2019-11-08 14:17:49.462 [XNIO-1 task-61] INFO  c.o.c.s.w.handler.UserAuthenticationEntryPoint - 用户未登录
2019-11-08 14:18:07.687 [XNIO-1 task-62] INFO  c.o.c.s.w.handler.UserAuthenticationSuccessHandler - 用户登录成功
2019-11-08 14:23:24.596 [XNIO-1 task-8] INFO  c.o.c.s.w.handler.UserAuthenticationSuccessHandler - 用户登录成功
2019-11-08 14:25:13.358 [XNIO-1 task-13] INFO  c.o.c.s.w.handler.UserAuthenticationSuccessHandler - 用户登录成功
2019-11-08 14:28:09.507 [XNIO-1 task-12] INFO  c.o.c.s.w.handler.UserAuthenticationSuccessHandler - 用户登录成功
2019-11-08 14:47:07.820 [Thread-31] INFO  o.s.scheduling.concurrent.ThreadPoolTaskScheduler - Shutting down ExecutorService 'taskScheduler'
2019-11-08 14:47:07.843 [Thread-31] INFO  o.s.scheduling.concurrent.ThreadPoolTaskExecutor - Shutting down ExecutorService 'applicationTaskExecutor'
2019-11-08 14:47:09.126 [Thread-31] INFO  com.zaxxer.hikari.HikariDataSource - DatebookHikariCP - Shutdown initiated...
2019-11-08 14:47:09.137 [Thread-31] INFO  com.zaxxer.hikari.HikariDataSource - DatebookHikariCP - Shutdown completed.
2019-11-08 14:47:09.158 [Thread-31] INFO  io.undertow.servlet - Destroying Spring FrameworkServlet 'dispatcherServlet'
2019-11-08 14:53:35.781 [restartedMain] INFO  com.osen.cloud.system.LampblackSystemApplication - Starting LampblackSystemApplication on PC-20190708MDDO with PID 7584 (E:\gitworkspace\lampblack-admin\lampblack-system\target\classes started by Administrator in E:\gitworkspace\lampblack-admin)
2019-11-08 14:53:35.785 [restartedMain] INFO  com.osen.cloud.system.LampblackSystemApplication - The following profiles are active: dev
2019-11-08 14:53:35.888 [restartedMain] INFO  o.s.b.d.env.DevToolsPropertyDefaultsPostProcessor - Devtools property defaults active! Set 'spring.devtools.add-properties' to 'false' to disable
2019-11-08 14:53:35.889 [restartedMain] INFO  o.s.b.d.env.DevToolsPropertyDefaultsPostProcessor - For additional web related logging consider setting the 'logging.level.web' property to 'DEBUG'
2019-11-08 14:53:38.215 [restartedMain] INFO  o.s.d.r.config.RepositoryConfigurationDelegate - Multiple Spring Data modules found, entering strict repository configuration mode!
2019-11-08 14:53:38.220 [restartedMain] INFO  o.s.d.r.config.RepositoryConfigurationDelegate - Bootstrapping Spring Data repositories in DEFAULT mode.
2019-11-08 14:53:38.294 [restartedMain] INFO  o.s.d.r.config.RepositoryConfigurationDelegate - Finished Spring Data repository scanning in 50ms. Found 0 repository interfaces.
2019-11-08 14:53:39.067 [restartedMain] INFO  o.s.c.s.PostProcessorRegistrationDelegate$BeanPostProcessorChecker - Bean 'org.springframework.security.config.annotation.configuration.ObjectPostProcessorConfiguration' of type [org.springframework.security.config.annotation.configuration.ObjectPostProcessorConfiguration$$EnhancerBySpringCGLIB$$1e5ffd0d] is not eligible for getting processed by all BeanPostProcessors (for example: not eligible for auto-proxying)
2019-11-08 14:53:39.084 [restartedMain] INFO  o.s.c.s.PostProcessorRegistrationDelegate$BeanPostProcessorChecker - Bean 'org.springframework.transaction.annotation.ProxyTransactionManagementConfiguration' of type [org.springframework.transaction.annotation.ProxyTransactionManagementConfiguration$$EnhancerBySpringCGLIB$$85b234d3] is not eligible for getting processed by all BeanPostProcessors (for example: not eligible for auto-proxying)
2019-11-08 14:53:39.126 [restartedMain] INFO  o.s.c.s.PostProcessorRegistrationDelegate$BeanPostProcessorChecker - Bean 'objectPostProcessor' of type [org.springframework.security.config.annotation.configuration.AutowireBeanFactoryObjectPostProcessor] is not eligible for getting processed by all BeanPostProcessors (for example: not eligible for auto-proxying)
2019-11-08 14:53:39.131 [restartedMain] INFO  o.s.c.s.PostProcessorRegistrationDelegate$BeanPostProcessorChecker - Bean 'org.springframework.security.access.expression.method.DefaultMethodSecurityExpressionHandler@729aad1f' of type [org.springframework.security.access.expression.method.DefaultMethodSecurityExpressionHandler] is not eligible for getting processed by all BeanPostProcessors (for example: not eligible for auto-proxying)
2019-11-08 14:53:39.136 [restartedMain] INFO  o.s.c.s.PostProcessorRegistrationDelegate$BeanPostProcessorChecker - Bean 'org.springframework.security.config.annotation.method.configuration.GlobalMethodSecurityConfiguration' of type [org.springframework.security.config.annotation.method.configuration.GlobalMethodSecurityConfiguration$$EnhancerBySpringCGLIB$$43349fbf] is not eligible for getting processed by all BeanPostProcessors (for example: not eligible for auto-proxying)
2019-11-08 14:53:39.148 [restartedMain] INFO  o.s.c.s.PostProcessorRegistrationDelegate$BeanPostProcessorChecker - Bean 'methodSecurityMetadataSource' of type [org.springframework.security.access.method.DelegatingMethodSecurityMetadataSource] is not eligible for getting processed by all BeanPostProcessors (for example: not eligible for auto-proxying)
2019-11-08 14:53:39.755 [restartedMain] INFO  io.undertow.servlet - Initializing Spring embedded WebApplicationContext
2019-11-08 14:53:39.755 [restartedMain] INFO  org.springframework.web.context.ContextLoader - Root WebApplicationContext: initialization completed in 3866 ms
2019-11-08 14:53:43.992 [Socket Server Thread-01] INFO  c.o.c.s.system_socket.config.SocketServerStarter - system_socket service starting port: 8888
2019-11-08 14:53:44.307 [restartedMain] INFO  o.s.security.web.DefaultSecurityFilterChain - Creating filter chain: any request, [org.springframework.security.web.context.request.async.WebAsyncManagerIntegrationFilter@177f87b0, org.springframework.security.web.context.SecurityContextPersistenceFilter@406eaeaa, org.springframework.security.web.header.HeaderWriterFilter@1c3d863f, org.springframework.security.web.authentication.logout.LogoutFilter@10afa437, com.osen.cloud.system.web_security.config.JwtAuthenticationTokenFilter@377afadf, org.springframework.security.web.authentication.UsernamePasswordAuthenticationFilter@5dc1a4a7, org.springframework.security.web.savedrequest.RequestCacheAwareFilter@128fe9b, org.springframework.security.web.servletapi.SecurityContextHolderAwareRequestFilter@e546926, org.springframework.security.web.authentication.AnonymousAuthenticationFilter@56322f5, org.springframework.security.web.session.SessionManagementFilter@320e3829, org.springframework.security.web.access.ExceptionTranslationFilter@fc375b4, org.springframework.security.web.access.intercept.FilterSecurityInterceptor@53bd9e59]
2019-11-08 14:53:44.532 [restartedMain] INFO  o.s.scheduling.concurrent.ThreadPoolTaskExecutor - Initializing ExecutorService 'applicationTaskExecutor'
2019-11-08 14:53:45.574 [restartedMain] INFO  o.s.b.actuate.endpoint.web.EndpointLinksResolver - Exposing 2 endpoint(s) beneath base path '/actuator'
2019-11-08 14:53:45.662 [restartedMain] INFO  o.s.scheduling.concurrent.ThreadPoolTaskScheduler - Initializing ExecutorService 'taskScheduler'
2019-11-08 14:53:45.788 [restartedMain] INFO  o.s.b.d.autoconfigure.OptionalLiveReloadServer - LiveReload server is running on port 35729
2019-11-08 14:53:45.962 [restartedMain] INFO  org.xnio - XNIO version 3.3.8.Final
2019-11-08 14:53:45.980 [restartedMain] INFO  org.xnio.nio - XNIO NIO Implementation Version 3.3.8.Final
2019-11-08 14:53:46.063 [restartedMain] INFO  o.s.b.w.embedded.undertow.UndertowServletWebServer - Undertow started on port(s) 8081 (http) with context path ''
2019-11-08 14:53:46.069 [restartedMain] INFO  com.osen.cloud.system.LampblackSystemApplication - Started LampblackSystemApplication in 11.962 seconds (JVM running for 13.463)
2019-11-08 14:53:46.349 [RMI TCP Connection(3)-192.168.1.54] INFO  io.undertow.servlet - Initializing Spring DispatcherServlet 'dispatcherServlet'
2019-11-08 14:53:46.349 [RMI TCP Connection(3)-192.168.1.54] INFO  org.springframework.web.servlet.DispatcherServlet - Initializing Servlet 'dispatcherServlet'
2019-11-08 14:53:46.351 [RMI TCP Connection(4)-192.168.1.54] INFO  com.zaxxer.hikari.HikariDataSource - DatebookHikariCP - Starting...
2019-11-08 14:53:46.369 [RMI TCP Connection(3)-192.168.1.54] INFO  org.springframework.web.servlet.DispatcherServlet - Completed initialization in 20 ms
2019-11-08 14:53:47.041 [RMI TCP Connection(4)-192.168.1.54] INFO  com.zaxxer.hikari.HikariDataSource - DatebookHikariCP - Start completed.
2019-11-08 14:53:47.290 [parallel-1] INFO  io.lettuce.core.EpollProvider - Starting without optional epoll library
2019-11-08 14:53:47.295 [parallel-1] INFO  io.lettuce.core.KqueueProvider - Starting without optional kqueue library
2019-11-08 14:58:56.303 [Thread-29] INFO  o.s.scheduling.concurrent.ThreadPoolTaskScheduler - Shutting down ExecutorService 'taskScheduler'
2019-11-08 14:58:56.306 [Thread-29] INFO  o.s.scheduling.concurrent.ThreadPoolTaskExecutor - Shutting down ExecutorService 'applicationTaskExecutor'
2019-11-08 14:58:57.445 [Thread-29] INFO  com.zaxxer.hikari.HikariDataSource - DatebookHikariCP - Shutdown initiated...
2019-11-08 14:58:57.454 [Thread-29] INFO  com.zaxxer.hikari.HikariDataSource - DatebookHikariCP - Shutdown completed.
2019-11-08 14:58:57.460 [Thread-29] INFO  io.undertow.servlet - Destroying Spring FrameworkServlet 'dispatcherServlet'
2019-11-08 15:01:25.503 [restartedMain] INFO  com.osen.cloud.system.LampblackSystemApplication - Starting LampblackSystemApplication on PC-20190708MDDO with PID 10352 (E:\gitworkspace\lampblack-admin\lampblack-system\target\classes started by Administrator in E:\gitworkspace\lampblack-admin)
2019-11-08 15:01:25.508 [restartedMain] INFO  com.osen.cloud.system.LampblackSystemApplication - The following profiles are active: dev
2019-11-08 15:01:25.657 [restartedMain] INFO  o.s.b.d.env.DevToolsPropertyDefaultsPostProcessor - Devtools property defaults active! Set 'spring.devtools.add-properties' to 'false' to disable
2019-11-08 15:01:25.657 [restartedMain] INFO  o.s.b.d.env.DevToolsPropertyDefaultsPostProcessor - For additional web related logging consider setting the 'logging.level.web' property to 'DEBUG'
2019-11-08 15:01:28.442 [restartedMain] INFO  o.s.d.r.config.RepositoryConfigurationDelegate - Multiple Spring Data modules found, entering strict repository configuration mode!
2019-11-08 15:01:28.448 [restartedMain] INFO  o.s.d.r.config.RepositoryConfigurationDelegate - Bootstrapping Spring Data repositories in DEFAULT mode.
2019-11-08 15:01:28.521 [restartedMain] INFO  o.s.d.r.config.RepositoryConfigurationDelegate - Finished Spring Data repository scanning in 47ms. Found 0 repository interfaces.
2019-11-08 15:01:29.302 [restartedMain] INFO  o.s.c.s.PostProcessorRegistrationDelegate$BeanPostProcessorChecker - Bean 'org.springframework.security.config.annotation.configuration.ObjectPostProcessorConfiguration' of type [org.springframework.security.config.annotation.configuration.ObjectPostProcessorConfiguration$$EnhancerBySpringCGLIB$$6b6bf7ab] is not eligible for getting processed by all BeanPostProcessors (for example: not eligible for auto-proxying)
2019-11-08 15:01:29.317 [restartedMain] INFO  o.s.c.s.PostProcessorRegistrationDelegate$BeanPostProcessorChecker - Bean 'org.springframework.transaction.annotation.ProxyTransactionManagementConfiguration' of type [org.springframework.transaction.annotation.ProxyTransactionManagementConfiguration$$EnhancerBySpringCGLIB$$d2be2f71] is not eligible for getting processed by all BeanPostProcessors (for example: not eligible for auto-proxying)
2019-11-08 15:01:29.358 [restartedMain] INFO  o.s.c.s.PostProcessorRegistrationDelegate$BeanPostProcessorChecker - Bean 'objectPostProcessor' of type [org.springframework.security.config.annotation.configuration.AutowireBeanFactoryObjectPostProcessor] is not eligible for getting processed by all BeanPostProcessors (for example: not eligible for auto-proxying)
2019-11-08 15:01:29.362 [restartedMain] INFO  o.s.c.s.PostProcessorRegistrationDelegate$BeanPostProcessorChecker - Bean 'org.springframework.security.access.expression.method.DefaultMethodSecurityExpressionHandler@7027d231' of type [org.springframework.security.access.expression.method.DefaultMethodSecurityExpressionHandler] is not eligible for getting processed by all BeanPostProcessors (for example: not eligible for auto-proxying)
2019-11-08 15:01:29.366 [restartedMain] INFO  o.s.c.s.PostProcessorRegistrationDelegate$BeanPostProcessorChecker - Bean 'org.springframework.security.config.annotation.method.configuration.GlobalMethodSecurityConfiguration' of type [org.springframework.security.config.annotation.method.configuration.GlobalMethodSecurityConfiguration$$EnhancerBySpringCGLIB$$90409a5d] is not eligible for getting processed by all BeanPostProcessors (for example: not eligible for auto-proxying)
2019-11-08 15:01:29.377 [restartedMain] INFO  o.s.c.s.PostProcessorRegistrationDelegate$BeanPostProcessorChecker - Bean 'methodSecurityMetadataSource' of type [org.springframework.security.access.method.DelegatingMethodSecurityMetadataSource] is not eligible for getting processed by all BeanPostProcessors (for example: not eligible for auto-proxying)
2019-11-08 15:01:29.954 [restartedMain] INFO  io.undertow.servlet - Initializing Spring embedded WebApplicationContext
2019-11-08 15:01:29.954 [restartedMain] INFO  org.springframework.web.context.ContextLoader - Root WebApplicationContext: initialization completed in 4296 ms
2019-11-08 15:01:34.196 [Socket Server Thread-01] INFO  c.o.c.s.system_socket.config.SocketServerStarter - system_socket service starting port: 8888
2019-11-08 15:01:34.494 [restartedMain] INFO  o.s.security.web.DefaultSecurityFilterChain - Creating filter chain: any request, [org.springframework.security.web.context.request.async.WebAsyncManagerIntegrationFilter@24fd3239, org.springframework.security.web.context.SecurityContextPersistenceFilter@786870ff, org.springframework.security.web.header.HeaderWriterFilter@15f1b1c4, org.springframework.security.web.authentication.logout.LogoutFilter@73edd42e, com.osen.cloud.system.web_security.config.JwtAuthenticationTokenFilter@52b6e687, org.springframework.security.web.authentication.UsernamePasswordAuthenticationFilter@28931f62, org.springframework.security.web.savedrequest.RequestCacheAwareFilter@598d9a60, org.springframework.security.web.servletapi.SecurityContextHolderAwareRequestFilter@b5ee27c, org.springframework.security.web.authentication.AnonymousAuthenticationFilter@335ef4a8, org.springframework.security.web.session.SessionManagementFilter@643a3c58, org.springframework.security.web.access.ExceptionTranslationFilter@67896089, org.springframework.security.web.access.intercept.FilterSecurityInterceptor@6d93da71]
2019-11-08 15:01:34.714 [restartedMain] INFO  o.s.scheduling.concurrent.ThreadPoolTaskExecutor - Initializing ExecutorService 'applicationTaskExecutor'
2019-11-08 15:01:35.732 [restartedMain] INFO  o.s.b.actuate.endpoint.web.EndpointLinksResolver - Exposing 2 endpoint(s) beneath base path '/actuator'
2019-11-08 15:01:35.826 [restartedMain] INFO  o.s.scheduling.concurrent.ThreadPoolTaskScheduler - Initializing ExecutorService 'taskScheduler'
2019-11-08 15:01:35.954 [restartedMain] INFO  o.s.b.d.autoconfigure.OptionalLiveReloadServer - LiveReload server is running on port 35729
2019-11-08 15:01:36.121 [restartedMain] INFO  org.xnio - XNIO version 3.3.8.Final
2019-11-08 15:01:36.138 [restartedMain] INFO  org.xnio.nio - XNIO NIO Implementation Version 3.3.8.Final
2019-11-08 15:01:36.221 [restartedMain] INFO  o.s.b.w.embedded.undertow.UndertowServletWebServer - Undertow started on port(s) 8081 (http) with context path ''
2019-11-08 15:01:36.227 [restartedMain] INFO  com.osen.cloud.system.LampblackSystemApplication - Started LampblackSystemApplication in 11.756 seconds (JVM running for 13.138)
2019-11-08 15:01:36.698 [RMI TCP Connection(1)-192.168.1.54] INFO  com.zaxxer.hikari.HikariDataSource - DatebookHikariCP - Starting...
2019-11-08 15:01:36.702 [RMI TCP Connection(2)-192.168.1.54] INFO  io.undertow.servlet - Initializing Spring DispatcherServlet 'dispatcherServlet'
2019-11-08 15:01:36.702 [RMI TCP Connection(2)-192.168.1.54] INFO  org.springframework.web.servlet.DispatcherServlet - Initializing Servlet 'dispatcherServlet'
2019-11-08 15:01:36.730 [RMI TCP Connection(2)-192.168.1.54] INFO  org.springframework.web.servlet.DispatcherServlet - Completed initialization in 27 ms
2019-11-08 15:01:37.214 [RMI TCP Connection(1)-192.168.1.54] INFO  com.zaxxer.hikari.HikariDataSource - DatebookHikariCP - Start completed.
2019-11-08 15:01:37.421 [parallel-1] INFO  io.lettuce.core.EpollProvider - Starting without optional epoll library
2019-11-08 15:01:37.427 [parallel-1] INFO  io.lettuce.core.KqueueProvider - Starting without optional kqueue library
2019-11-08 15:07:55.930 [XNIO-1 task-7] INFO  c.o.c.s.w.controller.AuthorizationController - system_user logout: Bearer eyJhbGciOiJIUzUxMiJ9.eyJleHAiOjE1NzMyMDUyODksInN1YiI6ImFvc2llbjIwMTkiLCJjcmVhdGVkIjoxNTczMTk0NDg5NTA3fQ.2TpH2KJKy_1vBGBx-VnAadEwEAfu8PyI_8JwpBRqPb14j1amUZ6WRShTfyL18iWGZn_RVnfKFmYJ--QWlJOKYQ
2019-11-08 15:08:09.304 [XNIO-1 task-8] INFO  c.o.c.s.w.handler.UserAuthenticationSuccessHandler - 用户登录成功
2019-11-08 15:14:12.621 [XNIO-1 task-16] INFO  c.o.c.s.w.controller.AuthorizationController - system_user logout: Bearer eyJhbGciOiJIUzUxMiJ9.eyJleHAiOjE1NzMyMDc2ODksInN1YiI6IjIwMTkxMTA3MDIiLCJjcmVhdGVkIjoxNTczMTk2ODg5MzA0fQ.6xpfCL560nMZmIsn2rU_vzetmZ1JT3zuQaKiqSJRc9Lu6YRdxXsCw2QwJ_g90duutOTqt2-emxGTovGI0CBcMA
2019-11-08 15:14:27.492 [XNIO-1 task-17] INFO  c.o.c.s.w.handler.UserAuthenticationSuccessHandler - 用户登录成功
2019-11-08 15:30:53.087 [Thread-32] INFO  o.s.scheduling.concurrent.ThreadPoolTaskScheduler - Shutting down ExecutorService 'taskScheduler'
2019-11-08 15:30:53.089 [Thread-32] INFO  o.s.scheduling.concurrent.ThreadPoolTaskExecutor - Shutting down ExecutorService 'applicationTaskExecutor'
2019-11-08 15:30:54.222 [Thread-32] INFO  com.zaxxer.hikari.HikariDataSource - DatebookHikariCP - Shutdown initiated...
2019-11-08 15:30:54.228 [Thread-32] INFO  com.zaxxer.hikari.HikariDataSource - DatebookHikariCP - Shutdown completed.
2019-11-08 15:30:54.239 [Thread-32] INFO  io.undertow.servlet - Destroying Spring FrameworkServlet 'dispatcherServlet'
