2019-10-23 08:41:38.936 [restartedMain] INFO  com.osen.cloud.system.LampblackSystemApplication - Starting LampblackSystemApplication on PC-20190708MDDO with PID 8132 (E:\gitworkspace\lampblack-admin\lampblack-system\target\classes started by Administrator in E:\gitworkspace\lampblack-admin)
2019-10-23 08:41:38.981 [restartedMain] INFO  com.osen.cloud.system.LampblackSystemApplication - No active profile set, falling back to default profiles: default
2019-10-23 08:41:39.110 [restartedMain] INFO  o.s.b.d.env.DevToolsPropertyDefaultsPostProcessor - Devtools property defaults active! Set 'spring.devtools.add-properties' to 'false' to disable
2019-10-23 08:41:39.110 [restartedMain] INFO  o.s.b.d.env.DevToolsPropertyDefaultsPostProcessor - For additional web related logging consider setting the 'logging.level.web' property to 'DEBUG'
2019-10-23 08:41:41.296 [restartedMain] INFO  o.s.d.r.config.RepositoryConfigurationDelegate - Multiple Spring Data modules found, entering strict repository configuration mode!
2019-10-23 08:41:41.301 [restartedMain] INFO  o.s.d.r.config.RepositoryConfigurationDelegate - Bootstrapping Spring Data repositories in DEFAULT mode.
2019-10-23 08:41:41.375 [restartedMain] INFO  o.s.d.r.config.RepositoryConfigurationDelegate - Finished Spring Data repository scanning in 46ms. Found 0 repository interfaces.
2019-10-23 08:41:42.167 [restartedMain] INFO  o.s.c.s.PostProcessorRegistrationDelegate$BeanPostProcessorChecker - Bean 'org.springframework.security.config.annotation.configuration.ObjectPostProcessorConfiguration' of type [org.springframework.security.config.annotation.configuration.ObjectPostProcessorConfiguration$$EnhancerBySpringCGLIB$$7325d6e7] is not eligible for getting processed by all BeanPostProcessors (for example: not eligible for auto-proxying)
2019-10-23 08:41:42.183 [restartedMain] INFO  o.s.c.s.PostProcessorRegistrationDelegate$BeanPostProcessorChecker - Bean 'org.springframework.transaction.annotation.ProxyTransactionManagementConfiguration' of type [org.springframework.transaction.annotation.ProxyTransactionManagementConfiguration$$EnhancerBySpringCGLIB$$da780ead] is not eligible for getting processed by all BeanPostProcessors (for example: not eligible for auto-proxying)
2019-10-23 08:41:42.223 [restartedMain] INFO  o.s.c.s.PostProcessorRegistrationDelegate$BeanPostProcessorChecker - Bean 'objectPostProcessor' of type [org.springframework.security.config.annotation.configuration.AutowireBeanFactoryObjectPostProcessor] is not eligible for getting processed by all BeanPostProcessors (for example: not eligible for auto-proxying)
2019-10-23 08:41:42.228 [restartedMain] INFO  o.s.c.s.PostProcessorRegistrationDelegate$BeanPostProcessorChecker - Bean 'org.springframework.security.access.expression.method.DefaultMethodSecurityExpressionHandler@77f5b4ab' of type [org.springframework.security.access.expression.method.DefaultMethodSecurityExpressionHandler] is not eligible for getting processed by all BeanPostProcessors (for example: not eligible for auto-proxying)
2019-10-23 08:41:42.232 [restartedMain] INFO  o.s.c.s.PostProcessorRegistrationDelegate$BeanPostProcessorChecker - Bean 'org.springframework.security.config.annotation.method.configuration.GlobalMethodSecurityConfiguration' of type [org.springframework.security.config.annotation.method.configuration.GlobalMethodSecurityConfiguration$$EnhancerBySpringCGLIB$$97fa7999] is not eligible for getting processed by all BeanPostProcessors (for example: not eligible for auto-proxying)
2019-10-23 08:41:42.241 [restartedMain] INFO  o.s.c.s.PostProcessorRegistrationDelegate$BeanPostProcessorChecker - Bean 'methodSecurityMetadataSource' of type [org.springframework.security.access.method.DelegatingMethodSecurityMetadataSource] is not eligible for getting processed by all BeanPostProcessors (for example: not eligible for auto-proxying)
2019-10-23 08:41:42.830 [restartedMain] INFO  io.undertow.servlet - Initializing Spring embedded WebApplicationContext
2019-10-23 08:41:42.830 [restartedMain] INFO  org.springframework.web.context.ContextLoader - Root WebApplicationContext: initialization completed in 3719 ms
2019-10-23 08:41:46.285 [Socket Server Thread-01] INFO  c.o.cloud.system.socket.config.SocketServerStarter - socket service starting port: 8888
2019-10-23 08:41:46.565 [restartedMain] INFO  o.s.security.web.DefaultSecurityFilterChain - Creating filter chain: any request, [org.springframework.security.web.context.request.async.WebAsyncManagerIntegrationFilter@1752cc55, org.springframework.security.web.context.SecurityContextPersistenceFilter@db02488, org.springframework.security.web.header.HeaderWriterFilter@49b47773, org.springframework.security.web.authentication.logout.LogoutFilter@536e9f95, com.osen.cloud.system.web_security.config.JwtAuthenticationTokenFilter@14c7a7b4, org.springframework.security.web.authentication.UsernamePasswordAuthenticationFilter@fa94784, org.springframework.security.web.savedrequest.RequestCacheAwareFilter@30ae52bd, org.springframework.security.web.servletapi.SecurityContextHolderAwareRequestFilter@1d1411d9, org.springframework.security.web.authentication.AnonymousAuthenticationFilter@4497407a, org.springframework.security.web.session.SessionManagementFilter@2ecc6aeb, org.springframework.security.web.access.ExceptionTranslationFilter@16398be2, org.springframework.security.web.access.intercept.FilterSecurityInterceptor@5d3ab55d]
2019-10-23 08:41:46.788 [restartedMain] INFO  o.s.scheduling.concurrent.ThreadPoolTaskExecutor - Initializing ExecutorService 'applicationTaskExecutor'
2019-10-23 08:41:47.845 [restartedMain] INFO  o.s.b.actuate.endpoint.web.EndpointLinksResolver - Exposing 2 endpoint(s) beneath base path '/actuator'
2019-10-23 08:41:47.934 [restartedMain] INFO  o.s.scheduling.concurrent.ThreadPoolTaskScheduler - Initializing ExecutorService 'taskScheduler'
2019-10-23 08:41:48.052 [restartedMain] INFO  o.s.b.d.autoconfigure.OptionalLiveReloadServer - LiveReload server is running on port 35729
2019-10-23 08:41:48.204 [restartedMain] INFO  org.xnio - XNIO version 3.3.8.Final
2019-10-23 08:41:48.222 [restartedMain] INFO  org.xnio.nio - XNIO NIO Implementation Version 3.3.8.Final
2019-10-23 08:41:48.315 [restartedMain] INFO  o.s.b.w.embedded.undertow.UndertowServletWebServer - Undertow started on port(s) 8080 (http) with context path ''
2019-10-23 08:41:48.319 [restartedMain] INFO  com.osen.cloud.system.LampblackSystemApplication - Started LampblackSystemApplication in 10.73 seconds (JVM running for 14.055)
2019-10-23 08:41:48.981 [RMI TCP Connection(4)-192.168.1.54] INFO  io.undertow.servlet - Initializing Spring DispatcherServlet 'dispatcherServlet'
2019-10-23 08:41:48.981 [RMI TCP Connection(4)-192.168.1.54] INFO  org.springframework.web.servlet.DispatcherServlet - Initializing Servlet 'dispatcherServlet'
2019-10-23 08:41:48.983 [RMI TCP Connection(3)-192.168.1.54] INFO  com.zaxxer.hikari.HikariDataSource - DatebookHikariCP - Starting...
2019-10-23 08:41:49.006 [RMI TCP Connection(4)-192.168.1.54] INFO  org.springframework.web.servlet.DispatcherServlet - Completed initialization in 25 ms
2019-10-23 08:41:49.352 [RMI TCP Connection(3)-192.168.1.54] INFO  com.zaxxer.hikari.HikariDataSource - DatebookHikariCP - Start completed.
2019-10-23 08:41:49.614 [parallel-1] INFO  io.lettuce.core.EpollProvider - Starting without optional epoll library
2019-10-23 08:41:49.619 [parallel-1] INFO  io.lettuce.core.KqueueProvider - Starting without optional kqueue library
2019-10-23 08:41:50.842 [nioEventLoopGroup-5-1] INFO  c.o.c.system.socket.handler.SocketServerHandler - 设备成功连接服务器：0c9d92fffe787de5-00001fc4-00000002-15114cd28d100fcd-761c8aa0
2019-10-23 08:42:22.543 [nioEventLoopGroup-5-1] INFO  c.o.c.system.socket.handler.SocketServerHandler - 服务器接收设备上传数据开始：0c9d92fffe787de5-00001fc4-00000002-15114cd28d100fcd-761c8aa0
2019-10-23 08:42:22.544 [nioEventLoopGroup-5-1] INFO  c.o.c.system.socket.handler.SocketServerHandler - 接收设备数据：##0137QN=20191023084200001;ST=22;CN=2011;PW=123456;MN=2019081903100008;Flag=5;CP=&&DataTime=20191023084200;LAMPBLACK-Rtd=0.0,LAMPBLACK-Flag=N&&F781
2019-10-23 08:42:22.587 [nioEventLoopGroup-5-1] INFO  c.o.c.system.socket.handler.SocketServerHandler - 格式化数据：{ST=22, MN=2019081903100008, PW=123456, CN=2011, QN=20191023084200001, Flag=5, CP={LAMPBLACK-Rtd=0.0, DataTime=2019-10-23T08:42, LAMPBLACK-Flag=N}}
2019-10-23 08:42:22.597 [nioEventLoopGroup-5-1] INFO  c.o.c.system.socket.handler.SocketServerHandler - 服务器接收设备上传数据完毕：0c9d92fffe787de5-00001fc4-00000002-15114cd28d100fcd-761c8aa0
2019-10-23 08:42:37.956 [Thread-30] INFO  o.s.scheduling.concurrent.ThreadPoolTaskScheduler - Shutting down ExecutorService 'taskScheduler'
2019-10-23 08:42:37.961 [Thread-30] INFO  o.s.scheduling.concurrent.ThreadPoolTaskExecutor - Shutting down ExecutorService 'applicationTaskExecutor'
2019-10-23 08:42:39.105 [Thread-30] INFO  com.zaxxer.hikari.HikariDataSource - DatebookHikariCP - Shutdown initiated...
2019-10-23 08:42:39.136 [Thread-30] INFO  com.zaxxer.hikari.HikariDataSource - DatebookHikariCP - Shutdown completed.
2019-10-23 08:42:39.144 [Thread-30] INFO  io.undertow.servlet - Destroying Spring FrameworkServlet 'dispatcherServlet'
2019-10-23 17:29:21.754 [restartedMain] INFO  com.osen.cloud.system.LampblackSystemApplication - Starting LampblackSystemApplication on PC-20190708MDDO with PID 10548 (E:\gitworkspace\lampblack-admin\lampblack-system\target\classes started by Administrator in E:\gitworkspace\lampblack-admin)
2019-10-23 17:29:21.790 [restartedMain] INFO  com.osen.cloud.system.LampblackSystemApplication - No active profile set, falling back to default profiles: default
2019-10-23 17:29:21.910 [restartedMain] INFO  o.s.b.d.env.DevToolsPropertyDefaultsPostProcessor - Devtools property defaults active! Set 'spring.devtools.add-properties' to 'false' to disable
2019-10-23 17:29:21.910 [restartedMain] INFO  o.s.b.d.env.DevToolsPropertyDefaultsPostProcessor - For additional web related logging consider setting the 'logging.level.web' property to 'DEBUG'
2019-10-23 17:29:26.617 [restartedMain] INFO  o.s.d.r.config.RepositoryConfigurationDelegate - Multiple Spring Data modules found, entering strict repository configuration mode!
2019-10-23 17:29:26.665 [restartedMain] INFO  o.s.d.r.config.RepositoryConfigurationDelegate - Bootstrapping Spring Data repositories in DEFAULT mode.
2019-10-23 17:29:27.080 [restartedMain] INFO  o.s.d.r.config.RepositoryConfigurationDelegate - Finished Spring Data repository scanning in 46ms. Found 0 repository interfaces.
2019-10-23 17:29:28.314 [restartedMain] INFO  o.s.c.s.PostProcessorRegistrationDelegate$BeanPostProcessorChecker - Bean 'org.springframework.security.config.annotation.configuration.ObjectPostProcessorConfiguration' of type [org.springframework.security.config.annotation.configuration.ObjectPostProcessorConfiguration$$EnhancerBySpringCGLIB$$46d44144] is not eligible for getting processed by all BeanPostProcessors (for example: not eligible for auto-proxying)
2019-10-23 17:29:28.331 [restartedMain] INFO  o.s.c.s.PostProcessorRegistrationDelegate$BeanPostProcessorChecker - Bean 'org.springframework.transaction.annotation.ProxyTransactionManagementConfiguration' of type [org.springframework.transaction.annotation.ProxyTransactionManagementConfiguration$$EnhancerBySpringCGLIB$$ae26790a] is not eligible for getting processed by all BeanPostProcessors (for example: not eligible for auto-proxying)
2019-10-23 17:29:28.375 [restartedMain] INFO  o.s.c.s.PostProcessorRegistrationDelegate$BeanPostProcessorChecker - Bean 'objectPostProcessor' of type [org.springframework.security.config.annotation.configuration.AutowireBeanFactoryObjectPostProcessor] is not eligible for getting processed by all BeanPostProcessors (for example: not eligible for auto-proxying)
2019-10-23 17:29:28.378 [restartedMain] INFO  o.s.c.s.PostProcessorRegistrationDelegate$BeanPostProcessorChecker - Bean 'org.springframework.security.access.expression.method.DefaultMethodSecurityExpressionHandler@55446235' of type [org.springframework.security.access.expression.method.DefaultMethodSecurityExpressionHandler] is not eligible for getting processed by all BeanPostProcessors (for example: not eligible for auto-proxying)
2019-10-23 17:29:28.384 [restartedMain] INFO  o.s.c.s.PostProcessorRegistrationDelegate$BeanPostProcessorChecker - Bean 'org.springframework.security.config.annotation.method.configuration.GlobalMethodSecurityConfiguration' of type [org.springframework.security.config.annotation.method.configuration.GlobalMethodSecurityConfiguration$$EnhancerBySpringCGLIB$$6ba8e3f6] is not eligible for getting processed by all BeanPostProcessors (for example: not eligible for auto-proxying)
2019-10-23 17:29:28.393 [restartedMain] INFO  o.s.c.s.PostProcessorRegistrationDelegate$BeanPostProcessorChecker - Bean 'methodSecurityMetadataSource' of type [org.springframework.security.access.method.DelegatingMethodSecurityMetadataSource] is not eligible for getting processed by all BeanPostProcessors (for example: not eligible for auto-proxying)
2019-10-23 17:29:29.326 [restartedMain] INFO  io.undertow.servlet - Initializing Spring embedded WebApplicationContext
2019-10-23 17:29:29.327 [restartedMain] INFO  org.springframework.web.context.ContextLoader - Root WebApplicationContext: initialization completed in 7417 ms
2019-10-23 17:29:35.004 [Socket Server Thread-01] INFO  c.o.cloud.system.socket.config.SocketServerStarter - socket service starting port: 8888
2019-10-23 17:29:35.395 [restartedMain] INFO  o.s.security.web.DefaultSecurityFilterChain - Creating filter chain: any request, [org.springframework.security.web.context.request.async.WebAsyncManagerIntegrationFilter@2b025ef7, org.springframework.security.web.context.SecurityContextPersistenceFilter@3e1fe8ef, org.springframework.security.web.header.HeaderWriterFilter@3335838d, org.springframework.security.web.authentication.logout.LogoutFilter@6a7a4dab, com.osen.cloud.system.web_security.config.JwtAuthenticationTokenFilter@703408cb, org.springframework.security.web.authentication.UsernamePasswordAuthenticationFilter@54b5d0ac, org.springframework.security.web.savedrequest.RequestCacheAwareFilter@3b1d6e79, org.springframework.security.web.servletapi.SecurityContextHolderAwareRequestFilter@74c049d7, org.springframework.security.web.authentication.AnonymousAuthenticationFilter@4156bd35, org.springframework.security.web.session.SessionManagementFilter@5a8d6123, org.springframework.security.web.access.ExceptionTranslationFilter@7c2084e5, org.springframework.security.web.access.intercept.FilterSecurityInterceptor@19a37b1a]
2019-10-23 17:29:35.663 [restartedMain] INFO  o.s.scheduling.concurrent.ThreadPoolTaskExecutor - Initializing ExecutorService 'applicationTaskExecutor'
2019-10-23 17:29:37.649 [restartedMain] INFO  o.s.b.actuate.endpoint.web.EndpointLinksResolver - Exposing 2 endpoint(s) beneath base path '/actuator'
2019-10-23 17:29:37.876 [restartedMain] INFO  o.s.scheduling.concurrent.ThreadPoolTaskScheduler - Initializing ExecutorService 'taskScheduler'
2019-10-23 17:29:38.001 [restartedMain] INFO  o.s.b.d.autoconfigure.OptionalLiveReloadServer - LiveReload server is running on port 35729
2019-10-23 17:29:38.184 [restartedMain] INFO  org.xnio - XNIO version 3.3.8.Final
2019-10-23 17:29:38.206 [restartedMain] INFO  org.xnio.nio - XNIO NIO Implementation Version 3.3.8.Final
2019-10-23 17:29:38.298 [restartedMain] INFO  o.s.b.w.embedded.undertow.UndertowServletWebServer - Undertow started on port(s) 8080 (http) with context path ''
2019-10-23 17:29:38.305 [restartedMain] INFO  com.osen.cloud.system.LampblackSystemApplication - Started LampblackSystemApplication in 18.665 seconds (JVM running for 20.55)
2019-10-23 17:29:39.002 [RMI TCP Connection(2)-192.168.1.54] INFO  io.undertow.servlet - Initializing Spring DispatcherServlet 'dispatcherServlet'
2019-10-23 17:29:39.003 [RMI TCP Connection(2)-192.168.1.54] INFO  org.springframework.web.servlet.DispatcherServlet - Initializing Servlet 'dispatcherServlet'
2019-10-23 17:29:39.007 [RMI TCP Connection(3)-192.168.1.54] INFO  com.zaxxer.hikari.HikariDataSource - DatebookHikariCP - Starting...
2019-10-23 17:29:39.025 [RMI TCP Connection(2)-192.168.1.54] INFO  org.springframework.web.servlet.DispatcherServlet - Completed initialization in 22 ms
2019-10-23 17:29:39.391 [RMI TCP Connection(3)-192.168.1.54] INFO  com.zaxxer.hikari.HikariDataSource - DatebookHikariCP - Start completed.
2019-10-23 17:29:39.657 [parallel-1] INFO  io.lettuce.core.EpollProvider - Starting without optional epoll library
2019-10-23 17:29:39.664 [parallel-1] INFO  io.lettuce.core.KqueueProvider - Starting without optional kqueue library
2019-10-23 17:29:39.685 [nioEventLoopGroup-5-1] INFO  c.o.c.system.socket.handler.SocketServerHandler - 设备成功连接服务器：0c9d92fffe787de5-00002934-00000001-053ca14bc24b4a23-800fc69d
2019-10-23 17:29:45.194 [Thread-43] INFO  o.s.scheduling.concurrent.ThreadPoolTaskScheduler - Shutting down ExecutorService 'taskScheduler'
2019-10-23 17:29:45.197 [Thread-43] INFO  o.s.scheduling.concurrent.ThreadPoolTaskExecutor - Shutting down ExecutorService 'applicationTaskExecutor'
2019-10-23 17:29:46.350 [Thread-43] INFO  com.zaxxer.hikari.HikariDataSource - DatebookHikariCP - Shutdown initiated...
2019-10-23 17:29:46.360 [Thread-43] INFO  com.zaxxer.hikari.HikariDataSource - DatebookHikariCP - Shutdown completed.
2019-10-23 17:29:46.366 [Thread-43] INFO  io.undertow.servlet - Destroying Spring FrameworkServlet 'dispatcherServlet'
2019-10-23 17:42:13.458 [restartedMain] INFO  com.osen.cloud.system.LampblackSystemApplication - Starting LampblackSystemApplication on PC-20190708MDDO with PID 10104 (E:\gitworkspace\lampblack-admin\lampblack-system\target\classes started by Administrator in E:\gitworkspace\lampblack-admin)
2019-10-23 17:42:13.463 [restartedMain] INFO  com.osen.cloud.system.LampblackSystemApplication - No active profile set, falling back to default profiles: default
2019-10-23 17:42:13.676 [restartedMain] INFO  o.s.b.d.env.DevToolsPropertyDefaultsPostProcessor - Devtools property defaults active! Set 'spring.devtools.add-properties' to 'false' to disable
2019-10-23 17:42:13.677 [restartedMain] INFO  o.s.b.d.env.DevToolsPropertyDefaultsPostProcessor - For additional web related logging consider setting the 'logging.level.web' property to 'DEBUG'
2019-10-23 17:42:16.436 [restartedMain] INFO  o.s.d.r.config.RepositoryConfigurationDelegate - Multiple Spring Data modules found, entering strict repository configuration mode!
2019-10-23 17:42:16.441 [restartedMain] INFO  o.s.d.r.config.RepositoryConfigurationDelegate - Bootstrapping Spring Data repositories in DEFAULT mode.
2019-10-23 17:42:16.506 [restartedMain] INFO  o.s.d.r.config.RepositoryConfigurationDelegate - Finished Spring Data repository scanning in 43ms. Found 0 repository interfaces.
2019-10-23 17:42:17.369 [restartedMain] INFO  o.s.c.s.PostProcessorRegistrationDelegate$BeanPostProcessorChecker - Bean 'org.springframework.security.config.annotation.configuration.ObjectPostProcessorConfiguration' of type [org.springframework.security.config.annotation.configuration.ObjectPostProcessorConfiguration$$EnhancerBySpringCGLIB$$47bbe038] is not eligible for getting processed by all BeanPostProcessors (for example: not eligible for auto-proxying)
2019-10-23 17:42:17.389 [restartedMain] INFO  o.s.c.s.PostProcessorRegistrationDelegate$BeanPostProcessorChecker - Bean 'org.springframework.transaction.annotation.ProxyTransactionManagementConfiguration' of type [org.springframework.transaction.annotation.ProxyTransactionManagementConfiguration$$EnhancerBySpringCGLIB$$af0e17fe] is not eligible for getting processed by all BeanPostProcessors (for example: not eligible for auto-proxying)
2019-10-23 17:42:17.439 [restartedMain] INFO  o.s.c.s.PostProcessorRegistrationDelegate$BeanPostProcessorChecker - Bean 'objectPostProcessor' of type [org.springframework.security.config.annotation.configuration.AutowireBeanFactoryObjectPostProcessor] is not eligible for getting processed by all BeanPostProcessors (for example: not eligible for auto-proxying)
2019-10-23 17:42:17.443 [restartedMain] INFO  o.s.c.s.PostProcessorRegistrationDelegate$BeanPostProcessorChecker - Bean 'org.springframework.security.access.expression.method.DefaultMethodSecurityExpressionHandler@593aa0f0' of type [org.springframework.security.access.expression.method.DefaultMethodSecurityExpressionHandler] is not eligible for getting processed by all BeanPostProcessors (for example: not eligible for auto-proxying)
2019-10-23 17:42:17.450 [restartedMain] INFO  o.s.c.s.PostProcessorRegistrationDelegate$BeanPostProcessorChecker - Bean 'org.springframework.security.config.annotation.method.configuration.GlobalMethodSecurityConfiguration' of type [org.springframework.security.config.annotation.method.configuration.GlobalMethodSecurityConfiguration$$EnhancerBySpringCGLIB$$6c9082ea] is not eligible for getting processed by all BeanPostProcessors (for example: not eligible for auto-proxying)
2019-10-23 17:42:17.470 [restartedMain] INFO  o.s.c.s.PostProcessorRegistrationDelegate$BeanPostProcessorChecker - Bean 'methodSecurityMetadataSource' of type [org.springframework.security.access.method.DelegatingMethodSecurityMetadataSource] is not eligible for getting processed by all BeanPostProcessors (for example: not eligible for auto-proxying)
2019-10-23 17:42:18.090 [restartedMain] INFO  io.undertow.servlet - Initializing Spring embedded WebApplicationContext
2019-10-23 17:42:18.091 [restartedMain] INFO  org.springframework.web.context.ContextLoader - Root WebApplicationContext: initialization completed in 4414 ms
2019-10-23 17:42:21.745 [Socket Server Thread-01] INFO  c.o.cloud.system.socket.config.SocketServerStarter - socket service starting port: 8888
2019-10-23 17:42:22.039 [restartedMain] INFO  o.s.security.web.DefaultSecurityFilterChain - Creating filter chain: any request, [org.springframework.security.web.context.request.async.WebAsyncManagerIntegrationFilter@e3075f3, org.springframework.security.web.context.SecurityContextPersistenceFilter@61126f7f, org.springframework.security.web.header.HeaderWriterFilter@2d041b8, org.springframework.security.web.authentication.logout.LogoutFilter@2dcf1b4b, com.osen.cloud.system.web_security.config.JwtAuthenticationTokenFilter@f9a3008, org.springframework.security.web.authentication.UsernamePasswordAuthenticationFilter@24d58896, org.springframework.security.web.savedrequest.RequestCacheAwareFilter@a7a760c, org.springframework.security.web.servletapi.SecurityContextHolderAwareRequestFilter@518acb84, org.springframework.security.web.authentication.AnonymousAuthenticationFilter@40d66157, org.springframework.security.web.session.SessionManagementFilter@37288b67, org.springframework.security.web.access.ExceptionTranslationFilter@34138f3, org.springframework.security.web.access.intercept.FilterSecurityInterceptor@8ba9db]
2019-10-23 17:42:22.278 [restartedMain] INFO  o.s.scheduling.concurrent.ThreadPoolTaskExecutor - Initializing ExecutorService 'applicationTaskExecutor'
2019-10-23 17:42:23.282 [restartedMain] INFO  o.s.b.actuate.endpoint.web.EndpointLinksResolver - Exposing 2 endpoint(s) beneath base path '/actuator'
2019-10-23 17:42:23.399 [restartedMain] INFO  o.s.scheduling.concurrent.ThreadPoolTaskScheduler - Initializing ExecutorService 'taskScheduler'
2019-10-23 17:42:23.514 [restartedMain] INFO  o.s.b.d.autoconfigure.OptionalLiveReloadServer - LiveReload server is running on port 35729
2019-10-23 17:42:23.671 [restartedMain] INFO  org.xnio - XNIO version 3.3.8.Final
2019-10-23 17:42:23.695 [restartedMain] INFO  org.xnio.nio - XNIO NIO Implementation Version 3.3.8.Final
2019-10-23 17:42:23.810 [restartedMain] INFO  o.s.b.w.embedded.undertow.UndertowServletWebServer - Undertow started on port(s) 8080 (http) with context path ''
2019-10-23 17:42:23.820 [restartedMain] INFO  com.osen.cloud.system.LampblackSystemApplication - Started LampblackSystemApplication in 11.6 seconds (JVM running for 13.102)
2019-10-23 17:42:24.241 [RMI TCP Connection(3)-192.168.1.54] INFO  io.undertow.servlet - Initializing Spring DispatcherServlet 'dispatcherServlet'
2019-10-23 17:42:24.242 [RMI TCP Connection(3)-192.168.1.54] INFO  org.springframework.web.servlet.DispatcherServlet - Initializing Servlet 'dispatcherServlet'
2019-10-23 17:42:24.260 [RMI TCP Connection(4)-192.168.1.54] INFO  com.zaxxer.hikari.HikariDataSource - DatebookHikariCP - Starting...
2019-10-23 17:42:24.269 [RMI TCP Connection(3)-192.168.1.54] INFO  org.springframework.web.servlet.DispatcherServlet - Completed initialization in 27 ms
2019-10-23 17:42:24.642 [nioEventLoopGroup-5-1] INFO  c.o.c.system.socket.handler.SocketServerHandler - 设备成功连接服务器：0c9d92fffe787de5-00002778-00000001-3b84e8138d86f641-a5e1e754
2019-10-23 17:42:24.748 [RMI TCP Connection(4)-192.168.1.54] INFO  com.zaxxer.hikari.HikariDataSource - DatebookHikariCP - Start completed.
2019-10-23 17:42:25.147 [parallel-1] INFO  io.lettuce.core.EpollProvider - Starting without optional epoll library
2019-10-23 17:42:25.152 [parallel-1] INFO  io.lettuce.core.KqueueProvider - Starting without optional kqueue library
2019-10-23 17:43:18.844 [nioEventLoopGroup-5-1] INFO  c.o.c.system.socket.handler.SocketServerHandler - 服务器接收设备上传数据开始：0c9d92fffe787de5-00002778-00000001-3b84e8138d86f641-a5e1e754
2019-10-23 17:43:18.844 [nioEventLoopGroup-5-1] INFO  c.o.c.system.socket.handler.SocketServerHandler - 接收设备数据：##0137QN=20191023174300001;ST=22;CN=2011;PW=123456;MN=2019081903100008;Flag=5;CP=&&DataTime=20191023174300;LAMPBLACK-Rtd=0.1,LAMPBLACK-Flag=N&&60C0
2019-10-23 17:43:18.870 [nioEventLoopGroup-5-1] INFO  c.o.c.system.socket.handler.SocketServerHandler - 格式化数据：{ST=22, MN=2019081903100008, PW=123456, CN=2011, QN=20191023174300001, Flag=5, CP={LAMPBLACK-Rtd=0.1, DataTime=2019-10-23T17:43, LAMPBLACK-Flag=N}}
2019-10-23 17:43:18.877 [nioEventLoopGroup-5-1] INFO  c.o.c.system.socket.handler.SocketServerHandler - 服务器接收设备上传数据完毕：0c9d92fffe787de5-00002778-00000001-3b84e8138d86f641-a5e1e754
2019-10-23 17:44:21.828 [nioEventLoopGroup-5-1] INFO  c.o.c.system.socket.handler.SocketServerHandler - 服务器接收设备上传数据开始：0c9d92fffe787de5-00002778-00000001-3b84e8138d86f641-a5e1e754
2019-10-23 17:44:21.829 [nioEventLoopGroup-5-1] INFO  c.o.c.system.socket.handler.SocketServerHandler - 接收设备数据：##0137QN=20191023174400001;ST=22;CN=2011;PW=123456;MN=2019081903100008;Flag=5;CP=&&DataTime=20191023174400;LAMPBLACK-Rtd=0.1,LAMPBLACK-Flag=N&&CB81
2019-10-23 17:44:21.829 [nioEventLoopGroup-5-1] INFO  c.o.c.system.socket.handler.SocketServerHandler - 格式化数据：{ST=22, MN=2019081903100008, PW=123456, CN=2011, QN=20191023174400001, Flag=5, CP={LAMPBLACK-Rtd=0.1, DataTime=2019-10-23T17:44, LAMPBLACK-Flag=N}}
2019-10-23 17:44:21.830 [nioEventLoopGroup-5-1] INFO  c.o.c.system.socket.handler.SocketServerHandler - 服务器接收设备上传数据完毕：0c9d92fffe787de5-00002778-00000001-3b84e8138d86f641-a5e1e754
2019-10-23 17:45:20.328 [nioEventLoopGroup-5-1] INFO  c.o.c.system.socket.handler.SocketServerHandler - 服务器接收设备上传数据开始：0c9d92fffe787de5-00002778-00000001-3b84e8138d86f641-a5e1e754
2019-10-23 17:45:20.329 [nioEventLoopGroup-5-1] INFO  c.o.c.system.socket.handler.SocketServerHandler - 接收设备数据：##0137QN=20191023174500001;ST=22;CN=2011;PW=123456;MN=2019081903100008;Flag=5;CP=&&DataTime=20191023174500;LAMPBLACK-Rtd=0.8,LAMPBLACK-Flag=N&&6600
2019-10-23 17:45:20.330 [nioEventLoopGroup-5-1] INFO  c.o.c.system.socket.handler.SocketServerHandler - 格式化数据：{ST=22, MN=2019081903100008, PW=123456, CN=2011, QN=20191023174500001, Flag=5, CP={LAMPBLACK-Rtd=0.8, DataTime=2019-10-23T17:45, LAMPBLACK-Flag=N}}
2019-10-23 17:45:20.331 [nioEventLoopGroup-5-1] INFO  c.o.c.system.socket.handler.SocketServerHandler - 服务器接收设备上传数据完毕：0c9d92fffe787de5-00002778-00000001-3b84e8138d86f641-a5e1e754
2019-10-23 17:45:53.175 [XNIO-1 task-1] INFO  c.o.c.s.s.handler.UserAuthenticationEntryPoint - 用户未登录
2019-10-23 17:46:04.602 [XNIO-1 task-2] INFO  c.o.c.s.s.handler.UserAuthenticationSuccessHandler - 用户登录成功
2019-10-23 17:46:17.717 [Thread-30] INFO  o.s.scheduling.concurrent.ThreadPoolTaskScheduler - Shutting down ExecutorService 'taskScheduler'
2019-10-23 17:46:17.720 [Thread-30] INFO  o.s.scheduling.concurrent.ThreadPoolTaskExecutor - Shutting down ExecutorService 'applicationTaskExecutor'
2019-10-23 17:46:18.826 [nioEventLoopGroup-5-1] INFO  c.o.c.system.socket.handler.SocketServerHandler - 服务器接收设备上传数据开始：0c9d92fffe787de5-00002778-00000001-3b84e8138d86f641-a5e1e754
2019-10-23 17:46:18.826 [nioEventLoopGroup-5-1] INFO  c.o.c.system.socket.handler.SocketServerHandler - 接收设备数据：##0137QN=20191023174600001;ST=22;CN=2011;PW=123456;MN=2019081903100008;Flag=5;CP=&&DataTime=20191023174600;LAMPBLACK-Rtd=3.2,LAMPBLACK-Flag=N&&95C1
2019-10-23 17:46:18.827 [nioEventLoopGroup-5-1] INFO  c.o.c.system.socket.handler.SocketServerHandler - 格式化数据：{ST=22, MN=2019081903100008, PW=123456, CN=2011, QN=20191023174600001, Flag=5, CP={LAMPBLACK-Rtd=3.2, DataTime=2019-10-23T17:46, LAMPBLACK-Flag=N}}
2019-10-23 17:46:18.832 [nioEventLoopGroup-5-1] INFO  c.o.c.system.socket.handler.SocketServerHandler - 服务端接收数据异常：Executor [java.util.concurrent.ThreadPoolExecutor@2e8d1f8f[Terminated, pool size = 0, active threads = 0, queued tasks = 0, completed tasks = 4]] did not accept task: org.springframework.aop.interceptor.AsyncExecutionInterceptor$$Lambda$827/447380177@4114f20e
2019-10-23 17:46:18.832 [nioEventLoopGroup-5-1] INFO  c.o.c.system.socket.handler.SocketServerHandler - 服务器接收设备上传数据完毕：0c9d92fffe787de5-00002778-00000001-3b84e8138d86f641-a5e1e754
2019-10-23 17:46:18.833 [nioEventLoopGroup-5-1] INFO  c.o.c.system.socket.handler.SocketServerHandler - 设备与服务器断开连接：0c9d92fffe787de5-00002778-00000001-3b84e8138d86f641-a5e1e754
2019-10-23 17:46:18.834 [nioEventLoopGroup-5-1] INFO  c.o.c.system.socket.handler.SocketServerHandler - 服务端接收数据异常：Executor [java.util.concurrent.ThreadPoolExecutor@2e8d1f8f[Terminated, pool size = 0, active threads = 0, queued tasks = 0, completed tasks = 4]] did not accept task: org.springframework.aop.interceptor.AsyncExecutionInterceptor$$Lambda$827/447380177@6ac5fc6c
2019-10-23 17:46:18.882 [Thread-30] INFO  com.zaxxer.hikari.HikariDataSource - DatebookHikariCP - Shutdown initiated...
2019-10-23 17:46:18.889 [Thread-30] INFO  com.zaxxer.hikari.HikariDataSource - DatebookHikariCP - Shutdown completed.
2019-10-23 17:46:18.896 [Thread-30] INFO  io.undertow.servlet - Destroying Spring FrameworkServlet 'dispatcherServlet'
