2019-09-28 08:54:07.085 [restartedMain] INFO  com.osen.cloud.system.LampblackSystemApplication - Starting LampblackSystemApplication on PC-20190708MDDO with PID 7712 (E:\gitworkspace\lampblack-admin\lampblack-system\target\classes started by Administrator in E:\gitworkspace\lampblack-admin)
2019-09-28 08:54:07.100 [restartedMain] INFO  com.osen.cloud.system.LampblackSystemApplication - No active profile set, falling back to default profiles: default
2019-09-28 08:54:07.218 [restartedMain] INFO  o.s.b.d.env.DevToolsPropertyDefaultsPostProcessor - Devtools property defaults active! Set 'spring.devtools.add-properties' to 'false' to disable
2019-09-28 08:54:07.219 [restartedMain] INFO  o.s.b.d.env.DevToolsPropertyDefaultsPostProcessor - For additional web related logging consider setting the 'logging.level.web' property to 'DEBUG'
2019-09-28 08:54:09.777 [restartedMain] INFO  o.s.d.r.config.RepositoryConfigurationDelegate - Multiple Spring Data modules found, entering strict repository configuration mode!
2019-09-28 08:54:09.781 [restartedMain] INFO  o.s.d.r.config.RepositoryConfigurationDelegate - Bootstrapping Spring Data repositories in DEFAULT mode.
2019-09-28 08:54:09.854 [restartedMain] INFO  o.s.d.r.config.RepositoryConfigurationDelegate - Finished Spring Data repository scanning in 42ms. Found 0 repository interfaces.
2019-09-28 08:54:10.685 [restartedMain] INFO  o.s.c.s.PostProcessorRegistrationDelegate$BeanPostProcessorChecker - Bean 'org.springframework.security.config.annotation.configuration.ObjectPostProcessorConfiguration' of type [org.springframework.security.config.annotation.configuration.ObjectPostProcessorConfiguration$$EnhancerBySpringCGLIB$$bb0550a] is not eligible for getting processed by all BeanPostProcessors (for example: not eligible for auto-proxying)
2019-09-28 08:54:10.701 [restartedMain] INFO  o.s.c.s.PostProcessorRegistrationDelegate$BeanPostProcessorChecker - Bean 'org.springframework.transaction.annotation.ProxyTransactionManagementConfiguration' of type [org.springframework.transaction.annotation.ProxyTransactionManagementConfiguration$$EnhancerBySpringCGLIB$$73028cd0] is not eligible for getting processed by all BeanPostProcessors (for example: not eligible for auto-proxying)
2019-09-28 08:54:10.759 [restartedMain] INFO  o.s.c.s.PostProcessorRegistrationDelegate$BeanPostProcessorChecker - Bean 'objectPostProcessor' of type [org.springframework.security.config.annotation.configuration.AutowireBeanFactoryObjectPostProcessor] is not eligible for getting processed by all BeanPostProcessors (for example: not eligible for auto-proxying)
2019-09-28 08:54:10.763 [restartedMain] INFO  o.s.c.s.PostProcessorRegistrationDelegate$BeanPostProcessorChecker - Bean 'org.springframework.security.access.expression.method.DefaultMethodSecurityExpressionHandler@96b3ae3' of type [org.springframework.security.access.expression.method.DefaultMethodSecurityExpressionHandler] is not eligible for getting processed by all BeanPostProcessors (for example: not eligible for auto-proxying)
2019-09-28 08:54:10.767 [restartedMain] INFO  o.s.c.s.PostProcessorRegistrationDelegate$BeanPostProcessorChecker - Bean 'org.springframework.security.config.annotation.method.configuration.GlobalMethodSecurityConfiguration' of type [org.springframework.security.config.annotation.method.configuration.GlobalMethodSecurityConfiguration$$EnhancerBySpringCGLIB$$3084f7bc] is not eligible for getting processed by all BeanPostProcessors (for example: not eligible for auto-proxying)
2019-09-28 08:54:10.776 [restartedMain] INFO  o.s.c.s.PostProcessorRegistrationDelegate$BeanPostProcessorChecker - Bean 'methodSecurityMetadataSource' of type [org.springframework.security.access.method.DelegatingMethodSecurityMetadataSource] is not eligible for getting processed by all BeanPostProcessors (for example: not eligible for auto-proxying)
2019-09-28 08:54:11.408 [restartedMain] INFO  io.undertow.servlet - Initializing Spring embedded WebApplicationContext
2019-09-28 08:54:11.408 [restartedMain] INFO  org.springframework.web.context.ContextLoader - Root WebApplicationContext: initialization completed in 4189 ms
2019-09-28 08:54:20.160 [Socket Server Thread-01] INFO  com.osen.cloud.system.socket.server.SocketServer - socket server starting port: 8888
2019-09-28 08:54:21.449 [restartedMain] INFO  o.s.b.actuate.endpoint.web.EndpointLinksResolver - Exposing 2 endpoint(s) beneath base path '/actuator'
2019-09-28 08:54:23.158 [restartedMain] INFO  o.s.security.web.DefaultSecurityFilterChain - Creating filter chain: any request, [org.springframework.security.web.context.request.async.WebAsyncManagerIntegrationFilter@5e23d0c4, org.springframework.security.web.context.SecurityContextPersistenceFilter@6eb7138f, org.springframework.security.web.header.HeaderWriterFilter@3bb1d5ec, org.springframework.security.web.authentication.logout.LogoutFilter@3909bc8c, com.osen.cloud.system.security.config.JwtAuthenticationTokenFilter@334ed0f8, org.springframework.security.web.authentication.UsernamePasswordAuthenticationFilter@8773eea, org.springframework.security.web.savedrequest.RequestCacheAwareFilter@54ebb391, org.springframework.security.web.servletapi.SecurityContextHolderAwareRequestFilter@22a34bb7, org.springframework.security.web.authentication.AnonymousAuthenticationFilter@1c2de60b, org.springframework.security.web.session.SessionManagementFilter@429b5168, org.springframework.security.web.access.ExceptionTranslationFilter@6e9cfc7f, org.springframework.security.web.access.intercept.FilterSecurityInterceptor@22fac377]
2019-09-28 08:54:23.241 [restartedMain] INFO  s.d.s.w.PropertySourcedRequestMappingHandlerMapping - Mapped URL path [/v2/api-docs] onto method [public org.springframework.http.ResponseEntity<springfox.documentation.spring.web.json.Json> springfox.documentation.swagger2.web.Swagger2Controller.getDocumentation(java.lang.String,javax.servlet.http.HttpServletRequest)]
2019-09-28 08:54:23.640 [restartedMain] INFO  o.s.scheduling.concurrent.ThreadPoolTaskExecutor - Initializing ExecutorService 'applicationTaskExecutor'
2019-09-28 08:54:23.940 [restartedMain] INFO  o.s.b.d.autoconfigure.OptionalLiveReloadServer - LiveReload server is running on port 35729
2019-09-28 08:54:24.841 [restartedMain] INFO  o.s.scheduling.concurrent.ThreadPoolTaskScheduler - Initializing ExecutorService 'taskScheduler'
2019-09-28 08:54:25.034 [restartedMain] INFO  s.d.s.web.plugins.DocumentationPluginsBootstrapper - Context refreshed
2019-09-28 08:54:25.080 [restartedMain] INFO  s.d.s.web.plugins.DocumentationPluginsBootstrapper - Found 1 custom documentation plugin(s)
2019-09-28 08:54:25.149 [restartedMain] INFO  s.d.spring.web.scanners.ApiListingReferenceScanner - Scanning for api listing references
2019-09-28 08:54:25.401 [restartedMain] INFO  s.d.s.w.r.operation.CachingOperationNameGenerator - Generating unique operation named: queryDataHistoryByDateUsingPOST_1
2019-09-28 08:54:25.411 [restartedMain] INFO  s.d.s.w.r.operation.CachingOperationNameGenerator - Generating unique operation named: queryDataHistoryByDateUsingPOST_2
2019-09-28 08:54:25.576 [restartedMain] INFO  org.xnio - XNIO version 3.3.8.Final
2019-09-28 08:54:25.595 [restartedMain] INFO  org.xnio.nio - XNIO NIO Implementation Version 3.3.8.Final
2019-09-28 08:54:25.699 [restartedMain] INFO  o.s.b.w.embedded.undertow.UndertowServletWebServer - Undertow started on port(s) 8080 (http) with context path ''
2019-09-28 08:54:25.704 [restartedMain] INFO  com.osen.cloud.system.LampblackSystemApplication - Started LampblackSystemApplication in 19.588 seconds (JVM running for 23.73)
2019-09-28 08:54:25.934 [RMI TCP Connection(1)-192.168.1.54] INFO  com.zaxxer.hikari.HikariDataSource - DatebookHikariCP - Starting...
2019-09-28 08:54:25.946 [RMI TCP Connection(2)-192.168.1.54] INFO  io.undertow.servlet - Initializing Spring DispatcherServlet 'dispatcherServlet'
2019-09-28 08:54:25.946 [RMI TCP Connection(2)-192.168.1.54] INFO  org.springframework.web.servlet.DispatcherServlet - Initializing Servlet 'dispatcherServlet'
2019-09-28 08:54:25.973 [RMI TCP Connection(2)-192.168.1.54] INFO  org.springframework.web.servlet.DispatcherServlet - Completed initialization in 27 ms
2019-09-28 08:54:26.321 [RMI TCP Connection(1)-192.168.1.54] INFO  com.zaxxer.hikari.HikariDataSource - DatebookHikariCP - Start completed.
2019-09-28 08:54:27.909 [parallel-1] INFO  io.lettuce.core.EpollProvider - Starting without optional epoll library
2019-09-28 08:54:27.920 [parallel-1] INFO  io.lettuce.core.KqueueProvider - Starting without optional kqueue library
2019-09-28 08:55:11.774 [XNIO-1 task-1] INFO  c.o.c.s.s.handler.UserAuthenticationSuccessHandler - 用户登录成功
2019-09-28 09:02:32.597 [XNIO-1 task-2] INFO  c.o.c.s.s.controller.AuthorizationController - user logout: Bearer eyJhbGciOiJIUzUxMiJ9.eyJleHAiOjE1Njk2NDI5MTEsInN1YiI6ImFkbWluIiwiY3JlYXRlZCI6MTU2OTYzMjExMTc3NH0.P_5o2JCCqGDmBTyVR3KTT8kSOv_Y2T2zZCD8ec6pMp02C9LBVnOLJoSp51s_glIKnRYObMnr2o5Gdv0GOzgrOw
2019-09-28 09:04:21.101 [Thread-32] INFO  o.s.scheduling.concurrent.ThreadPoolTaskScheduler - Shutting down ExecutorService 'taskScheduler'
2019-09-28 09:04:21.106 [Thread-32] INFO  o.s.scheduling.concurrent.ThreadPoolTaskExecutor - Shutting down ExecutorService 'applicationTaskExecutor'
2019-09-28 09:04:22.268 [Thread-32] INFO  com.zaxxer.hikari.HikariDataSource - DatebookHikariCP - Shutdown initiated...
2019-09-28 09:04:22.278 [Thread-32] INFO  com.zaxxer.hikari.HikariDataSource - DatebookHikariCP - Shutdown completed.
2019-09-28 09:04:22.284 [Thread-32] INFO  io.undertow.servlet - Destroying Spring FrameworkServlet 'dispatcherServlet'
2019-09-28 09:04:22.895 [restartedMain] INFO  com.osen.cloud.system.LampblackSystemApplication - Starting LampblackSystemApplication on PC-20190708MDDO with PID 7712 (E:\gitworkspace\lampblack-admin\lampblack-system\target\classes started by Administrator in E:\gitworkspace\lampblack-admin)
2019-09-28 09:04:22.896 [restartedMain] INFO  com.osen.cloud.system.LampblackSystemApplication - No active profile set, falling back to default profiles: default
2019-09-28 09:04:24.568 [restartedMain] INFO  o.s.d.r.config.RepositoryConfigurationDelegate - Multiple Spring Data modules found, entering strict repository configuration mode!
2019-09-28 09:04:24.569 [restartedMain] INFO  o.s.d.r.config.RepositoryConfigurationDelegate - Bootstrapping Spring Data repositories in DEFAULT mode.
2019-09-28 09:04:24.596 [restartedMain] INFO  o.s.d.r.config.RepositoryConfigurationDelegate - Finished Spring Data repository scanning in 27ms. Found 0 repository interfaces.
2019-09-28 09:04:24.754 [restartedMain] INFO  o.s.c.s.PostProcessorRegistrationDelegate$BeanPostProcessorChecker - Bean 'org.springframework.security.config.annotation.configuration.ObjectPostProcessorConfiguration' of type [org.springframework.security.config.annotation.configuration.ObjectPostProcessorConfiguration$$EnhancerBySpringCGLIB$$bb0550a] is not eligible for getting processed by all BeanPostProcessors (for example: not eligible for auto-proxying)
2019-09-28 09:04:24.760 [restartedMain] INFO  o.s.c.s.PostProcessorRegistrationDelegate$BeanPostProcessorChecker - Bean 'org.springframework.transaction.annotation.ProxyTransactionManagementConfiguration' of type [org.springframework.transaction.annotation.ProxyTransactionManagementConfiguration$$EnhancerBySpringCGLIB$$73028cd0] is not eligible for getting processed by all BeanPostProcessors (for example: not eligible for auto-proxying)
2019-09-28 09:04:24.766 [restartedMain] INFO  o.s.c.s.PostProcessorRegistrationDelegate$BeanPostProcessorChecker - Bean 'objectPostProcessor' of type [org.springframework.security.config.annotation.configuration.AutowireBeanFactoryObjectPostProcessor] is not eligible for getting processed by all BeanPostProcessors (for example: not eligible for auto-proxying)
2019-09-28 09:04:24.767 [restartedMain] INFO  o.s.c.s.PostProcessorRegistrationDelegate$BeanPostProcessorChecker - Bean 'org.springframework.security.access.expression.method.DefaultMethodSecurityExpressionHandler@76499848' of type [org.springframework.security.access.expression.method.DefaultMethodSecurityExpressionHandler] is not eligible for getting processed by all BeanPostProcessors (for example: not eligible for auto-proxying)
2019-09-28 09:04:24.769 [restartedMain] INFO  o.s.c.s.PostProcessorRegistrationDelegate$BeanPostProcessorChecker - Bean 'org.springframework.security.config.annotation.method.configuration.GlobalMethodSecurityConfiguration' of type [org.springframework.security.config.annotation.method.configuration.GlobalMethodSecurityConfiguration$$EnhancerBySpringCGLIB$$3084f7bc] is not eligible for getting processed by all BeanPostProcessors (for example: not eligible for auto-proxying)
2019-09-28 09:04:24.771 [restartedMain] INFO  o.s.c.s.PostProcessorRegistrationDelegate$BeanPostProcessorChecker - Bean 'methodSecurityMetadataSource' of type [org.springframework.security.access.method.DelegatingMethodSecurityMetadataSource] is not eligible for getting processed by all BeanPostProcessors (for example: not eligible for auto-proxying)
2019-09-28 09:04:24.988 [restartedMain] INFO  io.undertow.servlet - Initializing Spring embedded WebApplicationContext
2019-09-28 09:04:24.988 [restartedMain] INFO  org.springframework.web.context.ContextLoader - Root WebApplicationContext: initialization completed in 2086 ms
2019-09-28 09:04:44.098 [restartedMain] INFO  com.osen.cloud.system.LampblackSystemApplication - Starting LampblackSystemApplication on PC-20190708MDDO with PID 8812 (E:\gitworkspace\lampblack-admin\lampblack-system\target\classes started by Administrator in E:\gitworkspace\lampblack-admin)
2019-09-28 09:04:44.104 [restartedMain] INFO  com.osen.cloud.system.LampblackSystemApplication - No active profile set, falling back to default profiles: default
2019-09-28 09:04:44.188 [restartedMain] INFO  o.s.b.d.env.DevToolsPropertyDefaultsPostProcessor - Devtools property defaults active! Set 'spring.devtools.add-properties' to 'false' to disable
2019-09-28 09:04:44.189 [restartedMain] INFO  o.s.b.d.env.DevToolsPropertyDefaultsPostProcessor - For additional web related logging consider setting the 'logging.level.web' property to 'DEBUG'
2019-09-28 09:04:46.648 [restartedMain] INFO  o.s.d.r.config.RepositoryConfigurationDelegate - Multiple Spring Data modules found, entering strict repository configuration mode!
2019-09-28 09:04:46.652 [restartedMain] INFO  o.s.d.r.config.RepositoryConfigurationDelegate - Bootstrapping Spring Data repositories in DEFAULT mode.
2019-09-28 09:04:46.719 [restartedMain] INFO  o.s.d.r.config.RepositoryConfigurationDelegate - Finished Spring Data repository scanning in 42ms. Found 0 repository interfaces.
2019-09-28 09:04:47.485 [restartedMain] INFO  o.s.c.s.PostProcessorRegistrationDelegate$BeanPostProcessorChecker - Bean 'org.springframework.security.config.annotation.configuration.ObjectPostProcessorConfiguration' of type [org.springframework.security.config.annotation.configuration.ObjectPostProcessorConfiguration$$EnhancerBySpringCGLIB$$b5fc6c3a] is not eligible for getting processed by all BeanPostProcessors (for example: not eligible for auto-proxying)
2019-09-28 09:04:47.502 [restartedMain] INFO  o.s.c.s.PostProcessorRegistrationDelegate$BeanPostProcessorChecker - Bean 'org.springframework.transaction.annotation.ProxyTransactionManagementConfiguration' of type [org.springframework.transaction.annotation.ProxyTransactionManagementConfiguration$$EnhancerBySpringCGLIB$$1d4ea400] is not eligible for getting processed by all BeanPostProcessors (for example: not eligible for auto-proxying)
2019-09-28 09:04:47.540 [restartedMain] INFO  o.s.c.s.PostProcessorRegistrationDelegate$BeanPostProcessorChecker - Bean 'objectPostProcessor' of type [org.springframework.security.config.annotation.configuration.AutowireBeanFactoryObjectPostProcessor] is not eligible for getting processed by all BeanPostProcessors (for example: not eligible for auto-proxying)
2019-09-28 09:04:47.543 [restartedMain] INFO  o.s.c.s.PostProcessorRegistrationDelegate$BeanPostProcessorChecker - Bean 'org.springframework.security.access.expression.method.DefaultMethodSecurityExpressionHandler@573d2391' of type [org.springframework.security.access.expression.method.DefaultMethodSecurityExpressionHandler] is not eligible for getting processed by all BeanPostProcessors (for example: not eligible for auto-proxying)
2019-09-28 09:04:47.550 [restartedMain] INFO  o.s.c.s.PostProcessorRegistrationDelegate$BeanPostProcessorChecker - Bean 'org.springframework.security.config.annotation.method.configuration.GlobalMethodSecurityConfiguration' of type [org.springframework.security.config.annotation.method.configuration.GlobalMethodSecurityConfiguration$$EnhancerBySpringCGLIB$$dad10eec] is not eligible for getting processed by all BeanPostProcessors (for example: not eligible for auto-proxying)
2019-09-28 09:04:47.560 [restartedMain] INFO  o.s.c.s.PostProcessorRegistrationDelegate$BeanPostProcessorChecker - Bean 'methodSecurityMetadataSource' of type [org.springframework.security.access.method.DelegatingMethodSecurityMetadataSource] is not eligible for getting processed by all BeanPostProcessors (for example: not eligible for auto-proxying)
2019-09-28 09:04:48.111 [restartedMain] INFO  io.undertow.servlet - Initializing Spring embedded WebApplicationContext
2019-09-28 09:04:48.112 [restartedMain] INFO  org.springframework.web.context.ContextLoader - Root WebApplicationContext: initialization completed in 3922 ms
2019-09-28 09:04:51.503 [Socket Server Thread-01] INFO  com.osen.cloud.system.socket.server.SocketServer - socket server starting port: 8888
2019-09-28 09:04:52.099 [restartedMain] INFO  o.s.b.actuate.endpoint.web.EndpointLinksResolver - Exposing 2 endpoint(s) beneath base path '/actuator'
2019-09-28 09:04:52.599 [restartedMain] INFO  o.s.security.web.DefaultSecurityFilterChain - Creating filter chain: any request, [org.springframework.security.web.context.request.async.WebAsyncManagerIntegrationFilter@7bf861f0, org.springframework.security.web.context.SecurityContextPersistenceFilter@378ed74d, org.springframework.security.web.header.HeaderWriterFilter@14b1117d, org.springframework.security.web.authentication.logout.LogoutFilter@6b4bd68, com.osen.cloud.system.security.config.JwtAuthenticationTokenFilter@a4809ac, org.springframework.security.web.authentication.UsernamePasswordAuthenticationFilter@77c3eb5f, org.springframework.security.web.savedrequest.RequestCacheAwareFilter@774695ea, org.springframework.security.web.servletapi.SecurityContextHolderAwareRequestFilter@76645359, org.springframework.security.web.authentication.AnonymousAuthenticationFilter@2c481a80, org.springframework.security.web.session.SessionManagementFilter@62049029, org.springframework.security.web.access.ExceptionTranslationFilter@674d4334, org.springframework.security.web.access.intercept.FilterSecurityInterceptor@51651871]
2019-09-28 09:04:52.680 [restartedMain] INFO  s.d.s.w.PropertySourcedRequestMappingHandlerMapping - Mapped URL path [/v2/api-docs] onto method [public org.springframework.http.ResponseEntity<springfox.documentation.spring.web.json.Json> springfox.documentation.swagger2.web.Swagger2Controller.getDocumentation(java.lang.String,javax.servlet.http.HttpServletRequest)]
2019-09-28 09:04:52.873 [restartedMain] INFO  o.s.scheduling.concurrent.ThreadPoolTaskExecutor - Initializing ExecutorService 'applicationTaskExecutor'
2019-09-28 09:04:52.992 [restartedMain] INFO  o.s.b.d.autoconfigure.OptionalLiveReloadServer - LiveReload server is running on port 35729
2019-09-28 09:04:53.701 [restartedMain] INFO  o.s.scheduling.concurrent.ThreadPoolTaskScheduler - Initializing ExecutorService 'taskScheduler'
2019-09-28 09:04:53.896 [restartedMain] INFO  s.d.s.web.plugins.DocumentationPluginsBootstrapper - Context refreshed
2019-09-28 09:04:53.931 [restartedMain] INFO  s.d.s.web.plugins.DocumentationPluginsBootstrapper - Found 1 custom documentation plugin(s)
2019-09-28 09:04:53.998 [restartedMain] INFO  s.d.spring.web.scanners.ApiListingReferenceScanner - Scanning for api listing references
2019-09-28 09:04:54.223 [restartedMain] INFO  s.d.s.w.r.operation.CachingOperationNameGenerator - Generating unique operation named: queryDataHistoryByDateUsingPOST_1
2019-09-28 09:04:54.232 [restartedMain] INFO  s.d.s.w.r.operation.CachingOperationNameGenerator - Generating unique operation named: queryDataHistoryByDateUsingPOST_2
2019-09-28 09:04:54.402 [restartedMain] INFO  org.xnio - XNIO version 3.3.8.Final
2019-09-28 09:04:54.422 [restartedMain] INFO  org.xnio.nio - XNIO NIO Implementation Version 3.3.8.Final
2019-09-28 09:04:54.509 [restartedMain] INFO  o.s.b.w.embedded.undertow.UndertowServletWebServer - Undertow started on port(s) 8080 (http) with context path ''
2019-09-28 09:04:54.514 [restartedMain] INFO  com.osen.cloud.system.LampblackSystemApplication - Started LampblackSystemApplication in 11.993 seconds (JVM running for 13.534)
2019-09-28 09:04:55.166 [RMI TCP Connection(5)-192.168.1.54] INFO  io.undertow.servlet - Initializing Spring DispatcherServlet 'dispatcherServlet'
2019-09-28 09:04:55.166 [RMI TCP Connection(5)-192.168.1.54] INFO  org.springframework.web.servlet.DispatcherServlet - Initializing Servlet 'dispatcherServlet'
2019-09-28 09:04:55.167 [RMI TCP Connection(4)-192.168.1.54] INFO  com.zaxxer.hikari.HikariDataSource - DatebookHikariCP - Starting...
2019-09-28 09:04:55.190 [RMI TCP Connection(5)-192.168.1.54] INFO  org.springframework.web.servlet.DispatcherServlet - Completed initialization in 23 ms
2019-09-28 09:04:55.494 [RMI TCP Connection(4)-192.168.1.54] INFO  com.zaxxer.hikari.HikariDataSource - DatebookHikariCP - Start completed.
2019-09-28 09:04:56.171 [parallel-1] INFO  io.lettuce.core.EpollProvider - Starting without optional epoll library
2019-09-28 09:04:56.174 [parallel-1] INFO  io.lettuce.core.KqueueProvider - Starting without optional kqueue library
2019-09-28 09:05:46.060 [XNIO-1 task-1] INFO  c.o.c.s.s.handler.UserAuthenticationSuccessHandler - 用户登录成功
2019-09-28 09:10:20.176 [XNIO-1 task-12] INFO  c.o.c.s.s.handler.UserAuthenticationSuccessHandler - 用户登录成功
2019-09-28 09:14:02.223 [XNIO-1 task-18] INFO  c.o.c.s.s.handler.UserAuthenticationSuccessHandler - 用户登录成功
2019-09-28 09:24:58.592 [XNIO-1 task-31] INFO  c.o.c.s.s.controller.AuthorizationController - user logout: Bearer eyJhbGciOiJIUzUxMiJ9.eyJleHAiOjE1Njk2NDQwNDIsInN1YiI6ImFkbWluIiwiY3JlYXRlZCI6MTU2OTYzMzI0MjIyNH0.wBobeutrnQkT1D8QiAw6_G7KBU61h5L42qsQX-LZPgpq7BrmIaSpkBZ1Pb4yXnsRmLzrJuDIY5HZ9cy6eiT8ng
2019-09-28 09:25:06.899 [XNIO-1 task-32] INFO  c.o.c.s.s.handler.UserAuthenticationSuccessHandler - 用户登录成功
2019-09-28 09:27:41.634 [Thread-31] INFO  o.s.scheduling.concurrent.ThreadPoolTaskScheduler - Shutting down ExecutorService 'taskScheduler'
2019-09-28 09:27:41.637 [Thread-31] INFO  o.s.scheduling.concurrent.ThreadPoolTaskExecutor - Shutting down ExecutorService 'applicationTaskExecutor'
2019-09-28 09:27:42.777 [Thread-31] INFO  com.zaxxer.hikari.HikariDataSource - DatebookHikariCP - Shutdown initiated...
2019-09-28 09:27:42.786 [Thread-31] INFO  com.zaxxer.hikari.HikariDataSource - DatebookHikariCP - Shutdown completed.
2019-09-28 09:27:42.791 [Thread-31] INFO  io.undertow.servlet - Destroying Spring FrameworkServlet 'dispatcherServlet'
2019-09-28 09:44:16.908 [restartedMain] INFO  com.osen.cloud.system.LampblackSystemApplication - Starting LampblackSystemApplication on PC-20190708MDDO with PID 9972 (E:\gitworkspace\lampblack-admin\lampblack-system\target\classes started by Administrator in E:\gitworkspace\lampblack-admin)
2019-09-28 09:44:16.912 [restartedMain] INFO  com.osen.cloud.system.LampblackSystemApplication - No active profile set, falling back to default profiles: default
2019-09-28 09:44:17.006 [restartedMain] INFO  o.s.b.d.env.DevToolsPropertyDefaultsPostProcessor - Devtools property defaults active! Set 'spring.devtools.add-properties' to 'false' to disable
2019-09-28 09:44:17.007 [restartedMain] INFO  o.s.b.d.env.DevToolsPropertyDefaultsPostProcessor - For additional web related logging consider setting the 'logging.level.web' property to 'DEBUG'
2019-09-28 09:44:19.357 [restartedMain] INFO  o.s.d.r.config.RepositoryConfigurationDelegate - Multiple Spring Data modules found, entering strict repository configuration mode!
2019-09-28 09:44:19.361 [restartedMain] INFO  o.s.d.r.config.RepositoryConfigurationDelegate - Bootstrapping Spring Data repositories in DEFAULT mode.
2019-09-28 09:44:19.423 [restartedMain] INFO  o.s.d.r.config.RepositoryConfigurationDelegate - Finished Spring Data repository scanning in 40ms. Found 0 repository interfaces.
2019-09-28 09:44:20.195 [restartedMain] INFO  o.s.c.s.PostProcessorRegistrationDelegate$BeanPostProcessorChecker - Bean 'org.springframework.security.config.annotation.configuration.ObjectPostProcessorConfiguration' of type [org.springframework.security.config.annotation.configuration.ObjectPostProcessorConfiguration$$EnhancerBySpringCGLIB$$5a3f3339] is not eligible for getting processed by all BeanPostProcessors (for example: not eligible for auto-proxying)
2019-09-28 09:44:20.214 [restartedMain] INFO  o.s.c.s.PostProcessorRegistrationDelegate$BeanPostProcessorChecker - Bean 'org.springframework.transaction.annotation.ProxyTransactionManagementConfiguration' of type [org.springframework.transaction.annotation.ProxyTransactionManagementConfiguration$$EnhancerBySpringCGLIB$$c1916aff] is not eligible for getting processed by all BeanPostProcessors (for example: not eligible for auto-proxying)
2019-09-28 09:44:20.253 [restartedMain] INFO  o.s.c.s.PostProcessorRegistrationDelegate$BeanPostProcessorChecker - Bean 'objectPostProcessor' of type [org.springframework.security.config.annotation.configuration.AutowireBeanFactoryObjectPostProcessor] is not eligible for getting processed by all BeanPostProcessors (for example: not eligible for auto-proxying)
2019-09-28 09:44:20.257 [restartedMain] INFO  o.s.c.s.PostProcessorRegistrationDelegate$BeanPostProcessorChecker - Bean 'org.springframework.security.access.expression.method.DefaultMethodSecurityExpressionHandler@9e2ec13' of type [org.springframework.security.access.expression.method.DefaultMethodSecurityExpressionHandler] is not eligible for getting processed by all BeanPostProcessors (for example: not eligible for auto-proxying)
2019-09-28 09:44:20.262 [restartedMain] INFO  o.s.c.s.PostProcessorRegistrationDelegate$BeanPostProcessorChecker - Bean 'org.springframework.security.config.annotation.method.configuration.GlobalMethodSecurityConfiguration' of type [org.springframework.security.config.annotation.method.configuration.GlobalMethodSecurityConfiguration$$EnhancerBySpringCGLIB$$7f13d5eb] is not eligible for getting processed by all BeanPostProcessors (for example: not eligible for auto-proxying)
2019-09-28 09:44:20.271 [restartedMain] INFO  o.s.c.s.PostProcessorRegistrationDelegate$BeanPostProcessorChecker - Bean 'methodSecurityMetadataSource' of type [org.springframework.security.access.method.DelegatingMethodSecurityMetadataSource] is not eligible for getting processed by all BeanPostProcessors (for example: not eligible for auto-proxying)
2019-09-28 09:44:20.834 [restartedMain] INFO  io.undertow.servlet - Initializing Spring embedded WebApplicationContext
2019-09-28 09:44:20.834 [restartedMain] INFO  org.springframework.web.context.ContextLoader - Root WebApplicationContext: initialization completed in 3827 ms
2019-09-28 09:44:24.292 [Socket Server Thread-01] INFO  com.osen.cloud.system.socket.server.SocketServer - socket server starting port: 8888
2019-09-28 09:44:24.871 [restartedMain] INFO  o.s.b.actuate.endpoint.web.EndpointLinksResolver - Exposing 2 endpoint(s) beneath base path '/actuator'
2019-09-28 09:44:25.330 [restartedMain] INFO  o.s.security.web.DefaultSecurityFilterChain - Creating filter chain: any request, [org.springframework.security.web.context.request.async.WebAsyncManagerIntegrationFilter@6db1fcc0, org.springframework.security.web.context.SecurityContextPersistenceFilter@2b21b38, org.springframework.security.web.header.HeaderWriterFilter@2d3b189c, org.springframework.security.web.authentication.logout.LogoutFilter@71fec772, com.osen.cloud.system.security.config.JwtAuthenticationTokenFilter@62264b18, org.springframework.security.web.authentication.UsernamePasswordAuthenticationFilter@16a4cb8, org.springframework.security.web.savedrequest.RequestCacheAwareFilter@d4b26d3, org.springframework.security.web.servletapi.SecurityContextHolderAwareRequestFilter@792cef08, org.springframework.security.web.authentication.AnonymousAuthenticationFilter@c4dc5e9, org.springframework.security.web.session.SessionManagementFilter@3d6e9be3, org.springframework.security.web.access.ExceptionTranslationFilter@3c3bf6be, org.springframework.security.web.access.intercept.FilterSecurityInterceptor@70f08dca]
2019-09-28 09:44:25.401 [restartedMain] INFO  s.d.s.w.PropertySourcedRequestMappingHandlerMapping - Mapped URL path [/v2/api-docs] onto method [public org.springframework.http.ResponseEntity<springfox.documentation.spring.web.json.Json> springfox.documentation.swagger2.web.Swagger2Controller.getDocumentation(java.lang.String,javax.servlet.http.HttpServletRequest)]
2019-09-28 09:44:25.589 [restartedMain] INFO  o.s.scheduling.concurrent.ThreadPoolTaskExecutor - Initializing ExecutorService 'applicationTaskExecutor'
2019-09-28 09:44:25.700 [restartedMain] INFO  o.s.b.d.autoconfigure.OptionalLiveReloadServer - LiveReload server is running on port 35729
2019-09-28 09:44:26.353 [restartedMain] INFO  o.s.scheduling.concurrent.ThreadPoolTaskScheduler - Initializing ExecutorService 'taskScheduler'
2019-09-28 09:44:26.542 [restartedMain] INFO  s.d.s.web.plugins.DocumentationPluginsBootstrapper - Context refreshed
2019-09-28 09:44:26.576 [restartedMain] INFO  s.d.s.web.plugins.DocumentationPluginsBootstrapper - Found 1 custom documentation plugin(s)
2019-09-28 09:44:26.644 [restartedMain] INFO  s.d.spring.web.scanners.ApiListingReferenceScanner - Scanning for api listing references
2019-09-28 09:44:26.880 [restartedMain] INFO  s.d.s.w.r.operation.CachingOperationNameGenerator - Generating unique operation named: queryDataHistoryByDateUsingPOST_1
2019-09-28 09:44:26.891 [restartedMain] INFO  s.d.s.w.r.operation.CachingOperationNameGenerator - Generating unique operation named: queryDataHistoryByDateUsingPOST_2
2019-09-28 09:44:27.054 [restartedMain] INFO  org.xnio - XNIO version 3.3.8.Final
2019-09-28 09:44:27.078 [restartedMain] INFO  org.xnio.nio - XNIO NIO Implementation Version 3.3.8.Final
2019-09-28 09:44:27.176 [restartedMain] INFO  o.s.b.w.embedded.undertow.UndertowServletWebServer - Undertow started on port(s) 8080 (http) with context path ''
2019-09-28 09:44:27.181 [restartedMain] INFO  com.osen.cloud.system.LampblackSystemApplication - Started LampblackSystemApplication in 11.917 seconds (JVM running for 13.443)
2019-09-28 09:44:27.410 [RMI TCP Connection(3)-192.168.1.54] INFO  io.undertow.servlet - Initializing Spring DispatcherServlet 'dispatcherServlet'
2019-09-28 09:44:27.410 [RMI TCP Connection(3)-192.168.1.54] INFO  org.springframework.web.servlet.DispatcherServlet - Initializing Servlet 'dispatcherServlet'
2019-09-28 09:44:27.434 [RMI TCP Connection(3)-192.168.1.54] INFO  org.springframework.web.servlet.DispatcherServlet - Completed initialization in 24 ms
2019-09-28 09:44:27.524 [RMI TCP Connection(5)-192.168.1.54] INFO  com.zaxxer.hikari.HikariDataSource - DatebookHikariCP - Starting...
2019-09-28 09:44:27.869 [RMI TCP Connection(5)-192.168.1.54] INFO  com.zaxxer.hikari.HikariDataSource - DatebookHikariCP - Start completed.
2019-09-28 09:44:28.381 [parallel-1] INFO  io.lettuce.core.EpollProvider - Starting without optional epoll library
2019-09-28 09:44:28.386 [parallel-1] INFO  io.lettuce.core.KqueueProvider - Starting without optional kqueue library
2019-09-28 10:39:34.456 [XNIO-1 task-1] INFO  c.o.c.s.s.handler.UserAuthenticationSuccessHandler - 用户登录成功
2019-09-28 10:40:25.294 [XNIO-1 task-7] INFO  c.o.c.s.s.handler.UserAuthenticationSuccessHandler - 用户登录成功
2019-09-28 10:40:53.644 [XNIO-1 task-12] INFO  c.o.c.s.s.handler.UserAuthenticationSuccessHandler - 用户登录成功
2019-09-28 11:03:26.193 [XNIO-1 task-11] INFO  c.o.c.system.data.controller.DataHistoryController - 批量实时数据返回
2019-09-28 11:03:32.700 [XNIO-1 task-15] INFO  c.o.c.system.data.controller.DataHistoryController - 实时数据返回
2019-09-28 11:03:35.986 [XNIO-1 task-17] INFO  c.o.c.system.data.controller.DataHistoryController - 实时数据返回
2019-09-28 11:03:41.354 [XNIO-1 task-19] INFO  c.o.c.system.data.controller.DataHistoryController - 实时数据返回
2019-09-28 11:03:49.427 [XNIO-1 task-20] INFO  c.o.c.s.s.controller.AuthorizationController - user logout: Bearer eyJhbGciOiJIUzUxMiJ9.eyJleHAiOjE1Njk2NDkyNTMsInN1YiI6ImFkbWluIiwiY3JlYXRlZCI6MTU2OTYzODQ1MzY0NX0.veN5O1rmMrNR9rFtzlGdwL0Io_pWAtWfK4MjduKfqP4KoIYScOI0jk_J_CtHvGUHpXvBMScvZVY7-i0uBpA-Ng
2019-09-28 11:04:13.682 [XNIO-1 task-21] INFO  c.o.c.s.s.handler.UserAuthenticationEntryPoint - 用户未登录
2019-09-28 11:04:15.028 [XNIO-1 task-22] INFO  c.o.c.s.s.handler.UserAuthenticationEntryPoint - 用户未登录
2019-09-28 11:04:16.124 [XNIO-1 task-23] INFO  c.o.c.s.s.handler.UserAuthenticationEntryPoint - 用户未登录
2019-09-28 11:04:18.241 [XNIO-1 task-24] INFO  c.o.c.s.s.handler.UserAuthenticationEntryPoint - 用户未登录
2019-09-28 11:04:22.355 [XNIO-1 task-25] INFO  c.o.c.s.s.handler.UserAuthenticationEntryPoint - 用户未登录
2019-09-28 11:04:26.206 [XNIO-1 task-26] INFO  c.o.c.s.s.handler.UserAuthenticationSuccessHandler - 用户登录成功
2019-09-28 11:04:30.383 [XNIO-1 task-30] INFO  c.o.c.s.s.handler.UserAuthenticationEntryPoint - 用户未登录
2019-09-28 11:04:30.489 [XNIO-1 task-32] INFO  c.o.c.system.data.controller.DataHistoryController - 实时数据返回
2019-09-28 11:04:32.092 [XNIO-1 task-34] INFO  c.o.c.system.data.controller.DataHistoryController - 实时数据返回
2019-09-28 11:04:33.126 [XNIO-1 task-36] INFO  c.o.c.system.data.controller.DataHistoryController - 实时数据返回
2019-09-28 11:04:33.982 [XNIO-1 task-38] INFO  c.o.c.system.data.controller.DataHistoryController - 实时数据返回
2019-09-28 11:04:34.683 [XNIO-1 task-40] INFO  c.o.c.system.data.controller.DataHistoryController - 实时数据返回
2019-09-28 11:04:35.335 [XNIO-1 task-41] INFO  c.o.c.system.data.controller.DataHistoryController - 实时数据返回
2019-09-28 11:04:36.682 [XNIO-1 task-43] INFO  c.o.c.system.data.controller.DataHistoryController - 实时数据返回
2019-09-28 11:04:39.261 [XNIO-1 task-46] INFO  c.o.c.system.data.controller.DataHistoryController - 实时数据返回
2019-09-28 11:04:41.414 [XNIO-1 task-49] INFO  c.o.c.system.data.controller.DataHistoryController - 实时数据返回
2019-09-28 11:04:46.430 [XNIO-1 task-52] INFO  c.o.c.s.s.handler.UserAuthenticationEntryPoint - 用户未登录
2019-09-28 11:04:50.717 [XNIO-1 task-53] INFO  c.o.c.system.data.controller.DataHistoryController - 批量实时数据返回
2019-09-28 11:05:18.530 [XNIO-1 task-56] INFO  c.o.c.s.s.handler.UserAuthenticationEntryPoint - 用户未登录
2019-09-28 11:06:21.235 [XNIO-1 task-61] INFO  c.o.c.s.s.handler.UserAuthenticationSuccessHandler - 用户登录成功
2019-09-28 11:06:22.610 [XNIO-1 task-1] INFO  c.o.c.s.s.handler.UserAuthenticationEntryPoint - 用户未登录
2019-09-28 11:08:30.734 [XNIO-1 task-20] INFO  c.o.c.s.s.handler.UserAuthenticationEntryPoint - 用户未登录
2019-09-28 11:11:39.160 [XNIO-1 task-38] INFO  c.o.c.s.s.handler.UserAuthenticationEntryPoint - 用户未登录
2019-09-28 11:11:40.393 [XNIO-1 task-42] INFO  c.o.c.s.s.handler.UserAuthenticationEntryPoint - 用户未登录
2019-09-28 11:11:41.512 [XNIO-1 task-43] INFO  c.o.c.s.s.handler.UserAuthenticationEntryPoint - 用户未登录
2019-09-28 11:11:43.540 [XNIO-1 task-44] INFO  c.o.c.s.s.handler.UserAuthenticationEntryPoint - 用户未登录
2019-09-28 11:11:44.026 [XNIO-1 task-46] INFO  c.o.c.system.data.controller.DataHistoryController - 实时数据返回
2019-09-28 11:11:47.647 [XNIO-1 task-49] INFO  c.o.c.s.s.handler.UserAuthenticationEntryPoint - 用户未登录
2019-09-28 11:11:55.728 [XNIO-1 task-48] INFO  c.o.c.s.s.handler.UserAuthenticationEntryPoint - 用户未登录
2019-09-28 11:12:11.770 [XNIO-1 task-52] INFO  c.o.c.s.s.handler.UserAuthenticationEntryPoint - 用户未登录
2019-09-28 11:12:43.843 [XNIO-1 task-55] INFO  c.o.c.s.s.handler.UserAuthenticationEntryPoint - 用户未登录
2019-09-28 11:12:48.283 [XNIO-1 task-56] INFO  c.o.c.s.s.handler.UserAuthenticationEntryPoint - 用户未登录
2019-09-28 11:12:57.405 [XNIO-1 task-59] INFO  c.o.c.s.s.handler.UserAuthenticationEntryPoint - 用户未登录
2019-09-28 11:12:58.868 [XNIO-1 task-61] INFO  c.o.c.s.s.handler.UserAuthenticationEntryPoint - 用户未登录
2019-09-28 11:12:59.902 [XNIO-1 task-62] INFO  c.o.c.s.s.handler.UserAuthenticationEntryPoint - 用户未登录
2019-09-28 11:13:01.989 [XNIO-1 task-63] INFO  c.o.c.s.s.handler.UserAuthenticationEntryPoint - 用户未登录
2019-09-28 11:13:06.070 [XNIO-1 task-64] INFO  c.o.c.s.s.handler.UserAuthenticationEntryPoint - 用户未登录
2019-09-28 11:13:14.142 [XNIO-1 task-1] INFO  c.o.c.s.s.handler.UserAuthenticationEntryPoint - 用户未登录
2019-09-28 11:13:30.239 [XNIO-1 task-3] INFO  c.o.c.s.s.handler.UserAuthenticationEntryPoint - 用户未登录
2019-09-28 11:14:02.281 [XNIO-1 task-8] INFO  c.o.c.s.s.handler.UserAuthenticationEntryPoint - 用户未登录
2019-09-28 11:14:19.081 [Thread-30] INFO  o.s.scheduling.concurrent.ThreadPoolTaskScheduler - Shutting down ExecutorService 'taskScheduler'
2019-09-28 11:14:19.085 [Thread-30] INFO  o.s.scheduling.concurrent.ThreadPoolTaskExecutor - Shutting down ExecutorService 'applicationTaskExecutor'
2019-09-28 11:14:20.465 [Thread-30] INFO  com.zaxxer.hikari.HikariDataSource - DatebookHikariCP - Shutdown initiated...
2019-09-28 11:14:20.476 [Thread-30] INFO  com.zaxxer.hikari.HikariDataSource - DatebookHikariCP - Shutdown completed.
2019-09-28 11:14:20.550 [Thread-30] INFO  io.undertow.servlet - Destroying Spring FrameworkServlet 'dispatcherServlet'
2019-09-28 11:15:24.884 [restartedMain] INFO  com.osen.cloud.system.LampblackSystemApplication - Starting LampblackSystemApplication on PC-20190708MDDO with PID 10072 (E:\gitworkspace\lampblack-admin\lampblack-system\target\classes started by Administrator in E:\gitworkspace\lampblack-admin)
2019-09-28 11:15:24.889 [restartedMain] INFO  com.osen.cloud.system.LampblackSystemApplication - No active profile set, falling back to default profiles: default
2019-09-28 11:15:25.010 [restartedMain] INFO  o.s.b.d.env.DevToolsPropertyDefaultsPostProcessor - Devtools property defaults active! Set 'spring.devtools.add-properties' to 'false' to disable
2019-09-28 11:15:25.010 [restartedMain] INFO  o.s.b.d.env.DevToolsPropertyDefaultsPostProcessor - For additional web related logging consider setting the 'logging.level.web' property to 'DEBUG'
2019-09-28 11:15:34.881 [restartedMain] INFO  com.osen.cloud.system.LampblackSystemApplication - Starting LampblackSystemApplication on PC-20190708MDDO with PID 7092 (E:\gitworkspace\lampblack-admin\lampblack-system\target\classes started by Administrator in E:\gitworkspace\lampblack-admin)
2019-09-28 11:15:34.888 [restartedMain] INFO  com.osen.cloud.system.LampblackSystemApplication - No active profile set, falling back to default profiles: default
2019-09-28 11:15:35.059 [restartedMain] INFO  o.s.b.d.env.DevToolsPropertyDefaultsPostProcessor - Devtools property defaults active! Set 'spring.devtools.add-properties' to 'false' to disable
2019-09-28 11:15:35.060 [restartedMain] INFO  o.s.b.d.env.DevToolsPropertyDefaultsPostProcessor - For additional web related logging consider setting the 'logging.level.web' property to 'DEBUG'
2019-09-28 11:15:38.789 [restartedMain] INFO  o.s.d.r.config.RepositoryConfigurationDelegate - Multiple Spring Data modules found, entering strict repository configuration mode!
2019-09-28 11:15:38.795 [restartedMain] INFO  o.s.d.r.config.RepositoryConfigurationDelegate - Bootstrapping Spring Data repositories in DEFAULT mode.
2019-09-28 11:15:38.868 [restartedMain] INFO  o.s.d.r.config.RepositoryConfigurationDelegate - Finished Spring Data repository scanning in 47ms. Found 0 repository interfaces.
2019-09-28 11:15:40.021 [restartedMain] INFO  o.s.c.s.PostProcessorRegistrationDelegate$BeanPostProcessorChecker - Bean 'org.springframework.security.config.annotation.configuration.ObjectPostProcessorConfiguration' of type [org.springframework.security.config.annotation.configuration.ObjectPostProcessorConfiguration$$EnhancerBySpringCGLIB$$25fedca2] is not eligible for getting processed by all BeanPostProcessors (for example: not eligible for auto-proxying)
2019-09-28 11:15:40.048 [restartedMain] INFO  o.s.c.s.PostProcessorRegistrationDelegate$BeanPostProcessorChecker - Bean 'org.springframework.transaction.annotation.ProxyTransactionManagementConfiguration' of type [org.springframework.transaction.annotation.ProxyTransactionManagementConfiguration$$EnhancerBySpringCGLIB$$8d511468] is not eligible for getting processed by all BeanPostProcessors (for example: not eligible for auto-proxying)
2019-09-28 11:15:40.112 [restartedMain] INFO  o.s.c.s.PostProcessorRegistrationDelegate$BeanPostProcessorChecker - Bean 'objectPostProcessor' of type [org.springframework.security.config.annotation.configuration.AutowireBeanFactoryObjectPostProcessor] is not eligible for getting processed by all BeanPostProcessors (for example: not eligible for auto-proxying)
2019-09-28 11:15:40.117 [restartedMain] INFO  o.s.c.s.PostProcessorRegistrationDelegate$BeanPostProcessorChecker - Bean 'org.springframework.security.access.expression.method.DefaultMethodSecurityExpressionHandler@1efd0374' of type [org.springframework.security.access.expression.method.DefaultMethodSecurityExpressionHandler] is not eligible for getting processed by all BeanPostProcessors (for example: not eligible for auto-proxying)
2019-09-28 11:15:40.134 [restartedMain] INFO  o.s.c.s.PostProcessorRegistrationDelegate$BeanPostProcessorChecker - Bean 'org.springframework.security.config.annotation.method.configuration.GlobalMethodSecurityConfiguration' of type [org.springframework.security.config.annotation.method.configuration.GlobalMethodSecurityConfiguration$$EnhancerBySpringCGLIB$$4ad37f54] is not eligible for getting processed by all BeanPostProcessors (for example: not eligible for auto-proxying)
2019-09-28 11:15:40.150 [restartedMain] INFO  o.s.c.s.PostProcessorRegistrationDelegate$BeanPostProcessorChecker - Bean 'methodSecurityMetadataSource' of type [org.springframework.security.access.method.DelegatingMethodSecurityMetadataSource] is not eligible for getting processed by all BeanPostProcessors (for example: not eligible for auto-proxying)
2019-09-28 11:15:40.985 [restartedMain] INFO  io.undertow.servlet - Initializing Spring embedded WebApplicationContext
2019-09-28 11:15:40.985 [restartedMain] INFO  org.springframework.web.context.ContextLoader - Root WebApplicationContext: initialization completed in 5925 ms
2019-09-28 11:15:44.529 [Socket Server Thread-01] INFO  com.osen.cloud.system.socket.server.SocketServer - socket server starting port: 8888
2019-09-28 11:15:45.106 [restartedMain] INFO  o.s.b.actuate.endpoint.web.EndpointLinksResolver - Exposing 2 endpoint(s) beneath base path '/actuator'
2019-09-28 11:15:45.653 [restartedMain] INFO  o.s.security.web.DefaultSecurityFilterChain - Creating filter chain: any request, [org.springframework.security.web.context.request.async.WebAsyncManagerIntegrationFilter@38749f8f, org.springframework.security.web.context.SecurityContextPersistenceFilter@225a7680, org.springframework.security.web.header.HeaderWriterFilter@4d92e3ae, org.springframework.security.web.authentication.logout.LogoutFilter@6b09d3a7, com.osen.cloud.system.security.config.JwtAuthenticationTokenFilter@3c2df277, org.springframework.security.web.authentication.UsernamePasswordAuthenticationFilter@62d20400, org.springframework.security.web.savedrequest.RequestCacheAwareFilter@f70b4ba, org.springframework.security.web.servletapi.SecurityContextHolderAwareRequestFilter@137106b0, org.springframework.security.web.authentication.AnonymousAuthenticationFilter@98917a2, org.springframework.security.web.session.SessionManagementFilter@42c4d480, org.springframework.security.web.access.ExceptionTranslationFilter@19b7d631, org.springframework.security.web.access.intercept.FilterSecurityInterceptor@445b6958]
2019-09-28 11:15:45.739 [restartedMain] INFO  s.d.s.w.PropertySourcedRequestMappingHandlerMapping - Mapped URL path [/v2/api-docs] onto method [public org.springframework.http.ResponseEntity<springfox.documentation.spring.web.json.Json> springfox.documentation.swagger2.web.Swagger2Controller.getDocumentation(java.lang.String,javax.servlet.http.HttpServletRequest)]
2019-09-28 11:15:45.991 [restartedMain] INFO  o.s.scheduling.concurrent.ThreadPoolTaskExecutor - Initializing ExecutorService 'applicationTaskExecutor'
2019-09-28 11:15:46.093 [restartedMain] INFO  o.s.b.d.autoconfigure.OptionalLiveReloadServer - LiveReload server is running on port 35729
2019-09-28 11:15:46.747 [restartedMain] INFO  o.s.scheduling.concurrent.ThreadPoolTaskScheduler - Initializing ExecutorService 'taskScheduler'
2019-09-28 11:15:46.943 [restartedMain] INFO  s.d.s.web.plugins.DocumentationPluginsBootstrapper - Context refreshed
2019-09-28 11:15:46.976 [restartedMain] INFO  s.d.s.web.plugins.DocumentationPluginsBootstrapper - Found 1 custom documentation plugin(s)
2019-09-28 11:15:47.046 [restartedMain] INFO  s.d.spring.web.scanners.ApiListingReferenceScanner - Scanning for api listing references
2019-09-28 11:15:47.274 [restartedMain] INFO  s.d.s.w.r.operation.CachingOperationNameGenerator - Generating unique operation named: queryDataHistoryByDateUsingPOST_1
2019-09-28 11:15:47.285 [restartedMain] INFO  s.d.s.w.r.operation.CachingOperationNameGenerator - Generating unique operation named: queryDataHistoryByDateUsingPOST_2
2019-09-28 11:15:47.457 [restartedMain] INFO  org.xnio - XNIO version 3.3.8.Final
2019-09-28 11:15:47.477 [restartedMain] INFO  org.xnio.nio - XNIO NIO Implementation Version 3.3.8.Final
2019-09-28 11:15:47.558 [restartedMain] INFO  o.s.b.w.embedded.undertow.UndertowServletWebServer - Undertow started on port(s) 8080 (http) with context path ''
2019-09-28 11:15:47.564 [restartedMain] INFO  com.osen.cloud.system.LampblackSystemApplication - Started LampblackSystemApplication in 13.973 seconds (JVM running for 15.349)
2019-09-28 11:15:48.153 [RMI TCP Connection(1)-192.168.1.54] INFO  io.undertow.servlet - Initializing Spring DispatcherServlet 'dispatcherServlet'
2019-09-28 11:15:48.153 [RMI TCP Connection(2)-192.168.1.54] INFO  com.zaxxer.hikari.HikariDataSource - DatebookHikariCP - Starting...
2019-09-28 11:15:48.153 [RMI TCP Connection(1)-192.168.1.54] INFO  org.springframework.web.servlet.DispatcherServlet - Initializing Servlet 'dispatcherServlet'
2019-09-28 11:15:48.174 [RMI TCP Connection(1)-192.168.1.54] INFO  org.springframework.web.servlet.DispatcherServlet - Completed initialization in 20 ms
2019-09-28 11:15:48.691 [RMI TCP Connection(2)-192.168.1.54] INFO  com.zaxxer.hikari.HikariDataSource - DatebookHikariCP - Start completed.
2019-09-28 11:15:49.554 [parallel-1] INFO  io.lettuce.core.EpollProvider - Starting without optional epoll library
2019-09-28 11:15:49.560 [parallel-1] INFO  io.lettuce.core.KqueueProvider - Starting without optional kqueue library
2019-09-28 11:16:12.231 [XNIO-1 task-2] INFO  c.o.c.s.s.handler.UserAuthenticationEntryPoint - 用户未登录
2019-09-28 11:16:14.549 [XNIO-1 task-3] INFO  c.o.c.s.s.handler.UserAuthenticationEntryPoint - 用户未登录
2019-09-28 11:16:16.685 [XNIO-1 task-4] INFO  c.o.c.s.s.handler.UserAuthenticationEntryPoint - 用户未登录
2019-09-28 11:16:20.720 [XNIO-1 task-5] INFO  c.o.c.s.s.handler.UserAuthenticationEntryPoint - 用户未登录
2019-09-28 11:16:28.793 [XNIO-1 task-6] INFO  c.o.c.s.s.handler.UserAuthenticationEntryPoint - 用户未登录
2019-09-28 11:16:39.630 [XNIO-1 task-8] INFO  c.o.c.s.s.handler.UserAuthenticationEntryPoint - 用户未登录
2019-09-28 11:16:41.319 [XNIO-1 task-12] INFO  c.o.c.s.s.handler.UserAuthenticationEntryPoint - 用户未登录
2019-09-28 11:16:42.504 [XNIO-1 task-13] INFO  c.o.c.s.s.handler.UserAuthenticationEntryPoint - 用户未登录
2019-09-28 11:16:44.549 [XNIO-1 task-14] INFO  c.o.c.s.s.handler.UserAuthenticationEntryPoint - 用户未登录
2019-09-28 11:16:46.289 [XNIO-1 task-15] INFO  c.o.c.s.s.handler.UserAuthenticationEntryPoint - 用户未登录
2019-09-28 11:16:48.613 [XNIO-1 task-16] INFO  c.o.c.s.s.handler.UserAuthenticationEntryPoint - 用户未登录
2019-09-28 11:16:56.732 [XNIO-1 task-17] INFO  c.o.c.s.s.handler.UserAuthenticationEntryPoint - 用户未登录
2019-09-28 11:17:13.762 [XNIO-1 task-19] INFO  c.o.c.s.s.handler.UserAuthenticationEntryPoint - 用户未登录
2019-09-28 11:17:21.297 [XNIO-1 task-20] INFO  c.o.c.s.s.handler.UserAuthenticationEntryPoint - 用户未登录
2019-09-28 11:17:45.835 [XNIO-1 task-22] INFO  c.o.c.s.s.handler.UserAuthenticationEntryPoint - 用户未登录
2019-09-28 11:18:28.295 [XNIO-1 task-24] INFO  c.o.c.s.s.handler.UserAuthenticationEntryPoint - 用户未登录
2019-09-28 11:18:49.871 [XNIO-1 task-26] INFO  c.o.c.s.s.handler.UserAuthenticationEntryPoint - 用户未登录
2019-09-28 11:19:57.498 [XNIO-1 task-29] INFO  c.o.c.s.s.handler.UserAuthenticationSuccessHandler - 用户登录成功
2019-09-28 11:20:21.939 [XNIO-1 task-39] INFO  c.o.c.s.s.handler.UserAuthenticationEntryPoint - 用户未登录
2019-09-28 11:20:24.498 [XNIO-1 task-43] INFO  c.o.c.s.s.handler.UserAuthenticationEntryPoint - 用户未登录
2019-09-28 11:20:25.673 [XNIO-1 task-44] INFO  c.o.c.s.s.handler.UserAuthenticationEntryPoint - 用户未登录
2019-09-28 11:20:27.740 [XNIO-1 task-45] INFO  c.o.c.s.s.handler.UserAuthenticationEntryPoint - 用户未登录
2019-09-28 11:20:31.825 [XNIO-1 task-47] INFO  c.o.c.s.s.handler.UserAuthenticationEntryPoint - 用户未登录
2019-09-28 11:20:39.295 [XNIO-1 task-49] INFO  c.o.c.s.s.handler.UserAuthenticationEntryPoint - 用户未登录
2019-09-28 11:20:39.893 [XNIO-1 task-50] INFO  c.o.c.s.s.handler.UserAuthenticationEntryPoint - 用户未登录
2019-09-28 11:20:46.946 [XNIO-1 task-52] INFO  c.o.c.system.data.controller.DataHistoryController - 实时数据返回
2019-09-28 11:20:55.963 [XNIO-1 task-54] INFO  c.o.c.s.s.handler.UserAuthenticationEntryPoint - 用户未登录
2019-09-28 11:21:28.042 [XNIO-1 task-58] INFO  c.o.c.s.s.handler.UserAuthenticationEntryPoint - 用户未登录
2019-09-28 11:23:03.157 [Thread-31] INFO  o.s.scheduling.concurrent.ThreadPoolTaskScheduler - Shutting down ExecutorService 'taskScheduler'
2019-09-28 11:23:03.160 [Thread-31] INFO  o.s.scheduling.concurrent.ThreadPoolTaskExecutor - Shutting down ExecutorService 'applicationTaskExecutor'
2019-09-28 11:23:04.295 [Thread-31] INFO  com.zaxxer.hikari.HikariDataSource - DatebookHikariCP - Shutdown initiated...
2019-09-28 11:23:04.302 [Thread-31] INFO  com.zaxxer.hikari.HikariDataSource - DatebookHikariCP - Shutdown completed.
2019-09-28 11:23:04.308 [Thread-31] INFO  io.undertow.servlet - Destroying Spring FrameworkServlet 'dispatcherServlet'
2019-09-28 11:23:13.650 [restartedMain] INFO  com.osen.cloud.system.LampblackSystemApplication - Starting LampblackSystemApplication on PC-20190708MDDO with PID 9132 (E:\gitworkspace\lampblack-admin\lampblack-system\target\classes started by Administrator in E:\gitworkspace\lampblack-admin)
2019-09-28 11:23:13.659 [restartedMain] INFO  com.osen.cloud.system.LampblackSystemApplication - No active profile set, falling back to default profiles: default
2019-09-28 11:23:13.923 [restartedMain] INFO  o.s.b.d.env.DevToolsPropertyDefaultsPostProcessor - Devtools property defaults active! Set 'spring.devtools.add-properties' to 'false' to disable
2019-09-28 11:23:13.923 [restartedMain] INFO  o.s.b.d.env.DevToolsPropertyDefaultsPostProcessor - For additional web related logging consider setting the 'logging.level.web' property to 'DEBUG'
2019-09-28 11:23:17.132 [restartedMain] INFO  o.s.d.r.config.RepositoryConfigurationDelegate - Multiple Spring Data modules found, entering strict repository configuration mode!
2019-09-28 11:23:17.136 [restartedMain] INFO  o.s.d.r.config.RepositoryConfigurationDelegate - Bootstrapping Spring Data repositories in DEFAULT mode.
2019-09-28 11:23:17.203 [restartedMain] INFO  o.s.d.r.config.RepositoryConfigurationDelegate - Finished Spring Data repository scanning in 41ms. Found 0 repository interfaces.
2019-09-28 11:23:18.003 [restartedMain] INFO  o.s.c.s.PostProcessorRegistrationDelegate$BeanPostProcessorChecker - Bean 'org.springframework.security.config.annotation.configuration.ObjectPostProcessorConfiguration' of type [org.springframework.security.config.annotation.configuration.ObjectPostProcessorConfiguration$$EnhancerBySpringCGLIB$$9bfe25a3] is not eligible for getting processed by all BeanPostProcessors (for example: not eligible for auto-proxying)
2019-09-28 11:23:18.020 [restartedMain] INFO  o.s.c.s.PostProcessorRegistrationDelegate$BeanPostProcessorChecker - Bean 'org.springframework.transaction.annotation.ProxyTransactionManagementConfiguration' of type [org.springframework.transaction.annotation.ProxyTransactionManagementConfiguration$$EnhancerBySpringCGLIB$$3505d69] is not eligible for getting processed by all BeanPostProcessors (for example: not eligible for auto-proxying)
2019-09-28 11:23:18.060 [restartedMain] INFO  o.s.c.s.PostProcessorRegistrationDelegate$BeanPostProcessorChecker - Bean 'objectPostProcessor' of type [org.springframework.security.config.annotation.configuration.AutowireBeanFactoryObjectPostProcessor] is not eligible for getting processed by all BeanPostProcessors (for example: not eligible for auto-proxying)
2019-09-28 11:23:18.064 [restartedMain] INFO  o.s.c.s.PostProcessorRegistrationDelegate$BeanPostProcessorChecker - Bean 'org.springframework.security.access.expression.method.DefaultMethodSecurityExpressionHandler@79407af4' of type [org.springframework.security.access.expression.method.DefaultMethodSecurityExpressionHandler] is not eligible for getting processed by all BeanPostProcessors (for example: not eligible for auto-proxying)
2019-09-28 11:23:18.069 [restartedMain] INFO  o.s.c.s.PostProcessorRegistrationDelegate$BeanPostProcessorChecker - Bean 'org.springframework.security.config.annotation.method.configuration.GlobalMethodSecurityConfiguration' of type [org.springframework.security.config.annotation.method.configuration.GlobalMethodSecurityConfiguration$$EnhancerBySpringCGLIB$$c0d2c855] is not eligible for getting processed by all BeanPostProcessors (for example: not eligible for auto-proxying)
2019-09-28 11:23:18.078 [restartedMain] INFO  o.s.c.s.PostProcessorRegistrationDelegate$BeanPostProcessorChecker - Bean 'methodSecurityMetadataSource' of type [org.springframework.security.access.method.DelegatingMethodSecurityMetadataSource] is not eligible for getting processed by all BeanPostProcessors (for example: not eligible for auto-proxying)
2019-09-28 11:23:18.665 [restartedMain] INFO  io.undertow.servlet - Initializing Spring embedded WebApplicationContext
2019-09-28 11:23:18.666 [restartedMain] INFO  org.springframework.web.context.ContextLoader - Root WebApplicationContext: initialization completed in 4742 ms
2019-09-28 11:23:22.128 [Socket Server Thread-01] INFO  com.osen.cloud.system.socket.server.SocketServer - socket server starting port: 8888
2019-09-28 11:23:22.399 [restartedMain] INFO  o.s.security.web.DefaultSecurityFilterChain - Creating filter chain: any request, [org.springframework.security.web.context.request.async.WebAsyncManagerIntegrationFilter@76d75f1d, org.springframework.security.web.context.SecurityContextPersistenceFilter@588e9150, org.springframework.security.web.header.HeaderWriterFilter@58e22e6e, org.springframework.security.web.authentication.logout.LogoutFilter@931f28e, com.osen.cloud.system.security.config.JwtAuthenticationTokenFilter@1e2c16bb, org.springframework.security.web.authentication.UsernamePasswordAuthenticationFilter@1bd24446, org.springframework.security.web.savedrequest.RequestCacheAwareFilter@5ca2e941, org.springframework.security.web.servletapi.SecurityContextHolderAwareRequestFilter@7f9af979, org.springframework.security.web.authentication.AnonymousAuthenticationFilter@49ee1ed4, org.springframework.security.web.session.SessionManagementFilter@467308db, org.springframework.security.web.access.ExceptionTranslationFilter@77ba2d17, org.springframework.security.web.access.intercept.FilterSecurityInterceptor@1c18529e]
2019-09-28 11:23:22.666 [restartedMain] INFO  o.s.scheduling.concurrent.ThreadPoolTaskExecutor - Initializing ExecutorService 'applicationTaskExecutor'
2019-09-28 11:23:23.603 [restartedMain] INFO  o.s.b.actuate.endpoint.web.EndpointLinksResolver - Exposing 2 endpoint(s) beneath base path '/actuator'
2019-09-28 11:23:23.700 [restartedMain] INFO  o.s.scheduling.concurrent.ThreadPoolTaskScheduler - Initializing ExecutorService 'taskScheduler'
2019-09-28 11:23:23.824 [restartedMain] INFO  o.s.b.d.autoconfigure.OptionalLiveReloadServer - LiveReload server is running on port 35729
2019-09-28 11:23:24.053 [restartedMain] INFO  org.xnio - XNIO version 3.3.8.Final
2019-09-28 11:23:24.069 [restartedMain] INFO  org.xnio.nio - XNIO NIO Implementation Version 3.3.8.Final
2019-09-28 11:23:24.148 [restartedMain] INFO  o.s.b.w.embedded.undertow.UndertowServletWebServer - Undertow started on port(s) 8080 (http) with context path ''
2019-09-28 11:23:24.153 [restartedMain] INFO  com.osen.cloud.system.LampblackSystemApplication - Started LampblackSystemApplication in 12.136 seconds (JVM running for 13.581)
2019-09-28 11:23:24.532 [RMI TCP Connection(1)-192.168.1.54] INFO  com.zaxxer.hikari.HikariDataSource - DatebookHikariCP - Starting...
2019-09-28 11:23:24.539 [RMI TCP Connection(2)-192.168.1.54] INFO  io.undertow.servlet - Initializing Spring DispatcherServlet 'dispatcherServlet'
2019-09-28 11:23:24.540 [RMI TCP Connection(2)-192.168.1.54] INFO  org.springframework.web.servlet.DispatcherServlet - Initializing Servlet 'dispatcherServlet'
2019-09-28 11:23:24.560 [RMI TCP Connection(2)-192.168.1.54] INFO  org.springframework.web.servlet.DispatcherServlet - Completed initialization in 19 ms
2019-09-28 11:23:24.818 [RMI TCP Connection(1)-192.168.1.54] INFO  com.zaxxer.hikari.HikariDataSource - DatebookHikariCP - Start completed.
2019-09-28 11:23:25.041 [parallel-1] INFO  io.lettuce.core.EpollProvider - Starting without optional epoll library
2019-09-28 11:23:25.045 [parallel-1] INFO  io.lettuce.core.KqueueProvider - Starting without optional kqueue library
2019-09-28 11:23:28.748 [XNIO-1 task-1] INFO  c.o.c.s.s.handler.UserAuthenticationEntryPoint - 用户未登录
2019-09-28 11:24:58.014 [XNIO-1 task-2] INFO  c.o.c.s.s.handler.UserAuthenticationEntryPoint - 用户未登录
2019-09-28 11:24:59.675 [XNIO-1 task-3] INFO  c.o.c.s.s.handler.UserAuthenticationEntryPoint - 用户未登录
2019-09-28 11:24:59.849 [XNIO-1 task-4] INFO  c.o.c.s.s.handler.UserAuthenticationEntryPoint - 用户未登录
2019-09-28 11:25:00.721 [XNIO-1 task-5] INFO  c.o.c.s.s.handler.UserAuthenticationEntryPoint - 用户未登录
2019-09-28 11:25:01.087 [XNIO-1 task-6] INFO  c.o.c.s.s.handler.UserAuthenticationEntryPoint - 用户未登录
2019-09-28 11:25:02.191 [XNIO-1 task-7] INFO  c.o.c.s.s.handler.UserAuthenticationEntryPoint - 用户未登录
2019-09-28 11:25:02.778 [XNIO-1 task-8] INFO  c.o.c.s.s.handler.UserAuthenticationEntryPoint - 用户未登录
2019-09-28 11:25:04.278 [XNIO-1 task-9] INFO  c.o.c.s.s.handler.UserAuthenticationEntryPoint - 用户未登录
2019-09-28 11:25:06.871 [XNIO-1 task-10] INFO  c.o.c.s.s.handler.UserAuthenticationEntryPoint - 用户未登录
2019-09-28 11:25:08.325 [XNIO-1 task-11] INFO  c.o.c.s.s.handler.UserAuthenticationEntryPoint - 用户未登录
2019-09-28 11:25:14.921 [XNIO-1 task-12] INFO  c.o.c.s.s.handler.UserAuthenticationEntryPoint - 用户未登录
2019-09-28 11:25:16.365 [XNIO-1 task-13] INFO  c.o.c.s.s.handler.UserAuthenticationEntryPoint - 用户未登录
2019-09-28 11:25:21.025 [XNIO-1 task-14] INFO  c.o.c.s.s.handler.UserAuthenticationSuccessHandler - 用户登录成功
2019-09-28 11:25:30.955 [XNIO-1 task-18] INFO  c.o.c.s.s.handler.UserAuthenticationEntryPoint - 用户未登录
2019-09-28 11:25:31.720 [XNIO-1 task-20] INFO  c.o.c.system.data.controller.DataHistoryController - 实时数据返回
2019-09-28 11:25:32.420 [XNIO-1 task-21] INFO  c.o.c.s.s.handler.UserAuthenticationEntryPoint - 用户未登录
2019-09-28 11:25:34.244 [XNIO-1 task-23] INFO  c.o.c.system.data.controller.DataHistoryController - 实时数据返回
2019-09-28 11:26:03.064 [XNIO-1 task-25] INFO  c.o.c.s.s.handler.UserAuthenticationEntryPoint - 用户未登录
2019-09-28 11:26:04.502 [XNIO-1 task-26] INFO  c.o.c.s.s.handler.UserAuthenticationEntryPoint - 用户未登录
2019-09-28 11:26:09.151 [XNIO-1 task-27] INFO  c.o.c.system.data.controller.DataHistoryController - 批量实时数据返回
2019-09-28 11:27:07.316 [XNIO-1 task-29] INFO  c.o.c.s.s.handler.UserAuthenticationEntryPoint - 用户未登录
2019-09-28 11:27:08.611 [XNIO-1 task-30] INFO  c.o.c.s.s.handler.UserAuthenticationEntryPoint - 用户未登录
2019-09-28 11:29:15.416 [XNIO-1 task-34] INFO  c.o.c.s.s.handler.UserAuthenticationEntryPoint - 用户未登录
2019-09-28 11:33:31.483 [XNIO-1 task-35] INFO  c.o.c.s.s.handler.UserAuthenticationEntryPoint - 用户未登录
2019-09-28 11:42:03.914 [XNIO-1 task-36] INFO  c.o.c.s.s.handler.UserAuthenticationEntryPoint - 用户未登录
2019-09-28 11:42:39.931 [XNIO-1 task-38] INFO  c.o.c.s.s.handler.UserAuthenticationEntryPoint - 用户未登录
2019-09-28 11:42:41.569 [XNIO-1 task-42] INFO  c.o.c.s.s.handler.UserAuthenticationEntryPoint - 用户未登录
2019-09-28 11:42:43.150 [XNIO-1 task-43] INFO  c.o.c.s.s.handler.UserAuthenticationEntryPoint - 用户未登录
2019-09-28 11:42:45.210 [XNIO-1 task-44] INFO  c.o.c.s.s.handler.UserAuthenticationEntryPoint - 用户未登录
2019-09-28 11:42:47.200 [XNIO-1 task-46] INFO  c.o.c.system.data.controller.DataHistoryController - 实时数据返回
2019-09-28 11:42:49.294 [XNIO-1 task-47] INFO  c.o.c.s.s.handler.UserAuthenticationEntryPoint - 用户未登录
2019-09-28 11:42:57.306 [XNIO-1 task-48] INFO  c.o.c.s.s.handler.UserAuthenticationEntryPoint - 用户未登录
2019-09-28 11:43:13.335 [XNIO-1 task-50] INFO  c.o.c.s.s.handler.UserAuthenticationEntryPoint - 用户未登录
2019-09-28 11:43:45.424 [XNIO-1 task-52] INFO  c.o.c.s.s.handler.UserAuthenticationEntryPoint - 用户未登录
2019-09-28 11:44:47.095 [XNIO-1 task-56] INFO  c.o.c.s.s.handler.UserAuthenticationEntryPoint - 用户未登录
2019-09-28 11:44:48.220 [XNIO-1 task-57] INFO  c.o.c.s.s.handler.UserAuthenticationEntryPoint - 用户未登录
2019-09-28 11:44:49.797 [XNIO-1 task-58] INFO  c.o.c.s.s.handler.UserAuthenticationEntryPoint - 用户未登录
2019-09-28 11:44:51.861 [XNIO-1 task-59] INFO  c.o.c.s.s.handler.UserAuthenticationEntryPoint - 用户未登录
2019-09-28 11:44:55.897 [XNIO-1 task-60] INFO  c.o.c.s.s.handler.UserAuthenticationEntryPoint - 用户未登录
2019-09-28 11:45:03.946 [XNIO-1 task-62] INFO  c.o.c.s.s.handler.UserAuthenticationEntryPoint - 用户未登录
2019-09-28 11:49:23.228 [XNIO-1 task-63] INFO  c.o.c.s.s.handler.UserAuthenticationSuccessHandler - 用户登录成功
2019-09-28 11:53:52.351 [XNIO-1 task-6] INFO  c.o.c.s.s.handler.UserAuthenticationSuccessHandler - 用户登录成功
2019-09-28 11:54:22.838 [XNIO-1 task-14] INFO  c.o.c.system.data.controller.DataHistoryController - 实时数据返回
2019-09-28 11:54:26.141 [XNIO-1 task-16] INFO  c.o.c.s.s.handler.UserAuthenticationEntryPoint - 用户未登录
2019-09-28 11:54:27.367 [XNIO-1 task-18] INFO  c.o.c.s.s.handler.UserAuthenticationEntryPoint - 用户未登录
2019-09-28 11:54:28.425 [XNIO-1 task-20] INFO  c.o.c.s.s.handler.UserAuthenticationEntryPoint - 用户未登录
2019-09-28 11:54:30.457 [XNIO-1 task-19] INFO  c.o.c.s.s.handler.UserAuthenticationEntryPoint - 用户未登录
2019-09-28 11:54:34.475 [XNIO-1 task-21] INFO  c.o.c.s.s.handler.UserAuthenticationEntryPoint - 用户未登录
2019-09-28 11:54:42.502 [XNIO-1 task-29] INFO  c.o.c.s.s.handler.UserAuthenticationEntryPoint - 用户未登录
2019-09-28 11:54:47.291 [XNIO-1 task-30] INFO  c.o.c.system.data.controller.DataHistoryController - 批量实时数据返回
2019-09-28 11:54:50.809 [XNIO-1 task-31] INFO  c.o.c.s.s.handler.UserAuthenticationSuccessHandler - 用户登录成功
2019-09-28 11:54:58.593 [XNIO-1 task-35] INFO  c.o.c.s.s.handler.UserAuthenticationEntryPoint - 用户未登录
2019-09-28 11:55:30.611 [XNIO-1 task-41] INFO  c.o.c.s.s.handler.UserAuthenticationEntryPoint - 用户未登录
2019-09-28 11:55:42.517 [XNIO-1 task-44] INFO  c.o.c.s.s.handler.UserAuthenticationEntryPoint - 用户未登录
2019-09-28 11:55:43.810 [XNIO-1 task-46] INFO  c.o.c.s.s.handler.UserAuthenticationEntryPoint - 用户未登录
2019-09-28 11:55:44.832 [XNIO-1 task-45] INFO  c.o.c.s.s.handler.UserAuthenticationEntryPoint - 用户未登录
2019-09-28 11:55:46.909 [XNIO-1 task-47] INFO  c.o.c.s.s.handler.UserAuthenticationEntryPoint - 用户未登录
2019-09-28 11:55:50.990 [XNIO-1 task-48] INFO  c.o.c.s.s.handler.UserAuthenticationEntryPoint - 用户未登录
2019-09-28 11:55:59.063 [XNIO-1 task-49] INFO  c.o.c.s.s.handler.UserAuthenticationEntryPoint - 用户未登录
2019-09-28 11:56:15.132 [XNIO-1 task-50] INFO  c.o.c.s.s.handler.UserAuthenticationEntryPoint - 用户未登录
2019-09-28 11:56:47.203 [XNIO-1 task-51] INFO  c.o.c.s.s.handler.UserAuthenticationEntryPoint - 用户未登录
2019-09-28 11:57:51.322 [XNIO-1 task-55] INFO  c.o.c.s.s.handler.UserAuthenticationEntryPoint - 用户未登录
2019-09-28 11:58:18.485 [XNIO-1 task-58] INFO  c.o.c.system.data.controller.DataHistoryController - 实时数据返回
2019-09-28 11:59:59.402 [XNIO-1 task-62] INFO  c.o.c.s.s.handler.UserAuthenticationEntryPoint - 用户未登录
2019-09-28 12:04:15.481 [XNIO-1 task-7] INFO  c.o.c.s.s.handler.UserAuthenticationEntryPoint - 用户未登录
2019-09-28 12:06:04.515 [XNIO-1 task-9] INFO  c.o.c.s.s.handler.UserAuthenticationSuccessHandler - 用户登录成功
2019-09-28 12:06:10.360 [XNIO-1 task-11] INFO  c.o.c.system.data.controller.DataHistoryController - 实时数据返回
2019-09-28 12:06:28.943 [XNIO-1 task-15] INFO  c.o.c.system.data.controller.DataHistoryController - 实时数据返回
2019-09-28 12:06:30.652 [XNIO-1 task-16] INFO  c.o.c.system.data.controller.DataHistoryController - 实时数据返回
2019-09-28 12:06:32.231 [XNIO-1 task-20] INFO  c.o.c.system.data.controller.DataHistoryController - 实时数据返回
