2019-11-28 14:13:25.720 [restartedMain] INFO  com.osen.cloud.system.LampblackSystemApplication - Starting LampblackSystemApplication on PC-20190708MDDO with PID 9916 (E:\gitworkspace\lampblack-admin\lampblack-system\target\classes started by Administrator in E:\gitworkspace\lampblack-admin)
2019-11-28 14:13:25.733 [restartedMain] INFO  com.osen.cloud.system.LampblackSystemApplication - The following profiles are active: dev
2019-11-28 14:13:25.920 [restartedMain] INFO  o.s.b.d.env.DevToolsPropertyDefaultsPostProcessor - Devtools property defaults active! Set 'spring.devtools.add-properties' to 'false' to disable
2019-11-28 14:13:25.921 [restartedMain] INFO  o.s.b.d.env.DevToolsPropertyDefaultsPostProcessor - For additional web related logging consider setting the 'logging.level.web' property to 'DEBUG'
2019-11-28 14:13:31.091 [restartedMain] INFO  o.s.d.r.config.RepositoryConfigurationDelegate - Multiple Spring Data modules found, entering strict repository configuration mode!
2019-11-28 14:13:31.096 [restartedMain] INFO  o.s.d.r.config.RepositoryConfigurationDelegate - Bootstrapping Spring Data repositories in DEFAULT mode.
2019-11-28 14:13:31.187 [restartedMain] INFO  o.s.d.r.config.RepositoryConfigurationDelegate - Finished Spring Data repository scanning in 58ms. Found 0 repository interfaces.
2019-11-28 14:13:32.406 [restartedMain] INFO  o.s.c.s.PostProcessorRegistrationDelegate$BeanPostProcessorChecker - Bean 'org.springframework.security.config.annotation.configuration.ObjectPostProcessorConfiguration' of type [org.springframework.security.config.annotation.configuration.ObjectPostProcessorConfiguration$$EnhancerBySpringCGLIB$$36ebad83] is not eligible for getting processed by all BeanPostProcessors (for example: not eligible for auto-proxying)
2019-11-28 14:13:32.424 [restartedMain] INFO  o.s.c.s.PostProcessorRegistrationDelegate$BeanPostProcessorChecker - Bean 'org.springframework.transaction.annotation.ProxyTransactionManagementConfiguration' of type [org.springframework.transaction.annotation.ProxyTransactionManagementConfiguration$$EnhancerBySpringCGLIB$$9e3de549] is not eligible for getting processed by all BeanPostProcessors (for example: not eligible for auto-proxying)
2019-11-28 14:13:32.471 [restartedMain] INFO  o.s.c.s.PostProcessorRegistrationDelegate$BeanPostProcessorChecker - Bean 'objectPostProcessor' of type [org.springframework.security.config.annotation.configuration.AutowireBeanFactoryObjectPostProcessor] is not eligible for getting processed by all BeanPostProcessors (for example: not eligible for auto-proxying)
2019-11-28 14:13:32.474 [restartedMain] INFO  o.s.c.s.PostProcessorRegistrationDelegate$BeanPostProcessorChecker - Bean 'org.springframework.security.access.expression.method.DefaultMethodSecurityExpressionHandler@38426284' of type [org.springframework.security.access.expression.method.DefaultMethodSecurityExpressionHandler] is not eligible for getting processed by all BeanPostProcessors (for example: not eligible for auto-proxying)
2019-11-28 14:13:32.480 [restartedMain] INFO  o.s.c.s.PostProcessorRegistrationDelegate$BeanPostProcessorChecker - Bean 'org.springframework.security.config.annotation.method.configuration.GlobalMethodSecurityConfiguration' of type [org.springframework.security.config.annotation.method.configuration.GlobalMethodSecurityConfiguration$$EnhancerBySpringCGLIB$$5bc05035] is not eligible for getting processed by all BeanPostProcessors (for example: not eligible for auto-proxying)
2019-11-28 14:13:32.490 [restartedMain] INFO  o.s.c.s.PostProcessorRegistrationDelegate$BeanPostProcessorChecker - Bean 'methodSecurityMetadataSource' of type [org.springframework.security.access.method.DelegatingMethodSecurityMetadataSource] is not eligible for getting processed by all BeanPostProcessors (for example: not eligible for auto-proxying)
2019-11-28 14:13:33.325 [restartedMain] INFO  io.undertow.servlet - Initializing Spring embedded WebApplicationContext
2019-11-28 14:13:33.325 [restartedMain] INFO  org.springframework.web.context.ContextLoader - Root WebApplicationContext: initialization completed in 7404 ms
2019-11-28 14:13:38.445 [Socket Server Thread-01] INFO  c.o.c.s.system_socket.config.SocketServerStarter - system_socket service starting port: 8888
2019-11-28 14:13:38.903 [restartedMain] INFO  o.s.security.web.DefaultSecurityFilterChain - Creating filter chain: any request, [org.springframework.security.web.context.request.async.WebAsyncManagerIntegrationFilter@5f74a589, org.springframework.security.web.context.SecurityContextPersistenceFilter@441aec5c, org.springframework.security.web.header.HeaderWriterFilter@4a296894, org.springframework.security.web.authentication.logout.LogoutFilter@35409a28, com.osen.cloud.system.web_security.config.JwtAuthenticationTokenFilter@115b4182, org.springframework.security.web.authentication.UsernamePasswordAuthenticationFilter@7eef4de4, org.springframework.security.web.savedrequest.RequestCacheAwareFilter@54c192b, org.springframework.security.web.servletapi.SecurityContextHolderAwareRequestFilter@d88d3d, org.springframework.security.web.authentication.AnonymousAuthenticationFilter@7852afdc, org.springframework.security.web.session.SessionManagementFilter@6f36a65a, org.springframework.security.web.access.ExceptionTranslationFilter@bc50755, org.springframework.security.web.access.intercept.FilterSecurityInterceptor@5154c09]
2019-11-28 14:13:39.176 [restartedMain] INFO  o.s.scheduling.concurrent.ThreadPoolTaskExecutor - Initializing ExecutorService 'applicationTaskExecutor'
2019-11-28 14:13:40.360 [restartedMain] INFO  o.s.b.actuate.endpoint.web.EndpointLinksResolver - Exposing 2 endpoint(s) beneath base path '/actuator'
2019-11-28 14:13:40.458 [restartedMain] INFO  o.s.scheduling.concurrent.ThreadPoolTaskScheduler - Initializing ExecutorService 'taskScheduler'
2019-11-28 14:13:40.594 [restartedMain] INFO  o.s.b.d.autoconfigure.OptionalLiveReloadServer - LiveReload server is running on port 35729
2019-11-28 14:13:40.785 [restartedMain] INFO  org.xnio - XNIO version 3.3.8.Final
2019-11-28 14:13:40.822 [restartedMain] INFO  org.xnio.nio - XNIO NIO Implementation Version 3.3.8.Final
2019-11-28 14:13:40.931 [restartedMain] INFO  o.s.b.w.embedded.undertow.UndertowServletWebServer - Undertow started on port(s) 8081 (http) with context path ''
2019-11-28 14:13:40.938 [restartedMain] INFO  com.osen.cloud.system.LampblackSystemApplication - Started LampblackSystemApplication in 18.615 seconds (JVM running for 24.812)
2019-11-28 14:13:41.159 [RMI TCP Connection(1)-192.168.1.54] INFO  io.undertow.servlet - Initializing Spring DispatcherServlet 'dispatcherServlet'
2019-11-28 14:13:41.160 [RMI TCP Connection(1)-192.168.1.54] INFO  org.springframework.web.servlet.DispatcherServlet - Initializing Servlet 'dispatcherServlet'
2019-11-28 14:13:41.193 [RMI TCP Connection(1)-192.168.1.54] INFO  org.springframework.web.servlet.DispatcherServlet - Completed initialization in 33 ms
2019-11-28 14:13:41.362 [RMI TCP Connection(3)-192.168.1.54] INFO  com.zaxxer.hikari.HikariDataSource - DatebookHikariCP - Starting...
2019-11-28 14:13:41.784 [RMI TCP Connection(3)-192.168.1.54] INFO  com.zaxxer.hikari.HikariDataSource - DatebookHikariCP - Start completed.
2019-11-28 14:13:42.047 [parallel-1] INFO  io.lettuce.core.EpollProvider - Starting without optional epoll library
2019-11-28 14:13:42.051 [parallel-1] INFO  io.lettuce.core.KqueueProvider - Starting without optional kqueue library
2019-11-28 14:14:19.864 [nioEventLoopGroup-5-1] INFO  c.o.c.s.system_socket.handler.SocketServerHandler - 设备成功连接服务器：0c9d92fffe787de5-000026bc-00000002-5013e27a62a8657e-2bf1aa51
2019-11-28 14:15:04.053 [nioEventLoopGroup-5-1] INFO  c.o.c.s.system_socket.handler.SocketServerHandler - 服务器接收设备上传数据开始：0c9d92fffe787de5-000026bc-00000002-5013e27a62a8657e-2bf1aa51
2019-11-28 14:15:04.053 [nioEventLoopGroup-5-1] INFO  c.o.c.s.system_socket.handler.SocketServerHandler - 接收设备数据：##0297QN=20191122100900943;ST=22;CN=2011;PW=123456;MN=2019061803100005;Flag=5;CP=&&DataTime=20191122100900 ;a34004-Rtd=34.2,a34004-Flag=N;a34002-Rtd=65.7,a34002-Flag=N;a21026-Rtd=14.8,a21026-Flag=N;a21004- Rtd=20.9,a21004-Flag=N;O3-Rtd=185.1,O3-Flag=N;a21005-Rtd=2.5,a21005-Flag=N;VOC-Rtd=0.5,VOC-Flag=N&&CFC1
2019-11-28 14:15:04.064 [nioEventLoopGroup-5-1] INFO  c.o.c.s.system_socket.handler.SocketServerHandler - 设备上传格式错误，不符合HJ212协议
2019-11-28 14:15:04.064 [nioEventLoopGroup-5-1] INFO  c.o.c.s.system_socket.handler.SocketServerHandler - 服务器接收设备上传数据完毕：0c9d92fffe787de5-000026bc-00000002-5013e27a62a8657e-2bf1aa51
2019-11-28 14:15:32.726 [nioEventLoopGroup-5-1] INFO  c.o.c.s.system_socket.handler.SocketServerHandler - 服务器接收设备上传数据开始：0c9d92fffe787de5-000026bc-00000002-5013e27a62a8657e-2bf1aa51
2019-11-28 14:15:32.726 [nioEventLoopGroup-5-1] INFO  c.o.c.s.system_socket.handler.SocketServerHandler - 接收设备数据：##0297QN=20191122100900943;ST=22;CN=2011;PW=123456;MN=2019061803100005;Flag=5;CP=&&DataTime=20191122100900 ;a34004-Rtd=34.2,a34004-Flag=N;a34002-Rtd=65.7,a34002-Flag=N;a21026-Rtd=14.8,a21026-Flag=N;a21004- Rtd=20.9,a21004-Flag=N;O3-Rtd=185.1,O3-Flag=N;a21005-Rtd=2.5,a21005-Flag=N;VOC-Rtd=0.5,VOC-Flag=N&&CFC1
2019-11-28 14:15:50.649 [nioEventLoopGroup-5-1] INFO  c.o.c.s.system_socket.handler.SocketServerHandler - 设备上传格式错误，不符合HJ212协议
2019-11-28 14:15:50.649 [nioEventLoopGroup-5-1] INFO  c.o.c.s.system_socket.handler.SocketServerHandler - 服务器接收设备上传数据完毕：0c9d92fffe787de5-000026bc-00000002-5013e27a62a8657e-2bf1aa51
2019-11-28 14:15:50.745 [Thread-40] INFO  o.s.scheduling.concurrent.ThreadPoolTaskScheduler - Shutting down ExecutorService 'taskScheduler'
2019-11-28 14:15:50.749 [Thread-40] INFO  o.s.scheduling.concurrent.ThreadPoolTaskExecutor - Shutting down ExecutorService 'applicationTaskExecutor'
2019-11-28 14:15:51.880 [Thread-40] INFO  com.zaxxer.hikari.HikariDataSource - DatebookHikariCP - Shutdown initiated...
2019-11-28 14:15:51.890 [Thread-40] INFO  com.zaxxer.hikari.HikariDataSource - DatebookHikariCP - Shutdown completed.
2019-11-28 14:15:51.898 [Thread-40] INFO  io.undertow.servlet - Destroying Spring FrameworkServlet 'dispatcherServlet'
2019-11-28 14:16:12.436 [restartedMain] INFO  com.osen.cloud.system.LampblackSystemApplication - Starting LampblackSystemApplication on PC-20190708MDDO with PID 2004 (E:\gitworkspace\lampblack-admin\lampblack-system\target\classes started by Administrator in E:\gitworkspace\lampblack-admin)
2019-11-28 14:16:12.442 [restartedMain] INFO  com.osen.cloud.system.LampblackSystemApplication - The following profiles are active: dev
2019-11-28 14:16:12.562 [restartedMain] INFO  o.s.b.d.env.DevToolsPropertyDefaultsPostProcessor - Devtools property defaults active! Set 'spring.devtools.add-properties' to 'false' to disable
2019-11-28 14:16:12.563 [restartedMain] INFO  o.s.b.d.env.DevToolsPropertyDefaultsPostProcessor - For additional web related logging consider setting the 'logging.level.web' property to 'DEBUG'
2019-11-28 14:16:15.315 [restartedMain] INFO  o.s.d.r.config.RepositoryConfigurationDelegate - Multiple Spring Data modules found, entering strict repository configuration mode!
2019-11-28 14:16:15.318 [restartedMain] INFO  o.s.d.r.config.RepositoryConfigurationDelegate - Bootstrapping Spring Data repositories in DEFAULT mode.
2019-11-28 14:16:15.396 [restartedMain] INFO  o.s.d.r.config.RepositoryConfigurationDelegate - Finished Spring Data repository scanning in 55ms. Found 0 repository interfaces.
2019-11-28 14:16:16.253 [restartedMain] INFO  o.s.c.s.PostProcessorRegistrationDelegate$BeanPostProcessorChecker - Bean 'org.springframework.security.config.annotation.configuration.ObjectPostProcessorConfiguration' of type [org.springframework.security.config.annotation.configuration.ObjectPostProcessorConfiguration$$EnhancerBySpringCGLIB$$2cb208c0] is not eligible for getting processed by all BeanPostProcessors (for example: not eligible for auto-proxying)
2019-11-28 14:16:16.270 [restartedMain] INFO  o.s.c.s.PostProcessorRegistrationDelegate$BeanPostProcessorChecker - Bean 'org.springframework.transaction.annotation.ProxyTransactionManagementConfiguration' of type [org.springframework.transaction.annotation.ProxyTransactionManagementConfiguration$$EnhancerBySpringCGLIB$$94044086] is not eligible for getting processed by all BeanPostProcessors (for example: not eligible for auto-proxying)
2019-11-28 14:16:16.312 [restartedMain] INFO  o.s.c.s.PostProcessorRegistrationDelegate$BeanPostProcessorChecker - Bean 'objectPostProcessor' of type [org.springframework.security.config.annotation.configuration.AutowireBeanFactoryObjectPostProcessor] is not eligible for getting processed by all BeanPostProcessors (for example: not eligible for auto-proxying)
2019-11-28 14:16:16.316 [restartedMain] INFO  o.s.c.s.PostProcessorRegistrationDelegate$BeanPostProcessorChecker - Bean 'org.springframework.security.access.expression.method.DefaultMethodSecurityExpressionHandler@3ced727d' of type [org.springframework.security.access.expression.method.DefaultMethodSecurityExpressionHandler] is not eligible for getting processed by all BeanPostProcessors (for example: not eligible for auto-proxying)
2019-11-28 14:16:16.321 [restartedMain] INFO  o.s.c.s.PostProcessorRegistrationDelegate$BeanPostProcessorChecker - Bean 'org.springframework.security.config.annotation.method.configuration.GlobalMethodSecurityConfiguration' of type [org.springframework.security.config.annotation.method.configuration.GlobalMethodSecurityConfiguration$$EnhancerBySpringCGLIB$$5186ab72] is not eligible for getting processed by all BeanPostProcessors (for example: not eligible for auto-proxying)
2019-11-28 14:16:16.332 [restartedMain] INFO  o.s.c.s.PostProcessorRegistrationDelegate$BeanPostProcessorChecker - Bean 'methodSecurityMetadataSource' of type [org.springframework.security.access.method.DelegatingMethodSecurityMetadataSource] is not eligible for getting processed by all BeanPostProcessors (for example: not eligible for auto-proxying)
2019-11-28 14:16:16.982 [restartedMain] INFO  io.undertow.servlet - Initializing Spring embedded WebApplicationContext
2019-11-28 14:16:16.983 [restartedMain] INFO  org.springframework.web.context.ContextLoader - Root WebApplicationContext: initialization completed in 4419 ms
2019-11-28 14:16:21.655 [Socket Server Thread-01] INFO  c.o.c.s.system_socket.config.SocketServerStarter - system_socket service starting port: 8888
2019-11-28 14:16:21.976 [restartedMain] INFO  o.s.security.web.DefaultSecurityFilterChain - Creating filter chain: any request, [org.springframework.security.web.context.request.async.WebAsyncManagerIntegrationFilter@2592e86, org.springframework.security.web.context.SecurityContextPersistenceFilter@3498ada, org.springframework.security.web.header.HeaderWriterFilter@1645d436, org.springframework.security.web.authentication.logout.LogoutFilter@2239d175, com.osen.cloud.system.web_security.config.JwtAuthenticationTokenFilter@1d98fd18, org.springframework.security.web.authentication.UsernamePasswordAuthenticationFilter@98a1d2d, org.springframework.security.web.savedrequest.RequestCacheAwareFilter@61f75a70, org.springframework.security.web.servletapi.SecurityContextHolderAwareRequestFilter@7b7a5455, org.springframework.security.web.authentication.AnonymousAuthenticationFilter@33f31b42, org.springframework.security.web.session.SessionManagementFilter@2ba1c5fd, org.springframework.security.web.access.ExceptionTranslationFilter@466ee4bb, org.springframework.security.web.access.intercept.FilterSecurityInterceptor@1df7670d]
2019-11-28 14:16:22.230 [restartedMain] INFO  o.s.scheduling.concurrent.ThreadPoolTaskExecutor - Initializing ExecutorService 'applicationTaskExecutor'
2019-11-28 14:16:23.312 [restartedMain] INFO  o.s.b.actuate.endpoint.web.EndpointLinksResolver - Exposing 2 endpoint(s) beneath base path '/actuator'
2019-11-28 14:16:23.411 [restartedMain] INFO  o.s.scheduling.concurrent.ThreadPoolTaskScheduler - Initializing ExecutorService 'taskScheduler'
2019-11-28 14:16:23.537 [restartedMain] INFO  o.s.b.d.autoconfigure.OptionalLiveReloadServer - LiveReload server is running on port 35729
2019-11-28 14:16:23.729 [restartedMain] INFO  org.xnio - XNIO version 3.3.8.Final
2019-11-28 14:16:23.756 [restartedMain] INFO  org.xnio.nio - XNIO NIO Implementation Version 3.3.8.Final
2019-11-28 14:16:23.841 [restartedMain] INFO  o.s.b.w.embedded.undertow.UndertowServletWebServer - Undertow started on port(s) 8081 (http) with context path ''
2019-11-28 14:16:23.850 [restartedMain] INFO  com.osen.cloud.system.LampblackSystemApplication - Started LampblackSystemApplication in 12.698 seconds (JVM running for 15.053)
2019-11-28 14:16:24.248 [RMI TCP Connection(1)-192.168.1.54] INFO  io.undertow.servlet - Initializing Spring DispatcherServlet 'dispatcherServlet'
2019-11-28 14:16:24.249 [RMI TCP Connection(1)-192.168.1.54] INFO  org.springframework.web.servlet.DispatcherServlet - Initializing Servlet 'dispatcherServlet'
2019-11-28 14:16:24.251 [RMI TCP Connection(2)-192.168.1.54] INFO  com.zaxxer.hikari.HikariDataSource - DatebookHikariCP - Starting...
2019-11-28 14:16:24.275 [RMI TCP Connection(1)-192.168.1.54] INFO  org.springframework.web.servlet.DispatcherServlet - Completed initialization in 26 ms
2019-11-28 14:16:24.898 [RMI TCP Connection(2)-192.168.1.54] INFO  com.zaxxer.hikari.HikariDataSource - DatebookHikariCP - Start completed.
2019-11-28 14:16:25.224 [parallel-1] INFO  io.lettuce.core.EpollProvider - Starting without optional epoll library
2019-11-28 14:16:25.230 [parallel-1] INFO  io.lettuce.core.KqueueProvider - Starting without optional kqueue library
2019-11-28 14:16:39.519 [nioEventLoopGroup-5-1] INFO  c.o.c.s.system_socket.handler.SocketServerHandler - 设备成功连接服务器：0c9d92fffe787de5-000007d4-00000002-3b15096366aa873e-389149c5
2019-11-28 14:16:41.131 [nioEventLoopGroup-5-1] INFO  c.o.c.s.system_socket.handler.SocketServerHandler - 服务器接收设备上传数据开始：0c9d92fffe787de5-000007d4-00000002-3b15096366aa873e-389149c5
2019-11-28 14:16:41.132 [nioEventLoopGroup-5-1] INFO  c.o.c.s.system_socket.handler.SocketServerHandler - 接收设备数据：##0297QN=20191122100900943;ST=22;CN=2011;PW=123456;MN=2019061803100005;Flag=5;CP=&&DataTime=20191122100900 ;a34004-Rtd=34.2,a34004-Flag=N;a34002-Rtd=65.7,a34002-Flag=N;a21026-Rtd=14.8,a21026-Flag=N;a21004- Rtd=20.9,a21004-Flag=N;O3-Rtd=185.1,O3-Flag=N;a21005-Rtd=2.5,a21005-Flag=N;VOC-Rtd=0.5,VOC-Flag=N&&CFC1
2019-11-28 14:18:27.254 [nioEventLoopGroup-5-1] INFO  c.o.c.s.system_socket.handler.SocketServerHandler - 设备上传格式错误，不符合HJ212协议
2019-11-28 14:18:27.255 [nioEventLoopGroup-5-1] INFO  c.o.c.s.system_socket.handler.SocketServerHandler - 服务器接收设备上传数据完毕：0c9d92fffe787de5-000007d4-00000002-3b15096366aa873e-389149c5
2019-11-28 14:18:31.933 [Thread-30] INFO  o.s.scheduling.concurrent.ThreadPoolTaskScheduler - Shutting down ExecutorService 'taskScheduler'
2019-11-28 14:18:31.936 [Thread-30] INFO  o.s.scheduling.concurrent.ThreadPoolTaskExecutor - Shutting down ExecutorService 'applicationTaskExecutor'
2019-11-28 14:18:33.197 [Thread-30] INFO  com.zaxxer.hikari.HikariDataSource - DatebookHikariCP - Shutdown initiated...
2019-11-28 14:18:33.209 [Thread-30] INFO  com.zaxxer.hikari.HikariDataSource - DatebookHikariCP - Shutdown completed.
2019-11-28 14:18:33.218 [Thread-30] INFO  io.undertow.servlet - Destroying Spring FrameworkServlet 'dispatcherServlet'
2019-11-28 14:19:11.434 [restartedMain] INFO  com.osen.cloud.system.LampblackSystemApplication - Starting LampblackSystemApplication on PC-20190708MDDO with PID 10404 (E:\gitworkspace\lampblack-admin\lampblack-system\target\classes started by Administrator in E:\gitworkspace\lampblack-admin)
2019-11-28 14:19:11.440 [restartedMain] INFO  com.osen.cloud.system.LampblackSystemApplication - The following profiles are active: dev
2019-11-28 14:19:11.636 [restartedMain] INFO  o.s.b.d.env.DevToolsPropertyDefaultsPostProcessor - Devtools property defaults active! Set 'spring.devtools.add-properties' to 'false' to disable
2019-11-28 14:19:11.637 [restartedMain] INFO  o.s.b.d.env.DevToolsPropertyDefaultsPostProcessor - For additional web related logging consider setting the 'logging.level.web' property to 'DEBUG'
2019-11-28 14:19:14.616 [restartedMain] INFO  o.s.d.r.config.RepositoryConfigurationDelegate - Multiple Spring Data modules found, entering strict repository configuration mode!
2019-11-28 14:19:14.621 [restartedMain] INFO  o.s.d.r.config.RepositoryConfigurationDelegate - Bootstrapping Spring Data repositories in DEFAULT mode.
2019-11-28 14:19:14.694 [restartedMain] INFO  o.s.d.r.config.RepositoryConfigurationDelegate - Finished Spring Data repository scanning in 48ms. Found 0 repository interfaces.
2019-11-28 14:19:15.583 [restartedMain] INFO  o.s.c.s.PostProcessorRegistrationDelegate$BeanPostProcessorChecker - Bean 'org.springframework.security.config.annotation.configuration.ObjectPostProcessorConfiguration' of type [org.springframework.security.config.annotation.configuration.ObjectPostProcessorConfiguration$$EnhancerBySpringCGLIB$$cc97dcb9] is not eligible for getting processed by all BeanPostProcessors (for example: not eligible for auto-proxying)
2019-11-28 14:19:15.600 [restartedMain] INFO  o.s.c.s.PostProcessorRegistrationDelegate$BeanPostProcessorChecker - Bean 'org.springframework.transaction.annotation.ProxyTransactionManagementConfiguration' of type [org.springframework.transaction.annotation.ProxyTransactionManagementConfiguration$$EnhancerBySpringCGLIB$$33ea147f] is not eligible for getting processed by all BeanPostProcessors (for example: not eligible for auto-proxying)
2019-11-28 14:19:15.645 [restartedMain] INFO  o.s.c.s.PostProcessorRegistrationDelegate$BeanPostProcessorChecker - Bean 'objectPostProcessor' of type [org.springframework.security.config.annotation.configuration.AutowireBeanFactoryObjectPostProcessor] is not eligible for getting processed by all BeanPostProcessors (for example: not eligible for auto-proxying)
2019-11-28 14:19:15.650 [restartedMain] INFO  o.s.c.s.PostProcessorRegistrationDelegate$BeanPostProcessorChecker - Bean 'org.springframework.security.access.expression.method.DefaultMethodSecurityExpressionHandler@1a10917f' of type [org.springframework.security.access.expression.method.DefaultMethodSecurityExpressionHandler] is not eligible for getting processed by all BeanPostProcessors (for example: not eligible for auto-proxying)
2019-11-28 14:19:15.657 [restartedMain] INFO  o.s.c.s.PostProcessorRegistrationDelegate$BeanPostProcessorChecker - Bean 'org.springframework.security.config.annotation.method.configuration.GlobalMethodSecurityConfiguration' of type [org.springframework.security.config.annotation.method.configuration.GlobalMethodSecurityConfiguration$$EnhancerBySpringCGLIB$$f16c7f6b] is not eligible for getting processed by all BeanPostProcessors (for example: not eligible for auto-proxying)
2019-11-28 14:19:15.673 [restartedMain] INFO  o.s.c.s.PostProcessorRegistrationDelegate$BeanPostProcessorChecker - Bean 'methodSecurityMetadataSource' of type [org.springframework.security.access.method.DelegatingMethodSecurityMetadataSource] is not eligible for getting processed by all BeanPostProcessors (for example: not eligible for auto-proxying)
2019-11-28 14:19:16.331 [restartedMain] INFO  io.undertow.servlet - Initializing Spring embedded WebApplicationContext
2019-11-28 14:19:16.331 [restartedMain] INFO  org.springframework.web.context.ContextLoader - Root WebApplicationContext: initialization completed in 4694 ms
2019-11-28 14:19:21.068 [Socket Server Thread-01] INFO  c.o.c.s.system_socket.config.SocketServerStarter - system_socket service starting port: 8888
2019-11-28 14:19:21.387 [restartedMain] INFO  o.s.security.web.DefaultSecurityFilterChain - Creating filter chain: any request, [org.springframework.security.web.context.request.async.WebAsyncManagerIntegrationFilter@1be27931, org.springframework.security.web.context.SecurityContextPersistenceFilter@79aa7f1b, org.springframework.security.web.header.HeaderWriterFilter@64b31a2a, org.springframework.security.web.authentication.logout.LogoutFilter@6b7e846f, com.osen.cloud.system.web_security.config.JwtAuthenticationTokenFilter@56ca1033, org.springframework.security.web.authentication.UsernamePasswordAuthenticationFilter@3d9a1685, org.springframework.security.web.savedrequest.RequestCacheAwareFilter@e357fee, org.springframework.security.web.servletapi.SecurityContextHolderAwareRequestFilter@163de6db, org.springframework.security.web.authentication.AnonymousAuthenticationFilter@7b1f7752, org.springframework.security.web.session.SessionManagementFilter@3cd026cc, org.springframework.security.web.access.ExceptionTranslationFilter@2bcb735, org.springframework.security.web.access.intercept.FilterSecurityInterceptor@29653e50]
2019-11-28 14:19:21.667 [restartedMain] INFO  o.s.scheduling.concurrent.ThreadPoolTaskExecutor - Initializing ExecutorService 'applicationTaskExecutor'
2019-11-28 14:19:22.831 [restartedMain] INFO  o.s.b.actuate.endpoint.web.EndpointLinksResolver - Exposing 2 endpoint(s) beneath base path '/actuator'
2019-11-28 14:19:22.927 [restartedMain] INFO  o.s.scheduling.concurrent.ThreadPoolTaskScheduler - Initializing ExecutorService 'taskScheduler'
2019-11-28 14:19:23.082 [restartedMain] INFO  o.s.b.d.autoconfigure.OptionalLiveReloadServer - LiveReload server is running on port 35729
2019-11-28 14:19:23.250 [restartedMain] INFO  org.xnio - XNIO version 3.3.8.Final
2019-11-28 14:19:23.267 [restartedMain] INFO  org.xnio.nio - XNIO NIO Implementation Version 3.3.8.Final
2019-11-28 14:19:23.363 [restartedMain] INFO  o.s.b.w.embedded.undertow.UndertowServletWebServer - Undertow started on port(s) 8081 (http) with context path ''
2019-11-28 14:19:23.372 [restartedMain] INFO  com.osen.cloud.system.LampblackSystemApplication - Started LampblackSystemApplication in 13.221 seconds (JVM running for 14.89)
2019-11-28 14:19:23.847 [RMI TCP Connection(3)-192.168.1.54] INFO  com.zaxxer.hikari.HikariDataSource - DatebookHikariCP - Starting...
2019-11-28 14:19:23.868 [RMI TCP Connection(2)-192.168.1.54] INFO  io.undertow.servlet - Initializing Spring DispatcherServlet 'dispatcherServlet'
2019-11-28 14:19:23.868 [RMI TCP Connection(2)-192.168.1.54] INFO  org.springframework.web.servlet.DispatcherServlet - Initializing Servlet 'dispatcherServlet'
2019-11-28 14:19:23.891 [RMI TCP Connection(2)-192.168.1.54] INFO  org.springframework.web.servlet.DispatcherServlet - Completed initialization in 23 ms
2019-11-28 14:19:24.253 [RMI TCP Connection(3)-192.168.1.54] INFO  com.zaxxer.hikari.HikariDataSource - DatebookHikariCP - Start completed.
2019-11-28 14:19:24.565 [parallel-1] INFO  io.lettuce.core.EpollProvider - Starting without optional epoll library
2019-11-28 14:19:24.570 [parallel-1] INFO  io.lettuce.core.KqueueProvider - Starting without optional kqueue library
2019-11-28 14:19:31.739 [nioEventLoopGroup-5-1] INFO  c.o.c.s.system_socket.handler.SocketServerHandler - 设备成功连接服务器：0c9d92fffe787de5-000028a4-00000002-31c1fc7d79a727f6-95032d6e
2019-11-28 14:19:53.175 [nioEventLoopGroup-5-1] INFO  c.o.c.s.system_socket.handler.SocketServerHandler - 服务器接收设备上传数据开始：0c9d92fffe787de5-000028a4-00000002-31c1fc7d79a727f6-95032d6e
2019-11-28 14:19:53.175 [nioEventLoopGroup-5-1] INFO  c.o.c.s.system_socket.handler.SocketServerHandler - 接收设备数据：##0297QN=20191122100900943;ST=22;CN=2011;PW=123456;MN=2019061803100005;Flag=5;CP=&&DataTime=20191122100900 ;a34004-Rtd=34.2,a34004-Flag=N;a34002-Rtd=65.7,a34002-Flag=N;a21026-Rtd=14.8,a21026-Flag=N;a21004- Rtd=20.9,a21004-Flag=N;O3-Rtd=185.1,O3-Flag=N;a21005-Rtd=2.5,a21005-Flag=N;VOC-Rtd=0.5,VOC-Flag=N&&CFC1
2019-11-28 14:28:30.430 [nioEventLoopGroup-5-1] INFO  c.o.c.s.system_socket.handler.SocketServerHandler - 设备上传格式错误，不符合HJ212协议
2019-11-28 14:28:30.431 [nioEventLoopGroup-5-1] INFO  c.o.c.s.system_socket.handler.SocketServerHandler - 服务器接收设备上传数据完毕：0c9d92fffe787de5-000028a4-00000002-31c1fc7d79a727f6-95032d6e
2019-11-28 14:28:30.532 [Thread-34] INFO  o.s.scheduling.concurrent.ThreadPoolTaskScheduler - Shutting down ExecutorService 'taskScheduler'
2019-11-28 14:28:30.536 [Thread-34] INFO  o.s.scheduling.concurrent.ThreadPoolTaskExecutor - Shutting down ExecutorService 'applicationTaskExecutor'
2019-11-28 14:28:32.117 [Thread-34] INFO  com.zaxxer.hikari.HikariDataSource - DatebookHikariCP - Shutdown initiated...
2019-11-28 14:28:32.133 [Thread-34] INFO  com.zaxxer.hikari.HikariDataSource - DatebookHikariCP - Shutdown completed.
2019-11-28 14:28:32.139 [Thread-34] INFO  io.undertow.servlet - Destroying Spring FrameworkServlet 'dispatcherServlet'
2019-11-28 14:34:48.078 [restartedMain] INFO  com.osen.cloud.system.LampblackSystemApplication - Starting LampblackSystemApplication on PC-20190708MDDO with PID 8984 (E:\gitworkspace\lampblack-admin\lampblack-system\target\classes started by Administrator in E:\gitworkspace\lampblack-admin)
2019-11-28 14:34:48.085 [restartedMain] INFO  com.osen.cloud.system.LampblackSystemApplication - The following profiles are active: dev
2019-11-28 14:34:48.246 [restartedMain] INFO  o.s.b.d.env.DevToolsPropertyDefaultsPostProcessor - Devtools property defaults active! Set 'spring.devtools.add-properties' to 'false' to disable
2019-11-28 14:34:48.246 [restartedMain] INFO  o.s.b.d.env.DevToolsPropertyDefaultsPostProcessor - For additional web related logging consider setting the 'logging.level.web' property to 'DEBUG'
2019-11-28 14:34:51.386 [restartedMain] INFO  o.s.d.r.config.RepositoryConfigurationDelegate - Multiple Spring Data modules found, entering strict repository configuration mode!
2019-11-28 14:34:51.390 [restartedMain] INFO  o.s.d.r.config.RepositoryConfigurationDelegate - Bootstrapping Spring Data repositories in DEFAULT mode.
2019-11-28 14:34:51.461 [restartedMain] INFO  o.s.d.r.config.RepositoryConfigurationDelegate - Finished Spring Data repository scanning in 47ms. Found 0 repository interfaces.
2019-11-28 14:34:52.358 [restartedMain] INFO  o.s.c.s.PostProcessorRegistrationDelegate$BeanPostProcessorChecker - Bean 'org.springframework.security.config.annotation.configuration.ObjectPostProcessorConfiguration' of type [org.springframework.security.config.annotation.configuration.ObjectPostProcessorConfiguration$$EnhancerBySpringCGLIB$$82bc2c3] is not eligible for getting processed by all BeanPostProcessors (for example: not eligible for auto-proxying)
2019-11-28 14:34:52.379 [restartedMain] INFO  o.s.c.s.PostProcessorRegistrationDelegate$BeanPostProcessorChecker - Bean 'org.springframework.transaction.annotation.ProxyTransactionManagementConfiguration' of type [org.springframework.transaction.annotation.ProxyTransactionManagementConfiguration$$EnhancerBySpringCGLIB$$6f7dfa89] is not eligible for getting processed by all BeanPostProcessors (for example: not eligible for auto-proxying)
2019-11-28 14:34:52.432 [restartedMain] INFO  o.s.c.s.PostProcessorRegistrationDelegate$BeanPostProcessorChecker - Bean 'objectPostProcessor' of type [org.springframework.security.config.annotation.configuration.AutowireBeanFactoryObjectPostProcessor] is not eligible for getting processed by all BeanPostProcessors (for example: not eligible for auto-proxying)
2019-11-28 14:34:52.437 [restartedMain] INFO  o.s.c.s.PostProcessorRegistrationDelegate$BeanPostProcessorChecker - Bean 'org.springframework.security.access.expression.method.DefaultMethodSecurityExpressionHandler@5305f471' of type [org.springframework.security.access.expression.method.DefaultMethodSecurityExpressionHandler] is not eligible for getting processed by all BeanPostProcessors (for example: not eligible for auto-proxying)
2019-11-28 14:34:52.439 [restartedMain] INFO  o.s.c.s.PostProcessorRegistrationDelegate$BeanPostProcessorChecker - Bean 'org.springframework.security.config.annotation.method.configuration.GlobalMethodSecurityConfiguration' of type [org.springframework.security.config.annotation.method.configuration.GlobalMethodSecurityConfiguration$$EnhancerBySpringCGLIB$$2d006575] is not eligible for getting processed by all BeanPostProcessors (for example: not eligible for auto-proxying)
2019-11-28 14:34:52.455 [restartedMain] INFO  o.s.c.s.PostProcessorRegistrationDelegate$BeanPostProcessorChecker - Bean 'methodSecurityMetadataSource' of type [org.springframework.security.access.method.DelegatingMethodSecurityMetadataSource] is not eligible for getting processed by all BeanPostProcessors (for example: not eligible for auto-proxying)
2019-11-28 14:34:53.070 [restartedMain] INFO  io.undertow.servlet - Initializing Spring embedded WebApplicationContext
2019-11-28 14:34:53.070 [restartedMain] INFO  org.springframework.web.context.ContextLoader - Root WebApplicationContext: initialization completed in 4823 ms
2019-11-28 14:34:57.587 [Socket Server Thread-01] INFO  c.o.c.s.system_socket.config.SocketServerStarter - system_socket service starting port: 8888
2019-11-28 14:34:57.920 [restartedMain] INFO  o.s.security.web.DefaultSecurityFilterChain - Creating filter chain: any request, [org.springframework.security.web.context.request.async.WebAsyncManagerIntegrationFilter@2823aa4b, org.springframework.security.web.context.SecurityContextPersistenceFilter@751f5293, org.springframework.security.web.header.HeaderWriterFilter@6707bc2a, org.springframework.security.web.authentication.logout.LogoutFilter@52c2e496, com.osen.cloud.system.web_security.config.JwtAuthenticationTokenFilter@4aaedda1, org.springframework.security.web.authentication.UsernamePasswordAuthenticationFilter@204fefaa, org.springframework.security.web.savedrequest.RequestCacheAwareFilter@3a4773f9, org.springframework.security.web.servletapi.SecurityContextHolderAwareRequestFilter@296257b5, org.springframework.security.web.authentication.AnonymousAuthenticationFilter@5bda56d0, org.springframework.security.web.session.SessionManagementFilter@4c6d4b9e, org.springframework.security.web.access.ExceptionTranslationFilter@77bbebff, org.springframework.security.web.access.intercept.FilterSecurityInterceptor@4fc05dd9]
2019-11-28 14:34:58.169 [restartedMain] INFO  o.s.scheduling.concurrent.ThreadPoolTaskExecutor - Initializing ExecutorService 'applicationTaskExecutor'
2019-11-28 14:34:59.226 [restartedMain] INFO  o.s.b.actuate.endpoint.web.EndpointLinksResolver - Exposing 2 endpoint(s) beneath base path '/actuator'
2019-11-28 14:34:59.330 [restartedMain] INFO  o.s.scheduling.concurrent.ThreadPoolTaskScheduler - Initializing ExecutorService 'taskScheduler'
2019-11-28 14:34:59.476 [restartedMain] INFO  o.s.b.d.autoconfigure.OptionalLiveReloadServer - LiveReload server is running on port 35729
2019-11-28 14:34:59.640 [restartedMain] INFO  org.xnio - XNIO version 3.3.8.Final
2019-11-28 14:34:59.669 [restartedMain] INFO  org.xnio.nio - XNIO NIO Implementation Version 3.3.8.Final
2019-11-28 14:34:59.834 [restartedMain] INFO  o.s.b.w.embedded.undertow.UndertowServletWebServer - Undertow started on port(s) 8081 (http) with context path ''
2019-11-28 14:34:59.843 [restartedMain] INFO  com.osen.cloud.system.LampblackSystemApplication - Started LampblackSystemApplication in 12.982 seconds (JVM running for 14.382)
2019-11-28 14:35:00.159 [RMI TCP Connection(3)-192.168.1.54] INFO  com.zaxxer.hikari.HikariDataSource - DatebookHikariCP - Starting...
2019-11-28 14:35:00.186 [RMI TCP Connection(2)-192.168.1.54] INFO  io.undertow.servlet - Initializing Spring DispatcherServlet 'dispatcherServlet'
2019-11-28 14:35:00.186 [RMI TCP Connection(2)-192.168.1.54] INFO  org.springframework.web.servlet.DispatcherServlet - Initializing Servlet 'dispatcherServlet'
2019-11-28 14:35:00.213 [RMI TCP Connection(2)-192.168.1.54] INFO  org.springframework.web.servlet.DispatcherServlet - Completed initialization in 27 ms
2019-11-28 14:35:00.709 [RMI TCP Connection(3)-192.168.1.54] INFO  com.zaxxer.hikari.HikariDataSource - DatebookHikariCP - Start completed.
2019-11-28 14:35:00.973 [parallel-1] INFO  io.lettuce.core.EpollProvider - Starting without optional epoll library
2019-11-28 14:35:00.979 [parallel-1] INFO  io.lettuce.core.KqueueProvider - Starting without optional kqueue library
2019-11-28 14:35:23.170 [nioEventLoopGroup-5-1] INFO  c.o.c.s.system_socket.handler.SocketServerHandler - 设备成功连接服务器：0c9d92fffe787de5-00002318-00000002-d74a675c3e35ac70-2201049d
2019-11-28 14:35:33.819 [nioEventLoopGroup-5-1] INFO  c.o.c.s.system_socket.handler.SocketServerHandler - 服务器接收设备上传数据开始：0c9d92fffe787de5-00002318-00000002-d74a675c3e35ac70-2201049d
2019-11-28 14:35:33.819 [nioEventLoopGroup-5-1] INFO  c.o.c.s.system_socket.handler.SocketServerHandler - 接收设备数据：##0297QN=20191122100900943;ST=22;CN=2011;PW=123456;MN=2019061803100005;Flag=5;CP=&&DataTime=20191122100900 ;a34004-Rtd=34.2,a34004-Flag=N;a34002-Rtd=65.7,a34002-Flag=N;a21026-Rtd=14.8,a21026-Flag=N;a21004- Rtd=20.9,a21004-Flag=N;O3-Rtd=185.1,O3-Flag=N;a21005-Rtd=2.5,a21005-Flag=N;VOC-Rtd=0.5,VOC-Flag=N&&CFC1
2019-11-28 14:37:06.281 [nioEventLoopGroup-5-1] INFO  c.o.c.s.system_socket.handler.SocketServerHandler - VOC设备
2019-11-28 14:37:06.281 [nioEventLoopGroup-5-1] INFO  c.o.c.s.system_socket.handler.SocketServerHandler - 格式化数据：{ST=22, MN=2019061803100005, PW=123456, CN=2011, QN=20191122100900943, Flag=5, CP={a34002-Flag=N, DataTime=2019-11-22T10:09, O3-Rtd=185.1, a34004-Flag=N, a21005-Flag=N, VOC-Flag=N, a21026-Flag=N, a21004-Flag=N, VOC-Rtd=0.5, a21005-Rtd=2.5, a34002-Rtd=65.7, a21004-Rtd=20.9, O3-Flag=N, a34004-Rtd=34.2, a21026-Rtd=14.8}}
2019-11-28 14:37:06.286 [nioEventLoopGroup-5-1] INFO  c.o.c.s.system_socket.handler.SocketServerHandler - 服务器接收设备上传数据完毕：0c9d92fffe787de5-00002318-00000002-d74a675c3e35ac70-2201049d
2019-11-28 14:38:06.581 [nioEventLoopGroup-5-1] INFO  c.o.c.s.system_socket.handler.SocketServerHandler - 服务器接收设备上传数据开始：0c9d92fffe787de5-00002318-00000002-d74a675c3e35ac70-2201049d
2019-11-28 14:38:06.581 [nioEventLoopGroup-5-1] INFO  c.o.c.s.system_socket.handler.SocketServerHandler - 接收设备数据： ##0184QN=20191128093800003;ST=22;CN=2011;PW=123456;MN=2019081903100008;Flag=5;CP=&&DataTime=20191128093800;LAMPBLACK-Rtd=0.0,LAMPBLACK-Flag=N;PM-Rtd=0.02,PM-Flag=N;NMHC-Rtd=0.0,NMHC-Flag=N&&FA01
2019-11-28 15:52:33.490 [nioEventLoopGroup-5-1] INFO  c.o.c.s.system_socket.handler.SocketServerHandler - 油烟设备
2019-11-28 15:52:33.492 [nioEventLoopGroup-5-1] INFO  c.o.c.s.system_socket.handler.SocketServerHandler - 格式化数据：{ST=22, MN=2019081903100008, PW=123456, CN=2011, QN=20191128093800003, Flag=5, CP={LAMPBLACK-Rtd=0.0, NMHC-Rtd=0.0, PM-Rtd=0.02, DataTime=2019-11-28T09:38, LAMPBLACK-Flag=N, NMHC-Flag=N, PM-Flag=N}}
2019-11-28 15:52:33.495 [nioEventLoopGroup-5-1] INFO  c.o.c.s.system_socket.handler.SocketServerHandler - 服务器接收设备上传数据完毕：0c9d92fffe787de5-00002318-00000002-d74a675c3e35ac70-2201049d
2019-11-28 15:52:44.742 [nioEventLoopGroup-5-1] INFO  c.o.c.s.system_socket.handler.SocketServerHandler - 服务器接收设备上传数据开始：0c9d92fffe787de5-00002318-00000002-d74a675c3e35ac70-2201049d
2019-11-28 15:52:44.742 [nioEventLoopGroup-5-1] INFO  c.o.c.s.system_socket.handler.SocketServerHandler - 接收设备数据： ##0137QN=20191128102500005;ST=22;CN=2011;PW=123456;MN=2019101003100001;Flag=5;CP=&&DataTime=20191128102500;LAMPBLACK-Rtd=0.0,LAMPBLACK-Flag=N&&C301
2019-11-28 15:52:48.954 [nioEventLoopGroup-5-1] INFO  c.o.c.s.system_socket.handler.SocketServerHandler - 油烟设备
2019-11-28 15:52:48.954 [nioEventLoopGroup-5-1] INFO  c.o.c.s.system_socket.handler.SocketServerHandler - 格式化数据：{ST=22, MN=2019101003100001, PW=123456, CN=2011, QN=20191128102500005, Flag=5, CP={LAMPBLACK-Rtd=0.0, DataTime=2019-11-28T10:25, LAMPBLACK-Flag=N}}
2019-11-28 15:52:48.958 [nioEventLoopGroup-5-1] INFO  c.o.c.s.system_socket.handler.SocketServerHandler - 服务器接收设备上传数据完毕：0c9d92fffe787de5-00002318-00000002-d74a675c3e35ac70-2201049d
2019-11-28 15:53:01.366 [nioEventLoopGroup-5-1] INFO  c.o.c.s.system_socket.handler.SocketServerHandler - 服务器接收设备上传数据开始：0c9d92fffe787de5-00002318-00000002-d74a675c3e35ac70-2201049d
2019-11-28 15:53:01.366 [nioEventLoopGroup-5-1] INFO  c.o.c.s.system_socket.handler.SocketServerHandler - 接收设备数据： ##0137QN=20191128102500005;ST=22;CN=2011;PW=123456;MN=2019101003100001;Flag=5;CP=&&DataTime=20191128102500;LAMPBLACK-Rtd=0.0,LAMPBLACK-Flag=N&&C301
2019-11-28 15:53:31.625 [nioEventLoopGroup-5-1] INFO  c.o.c.s.system_socket.handler.SocketServerHandler - 油烟设备
2019-11-28 15:53:31.625 [nioEventLoopGroup-5-1] INFO  c.o.c.s.system_socket.handler.SocketServerHandler - 格式化数据：{ST=22, MN=2019101003100001, PW=123456, CN=2011, QN=20191128102500005, Flag=5, CP={LAMPBLACK-Rtd=0.0, DataTime=2019-11-28T10:25, LAMPBLACK-Flag=N}}
2019-11-28 15:53:31.626 [nioEventLoopGroup-5-1] INFO  c.o.c.s.system_socket.handler.SocketServerHandler - 服务器接收设备上传数据完毕：0c9d92fffe787de5-00002318-00000002-d74a675c3e35ac70-2201049d
2019-11-28 15:53:50.110 [nioEventLoopGroup-5-1] INFO  c.o.c.s.system_socket.handler.SocketServerHandler - 服务器接收设备上传数据开始：0c9d92fffe787de5-00002318-00000002-d74a675c3e35ac70-2201049d
2019-11-28 15:53:50.110 [nioEventLoopGroup-5-1] INFO  c.o.c.s.system_socket.handler.SocketServerHandler - 接收设备数据：##0297QN=20191122100900943;ST=22;CN=2011;PW=123456;MN=2019061803100005;Flag=5;CP=&&DataTime=20191122100900 ;a34004-Rtd=34.2,a34004-Flag=N;a34002-Rtd=65.7,a34002-Flag=N;a21026-Rtd=14.8,a21026-Flag=N;a21004- Rtd=20.9,a21004-Flag=N;O3-Rtd=185.1,O3-Flag=N;a21005-Rtd=2.5,a21005-Flag=N;VOC-Rtd=0.5,VOC-Flag=N&&CFC1
2019-11-28 16:19:42.671 [nioEventLoopGroup-5-1] INFO  c.o.c.s.system_socket.handler.SocketServerHandler - VOC设备
2019-11-28 16:19:42.672 [nioEventLoopGroup-5-1] INFO  c.o.c.s.system_socket.handler.SocketServerHandler - 格式化数据：{ST=22, MN=2019061803100005, PW=123456, CN=2011, QN=20191122100900943, Flag=5, CP={a34002-Flag=N, DataTime=2019-11-22T10:09, O3-Rtd=185.1, a34004-Flag=N, a21005-Flag=N, VOC-Flag=N, a21026-Flag=N, a21004-Flag=N, VOC-Rtd=0.5, a21005-Rtd=2.5, a34002-Rtd=65.7, a21004-Rtd=20.9, O3-Flag=N, a34004-Rtd=34.2, a21026-Rtd=14.8}}
2019-11-28 16:19:42.675 [nioEventLoopGroup-5-1] INFO  c.o.c.s.system_socket.handler.SocketServerHandler - 服务器接收设备上传数据完毕：0c9d92fffe787de5-00002318-00000002-d74a675c3e35ac70-2201049d
2019-11-28 16:19:47.434 [Thread-33] INFO  o.s.scheduling.concurrent.ThreadPoolTaskScheduler - Shutting down ExecutorService 'taskScheduler'
2019-11-28 16:19:47.439 [Thread-33] INFO  o.s.scheduling.concurrent.ThreadPoolTaskExecutor - Shutting down ExecutorService 'applicationTaskExecutor'
2019-11-28 16:19:48.603 [Thread-33] INFO  com.zaxxer.hikari.HikariDataSource - DatebookHikariCP - Shutdown initiated...
2019-11-28 16:19:48.713 [Thread-33] INFO  com.zaxxer.hikari.HikariDataSource - DatebookHikariCP - Shutdown completed.
2019-11-28 16:19:48.718 [Thread-33] INFO  io.undertow.servlet - Destroying Spring FrameworkServlet 'dispatcherServlet'
