2019-08-28 17:07:46.152 [restartedMain] INFO  com.osen.cloud.system.LampblackSystemApplication - Starting LampblackSystemApplication on PC-20190708MDDO with PID 8432 (E:\gitworkspace\lampblack-admin\lampblack-system\target\classes started by Administrator in E:\gitworkspace\lampblack-admin)
2019-08-28 17:07:46.154 [restartedMain] INFO  com.osen.cloud.system.LampblackSystemApplication - No active profile set, falling back to default profiles: default
2019-08-28 17:07:46.229 [restartedMain] INFO  o.s.b.d.env.DevToolsPropertyDefaultsPostProcessor - Devtools property defaults active! Set 'spring.devtools.add-properties' to 'false' to disable
2019-08-28 17:07:46.229 [restartedMain] INFO  o.s.b.d.env.DevToolsPropertyDefaultsPostProcessor - For additional web related logging consider setting the 'logging.level.web' property to 'DEBUG'
2019-08-28 17:07:48.924 [restartedMain] INFO  o.s.c.s.PostProcessorRegistrationDelegate$BeanPostProcessorChecker - Bean 'org.springframework.transaction.annotation.ProxyTransactionManagementConfiguration' of type [org.springframework.transaction.annotation.ProxyTransactionManagementConfiguration$$EnhancerBySpringCGLIB$$a17c092c] is not eligible for getting processed by all BeanPostProcessors (for example: not eligible for auto-proxying)
2019-08-28 17:07:49.352 [restartedMain] INFO  io.undertow.servlet - Initializing Spring embedded WebApplicationContext
2019-08-28 17:07:49.352 [restartedMain] INFO  org.springframework.web.context.ContextLoader - Root WebApplicationContext: initialization completed in 3123 ms
2019-08-28 17:07:50.482 [restartedMain] INFO  o.s.b.actuate.endpoint.web.EndpointLinksResolver - Exposing 2 endpoint(s) beneath base path '/actuator'
2019-08-28 17:07:50.614 [restartedMain] INFO  s.d.s.w.PropertySourcedRequestMappingHandlerMapping - Mapped URL path [/v2/api-docs] onto method [public org.springframework.http.ResponseEntity<springfox.documentation.spring.web.json.Json> springfox.documentation.swagger2.web.Swagger2Controller.getDocumentation(java.lang.String,javax.servlet.http.HttpServletRequest)]
2019-08-28 17:07:50.830 [restartedMain] INFO  o.s.scheduling.concurrent.ThreadPoolTaskExecutor - Initializing ExecutorService 'applicationTaskExecutor'
2019-08-28 17:07:50.899 [restartedMain] INFO  o.s.b.d.autoconfigure.OptionalLiveReloadServer - LiveReload server is running on port 35729
2019-08-28 17:07:51.324 [restartedMain] INFO  s.d.s.web.plugins.DocumentationPluginsBootstrapper - Context refreshed
2019-08-28 17:07:51.339 [restartedMain] INFO  s.d.s.web.plugins.DocumentationPluginsBootstrapper - Found 1 custom documentation plugin(s)
2019-08-28 17:07:51.390 [restartedMain] INFO  s.d.spring.web.scanners.ApiListingReferenceScanner - Scanning for api listing references
2019-08-28 17:07:51.438 [restartedMain] INFO  org.xnio - XNIO version 3.3.8.Final
2019-08-28 17:07:51.449 [restartedMain] INFO  org.xnio.nio - XNIO NIO Implementation Version 3.3.8.Final
2019-08-28 17:07:51.523 [restartedMain] INFO  o.s.b.w.embedded.undertow.UndertowServletWebServer - Undertow started on port(s) 8080 (http) with context path ''
2019-08-28 17:07:51.527 [restartedMain] INFO  com.osen.cloud.system.LampblackSystemApplication - Started LampblackSystemApplication in 6.408 seconds (JVM running for 7.375)
2019-08-28 17:07:52.050 [RMI TCP Connection(3)-192.168.1.54] INFO  com.zaxxer.hikari.HikariDataSource - DatebookHikariCP - Starting...
2019-08-28 17:07:52.178 [RMI TCP Connection(5)-192.168.1.54] INFO  io.undertow.servlet - Initializing Spring DispatcherServlet 'dispatcherServlet'
2019-08-28 17:07:52.178 [RMI TCP Connection(5)-192.168.1.54] INFO  org.springframework.web.servlet.DispatcherServlet - Initializing Servlet 'dispatcherServlet'
2019-08-28 17:07:52.193 [RMI TCP Connection(5)-192.168.1.54] INFO  org.springframework.web.servlet.DispatcherServlet - Completed initialization in 15 ms
2019-08-28 17:07:52.284 [RMI TCP Connection(3)-192.168.1.54] INFO  com.zaxxer.hikari.HikariDataSource - DatebookHikariCP - Start completed.
2019-08-28 17:57:14.201 [restartedMain] INFO  com.osen.cloud.system.LampblackSystemApplication - Starting LampblackSystemApplication on PC-20190708MDDO with PID 9504 (E:\gitworkspace\lampblack-admin\lampblack-system\target\classes started by Administrator in E:\gitworkspace\lampblack-admin)
2019-08-28 17:57:14.207 [restartedMain] INFO  com.osen.cloud.system.LampblackSystemApplication - No active profile set, falling back to default profiles: default
2019-08-28 17:57:14.294 [restartedMain] INFO  o.s.b.d.env.DevToolsPropertyDefaultsPostProcessor - Devtools property defaults active! Set 'spring.devtools.add-properties' to 'false' to disable
2019-08-28 17:57:14.294 [restartedMain] INFO  o.s.b.d.env.DevToolsPropertyDefaultsPostProcessor - For additional web related logging consider setting the 'logging.level.web' property to 'DEBUG'
2019-08-28 17:57:16.562 [restartedMain] INFO  o.s.c.s.PostProcessorRegistrationDelegate$BeanPostProcessorChecker - Bean 'org.springframework.transaction.annotation.ProxyTransactionManagementConfiguration' of type [org.springframework.transaction.annotation.ProxyTransactionManagementConfiguration$$EnhancerBySpringCGLIB$$a0dc6c8b] is not eligible for getting processed by all BeanPostProcessors (for example: not eligible for auto-proxying)
2019-08-28 17:57:16.964 [restartedMain] INFO  io.undertow.servlet - Initializing Spring embedded WebApplicationContext
2019-08-28 17:57:16.965 [restartedMain] INFO  org.springframework.web.context.ContextLoader - Root WebApplicationContext: initialization completed in 2670 ms
2019-08-28 17:57:18.049 [restartedMain] INFO  o.s.b.actuate.endpoint.web.EndpointLinksResolver - Exposing 2 endpoint(s) beneath base path '/actuator'
2019-08-28 17:57:18.159 [restartedMain] INFO  s.d.s.w.PropertySourcedRequestMappingHandlerMapping - Mapped URL path [/v2/api-docs] onto method [public org.springframework.http.ResponseEntity<springfox.documentation.spring.web.json.Json> springfox.documentation.swagger2.web.Swagger2Controller.getDocumentation(java.lang.String,javax.servlet.http.HttpServletRequest)]
2019-08-28 17:57:18.320 [restartedMain] INFO  o.s.scheduling.concurrent.ThreadPoolTaskExecutor - Initializing ExecutorService 'applicationTaskExecutor'
2019-08-28 17:57:18.383 [restartedMain] INFO  o.s.b.d.autoconfigure.OptionalLiveReloadServer - LiveReload server is running on port 35729
2019-08-28 17:57:18.797 [restartedMain] INFO  s.d.s.web.plugins.DocumentationPluginsBootstrapper - Context refreshed
2019-08-28 17:57:18.814 [restartedMain] INFO  s.d.s.web.plugins.DocumentationPluginsBootstrapper - Found 1 custom documentation plugin(s)
2019-08-28 17:57:18.862 [restartedMain] INFO  s.d.spring.web.scanners.ApiListingReferenceScanner - Scanning for api listing references
2019-08-28 17:57:18.996 [restartedMain] INFO  org.xnio - XNIO version 3.3.8.Final
2019-08-28 17:57:19.008 [restartedMain] INFO  org.xnio.nio - XNIO NIO Implementation Version 3.3.8.Final
2019-08-28 17:57:19.084 [restartedMain] INFO  o.s.b.w.embedded.undertow.UndertowServletWebServer - Undertow started on port(s) 8080 (http) with context path ''
2019-08-28 17:57:19.088 [restartedMain] INFO  com.osen.cloud.system.LampblackSystemApplication - Started LampblackSystemApplication in 6.304 seconds (JVM running for 7.301)
2019-08-28 17:57:19.448 [RMI TCP Connection(2)-192.168.1.54] INFO  com.zaxxer.hikari.HikariDataSource - DatebookHikariCP - Starting...
2019-08-28 17:57:19.449 [RMI TCP Connection(3)-192.168.1.54] INFO  io.undertow.servlet - Initializing Spring DispatcherServlet 'dispatcherServlet'
2019-08-28 17:57:19.450 [RMI TCP Connection(3)-192.168.1.54] INFO  org.springframework.web.servlet.DispatcherServlet - Initializing Servlet 'dispatcherServlet'
2019-08-28 17:57:19.465 [RMI TCP Connection(3)-192.168.1.54] INFO  org.springframework.web.servlet.DispatcherServlet - Completed initialization in 15 ms
2019-08-28 17:57:19.681 [RMI TCP Connection(2)-192.168.1.54] INFO  com.zaxxer.hikari.HikariDataSource - DatebookHikariCP - Start completed.
2019-08-28 17:59:56.706 [restartedMain] INFO  com.osen.cloud.system.LampblackSystemApplication - Starting LampblackSystemApplication on PC-20190708MDDO with PID 6768 (E:\gitworkspace\lampblack-admin\lampblack-system\target\classes started by Administrator in E:\gitworkspace\lampblack-admin)
2019-08-28 17:59:56.711 [restartedMain] INFO  com.osen.cloud.system.LampblackSystemApplication - No active profile set, falling back to default profiles: default
2019-08-28 17:59:56.946 [restartedMain] INFO  o.s.b.d.env.DevToolsPropertyDefaultsPostProcessor - Devtools property defaults active! Set 'spring.devtools.add-properties' to 'false' to disable
2019-08-28 17:59:56.947 [restartedMain] INFO  o.s.b.d.env.DevToolsPropertyDefaultsPostProcessor - For additional web related logging consider setting the 'logging.level.web' property to 'DEBUG'
2019-08-28 17:59:59.624 [restartedMain] INFO  o.s.c.s.PostProcessorRegistrationDelegate$BeanPostProcessorChecker - Bean 'org.springframework.transaction.annotation.ProxyTransactionManagementConfiguration' of type [org.springframework.transaction.annotation.ProxyTransactionManagementConfiguration$$EnhancerBySpringCGLIB$$112ad620] is not eligible for getting processed by all BeanPostProcessors (for example: not eligible for auto-proxying)
2019-08-28 18:00:00.098 [restartedMain] INFO  io.undertow.servlet - Initializing Spring embedded WebApplicationContext
2019-08-28 18:00:00.099 [restartedMain] INFO  org.springframework.web.context.ContextLoader - Root WebApplicationContext: initialization completed in 3152 ms
2019-08-28 18:00:01.305 [restartedMain] INFO  o.s.b.actuate.endpoint.web.EndpointLinksResolver - Exposing 2 endpoint(s) beneath base path '/actuator'
2019-08-28 18:00:01.417 [restartedMain] INFO  s.d.s.w.PropertySourcedRequestMappingHandlerMapping - Mapped URL path [/v2/api-docs] onto method [public org.springframework.http.ResponseEntity<springfox.documentation.spring.web.json.Json> springfox.documentation.swagger2.web.Swagger2Controller.getDocumentation(java.lang.String,javax.servlet.http.HttpServletRequest)]
2019-08-28 18:00:01.578 [restartedMain] INFO  o.s.scheduling.concurrent.ThreadPoolTaskExecutor - Initializing ExecutorService 'applicationTaskExecutor'
2019-08-28 18:00:01.639 [restartedMain] INFO  o.s.b.d.autoconfigure.OptionalLiveReloadServer - LiveReload server is running on port 35729
2019-08-28 18:00:02.102 [restartedMain] INFO  s.d.s.web.plugins.DocumentationPluginsBootstrapper - Context refreshed
2019-08-28 18:00:02.119 [restartedMain] INFO  s.d.s.web.plugins.DocumentationPluginsBootstrapper - Found 1 custom documentation plugin(s)
2019-08-28 18:00:02.172 [restartedMain] INFO  s.d.spring.web.scanners.ApiListingReferenceScanner - Scanning for api listing references
2019-08-28 18:00:02.311 [restartedMain] INFO  org.xnio - XNIO version 3.3.8.Final
2019-08-28 18:00:02.324 [restartedMain] INFO  org.xnio.nio - XNIO NIO Implementation Version 3.3.8.Final
2019-08-28 18:00:02.404 [restartedMain] INFO  o.s.b.w.embedded.undertow.UndertowServletWebServer - Undertow started on port(s) 8080 (http) with context path ''
2019-08-28 18:00:02.408 [restartedMain] INFO  com.osen.cloud.system.LampblackSystemApplication - Started LampblackSystemApplication in 6.595 seconds (JVM running for 7.918)
2019-08-28 18:00:03.033 [RMI TCP Connection(2)-192.168.1.54] INFO  io.undertow.servlet - Initializing Spring DispatcherServlet 'dispatcherServlet'
2019-08-28 18:00:03.033 [RMI TCP Connection(1)-192.168.1.54] INFO  com.zaxxer.hikari.HikariDataSource - DatebookHikariCP - Starting...
2019-08-28 18:00:03.033 [RMI TCP Connection(2)-192.168.1.54] INFO  org.springframework.web.servlet.DispatcherServlet - Initializing Servlet 'dispatcherServlet'
2019-08-28 18:00:03.048 [RMI TCP Connection(2)-192.168.1.54] INFO  org.springframework.web.servlet.DispatcherServlet - Completed initialization in 15 ms
2019-08-28 18:00:03.263 [RMI TCP Connection(1)-192.168.1.54] INFO  com.zaxxer.hikari.HikariDataSource - DatebookHikariCP - Start completed.
2019-08-28 18:02:42.115 [restartedMain] INFO  com.osen.cloud.system.LampblackSystemApplication - Starting LampblackSystemApplication on PC-20190708MDDO with PID 8584 (E:\gitworkspace\lampblack-admin\lampblack-system\target\classes started by Administrator in E:\gitworkspace\lampblack-admin)
2019-08-28 18:02:42.118 [restartedMain] INFO  com.osen.cloud.system.LampblackSystemApplication - No active profile set, falling back to default profiles: default
2019-08-28 18:02:42.194 [restartedMain] INFO  o.s.b.d.env.DevToolsPropertyDefaultsPostProcessor - Devtools property defaults active! Set 'spring.devtools.add-properties' to 'false' to disable
2019-08-28 18:02:42.195 [restartedMain] INFO  o.s.b.d.env.DevToolsPropertyDefaultsPostProcessor - For additional web related logging consider setting the 'logging.level.web' property to 'DEBUG'
2019-08-28 18:02:45.607 [restartedMain] INFO  o.s.c.s.PostProcessorRegistrationDelegate$BeanPostProcessorChecker - Bean 'org.springframework.transaction.annotation.ProxyTransactionManagementConfiguration' of type [org.springframework.transaction.annotation.ProxyTransactionManagementConfiguration$$EnhancerBySpringCGLIB$$c035bfe2] is not eligible for getting processed by all BeanPostProcessors (for example: not eligible for auto-proxying)
2019-08-28 18:02:46.075 [restartedMain] INFO  io.undertow.servlet - Initializing Spring embedded WebApplicationContext
2019-08-28 18:02:46.076 [restartedMain] INFO  org.springframework.web.context.ContextLoader - Root WebApplicationContext: initialization completed in 3881 ms
2019-08-28 18:02:47.263 [restartedMain] INFO  o.s.b.actuate.endpoint.web.EndpointLinksResolver - Exposing 2 endpoint(s) beneath base path '/actuator'
2019-08-28 18:02:47.376 [restartedMain] INFO  s.d.s.w.PropertySourcedRequestMappingHandlerMapping - Mapped URL path [/v2/api-docs] onto method [public org.springframework.http.ResponseEntity<springfox.documentation.spring.web.json.Json> springfox.documentation.swagger2.web.Swagger2Controller.getDocumentation(java.lang.String,javax.servlet.http.HttpServletRequest)]
2019-08-28 18:02:47.543 [restartedMain] INFO  o.s.scheduling.concurrent.ThreadPoolTaskExecutor - Initializing ExecutorService 'applicationTaskExecutor'
2019-08-28 18:02:47.603 [restartedMain] INFO  o.s.b.d.autoconfigure.OptionalLiveReloadServer - LiveReload server is running on port 35729
2019-08-28 18:02:48.009 [restartedMain] INFO  s.d.s.web.plugins.DocumentationPluginsBootstrapper - Context refreshed
2019-08-28 18:02:48.026 [restartedMain] INFO  s.d.s.web.plugins.DocumentationPluginsBootstrapper - Found 1 custom documentation plugin(s)
2019-08-28 18:02:48.078 [restartedMain] INFO  s.d.spring.web.scanners.ApiListingReferenceScanner - Scanning for api listing references
2019-08-28 18:02:48.210 [restartedMain] INFO  org.xnio - XNIO version 3.3.8.Final
2019-08-28 18:02:48.225 [restartedMain] INFO  org.xnio.nio - XNIO NIO Implementation Version 3.3.8.Final
2019-08-28 18:02:48.303 [restartedMain] INFO  o.s.b.w.embedded.undertow.UndertowServletWebServer - Undertow started on port(s) 8080 (http) with context path ''
2019-08-28 18:02:48.307 [restartedMain] INFO  com.osen.cloud.system.LampblackSystemApplication - Started LampblackSystemApplication in 8.422 seconds (JVM running for 9.689)
2019-08-28 18:02:48.446 [RMI TCP Connection(1)-192.168.1.54] INFO  com.zaxxer.hikari.HikariDataSource - DatebookHikariCP - Starting...
2019-08-28 18:02:48.448 [RMI TCP Connection(2)-192.168.1.54] INFO  io.undertow.servlet - Initializing Spring DispatcherServlet 'dispatcherServlet'
2019-08-28 18:02:48.449 [RMI TCP Connection(2)-192.168.1.54] INFO  org.springframework.web.servlet.DispatcherServlet - Initializing Servlet 'dispatcherServlet'
2019-08-28 18:02:48.463 [RMI TCP Connection(2)-192.168.1.54] INFO  org.springframework.web.servlet.DispatcherServlet - Completed initialization in 14 ms
2019-08-28 18:02:48.676 [RMI TCP Connection(1)-192.168.1.54] INFO  com.zaxxer.hikari.HikariDataSource - DatebookHikariCP - Start completed.
2019-08-28 18:09:45.145 [Thread-19] INFO  o.s.scheduling.concurrent.ThreadPoolTaskExecutor - Shutting down ExecutorService 'applicationTaskExecutor'
2019-08-28 18:09:45.147 [Thread-19] INFO  com.zaxxer.hikari.HikariDataSource - DatebookHikariCP - Shutdown initiated...
2019-08-28 18:09:45.153 [Thread-19] INFO  com.zaxxer.hikari.HikariDataSource - DatebookHikariCP - Shutdown completed.
2019-08-28 18:09:45.157 [Thread-19] INFO  io.undertow.servlet - Destroying Spring FrameworkServlet 'dispatcherServlet'
2019-08-28 18:09:45.453 [restartedMain] INFO  com.osen.cloud.system.LampblackSystemApplication - Starting LampblackSystemApplication on PC-20190708MDDO with PID 8584 (E:\gitworkspace\lampblack-admin\lampblack-system\target\classes started by Administrator in E:\gitworkspace\lampblack-admin)
2019-08-28 18:09:45.453 [restartedMain] INFO  com.osen.cloud.system.LampblackSystemApplication - No active profile set, falling back to default profiles: default
2019-08-28 18:09:46.907 [restartedMain] INFO  o.s.c.s.PostProcessorRegistrationDelegate$BeanPostProcessorChecker - Bean 'org.springframework.transaction.annotation.ProxyTransactionManagementConfiguration' of type [org.springframework.transaction.annotation.ProxyTransactionManagementConfiguration$$EnhancerBySpringCGLIB$$c035bfe2] is not eligible for getting processed by all BeanPostProcessors (for example: not eligible for auto-proxying)
2019-08-28 18:09:47.073 [restartedMain] INFO  io.undertow.servlet - Initializing Spring embedded WebApplicationContext
2019-08-28 18:09:47.074 [restartedMain] INFO  org.springframework.web.context.ContextLoader - Root WebApplicationContext: initialization completed in 1617 ms
2019-08-28 18:09:47.520 [restartedMain] INFO  o.s.b.actuate.endpoint.web.EndpointLinksResolver - Exposing 2 endpoint(s) beneath base path '/actuator'
2019-08-28 18:09:47.588 [restartedMain] INFO  s.d.s.w.PropertySourcedRequestMappingHandlerMapping - Mapped URL path [/v2/api-docs] onto method [public org.springframework.http.ResponseEntity<springfox.documentation.spring.web.json.Json> springfox.documentation.swagger2.web.Swagger2Controller.getDocumentation(java.lang.String,javax.servlet.http.HttpServletRequest)]
2019-08-28 18:09:47.680 [restartedMain] INFO  o.s.scheduling.concurrent.ThreadPoolTaskExecutor - Initializing ExecutorService 'applicationTaskExecutor'
2019-08-28 18:09:47.697 [restartedMain] INFO  o.s.b.d.autoconfigure.OptionalLiveReloadServer - LiveReload server is running on port 35729
2019-08-28 18:09:47.879 [restartedMain] INFO  s.d.s.web.plugins.DocumentationPluginsBootstrapper - Context refreshed
2019-08-28 18:09:47.881 [restartedMain] INFO  s.d.s.web.plugins.DocumentationPluginsBootstrapper - Found 1 custom documentation plugin(s)
2019-08-28 18:09:47.894 [restartedMain] INFO  s.d.spring.web.scanners.ApiListingReferenceScanner - Scanning for api listing references
2019-08-28 18:09:47.939 [restartedMain] INFO  o.s.b.w.embedded.undertow.UndertowServletWebServer - Undertow started on port(s) 8080 (http) with context path ''
2019-08-28 18:09:47.940 [restartedMain] INFO  com.osen.cloud.system.LampblackSystemApplication - Started LampblackSystemApplication in 2.563 seconds (JVM running for 429.315)
2019-08-28 18:09:47.947 [restartedMain] INFO  o.s.b.d.a.ConditionEvaluationDeltaLoggingListener - Condition evaluation unchanged
2019-08-28 18:10:10.096 [restartedMain] INFO  com.osen.cloud.system.LampblackSystemApplication - Starting LampblackSystemApplication on PC-20190708MDDO with PID 8120 (E:\gitworkspace\lampblack-admin\lampblack-system\target\classes started by Administrator in E:\gitworkspace\lampblack-admin)
2019-08-28 18:10:10.102 [restartedMain] INFO  com.osen.cloud.system.LampblackSystemApplication - No active profile set, falling back to default profiles: default
2019-08-28 18:10:10.200 [restartedMain] INFO  o.s.b.d.env.DevToolsPropertyDefaultsPostProcessor - Devtools property defaults active! Set 'spring.devtools.add-properties' to 'false' to disable
2019-08-28 18:10:10.200 [restartedMain] INFO  o.s.b.d.env.DevToolsPropertyDefaultsPostProcessor - For additional web related logging consider setting the 'logging.level.web' property to 'DEBUG'
2019-08-28 18:10:12.560 [restartedMain] INFO  o.s.c.s.PostProcessorRegistrationDelegate$BeanPostProcessorChecker - Bean 'org.springframework.transaction.annotation.ProxyTransactionManagementConfiguration' of type [org.springframework.transaction.annotation.ProxyTransactionManagementConfiguration$$EnhancerBySpringCGLIB$$7cc816a4] is not eligible for getting processed by all BeanPostProcessors (for example: not eligible for auto-proxying)
2019-08-28 18:10:12.969 [restartedMain] INFO  io.undertow.servlet - Initializing Spring embedded WebApplicationContext
2019-08-28 18:10:12.970 [restartedMain] INFO  org.springframework.web.context.ContextLoader - Root WebApplicationContext: initialization completed in 2770 ms
2019-08-28 18:10:14.086 [restartedMain] INFO  o.s.b.actuate.endpoint.web.EndpointLinksResolver - Exposing 2 endpoint(s) beneath base path '/actuator'
2019-08-28 18:10:14.195 [restartedMain] INFO  s.d.s.w.PropertySourcedRequestMappingHandlerMapping - Mapped URL path [/v2/api-docs] onto method [public org.springframework.http.ResponseEntity<springfox.documentation.spring.web.json.Json> springfox.documentation.swagger2.web.Swagger2Controller.getDocumentation(java.lang.String,javax.servlet.http.HttpServletRequest)]
2019-08-28 18:10:14.349 [restartedMain] INFO  o.s.scheduling.concurrent.ThreadPoolTaskExecutor - Initializing ExecutorService 'applicationTaskExecutor'
2019-08-28 18:10:14.410 [restartedMain] INFO  o.s.b.d.autoconfigure.OptionalLiveReloadServer - LiveReload server is running on port 35729
2019-08-28 18:10:14.888 [restartedMain] INFO  s.d.s.web.plugins.DocumentationPluginsBootstrapper - Context refreshed
2019-08-28 18:10:14.912 [restartedMain] INFO  s.d.s.web.plugins.DocumentationPluginsBootstrapper - Found 1 custom documentation plugin(s)
2019-08-28 18:10:14.980 [restartedMain] INFO  s.d.spring.web.scanners.ApiListingReferenceScanner - Scanning for api listing references
2019-08-28 18:10:15.154 [restartedMain] INFO  org.xnio - XNIO version 3.3.8.Final
2019-08-28 18:10:15.169 [restartedMain] INFO  org.xnio.nio - XNIO NIO Implementation Version 3.3.8.Final
2019-08-28 18:10:15.341 [restartedMain] INFO  o.s.b.w.embedded.undertow.UndertowServletWebServer - Undertow started on port(s) 8080 (http) with context path ''
2019-08-28 18:10:15.349 [restartedMain] INFO  com.osen.cloud.system.LampblackSystemApplication - Started LampblackSystemApplication in 6.395 seconds (JVM running for 7.35)
2019-08-28 18:10:15.991 [RMI TCP Connection(1)-192.168.1.54] INFO  com.zaxxer.hikari.HikariDataSource - DatebookHikariCP - Starting...
2019-08-28 18:10:15.991 [RMI TCP Connection(2)-192.168.1.54] INFO  io.undertow.servlet - Initializing Spring DispatcherServlet 'dispatcherServlet'
2019-08-28 18:10:15.992 [RMI TCP Connection(2)-192.168.1.54] INFO  org.springframework.web.servlet.DispatcherServlet - Initializing Servlet 'dispatcherServlet'
2019-08-28 18:10:16.010 [RMI TCP Connection(2)-192.168.1.54] INFO  org.springframework.web.servlet.DispatcherServlet - Completed initialization in 17 ms
2019-08-28 18:10:16.230 [RMI TCP Connection(1)-192.168.1.54] INFO  com.zaxxer.hikari.HikariDataSource - DatebookHikariCP - Start completed.
2019-08-28 18:13:13.789 [restartedMain] INFO  com.osen.cloud.system.LampblackSystemApplication - Starting LampblackSystemApplication on PC-20190708MDDO with PID 8216 (E:\gitworkspace\lampblack-admin\lampblack-system\target\classes started by Administrator in E:\gitworkspace\lampblack-admin)
2019-08-28 18:13:13.794 [restartedMain] INFO  com.osen.cloud.system.LampblackSystemApplication - No active profile set, falling back to default profiles: default
2019-08-28 18:13:13.985 [restartedMain] INFO  o.s.b.d.env.DevToolsPropertyDefaultsPostProcessor - Devtools property defaults active! Set 'spring.devtools.add-properties' to 'false' to disable
2019-08-28 18:13:13.986 [restartedMain] INFO  o.s.b.d.env.DevToolsPropertyDefaultsPostProcessor - For additional web related logging consider setting the 'logging.level.web' property to 'DEBUG'
2019-08-28 18:13:16.689 [restartedMain] INFO  o.s.c.s.PostProcessorRegistrationDelegate$BeanPostProcessorChecker - Bean 'org.springframework.transaction.annotation.ProxyTransactionManagementConfiguration' of type [org.springframework.transaction.annotation.ProxyTransactionManagementConfiguration$$EnhancerBySpringCGLIB$$ccc5d1b3] is not eligible for getting processed by all BeanPostProcessors (for example: not eligible for auto-proxying)
2019-08-28 18:13:17.116 [restartedMain] INFO  io.undertow.servlet - Initializing Spring embedded WebApplicationContext
2019-08-28 18:13:17.117 [restartedMain] INFO  org.springframework.web.context.ContextLoader - Root WebApplicationContext: initialization completed in 3130 ms
2019-08-28 18:13:18.227 [restartedMain] INFO  o.s.b.actuate.endpoint.web.EndpointLinksResolver - Exposing 2 endpoint(s) beneath base path '/actuator'
2019-08-28 18:13:18.338 [restartedMain] INFO  s.d.s.w.PropertySourcedRequestMappingHandlerMapping - Mapped URL path [/v2/api-docs] onto method [public org.springframework.http.ResponseEntity<springfox.documentation.spring.web.json.Json> springfox.documentation.swagger2.web.Swagger2Controller.getDocumentation(java.lang.String,javax.servlet.http.HttpServletRequest)]
2019-08-28 18:13:18.498 [restartedMain] INFO  o.s.scheduling.concurrent.ThreadPoolTaskExecutor - Initializing ExecutorService 'applicationTaskExecutor'
2019-08-28 18:13:18.560 [restartedMain] INFO  o.s.b.d.autoconfigure.OptionalLiveReloadServer - LiveReload server is running on port 35729
2019-08-28 18:13:18.987 [restartedMain] INFO  s.d.s.web.plugins.DocumentationPluginsBootstrapper - Context refreshed
2019-08-28 18:13:19.004 [restartedMain] INFO  s.d.s.web.plugins.DocumentationPluginsBootstrapper - Found 1 custom documentation plugin(s)
2019-08-28 18:13:19.056 [restartedMain] INFO  s.d.spring.web.scanners.ApiListingReferenceScanner - Scanning for api listing references
2019-08-28 18:13:19.189 [restartedMain] INFO  org.xnio - XNIO version 3.3.8.Final
2019-08-28 18:13:19.202 [restartedMain] INFO  org.xnio.nio - XNIO NIO Implementation Version 3.3.8.Final
2019-08-28 18:13:19.281 [restartedMain] INFO  o.s.b.w.embedded.undertow.UndertowServletWebServer - Undertow started on port(s) 8080 (http) with context path ''
2019-08-28 18:13:19.286 [restartedMain] INFO  com.osen.cloud.system.LampblackSystemApplication - Started LampblackSystemApplication in 6.325 seconds (JVM running for 7.581)
2019-08-28 18:13:19.833 [RMI TCP Connection(2)-192.168.1.54] INFO  com.zaxxer.hikari.HikariDataSource - DatebookHikariCP - Starting...
2019-08-28 18:13:19.834 [RMI TCP Connection(3)-192.168.1.54] INFO  io.undertow.servlet - Initializing Spring DispatcherServlet 'dispatcherServlet'
2019-08-28 18:13:19.835 [RMI TCP Connection(3)-192.168.1.54] INFO  org.springframework.web.servlet.DispatcherServlet - Initializing Servlet 'dispatcherServlet'
2019-08-28 18:13:19.849 [RMI TCP Connection(3)-192.168.1.54] INFO  org.springframework.web.servlet.DispatcherServlet - Completed initialization in 14 ms
2019-08-28 18:13:20.054 [RMI TCP Connection(2)-192.168.1.54] INFO  com.zaxxer.hikari.HikariDataSource - DatebookHikariCP - Start completed.
2019-08-28 18:17:14.112 [restartedMain] INFO  com.osen.cloud.system.LampblackSystemApplication - Starting LampblackSystemApplication on PC-20190708MDDO with PID 10092 (E:\gitworkspace\lampblack-admin\lampblack-system\target\classes started by Administrator in E:\gitworkspace\lampblack-admin)
2019-08-28 18:17:14.121 [restartedMain] INFO  com.osen.cloud.system.LampblackSystemApplication - No active profile set, falling back to default profiles: default
2019-08-28 18:17:14.198 [restartedMain] INFO  o.s.b.d.env.DevToolsPropertyDefaultsPostProcessor - Devtools property defaults active! Set 'spring.devtools.add-properties' to 'false' to disable
2019-08-28 18:17:14.198 [restartedMain] INFO  o.s.b.d.env.DevToolsPropertyDefaultsPostProcessor - For additional web related logging consider setting the 'logging.level.web' property to 'DEBUG'
2019-08-28 18:17:16.332 [restartedMain] INFO  o.s.c.s.PostProcessorRegistrationDelegate$BeanPostProcessorChecker - Bean 'org.springframework.transaction.annotation.ProxyTransactionManagementConfiguration' of type [org.springframework.transaction.annotation.ProxyTransactionManagementConfiguration$$EnhancerBySpringCGLIB$$f3ac9bef] is not eligible for getting processed by all BeanPostProcessors (for example: not eligible for auto-proxying)
2019-08-28 18:17:16.738 [restartedMain] INFO  io.undertow.servlet - Initializing Spring embedded WebApplicationContext
2019-08-28 18:17:16.738 [restartedMain] INFO  org.springframework.web.context.ContextLoader - Root WebApplicationContext: initialization completed in 2540 ms
2019-08-28 18:17:17.871 [restartedMain] INFO  o.s.b.actuate.endpoint.web.EndpointLinksResolver - Exposing 2 endpoint(s) beneath base path '/actuator'
2019-08-28 18:17:17.991 [restartedMain] INFO  s.d.s.w.PropertySourcedRequestMappingHandlerMapping - Mapped URL path [/v2/api-docs] onto method [public org.springframework.http.ResponseEntity<springfox.documentation.spring.web.json.Json> springfox.documentation.swagger2.web.Swagger2Controller.getDocumentation(java.lang.String,javax.servlet.http.HttpServletRequest)]
2019-08-28 18:17:18.150 [restartedMain] INFO  o.s.scheduling.concurrent.ThreadPoolTaskExecutor - Initializing ExecutorService 'applicationTaskExecutor'
2019-08-28 18:17:18.210 [restartedMain] INFO  o.s.b.d.autoconfigure.OptionalLiveReloadServer - LiveReload server is running on port 35729
2019-08-28 18:17:18.638 [restartedMain] INFO  s.d.s.web.plugins.DocumentationPluginsBootstrapper - Context refreshed
2019-08-28 18:17:18.658 [restartedMain] INFO  s.d.s.web.plugins.DocumentationPluginsBootstrapper - Found 1 custom documentation plugin(s)
2019-08-28 18:17:18.708 [restartedMain] INFO  s.d.spring.web.scanners.ApiListingReferenceScanner - Scanning for api listing references
2019-08-28 18:17:18.844 [restartedMain] INFO  org.xnio - XNIO version 3.3.8.Final
2019-08-28 18:17:18.860 [restartedMain] INFO  org.xnio.nio - XNIO NIO Implementation Version 3.3.8.Final
2019-08-28 18:17:18.934 [restartedMain] INFO  o.s.b.w.embedded.undertow.UndertowServletWebServer - Undertow started on port(s) 8080 (http) with context path ''
2019-08-28 18:17:18.938 [restartedMain] INFO  com.osen.cloud.system.LampblackSystemApplication - Started LampblackSystemApplication in 6.223 seconds (JVM running for 7.349)
2019-08-28 18:17:19.427 [RMI TCP Connection(2)-192.168.1.54] INFO  io.undertow.servlet - Initializing Spring DispatcherServlet 'dispatcherServlet'
2019-08-28 18:17:19.428 [RMI TCP Connection(2)-192.168.1.54] INFO  org.springframework.web.servlet.DispatcherServlet - Initializing Servlet 'dispatcherServlet'
2019-08-28 18:17:19.437 [RMI TCP Connection(1)-192.168.1.54] INFO  com.zaxxer.hikari.HikariDataSource - DatebookHikariCP - Starting...
2019-08-28 18:17:19.443 [RMI TCP Connection(2)-192.168.1.54] INFO  org.springframework.web.servlet.DispatcherServlet - Completed initialization in 15 ms
2019-08-28 18:17:19.694 [RMI TCP Connection(1)-192.168.1.54] INFO  com.zaxxer.hikari.HikariDataSource - DatebookHikariCP - Start completed.
2019-08-28 18:20:22.619 [restartedMain] INFO  com.osen.cloud.system.LampblackSystemApplication - Starting LampblackSystemApplication on PC-20190708MDDO with PID 9864 (E:\gitworkspace\lampblack-admin\lampblack-system\target\classes started by Administrator in E:\gitworkspace\lampblack-admin)
2019-08-28 18:20:22.718 [restartedMain] INFO  com.osen.cloud.system.LampblackSystemApplication - No active profile set, falling back to default profiles: default
2019-08-28 18:20:22.805 [restartedMain] INFO  o.s.b.d.env.DevToolsPropertyDefaultsPostProcessor - Devtools property defaults active! Set 'spring.devtools.add-properties' to 'false' to disable
2019-08-28 18:20:22.806 [restartedMain] INFO  o.s.b.d.env.DevToolsPropertyDefaultsPostProcessor - For additional web related logging consider setting the 'logging.level.web' property to 'DEBUG'
2019-08-28 18:20:25.551 [restartedMain] INFO  o.s.c.s.PostProcessorRegistrationDelegate$BeanPostProcessorChecker - Bean 'org.springframework.transaction.annotation.ProxyTransactionManagementConfiguration' of type [org.springframework.transaction.annotation.ProxyTransactionManagementConfiguration$$EnhancerBySpringCGLIB$$95fad9dd] is not eligible for getting processed by all BeanPostProcessors (for example: not eligible for auto-proxying)
2019-08-28 18:20:25.979 [restartedMain] INFO  io.undertow.servlet - Initializing Spring embedded WebApplicationContext
2019-08-28 18:20:25.980 [restartedMain] INFO  org.springframework.web.context.ContextLoader - Root WebApplicationContext: initialization completed in 3174 ms
2019-08-28 18:20:27.115 [restartedMain] INFO  o.s.b.actuate.endpoint.web.EndpointLinksResolver - Exposing 2 endpoint(s) beneath base path '/actuator'
2019-08-28 18:20:27.226 [restartedMain] INFO  s.d.s.w.PropertySourcedRequestMappingHandlerMapping - Mapped URL path [/v2/api-docs] onto method [public org.springframework.http.ResponseEntity<springfox.documentation.spring.web.json.Json> springfox.documentation.swagger2.web.Swagger2Controller.getDocumentation(java.lang.String,javax.servlet.http.HttpServletRequest)]
2019-08-28 18:20:27.388 [restartedMain] INFO  o.s.scheduling.concurrent.ThreadPoolTaskExecutor - Initializing ExecutorService 'applicationTaskExecutor'
2019-08-28 18:20:27.455 [restartedMain] INFO  o.s.b.d.autoconfigure.OptionalLiveReloadServer - LiveReload server is running on port 35729
2019-08-28 18:20:27.924 [restartedMain] INFO  s.d.s.web.plugins.DocumentationPluginsBootstrapper - Context refreshed
2019-08-28 18:20:27.942 [restartedMain] INFO  s.d.s.web.plugins.DocumentationPluginsBootstrapper - Found 1 custom documentation plugin(s)
2019-08-28 18:20:27.997 [restartedMain] INFO  s.d.spring.web.scanners.ApiListingReferenceScanner - Scanning for api listing references
2019-08-28 18:20:28.140 [restartedMain] INFO  org.xnio - XNIO version 3.3.8.Final
2019-08-28 18:20:28.163 [restartedMain] INFO  org.xnio.nio - XNIO NIO Implementation Version 3.3.8.Final
2019-08-28 18:20:28.244 [restartedMain] INFO  o.s.b.w.embedded.undertow.UndertowServletWebServer - Undertow started on port(s) 8080 (http) with context path ''
2019-08-28 18:20:28.248 [restartedMain] INFO  com.osen.cloud.system.LampblackSystemApplication - Started LampblackSystemApplication in 6.391 seconds (JVM running for 7.463)
2019-08-28 18:20:28.662 [RMI TCP Connection(1)-192.168.1.54] INFO  com.zaxxer.hikari.HikariDataSource - DatebookHikariCP - Starting...
2019-08-28 18:20:28.662 [RMI TCP Connection(2)-192.168.1.54] INFO  io.undertow.servlet - Initializing Spring DispatcherServlet 'dispatcherServlet'
2019-08-28 18:20:28.663 [RMI TCP Connection(2)-192.168.1.54] INFO  org.springframework.web.servlet.DispatcherServlet - Initializing Servlet 'dispatcherServlet'
2019-08-28 18:20:28.679 [RMI TCP Connection(2)-192.168.1.54] INFO  org.springframework.web.servlet.DispatcherServlet - Completed initialization in 15 ms
2019-08-28 18:20:28.868 [RMI TCP Connection(1)-192.168.1.54] INFO  com.zaxxer.hikari.HikariDataSource - DatebookHikariCP - Start completed.
2019-08-28 18:20:58.759 [restartedMain] INFO  com.osen.cloud.system.LampblackSystemApplication - Starting LampblackSystemApplication on PC-20190708MDDO with PID 10184 (E:\gitworkspace\lampblack-admin\lampblack-system\target\classes started by Administrator in E:\gitworkspace\lampblack-admin)
2019-08-28 18:20:58.762 [restartedMain] INFO  com.osen.cloud.system.LampblackSystemApplication - No active profile set, falling back to default profiles: default
2019-08-28 18:20:58.825 [restartedMain] INFO  o.s.b.d.env.DevToolsPropertyDefaultsPostProcessor - Devtools property defaults active! Set 'spring.devtools.add-properties' to 'false' to disable
2019-08-28 18:20:58.826 [restartedMain] INFO  o.s.b.d.env.DevToolsPropertyDefaultsPostProcessor - For additional web related logging consider setting the 'logging.level.web' property to 'DEBUG'
2019-08-28 18:21:01.027 [restartedMain] INFO  o.s.c.s.PostProcessorRegistrationDelegate$BeanPostProcessorChecker - Bean 'org.springframework.transaction.annotation.ProxyTransactionManagementConfiguration' of type [org.springframework.transaction.annotation.ProxyTransactionManagementConfiguration$$EnhancerBySpringCGLIB$$6efbebfe] is not eligible for getting processed by all BeanPostProcessors (for example: not eligible for auto-proxying)
2019-08-28 18:21:01.452 [restartedMain] INFO  io.undertow.servlet - Initializing Spring embedded WebApplicationContext
2019-08-28 18:21:01.453 [restartedMain] INFO  org.springframework.web.context.ContextLoader - Root WebApplicationContext: initialization completed in 2627 ms
2019-08-28 18:21:02.645 [restartedMain] INFO  o.s.b.actuate.endpoint.web.EndpointLinksResolver - Exposing 2 endpoint(s) beneath base path '/actuator'
2019-08-28 18:21:02.757 [restartedMain] INFO  s.d.s.w.PropertySourcedRequestMappingHandlerMapping - Mapped URL path [/v2/api-docs] onto method [public org.springframework.http.ResponseEntity<springfox.documentation.spring.web.json.Json> springfox.documentation.swagger2.web.Swagger2Controller.getDocumentation(java.lang.String,javax.servlet.http.HttpServletRequest)]
2019-08-28 18:21:02.921 [restartedMain] INFO  o.s.scheduling.concurrent.ThreadPoolTaskExecutor - Initializing ExecutorService 'applicationTaskExecutor'
2019-08-28 18:21:02.986 [restartedMain] INFO  o.s.b.d.autoconfigure.OptionalLiveReloadServer - LiveReload server is running on port 35729
2019-08-28 18:21:03.408 [restartedMain] INFO  s.d.s.web.plugins.DocumentationPluginsBootstrapper - Context refreshed
2019-08-28 18:21:03.430 [restartedMain] INFO  s.d.s.web.plugins.DocumentationPluginsBootstrapper - Found 1 custom documentation plugin(s)
2019-08-28 18:21:03.479 [restartedMain] INFO  s.d.spring.web.scanners.ApiListingReferenceScanner - Scanning for api listing references
2019-08-28 18:21:03.623 [restartedMain] INFO  org.xnio - XNIO version 3.3.8.Final
2019-08-28 18:21:03.637 [restartedMain] INFO  org.xnio.nio - XNIO NIO Implementation Version 3.3.8.Final
2019-08-28 18:21:03.721 [restartedMain] INFO  o.s.b.w.embedded.undertow.UndertowServletWebServer - Undertow started on port(s) 8080 (http) with context path ''
2019-08-28 18:21:03.727 [restartedMain] INFO  com.osen.cloud.system.LampblackSystemApplication - Started LampblackSystemApplication in 6.517 seconds (JVM running for 7.609)
2019-08-28 18:21:04.428 [RMI TCP Connection(2)-192.168.1.54] INFO  com.zaxxer.hikari.HikariDataSource - DatebookHikariCP - Starting...
2019-08-28 18:21:04.428 [RMI TCP Connection(3)-192.168.1.54] INFO  io.undertow.servlet - Initializing Spring DispatcherServlet 'dispatcherServlet'
2019-08-28 18:21:04.429 [RMI TCP Connection(3)-192.168.1.54] INFO  org.springframework.web.servlet.DispatcherServlet - Initializing Servlet 'dispatcherServlet'
2019-08-28 18:21:04.444 [RMI TCP Connection(3)-192.168.1.54] INFO  org.springframework.web.servlet.DispatcherServlet - Completed initialization in 15 ms
2019-08-28 18:21:04.680 [RMI TCP Connection(2)-192.168.1.54] INFO  com.zaxxer.hikari.HikariDataSource - DatebookHikariCP - Start completed.
2019-08-28 18:22:00.806 [restartedMain] INFO  com.osen.cloud.system.LampblackSystemApplication - Starting LampblackSystemApplication on PC-20190708MDDO with PID 8856 (E:\gitworkspace\lampblack-admin\lampblack-system\target\classes started by Administrator in E:\gitworkspace\lampblack-admin)
2019-08-28 18:22:00.810 [restartedMain] INFO  com.osen.cloud.system.LampblackSystemApplication - No active profile set, falling back to default profiles: default
2019-08-28 18:22:01.020 [restartedMain] INFO  o.s.b.d.env.DevToolsPropertyDefaultsPostProcessor - Devtools property defaults active! Set 'spring.devtools.add-properties' to 'false' to disable
2019-08-28 18:22:01.020 [restartedMain] INFO  o.s.b.d.env.DevToolsPropertyDefaultsPostProcessor - For additional web related logging consider setting the 'logging.level.web' property to 'DEBUG'
2019-08-28 18:22:03.989 [restartedMain] INFO  o.s.c.s.PostProcessorRegistrationDelegate$BeanPostProcessorChecker - Bean 'org.springframework.transaction.annotation.ProxyTransactionManagementConfiguration' of type [org.springframework.transaction.annotation.ProxyTransactionManagementConfiguration$$EnhancerBySpringCGLIB$$7186b5e0] is not eligible for getting processed by all BeanPostProcessors (for example: not eligible for auto-proxying)
2019-08-28 18:22:04.452 [restartedMain] INFO  io.undertow.servlet - Initializing Spring embedded WebApplicationContext
2019-08-28 18:22:04.453 [restartedMain] INFO  org.springframework.web.context.ContextLoader - Root WebApplicationContext: initialization completed in 3433 ms
2019-08-28 18:22:05.545 [restartedMain] INFO  o.s.b.actuate.endpoint.web.EndpointLinksResolver - Exposing 2 endpoint(s) beneath base path '/actuator'
2019-08-28 18:22:05.650 [restartedMain] INFO  s.d.s.w.PropertySourcedRequestMappingHandlerMapping - Mapped URL path [/v2/api-docs] onto method [public org.springframework.http.ResponseEntity<springfox.documentation.spring.web.json.Json> springfox.documentation.swagger2.web.Swagger2Controller.getDocumentation(java.lang.String,javax.servlet.http.HttpServletRequest)]
2019-08-28 18:22:05.802 [restartedMain] INFO  o.s.scheduling.concurrent.ThreadPoolTaskExecutor - Initializing ExecutorService 'applicationTaskExecutor'
2019-08-28 18:22:05.864 [restartedMain] INFO  o.s.b.d.autoconfigure.OptionalLiveReloadServer - LiveReload server is running on port 35729
2019-08-28 18:22:06.271 [restartedMain] INFO  s.d.s.web.plugins.DocumentationPluginsBootstrapper - Context refreshed
2019-08-28 18:22:06.287 [restartedMain] INFO  s.d.s.web.plugins.DocumentationPluginsBootstrapper - Found 1 custom documentation plugin(s)
2019-08-28 18:22:06.339 [restartedMain] INFO  s.d.spring.web.scanners.ApiListingReferenceScanner - Scanning for api listing references
2019-08-28 18:22:06.469 [restartedMain] INFO  org.xnio - XNIO version 3.3.8.Final
2019-08-28 18:22:06.482 [restartedMain] INFO  org.xnio.nio - XNIO NIO Implementation Version 3.3.8.Final
2019-08-28 18:22:06.554 [restartedMain] INFO  o.s.b.w.embedded.undertow.UndertowServletWebServer - Undertow started on port(s) 8080 (http) with context path ''
2019-08-28 18:22:06.558 [restartedMain] INFO  com.osen.cloud.system.LampblackSystemApplication - Started LampblackSystemApplication in 6.862 seconds (JVM running for 7.816)
2019-08-28 18:22:07.683 [RMI TCP Connection(4)-192.168.1.54] INFO  io.undertow.servlet - Initializing Spring DispatcherServlet 'dispatcherServlet'
2019-08-28 18:22:07.683 [RMI TCP Connection(4)-192.168.1.54] INFO  org.springframework.web.servlet.DispatcherServlet - Initializing Servlet 'dispatcherServlet'
2019-08-28 18:22:07.698 [RMI TCP Connection(4)-192.168.1.54] INFO  org.springframework.web.servlet.DispatcherServlet - Completed initialization in 15 ms
2019-08-28 18:22:07.746 [RMI TCP Connection(5)-192.168.1.54] INFO  com.zaxxer.hikari.HikariDataSource - DatebookHikariCP - Starting...
2019-08-28 18:22:07.968 [RMI TCP Connection(5)-192.168.1.54] INFO  com.zaxxer.hikari.HikariDataSource - DatebookHikariCP - Start completed.
2019-08-28 18:33:44.438 [restartedMain] INFO  com.osen.cloud.system.LampblackSystemApplication - Starting LampblackSystemApplication on PC-20190708MDDO with PID 9612 (E:\gitworkspace\lampblack-admin\lampblack-system\target\classes started by Administrator in E:\gitworkspace\lampblack-admin)
2019-08-28 18:33:44.444 [restartedMain] INFO  com.osen.cloud.system.LampblackSystemApplication - No active profile set, falling back to default profiles: default
2019-08-28 18:33:44.807 [restartedMain] INFO  o.s.b.d.env.DevToolsPropertyDefaultsPostProcessor - Devtools property defaults active! Set 'spring.devtools.add-properties' to 'false' to disable
2019-08-28 18:33:44.808 [restartedMain] INFO  o.s.b.d.env.DevToolsPropertyDefaultsPostProcessor - For additional web related logging consider setting the 'logging.level.web' property to 'DEBUG'
2019-08-28 18:33:47.533 [restartedMain] INFO  o.s.c.s.PostProcessorRegistrationDelegate$BeanPostProcessorChecker - Bean 'org.springframework.transaction.annotation.ProxyTransactionManagementConfiguration' of type [org.springframework.transaction.annotation.ProxyTransactionManagementConfiguration$$EnhancerBySpringCGLIB$$5c7ab78e] is not eligible for getting processed by all BeanPostProcessors (for example: not eligible for auto-proxying)
2019-08-28 18:33:47.991 [restartedMain] INFO  io.undertow.servlet - Initializing Spring embedded WebApplicationContext
2019-08-28 18:33:47.992 [restartedMain] INFO  org.springframework.web.context.ContextLoader - Root WebApplicationContext: initialization completed in 3184 ms
2019-08-28 18:33:49.589 [restartedMain] INFO  o.s.b.actuate.endpoint.web.EndpointLinksResolver - Exposing 2 endpoint(s) beneath base path '/actuator'
2019-08-28 18:33:49.721 [restartedMain] INFO  s.d.s.w.PropertySourcedRequestMappingHandlerMapping - Mapped URL path [/v2/api-docs] onto method [public org.springframework.http.ResponseEntity<springfox.documentation.spring.web.json.Json> springfox.documentation.swagger2.web.Swagger2Controller.getDocumentation(java.lang.String,javax.servlet.http.HttpServletRequest)]
2019-08-28 18:33:49.932 [restartedMain] INFO  o.s.scheduling.concurrent.ThreadPoolTaskExecutor - Initializing ExecutorService 'applicationTaskExecutor'
2019-08-28 18:33:50.041 [restartedMain] INFO  o.s.b.d.autoconfigure.OptionalLiveReloadServer - LiveReload server is running on port 35729
2019-08-28 18:33:50.516 [restartedMain] INFO  s.d.s.web.plugins.DocumentationPluginsBootstrapper - Context refreshed
2019-08-28 18:33:50.534 [restartedMain] INFO  s.d.s.web.plugins.DocumentationPluginsBootstrapper - Found 1 custom documentation plugin(s)
2019-08-28 18:33:50.582 [restartedMain] INFO  s.d.spring.web.scanners.ApiListingReferenceScanner - Scanning for api listing references
2019-08-28 18:33:50.722 [restartedMain] INFO  org.xnio - XNIO version 3.3.8.Final
2019-08-28 18:33:50.735 [restartedMain] INFO  org.xnio.nio - XNIO NIO Implementation Version 3.3.8.Final
2019-08-28 18:33:50.814 [restartedMain] INFO  o.s.b.w.embedded.undertow.UndertowServletWebServer - Undertow started on port(s) 8080 (http) with context path ''
2019-08-28 18:33:50.818 [restartedMain] INFO  com.osen.cloud.system.LampblackSystemApplication - Started LampblackSystemApplication in 7.393 seconds (JVM running for 8.419)
2019-08-28 18:33:51.322 [RMI TCP Connection(2)-192.168.1.54] INFO  io.undertow.servlet - Initializing Spring DispatcherServlet 'dispatcherServlet'
2019-08-28 18:33:51.322 [RMI TCP Connection(3)-192.168.1.54] INFO  com.zaxxer.hikari.HikariDataSource - DatebookHikariCP - Starting...
2019-08-28 18:33:51.322 [RMI TCP Connection(2)-192.168.1.54] INFO  org.springframework.web.servlet.DispatcherServlet - Initializing Servlet 'dispatcherServlet'
2019-08-28 18:33:51.337 [RMI TCP Connection(2)-192.168.1.54] INFO  org.springframework.web.servlet.DispatcherServlet - Completed initialization in 15 ms
2019-08-28 18:33:51.513 [RMI TCP Connection(3)-192.168.1.54] INFO  com.zaxxer.hikari.HikariDataSource - DatebookHikariCP - Start completed.
2019-08-28 18:47:21.538 [restartedMain] INFO  com.osen.cloud.system.LampblackSystemApplication - Starting LampblackSystemApplication on PC-20190708MDDO with PID 9980 (E:\gitworkspace\lampblack-admin\lampblack-system\target\classes started by Administrator in E:\gitworkspace\lampblack-admin)
2019-08-28 18:47:21.547 [restartedMain] INFO  com.osen.cloud.system.LampblackSystemApplication - No active profile set, falling back to default profiles: default
2019-08-28 18:47:21.658 [restartedMain] INFO  o.s.b.d.env.DevToolsPropertyDefaultsPostProcessor - Devtools property defaults active! Set 'spring.devtools.add-properties' to 'false' to disable
2019-08-28 18:47:21.658 [restartedMain] INFO  o.s.b.d.env.DevToolsPropertyDefaultsPostProcessor - For additional web related logging consider setting the 'logging.level.web' property to 'DEBUG'
2019-08-28 18:47:24.291 [restartedMain] INFO  o.s.c.s.PostProcessorRegistrationDelegate$BeanPostProcessorChecker - Bean 'org.springframework.transaction.annotation.ProxyTransactionManagementConfiguration' of type [org.springframework.transaction.annotation.ProxyTransactionManagementConfiguration$$EnhancerBySpringCGLIB$$b29b7667] is not eligible for getting processed by all BeanPostProcessors (for example: not eligible for auto-proxying)
2019-08-28 18:47:24.954 [restartedMain] INFO  io.undertow.servlet - Initializing Spring embedded WebApplicationContext
2019-08-28 18:47:24.954 [restartedMain] INFO  org.springframework.web.context.ContextLoader - Root WebApplicationContext: initialization completed in 3295 ms
2019-08-28 18:47:26.870 [restartedMain] INFO  o.s.b.actuate.endpoint.web.EndpointLinksResolver - Exposing 2 endpoint(s) beneath base path '/actuator'
2019-08-28 18:47:27.055 [restartedMain] INFO  s.d.s.w.PropertySourcedRequestMappingHandlerMapping - Mapped URL path [/v2/api-docs] onto method [public org.springframework.http.ResponseEntity<springfox.documentation.spring.web.json.Json> springfox.documentation.swagger2.web.Swagger2Controller.getDocumentation(java.lang.String,javax.servlet.http.HttpServletRequest)]
2019-08-28 18:47:27.293 [restartedMain] INFO  o.s.scheduling.concurrent.ThreadPoolTaskExecutor - Initializing ExecutorService 'applicationTaskExecutor'
2019-08-28 18:47:27.381 [restartedMain] INFO  o.s.b.d.autoconfigure.OptionalLiveReloadServer - LiveReload server is running on port 35729
2019-08-28 18:47:27.996 [restartedMain] INFO  s.d.s.web.plugins.DocumentationPluginsBootstrapper - Context refreshed
2019-08-28 18:47:28.019 [restartedMain] INFO  s.d.s.web.plugins.DocumentationPluginsBootstrapper - Found 1 custom documentation plugin(s)
2019-08-28 18:47:28.084 [restartedMain] INFO  s.d.spring.web.scanners.ApiListingReferenceScanner - Scanning for api listing references
2019-08-28 18:47:28.145 [restartedMain] INFO  org.xnio - XNIO version 3.3.8.Final
2019-08-28 18:47:28.166 [restartedMain] INFO  org.xnio.nio - XNIO NIO Implementation Version 3.3.8.Final
2019-08-28 18:47:28.297 [restartedMain] INFO  o.s.b.w.embedded.undertow.UndertowServletWebServer - Undertow started on port(s) 8080 (http) with context path ''
2019-08-28 18:47:28.305 [restartedMain] INFO  com.osen.cloud.system.LampblackSystemApplication - Started LampblackSystemApplication in 8.317 seconds (JVM running for 9.805)
2019-08-28 18:47:28.733 [RMI TCP Connection(3)-192.168.1.54] INFO  com.zaxxer.hikari.HikariDataSource - DatebookHikariCP - Starting...
2019-08-28 18:47:29.226 [RMI TCP Connection(3)-192.168.1.54] INFO  com.zaxxer.hikari.HikariDataSource - DatebookHikariCP - Start completed.
2019-08-28 18:47:29.597 [RMI TCP Connection(6)-192.168.1.54] INFO  io.undertow.servlet - Initializing Spring DispatcherServlet 'dispatcherServlet'
2019-08-28 18:47:29.597 [RMI TCP Connection(6)-192.168.1.54] INFO  org.springframework.web.servlet.DispatcherServlet - Initializing Servlet 'dispatcherServlet'
2019-08-28 18:47:29.612 [RMI TCP Connection(6)-192.168.1.54] INFO  org.springframework.web.servlet.DispatcherServlet - Completed initialization in 15 ms
2019-08-28 18:47:32.751 [Thread-23] INFO  o.s.scheduling.concurrent.ThreadPoolTaskExecutor - Shutting down ExecutorService 'applicationTaskExecutor'
2019-08-28 18:47:32.754 [Thread-23] INFO  com.zaxxer.hikari.HikariDataSource - DatebookHikariCP - Shutdown initiated...
2019-08-28 18:47:32.761 [Thread-23] INFO  com.zaxxer.hikari.HikariDataSource - DatebookHikariCP - Shutdown completed.
2019-08-28 18:47:32.766 [Thread-23] INFO  io.undertow.servlet - Destroying Spring FrameworkServlet 'dispatcherServlet'
2019-08-28 18:49:37.527 [restartedMain] INFO  com.osen.cloud.system.LampblackSystemApplication - Starting LampblackSystemApplication on PC-20190708MDDO with PID 8596 (E:\gitworkspace\lampblack-admin\lampblack-system\target\classes started by Administrator in E:\gitworkspace\lampblack-admin)
2019-08-28 18:49:37.531 [restartedMain] INFO  com.osen.cloud.system.LampblackSystemApplication - No active profile set, falling back to default profiles: default
2019-08-28 18:49:37.692 [restartedMain] INFO  o.s.b.d.env.DevToolsPropertyDefaultsPostProcessor - Devtools property defaults active! Set 'spring.devtools.add-properties' to 'false' to disable
2019-08-28 18:49:37.693 [restartedMain] INFO  o.s.b.d.env.DevToolsPropertyDefaultsPostProcessor - For additional web related logging consider setting the 'logging.level.web' property to 'DEBUG'
2019-08-28 18:49:40.222 [restartedMain] INFO  o.s.c.s.PostProcessorRegistrationDelegate$BeanPostProcessorChecker - Bean 'org.springframework.transaction.annotation.ProxyTransactionManagementConfiguration' of type [org.springframework.transaction.annotation.ProxyTransactionManagementConfiguration$$EnhancerBySpringCGLIB$$d8419b12] is not eligible for getting processed by all BeanPostProcessors (for example: not eligible for auto-proxying)
2019-08-28 18:49:40.632 [restartedMain] INFO  io.undertow.servlet - Initializing Spring embedded WebApplicationContext
2019-08-28 18:49:40.632 [restartedMain] INFO  org.springframework.web.context.ContextLoader - Root WebApplicationContext: initialization completed in 2939 ms
2019-08-28 18:49:41.712 [restartedMain] INFO  o.s.b.actuate.endpoint.web.EndpointLinksResolver - Exposing 2 endpoint(s) beneath base path '/actuator'
2019-08-28 18:49:41.822 [restartedMain] INFO  s.d.s.w.PropertySourcedRequestMappingHandlerMapping - Mapped URL path [/v2/api-docs] onto method [public org.springframework.http.ResponseEntity<springfox.documentation.spring.web.json.Json> springfox.documentation.swagger2.web.Swagger2Controller.getDocumentation(java.lang.String,javax.servlet.http.HttpServletRequest)]
2019-08-28 18:49:41.976 [restartedMain] INFO  o.s.scheduling.concurrent.ThreadPoolTaskExecutor - Initializing ExecutorService 'applicationTaskExecutor'
2019-08-28 18:49:42.036 [restartedMain] INFO  o.s.b.d.autoconfigure.OptionalLiveReloadServer - LiveReload server is running on port 35729
2019-08-28 18:49:42.455 [restartedMain] INFO  s.d.s.web.plugins.DocumentationPluginsBootstrapper - Context refreshed
2019-08-28 18:49:42.472 [restartedMain] INFO  s.d.s.web.plugins.DocumentationPluginsBootstrapper - Found 1 custom documentation plugin(s)
2019-08-28 18:49:42.523 [restartedMain] INFO  s.d.spring.web.scanners.ApiListingReferenceScanner - Scanning for api listing references
2019-08-28 18:49:42.657 [restartedMain] INFO  org.xnio - XNIO version 3.3.8.Final
2019-08-28 18:49:42.671 [restartedMain] INFO  org.xnio.nio - XNIO NIO Implementation Version 3.3.8.Final
2019-08-28 18:49:42.744 [restartedMain] INFO  o.s.b.w.embedded.undertow.UndertowServletWebServer - Undertow started on port(s) 8080 (http) with context path ''
2019-08-28 18:49:42.748 [restartedMain] INFO  com.osen.cloud.system.LampblackSystemApplication - Started LampblackSystemApplication in 6.032 seconds (JVM running for 7.038)
2019-08-28 18:49:42.831 [RMI TCP Connection(1)-192.168.1.54] INFO  io.undertow.servlet - Initializing Spring DispatcherServlet 'dispatcherServlet'
2019-08-28 18:49:42.831 [RMI TCP Connection(1)-192.168.1.54] INFO  org.springframework.web.servlet.DispatcherServlet - Initializing Servlet 'dispatcherServlet'
2019-08-28 18:49:42.844 [RMI TCP Connection(1)-192.168.1.54] INFO  org.springframework.web.servlet.DispatcherServlet - Completed initialization in 13 ms
2019-08-28 18:49:42.962 [RMI TCP Connection(3)-192.168.1.54] INFO  com.zaxxer.hikari.HikariDataSource - DatebookHikariCP - Starting...
2019-08-28 18:49:43.173 [RMI TCP Connection(3)-192.168.1.54] INFO  com.zaxxer.hikari.HikariDataSource - DatebookHikariCP - Start completed.
2019-08-28 18:59:01.294 [restartedMain] INFO  com.osen.cloud.system.LampblackSystemApplication - Starting LampblackSystemApplication on PC-20190708MDDO with PID 9336 (E:\gitworkspace\lampblack-admin\lampblack-system\target\classes started by Administrator in E:\gitworkspace\lampblack-admin)
2019-08-28 18:59:01.299 [restartedMain] INFO  com.osen.cloud.system.LampblackSystemApplication - No active profile set, falling back to default profiles: default
2019-08-28 18:59:01.443 [restartedMain] INFO  o.s.b.d.env.DevToolsPropertyDefaultsPostProcessor - Devtools property defaults active! Set 'spring.devtools.add-properties' to 'false' to disable
2019-08-28 18:59:01.443 [restartedMain] INFO  o.s.b.d.env.DevToolsPropertyDefaultsPostProcessor - For additional web related logging consider setting the 'logging.level.web' property to 'DEBUG'
2019-08-28 18:59:03.965 [restartedMain] INFO  o.s.c.s.PostProcessorRegistrationDelegate$BeanPostProcessorChecker - Bean 'org.springframework.transaction.annotation.ProxyTransactionManagementConfiguration' of type [org.springframework.transaction.annotation.ProxyTransactionManagementConfiguration$$EnhancerBySpringCGLIB$$97f27202] is not eligible for getting processed by all BeanPostProcessors (for example: not eligible for auto-proxying)
2019-08-28 18:59:04.385 [restartedMain] INFO  io.undertow.servlet - Initializing Spring embedded WebApplicationContext
2019-08-28 18:59:04.385 [restartedMain] INFO  org.springframework.web.context.ContextLoader - Root WebApplicationContext: initialization completed in 2941 ms
2019-08-28 18:59:05.485 [restartedMain] INFO  o.s.b.actuate.endpoint.web.EndpointLinksResolver - Exposing 2 endpoint(s) beneath base path '/actuator'
2019-08-28 18:59:05.593 [restartedMain] INFO  s.d.s.w.PropertySourcedRequestMappingHandlerMapping - Mapped URL path [/v2/api-docs] onto method [public org.springframework.http.ResponseEntity<springfox.documentation.spring.web.json.Json> springfox.documentation.swagger2.web.Swagger2Controller.getDocumentation(java.lang.String,javax.servlet.http.HttpServletRequest)]
2019-08-28 18:59:05.763 [restartedMain] INFO  o.s.scheduling.concurrent.ThreadPoolTaskExecutor - Initializing ExecutorService 'applicationTaskExecutor'
2019-08-28 18:59:05.828 [restartedMain] INFO  o.s.b.d.autoconfigure.OptionalLiveReloadServer - LiveReload server is running on port 35729
2019-08-28 18:59:06.271 [restartedMain] INFO  s.d.s.web.plugins.DocumentationPluginsBootstrapper - Context refreshed
2019-08-28 18:59:06.292 [restartedMain] INFO  s.d.s.web.plugins.DocumentationPluginsBootstrapper - Found 1 custom documentation plugin(s)
2019-08-28 18:59:06.341 [restartedMain] INFO  s.d.spring.web.scanners.ApiListingReferenceScanner - Scanning for api listing references
2019-08-28 18:59:06.522 [restartedMain] INFO  org.xnio - XNIO version 3.3.8.Final
2019-08-28 18:59:06.533 [restartedMain] INFO  org.xnio.nio - XNIO NIO Implementation Version 3.3.8.Final
2019-08-28 18:59:06.615 [restartedMain] INFO  o.s.b.w.embedded.undertow.UndertowServletWebServer - Undertow started on port(s) 8080 (http) with context path ''
2019-08-28 18:59:06.618 [restartedMain] INFO  com.osen.cloud.system.LampblackSystemApplication - Started LampblackSystemApplication in 6.066 seconds (JVM running for 7.116)
2019-08-28 18:59:07.254 [RMI TCP Connection(2)-192.168.1.54] INFO  io.undertow.servlet - Initializing Spring DispatcherServlet 'dispatcherServlet'
2019-08-28 18:59:07.255 [RMI TCP Connection(3)-192.168.1.54] INFO  com.zaxxer.hikari.HikariDataSource - DatebookHikariCP - Starting...
2019-08-28 18:59:07.255 [RMI TCP Connection(2)-192.168.1.54] INFO  org.springframework.web.servlet.DispatcherServlet - Initializing Servlet 'dispatcherServlet'
2019-08-28 18:59:07.270 [RMI TCP Connection(2)-192.168.1.54] INFO  org.springframework.web.servlet.DispatcherServlet - Completed initialization in 15 ms
2019-08-28 18:59:07.449 [RMI TCP Connection(3)-192.168.1.54] INFO  com.zaxxer.hikari.HikariDataSource - DatebookHikariCP - Start completed.
