2019-10-10 09:34:40.909 [restartedMain] INFO  com.osen.cloud.system.LampblackSystemApplication - Starting LampblackSystemApplication on PC-20190708MDDO with PID 7636 (E:\gitworkspace\lampblack-admin\lampblack-system\target\classes started by Administrator in E:\gitworkspace\lampblack-admin)
2019-10-10 09:34:40.919 [restartedMain] INFO  com.osen.cloud.system.LampblackSystemApplication - No active profile set, falling back to default profiles: default
2019-10-10 09:34:41.080 [restartedMain] INFO  o.s.b.d.env.DevToolsPropertyDefaultsPostProcessor - Devtools property defaults active! Set 'spring.devtools.add-properties' to 'false' to disable
2019-10-10 09:34:41.080 [restartedMain] INFO  o.s.b.d.env.DevToolsPropertyDefaultsPostProcessor - For additional web related logging consider setting the 'logging.level.web' property to 'DEBUG'
2019-10-10 09:34:43.620 [restartedMain] INFO  o.s.d.r.config.RepositoryConfigurationDelegate - Multiple Spring Data modules found, entering strict repository configuration mode!
2019-10-10 09:34:43.626 [restartedMain] INFO  o.s.d.r.config.RepositoryConfigurationDelegate - Bootstrapping Spring Data repositories in DEFAULT mode.
2019-10-10 09:34:43.702 [restartedMain] INFO  o.s.d.r.config.RepositoryConfigurationDelegate - Finished Spring Data repository scanning in 47ms. Found 0 repository interfaces.
2019-10-10 09:34:44.529 [restartedMain] INFO  o.s.c.s.PostProcessorRegistrationDelegate$BeanPostProcessorChecker - Bean 'org.springframework.security.config.annotation.configuration.ObjectPostProcessorConfiguration' of type [org.springframework.security.config.annotation.configuration.ObjectPostProcessorConfiguration$$EnhancerBySpringCGLIB$$1bcbed71] is not eligible for getting processed by all BeanPostProcessors (for example: not eligible for auto-proxying)
2019-10-10 09:34:44.545 [restartedMain] INFO  o.s.c.s.PostProcessorRegistrationDelegate$BeanPostProcessorChecker - Bean 'org.springframework.transaction.annotation.ProxyTransactionManagementConfiguration' of type [org.springframework.transaction.annotation.ProxyTransactionManagementConfiguration$$EnhancerBySpringCGLIB$$831e2537] is not eligible for getting processed by all BeanPostProcessors (for example: not eligible for auto-proxying)
2019-10-10 09:34:44.591 [restartedMain] INFO  o.s.c.s.PostProcessorRegistrationDelegate$BeanPostProcessorChecker - Bean 'objectPostProcessor' of type [org.springframework.security.config.annotation.configuration.AutowireBeanFactoryObjectPostProcessor] is not eligible for getting processed by all BeanPostProcessors (for example: not eligible for auto-proxying)
2019-10-10 09:34:44.596 [restartedMain] INFO  o.s.c.s.PostProcessorRegistrationDelegate$BeanPostProcessorChecker - Bean 'org.springframework.security.access.expression.method.DefaultMethodSecurityExpressionHandler@4fc5dc4f' of type [org.springframework.security.access.expression.method.DefaultMethodSecurityExpressionHandler] is not eligible for getting processed by all BeanPostProcessors (for example: not eligible for auto-proxying)
2019-10-10 09:34:44.602 [restartedMain] INFO  o.s.c.s.PostProcessorRegistrationDelegate$BeanPostProcessorChecker - Bean 'org.springframework.security.config.annotation.method.configuration.GlobalMethodSecurityConfiguration' of type [org.springframework.security.config.annotation.method.configuration.GlobalMethodSecurityConfiguration$$EnhancerBySpringCGLIB$$40a09023] is not eligible for getting processed by all BeanPostProcessors (for example: not eligible for auto-proxying)
2019-10-10 09:34:44.613 [restartedMain] INFO  o.s.c.s.PostProcessorRegistrationDelegate$BeanPostProcessorChecker - Bean 'methodSecurityMetadataSource' of type [org.springframework.security.access.method.DelegatingMethodSecurityMetadataSource] is not eligible for getting processed by all BeanPostProcessors (for example: not eligible for auto-proxying)
2019-10-10 09:34:45.323 [restartedMain] INFO  io.undertow.servlet - Initializing Spring embedded WebApplicationContext
2019-10-10 09:34:45.324 [restartedMain] INFO  org.springframework.web.context.ContextLoader - Root WebApplicationContext: initialization completed in 4242 ms
2019-10-10 09:34:49.108 [Socket Server Thread-01] INFO  com.osen.cloud.system.socket.service.SocketServer - socket server starting port: 8888
2019-10-10 09:34:49.432 [restartedMain] INFO  o.s.security.web.DefaultSecurityFilterChain - Creating filter chain: any request, [org.springframework.security.web.context.request.async.WebAsyncManagerIntegrationFilter@7aad29bd, org.springframework.security.web.context.SecurityContextPersistenceFilter@3adcc71f, org.springframework.security.web.header.HeaderWriterFilter@2d1d9943, org.springframework.security.web.authentication.logout.LogoutFilter@e64b73d, com.osen.cloud.system.security.config.JwtAuthenticationTokenFilter@3b662ae9, org.springframework.security.web.authentication.UsernamePasswordAuthenticationFilter@7bc31a88, org.springframework.security.web.savedrequest.RequestCacheAwareFilter@1439dc94, org.springframework.security.web.servletapi.SecurityContextHolderAwareRequestFilter@6118125a, org.springframework.security.web.authentication.AnonymousAuthenticationFilter@263d70fb, org.springframework.security.web.session.SessionManagementFilter@3e6d7e05, org.springframework.security.web.access.ExceptionTranslationFilter@364151fb, org.springframework.security.web.access.intercept.FilterSecurityInterceptor@54bcf275]
2019-10-10 09:34:49.674 [restartedMain] INFO  o.s.scheduling.concurrent.ThreadPoolTaskExecutor - Initializing ExecutorService 'applicationTaskExecutor'
2019-10-10 09:34:49.964 [nioEventLoopGroup-5-1] INFO  c.o.c.system.socket.handler.SocketServerHandler - 设备成功连接服务器：0c9d92fffe787de5-00001dd4-00000001-0fea873d408de634-bde1dabd
2019-10-10 09:34:50.706 [restartedMain] INFO  o.s.b.actuate.endpoint.web.EndpointLinksResolver - Exposing 2 endpoint(s) beneath base path '/actuator'
2019-10-10 09:34:50.800 [restartedMain] INFO  o.s.scheduling.concurrent.ThreadPoolTaskScheduler - Initializing ExecutorService 'taskScheduler'
2019-10-10 09:34:50.920 [restartedMain] INFO  o.s.b.d.autoconfigure.OptionalLiveReloadServer - LiveReload server is running on port 35729
2019-10-10 09:34:51.084 [restartedMain] INFO  org.xnio - XNIO version 3.3.8.Final
2019-10-10 09:34:51.101 [restartedMain] INFO  org.xnio.nio - XNIO NIO Implementation Version 3.3.8.Final
2019-10-10 09:34:51.194 [restartedMain] INFO  o.s.b.w.embedded.undertow.UndertowServletWebServer - Undertow started on port(s) 8080 (http) with context path ''
2019-10-10 09:34:51.200 [restartedMain] INFO  com.osen.cloud.system.LampblackSystemApplication - Started LampblackSystemApplication in 12.355 seconds (JVM running for 14.803)
2019-10-10 09:34:51.448 [RMI TCP Connection(1)-192.168.1.54] INFO  io.undertow.servlet - Initializing Spring DispatcherServlet 'dispatcherServlet'
2019-10-10 09:34:51.448 [RMI TCP Connection(1)-192.168.1.54] INFO  org.springframework.web.servlet.DispatcherServlet - Initializing Servlet 'dispatcherServlet'
2019-10-10 09:34:51.458 [RMI TCP Connection(2)-192.168.1.54] INFO  com.zaxxer.hikari.HikariDataSource - DatebookHikariCP - Starting...
2019-10-10 09:34:51.469 [RMI TCP Connection(1)-192.168.1.54] INFO  org.springframework.web.servlet.DispatcherServlet - Completed initialization in 21 ms
2019-10-10 09:34:53.366 [RMI TCP Connection(2)-192.168.1.54] INFO  com.zaxxer.hikari.HikariDataSource - DatebookHikariCP - Start completed.
2019-10-10 09:34:53.681 [parallel-1] INFO  io.lettuce.core.EpollProvider - Starting without optional epoll library
2019-10-10 09:34:53.686 [parallel-1] INFO  io.lettuce.core.KqueueProvider - Starting without optional kqueue library
2019-10-10 09:35:21.610 [nioEventLoopGroup-5-1] INFO  c.o.c.system.socket.handler.SocketServerHandler - 服务器接收上传数据-连接设备ID ：0c9d92fffe787de5-00001dd4-00000001-0fea873d408de634-bde1dabd
2019-10-10 09:35:21.610 [nioEventLoopGroup-5-1] INFO  c.o.c.system.socket.handler.SocketServerHandler - 数据：##0137QN=20191010093500001;ST=22;CN=2011;PW=123456;MN=2019081903100008;Flag=5;CP=&&DataTime=20191010093500;LAMPBLACK-Rtd=0.3,LAMPBLACK-Flag=N&&A881
2019-10-10 09:35:21.655 [task-1] INFO  c.o.cloud.system.socket.utils.DataSegmentParseUtil - 实时数据类型
2019-10-10 09:35:21.655 [nioEventLoopGroup-5-1] INFO  c.o.c.system.socket.handler.SocketServerHandler - 服务器接收设备上传数据完毕：0c9d92fffe787de5-00001dd4-00000001-0fea873d408de634-bde1dabd
2019-10-10 09:35:21.657 [task-1] INFO  c.o.cloud.system.socket.server.DataSegmentService - 存储设备上传实时数据到数据库
2019-10-10 09:35:21.658 [task-1] INFO  c.o.cloud.system.socket.server.DataSegmentService - DataHistory(id=null, deviceNo=2019081903100008, dateTime=2019-10-10T09:35, lampblack=0.3, lampblackFlag=N, pm=null, pmFlag=null, nmhc=null, nmhcFlag=null, fanFlag=2, purifierFlag=2)
2019-10-10 09:36:24.599 [nioEventLoopGroup-5-1] INFO  c.o.c.system.socket.handler.SocketServerHandler - 服务器接收上传数据-连接设备ID ：0c9d92fffe787de5-00001dd4-00000001-0fea873d408de634-bde1dabd
2019-10-10 09:36:24.599 [nioEventLoopGroup-5-1] INFO  c.o.c.system.socket.handler.SocketServerHandler - 数据：##0137QN=20191010093600001;ST=22;CN=2011;PW=123456;MN=2019081903100008;Flag=5;CP=&&DataTime=20191010093600;LAMPBLACK-Rtd=0.4,LAMPBLACK-Flag=N&&8641
2019-10-10 09:36:24.600 [nioEventLoopGroup-5-1] INFO  c.o.c.system.socket.handler.SocketServerHandler - 服务器接收设备上传数据完毕：0c9d92fffe787de5-00001dd4-00000001-0fea873d408de634-bde1dabd
2019-10-10 09:36:24.601 [task-2] INFO  c.o.cloud.system.socket.utils.DataSegmentParseUtil - 实时数据类型
2019-10-10 09:36:24.601 [task-2] INFO  c.o.cloud.system.socket.server.DataSegmentService - 存储设备上传实时数据到数据库
2019-10-10 09:36:24.601 [task-2] INFO  c.o.cloud.system.socket.server.DataSegmentService - DataHistory(id=null, deviceNo=2019081903100008, dateTime=2019-10-10T09:36, lampblack=0.4, lampblackFlag=N, pm=null, pmFlag=null, nmhc=null, nmhcFlag=null, fanFlag=2, purifierFlag=2)
2019-10-10 09:37:23.097 [nioEventLoopGroup-5-1] INFO  c.o.c.system.socket.handler.SocketServerHandler - 服务器接收上传数据-连接设备ID ：0c9d92fffe787de5-00001dd4-00000001-0fea873d408de634-bde1dabd
2019-10-10 09:37:23.098 [nioEventLoopGroup-5-1] INFO  c.o.c.system.socket.handler.SocketServerHandler - 数据：##0137QN=20191010093700001;ST=22;CN=2011;PW=123456;MN=2019081903100008;Flag=5;CP=&&DataTime=20191010093700;LAMPBLACK-Rtd=0.3,LAMPBLACK-Flag=N&&C601
2019-10-10 09:37:23.101 [nioEventLoopGroup-5-1] INFO  c.o.c.system.socket.handler.SocketServerHandler - 服务器接收设备上传数据完毕：0c9d92fffe787de5-00001dd4-00000001-0fea873d408de634-bde1dabd
2019-10-10 09:37:23.101 [task-3] INFO  c.o.cloud.system.socket.utils.DataSegmentParseUtil - 实时数据类型
2019-10-10 09:37:23.102 [task-3] INFO  c.o.cloud.system.socket.server.DataSegmentService - 存储设备上传实时数据到数据库
2019-10-10 09:37:23.102 [task-3] INFO  c.o.cloud.system.socket.server.DataSegmentService - DataHistory(id=null, deviceNo=2019081903100008, dateTime=2019-10-10T09:37, lampblack=0.3, lampblackFlag=N, pm=null, pmFlag=null, nmhc=null, nmhcFlag=null, fanFlag=2, purifierFlag=2)
2019-10-10 09:37:37.796 [Thread-32] INFO  o.s.scheduling.concurrent.ThreadPoolTaskScheduler - Shutting down ExecutorService 'taskScheduler'
2019-10-10 09:37:37.799 [Thread-32] INFO  o.s.scheduling.concurrent.ThreadPoolTaskExecutor - Shutting down ExecutorService 'applicationTaskExecutor'
2019-10-10 09:37:39.022 [Thread-32] INFO  com.zaxxer.hikari.HikariDataSource - DatebookHikariCP - Shutdown initiated...
2019-10-10 09:37:39.031 [Thread-32] INFO  com.zaxxer.hikari.HikariDataSource - DatebookHikariCP - Shutdown completed.
2019-10-10 09:37:39.037 [Thread-32] INFO  io.undertow.servlet - Destroying Spring FrameworkServlet 'dispatcherServlet'
