2019-11-06 11:24:22.663 [restartedMain] INFO  com.osen.cloud.system.LampblackSystemApplication - Starting LampblackSystemApplication on PC-20190708MDDO with PID 5108 (E:\gitworkspace\lampblack-admin\lampblack-system\target\classes started by Administrator in E:\gitworkspace\lampblack-admin)
2019-11-06 11:24:22.676 [restartedMain] INFO  com.osen.cloud.system.LampblackSystemApplication - The following profiles are active: dev
2019-11-06 11:24:22.824 [restartedMain] INFO  o.s.b.d.env.DevToolsPropertyDefaultsPostProcessor - Devtools property defaults active! Set 'spring.devtools.add-properties' to 'false' to disable
2019-11-06 11:24:22.827 [restartedMain] INFO  o.s.b.d.env.DevToolsPropertyDefaultsPostProcessor - For additional web related logging consider setting the 'logging.level.web' property to 'DEBUG'
2019-11-06 11:24:25.340 [restartedMain] INFO  o.s.d.r.config.RepositoryConfigurationDelegate - Multiple Spring Data modules found, entering strict repository configuration mode!
2019-11-06 11:24:25.343 [restartedMain] INFO  o.s.d.r.config.RepositoryConfigurationDelegate - Bootstrapping Spring Data repositories in DEFAULT mode.
2019-11-06 11:24:25.409 [restartedMain] INFO  o.s.d.r.config.RepositoryConfigurationDelegate - Finished Spring Data repository scanning in 42ms. Found 0 repository interfaces.
2019-11-06 11:24:26.172 [restartedMain] INFO  o.s.c.s.PostProcessorRegistrationDelegate$BeanPostProcessorChecker - Bean 'org.springframework.security.config.annotation.configuration.ObjectPostProcessorConfiguration' of type [org.springframework.security.config.annotation.configuration.ObjectPostProcessorConfiguration$$EnhancerBySpringCGLIB$$772fe317] is not eligible for getting processed by all BeanPostProcessors (for example: not eligible for auto-proxying)
2019-11-06 11:24:26.186 [restartedMain] INFO  o.s.c.s.PostProcessorRegistrationDelegate$BeanPostProcessorChecker - Bean 'org.springframework.transaction.annotation.ProxyTransactionManagementConfiguration' of type [org.springframework.transaction.annotation.ProxyTransactionManagementConfiguration$$EnhancerBySpringCGLIB$$de821add] is not eligible for getting processed by all BeanPostProcessors (for example: not eligible for auto-proxying)
2019-11-06 11:24:26.239 [restartedMain] INFO  o.s.c.s.PostProcessorRegistrationDelegate$BeanPostProcessorChecker - Bean 'objectPostProcessor' of type [org.springframework.security.config.annotation.configuration.AutowireBeanFactoryObjectPostProcessor] is not eligible for getting processed by all BeanPostProcessors (for example: not eligible for auto-proxying)
2019-11-06 11:24:26.244 [restartedMain] INFO  o.s.c.s.PostProcessorRegistrationDelegate$BeanPostProcessorChecker - Bean 'org.springframework.security.access.expression.method.DefaultMethodSecurityExpressionHandler@4f3f4c4' of type [org.springframework.security.access.expression.method.DefaultMethodSecurityExpressionHandler] is not eligible for getting processed by all BeanPostProcessors (for example: not eligible for auto-proxying)
2019-11-06 11:24:26.250 [restartedMain] INFO  o.s.c.s.PostProcessorRegistrationDelegate$BeanPostProcessorChecker - Bean 'org.springframework.security.config.annotation.method.configuration.GlobalMethodSecurityConfiguration' of type [org.springframework.security.config.annotation.method.configuration.GlobalMethodSecurityConfiguration$$EnhancerBySpringCGLIB$$9c0485c9] is not eligible for getting processed by all BeanPostProcessors (for example: not eligible for auto-proxying)
2019-11-06 11:24:26.270 [restartedMain] INFO  o.s.c.s.PostProcessorRegistrationDelegate$BeanPostProcessorChecker - Bean 'methodSecurityMetadataSource' of type [org.springframework.security.access.method.DelegatingMethodSecurityMetadataSource] is not eligible for getting processed by all BeanPostProcessors (for example: not eligible for auto-proxying)
2019-11-06 11:24:26.984 [restartedMain] INFO  io.undertow.servlet - Initializing Spring embedded WebApplicationContext
2019-11-06 11:24:26.985 [restartedMain] INFO  org.springframework.web.context.ContextLoader - Root WebApplicationContext: initialization completed in 4157 ms
2019-11-06 11:24:31.047 [Socket Server Thread-01] INFO  c.o.c.s.system_socket.config.SocketServerStarter - system_socket service starting port: 8888
2019-11-06 11:24:31.327 [restartedMain] INFO  o.s.security.web.DefaultSecurityFilterChain - Creating filter chain: any request, [org.springframework.security.web.context.request.async.WebAsyncManagerIntegrationFilter@363d734a, org.springframework.security.web.context.SecurityContextPersistenceFilter@47eabca7, org.springframework.security.web.header.HeaderWriterFilter@30bfd9aa, org.springframework.security.web.authentication.logout.LogoutFilter@78e14549, com.osen.cloud.system.web_security.config.JwtAuthenticationTokenFilter@4d6867e8, org.springframework.security.web.authentication.UsernamePasswordAuthenticationFilter@7c95600e, org.springframework.security.web.savedrequest.RequestCacheAwareFilter@751de8c6, org.springframework.security.web.servletapi.SecurityContextHolderAwareRequestFilter@3366a7b3, org.springframework.security.web.authentication.AnonymousAuthenticationFilter@426711ba, org.springframework.security.web.session.SessionManagementFilter@2ae0883c, org.springframework.security.web.access.ExceptionTranslationFilter@3bf3401a, org.springframework.security.web.access.intercept.FilterSecurityInterceptor@c3b1ad]
2019-11-06 11:24:31.532 [restartedMain] INFO  o.s.scheduling.concurrent.ThreadPoolTaskExecutor - Initializing ExecutorService 'applicationTaskExecutor'
2019-11-06 11:24:32.535 [restartedMain] INFO  o.s.b.actuate.endpoint.web.EndpointLinksResolver - Exposing 2 endpoint(s) beneath base path '/actuator'
2019-11-06 11:24:32.627 [restartedMain] INFO  o.s.scheduling.concurrent.ThreadPoolTaskScheduler - Initializing ExecutorService 'taskScheduler'
2019-11-06 11:24:32.780 [restartedMain] INFO  o.s.b.d.autoconfigure.OptionalLiveReloadServer - LiveReload server is running on port 35729
2019-11-06 11:24:32.951 [restartedMain] INFO  org.xnio - XNIO version 3.3.8.Final
2019-11-06 11:24:32.969 [restartedMain] INFO  org.xnio.nio - XNIO NIO Implementation Version 3.3.8.Final
2019-11-06 11:24:33.050 [restartedMain] INFO  o.s.b.w.embedded.undertow.UndertowServletWebServer - Undertow started on port(s) 8081 (http) with context path ''
2019-11-06 11:24:33.057 [restartedMain] INFO  com.osen.cloud.system.LampblackSystemApplication - Started LampblackSystemApplication in 11.781 seconds (JVM running for 13.305)
2019-11-06 11:24:33.573 [RMI TCP Connection(3)-192.168.1.54] INFO  io.undertow.servlet - Initializing Spring DispatcherServlet 'dispatcherServlet'
2019-11-06 11:24:33.574 [RMI TCP Connection(3)-192.168.1.54] INFO  org.springframework.web.servlet.DispatcherServlet - Initializing Servlet 'dispatcherServlet'
2019-11-06 11:24:33.581 [RMI TCP Connection(1)-192.168.1.54] INFO  com.zaxxer.hikari.HikariDataSource - DatebookHikariCP - Starting...
2019-11-06 11:24:33.597 [RMI TCP Connection(3)-192.168.1.54] INFO  org.springframework.web.servlet.DispatcherServlet - Completed initialization in 23 ms
2019-11-06 11:24:34.621 [RMI TCP Connection(1)-192.168.1.54] INFO  com.zaxxer.hikari.HikariDataSource - DatebookHikariCP - Start completed.
2019-11-06 11:24:34.942 [parallel-1] INFO  io.lettuce.core.EpollProvider - Starting without optional epoll library
2019-11-06 11:24:34.949 [parallel-1] INFO  io.lettuce.core.KqueueProvider - Starting without optional kqueue library
2019-11-06 11:24:56.684 [nioEventLoopGroup-5-1] INFO  c.o.c.s.system_socket.handler.SocketServerHandler - 设备成功连接服务器：0c9d92fffe787de5-000013f4-00000002-cd7b52d6532e69aa-d1d3c63c
2019-11-06 11:25:13.684 [nioEventLoopGroup-5-1] INFO  c.o.c.s.system_socket.handler.SocketServerHandler - 服务器接收设备上传数据开始：0c9d92fffe787de5-000013f4-00000002-cd7b52d6532e69aa-d1d3c63c
2019-11-06 11:25:13.684 [nioEventLoopGroup-5-1] INFO  c.o.c.s.system_socket.handler.SocketServerHandler - 接收设备数据：##0097ST=22;CN=2011;PW=123456;MN=2019110503106001;CP=&&DataTime=20191106090915;VOC-Rtd=0.0,VOC-Flag=P&&5140
2019-11-06 11:25:13.795 [nioEventLoopGroup-5-1] INFO  c.o.c.s.system_socket.handler.SocketServerHandler - 格式化数据：{ST=22, MN=2019110503106001, PW=123456, CN=2011, CP={DataTime=2019-11-06T09:09:15, VOC-Flag=P, VOC-Rtd=0.0}}
2019-11-06 11:25:13.795 [nioEventLoopGroup-5-1] INFO  c.o.c.s.system_socket.handler.SocketServerHandler - VOC设备
2019-11-06 11:25:13.795 [nioEventLoopGroup-5-1] INFO  c.o.c.s.system_socket.handler.SocketServerHandler - 服务器接收设备上传数据完毕：0c9d92fffe787de5-000013f4-00000002-cd7b52d6532e69aa-d1d3c63c
2019-11-06 11:25:47.163 [nioEventLoopGroup-5-1] INFO  c.o.c.s.system_socket.handler.SocketServerHandler - 服务器接收设备上传数据开始：0c9d92fffe787de5-000013f4-00000002-cd7b52d6532e69aa-d1d3c63c
2019-11-06 11:25:47.163 [nioEventLoopGroup-5-1] INFO  c.o.c.s.system_socket.handler.SocketServerHandler - 接收设备数据：##0395QN=20191106110100001;ST=22;CN=2011;PW=123456;MN=2019110507100002;Flag=5;CP=&&DataTime=20191106110100;a01001-Rtd=27.1,a01001-Flag=N;a01002-Rtd=43.5,a01002-Flag=N;T02-Rtd=27.1,T02-Flag=N;H02-Rtd=44.0,H02-Flag=N;T03-Rtd=27.2,T03-Flag=N;H03-Rtd=43.4,H03-Flag=N;T04-Rtd=27.2,T04-Flag=N;H04-Rtd=43.4,H04-Flag=N;a01002-Rtd=43.5,a01002-Flag=N;lng-Rtd=113.840340,lng-Flag=N;lat-Rtd=22.700447,lat-Flag=N&&6480
2019-11-06 11:25:47.166 [nioEventLoopGroup-5-1] INFO  c.o.c.s.system_socket.handler.SocketServerHandler - 格式化数据：{ST=22, MN=2019110507100002, PW=123456, CN=2011, QN=20191106110100001, Flag=5, CP={H02-Rtd=44.0, T02-Rtd=27.1, H02-Flag=N, T04-Flag=N, a01001-Flag=N, a01002-Rtd=43.5, DataTime=2019-11-06T11:01, T04-Rtd=27.2, lat-Rtd=22.700447, H03-Flag=N, H03-Rtd=43.4, lng-Rtd=113.840340, T03-Flag=N, lat-Flag=N, T03-Rtd=27.2, T02-Flag=N, a01001-Rtd=27.1, H04-Rtd=43.4, H04-Flag=N, a01002-Flag=N, lng-Flag=N}}
2019-11-06 11:25:47.166 [nioEventLoopGroup-5-1] INFO  c.o.c.s.system_socket.handler.SocketServerHandler - 冷链设备
2019-11-06 11:25:47.167 [nioEventLoopGroup-5-1] INFO  c.o.c.s.system_socket.handler.SocketServerHandler - 服务器接收设备上传数据完毕：0c9d92fffe787de5-000013f4-00000002-cd7b52d6532e69aa-d1d3c63c
2019-11-06 11:26:00.153 [Thread-29] INFO  o.s.scheduling.concurrent.ThreadPoolTaskScheduler - Shutting down ExecutorService 'taskScheduler'
2019-11-06 11:26:00.156 [Thread-29] INFO  o.s.scheduling.concurrent.ThreadPoolTaskExecutor - Shutting down ExecutorService 'applicationTaskExecutor'
2019-11-06 11:26:01.294 [Thread-29] INFO  com.zaxxer.hikari.HikariDataSource - DatebookHikariCP - Shutdown initiated...
2019-11-06 11:26:01.300 [Thread-29] INFO  com.zaxxer.hikari.HikariDataSource - DatebookHikariCP - Shutdown completed.
2019-11-06 11:26:01.305 [Thread-29] INFO  io.undertow.servlet - Destroying Spring FrameworkServlet 'dispatcherServlet'
2019-11-06 13:56:18.929 [restartedMain] INFO  com.osen.cloud.system.LampblackSystemApplication - Starting LampblackSystemApplication on PC-20190708MDDO with PID 6456 (E:\gitworkspace\lampblack-admin\lampblack-system\target\classes started by Administrator in E:\gitworkspace\lampblack-admin)
2019-11-06 13:56:18.934 [restartedMain] INFO  com.osen.cloud.system.LampblackSystemApplication - The following profiles are active: dev
2019-11-06 13:56:19.049 [restartedMain] INFO  o.s.b.d.env.DevToolsPropertyDefaultsPostProcessor - Devtools property defaults active! Set 'spring.devtools.add-properties' to 'false' to disable
2019-11-06 13:56:19.050 [restartedMain] INFO  o.s.b.d.env.DevToolsPropertyDefaultsPostProcessor - For additional web related logging consider setting the 'logging.level.web' property to 'DEBUG'
2019-11-06 13:56:21.393 [restartedMain] INFO  o.s.d.r.config.RepositoryConfigurationDelegate - Multiple Spring Data modules found, entering strict repository configuration mode!
2019-11-06 13:56:21.397 [restartedMain] INFO  o.s.d.r.config.RepositoryConfigurationDelegate - Bootstrapping Spring Data repositories in DEFAULT mode.
2019-11-06 13:56:21.468 [restartedMain] INFO  o.s.d.r.config.RepositoryConfigurationDelegate - Finished Spring Data repository scanning in 48ms. Found 0 repository interfaces.
2019-11-06 13:56:22.193 [restartedMain] INFO  o.s.c.s.PostProcessorRegistrationDelegate$BeanPostProcessorChecker - Bean 'org.springframework.security.config.annotation.configuration.ObjectPostProcessorConfiguration' of type [org.springframework.security.config.annotation.configuration.ObjectPostProcessorConfiguration$$EnhancerBySpringCGLIB$$d2b97110] is not eligible for getting processed by all BeanPostProcessors (for example: not eligible for auto-proxying)
2019-11-06 13:56:22.207 [restartedMain] INFO  o.s.c.s.PostProcessorRegistrationDelegate$BeanPostProcessorChecker - Bean 'org.springframework.transaction.annotation.ProxyTransactionManagementConfiguration' of type [org.springframework.transaction.annotation.ProxyTransactionManagementConfiguration$$EnhancerBySpringCGLIB$$3a0ba8d6] is not eligible for getting processed by all BeanPostProcessors (for example: not eligible for auto-proxying)
2019-11-06 13:56:22.246 [restartedMain] INFO  o.s.c.s.PostProcessorRegistrationDelegate$BeanPostProcessorChecker - Bean 'objectPostProcessor' of type [org.springframework.security.config.annotation.configuration.AutowireBeanFactoryObjectPostProcessor] is not eligible for getting processed by all BeanPostProcessors (for example: not eligible for auto-proxying)
2019-11-06 13:56:22.250 [restartedMain] INFO  o.s.c.s.PostProcessorRegistrationDelegate$BeanPostProcessorChecker - Bean 'org.springframework.security.access.expression.method.DefaultMethodSecurityExpressionHandler@28114cd6' of type [org.springframework.security.access.expression.method.DefaultMethodSecurityExpressionHandler] is not eligible for getting processed by all BeanPostProcessors (for example: not eligible for auto-proxying)
2019-11-06 13:56:22.254 [restartedMain] INFO  o.s.c.s.PostProcessorRegistrationDelegate$BeanPostProcessorChecker - Bean 'org.springframework.security.config.annotation.method.configuration.GlobalMethodSecurityConfiguration' of type [org.springframework.security.config.annotation.method.configuration.GlobalMethodSecurityConfiguration$$EnhancerBySpringCGLIB$$f78e13c2] is not eligible for getting processed by all BeanPostProcessors (for example: not eligible for auto-proxying)
2019-11-06 13:56:22.264 [restartedMain] INFO  o.s.c.s.PostProcessorRegistrationDelegate$BeanPostProcessorChecker - Bean 'methodSecurityMetadataSource' of type [org.springframework.security.access.method.DelegatingMethodSecurityMetadataSource] is not eligible for getting processed by all BeanPostProcessors (for example: not eligible for auto-proxying)
2019-11-06 13:56:22.804 [restartedMain] INFO  io.undertow.servlet - Initializing Spring embedded WebApplicationContext
2019-11-06 13:56:22.805 [restartedMain] INFO  org.springframework.web.context.ContextLoader - Root WebApplicationContext: initialization completed in 3755 ms
2019-11-06 13:56:26.791 [Socket Server Thread-01] INFO  c.o.c.s.system_socket.config.SocketServerStarter - system_socket service starting port: 8888
2019-11-06 13:56:27.075 [restartedMain] INFO  o.s.security.web.DefaultSecurityFilterChain - Creating filter chain: any request, [org.springframework.security.web.context.request.async.WebAsyncManagerIntegrationFilter@78c9ac01, org.springframework.security.web.context.SecurityContextPersistenceFilter@47e73be, org.springframework.security.web.header.HeaderWriterFilter@5195dfcd, org.springframework.security.web.authentication.logout.LogoutFilter@32d74527, com.osen.cloud.system.web_security.config.JwtAuthenticationTokenFilter@cb71139, org.springframework.security.web.authentication.UsernamePasswordAuthenticationFilter@7a50cd3e, org.springframework.security.web.savedrequest.RequestCacheAwareFilter@6d0ab976, org.springframework.security.web.servletapi.SecurityContextHolderAwareRequestFilter@ec1d5d2, org.springframework.security.web.authentication.AnonymousAuthenticationFilter@2a298f31, org.springframework.security.web.session.SessionManagementFilter@40e295a8, org.springframework.security.web.access.ExceptionTranslationFilter@438d3fe5, org.springframework.security.web.access.intercept.FilterSecurityInterceptor@1abc455a]
2019-11-06 13:56:27.298 [restartedMain] INFO  o.s.scheduling.concurrent.ThreadPoolTaskExecutor - Initializing ExecutorService 'applicationTaskExecutor'
2019-11-06 13:56:28.281 [restartedMain] INFO  o.s.b.actuate.endpoint.web.EndpointLinksResolver - Exposing 2 endpoint(s) beneath base path '/actuator'
2019-11-06 13:56:28.363 [restartedMain] INFO  o.s.scheduling.concurrent.ThreadPoolTaskScheduler - Initializing ExecutorService 'taskScheduler'
2019-11-06 13:56:28.489 [restartedMain] INFO  o.s.b.d.autoconfigure.OptionalLiveReloadServer - LiveReload server is running on port 35729
2019-11-06 13:56:28.676 [restartedMain] INFO  org.xnio - XNIO version 3.3.8.Final
2019-11-06 13:56:28.692 [restartedMain] INFO  org.xnio.nio - XNIO NIO Implementation Version 3.3.8.Final
2019-11-06 13:56:28.772 [restartedMain] INFO  o.s.b.w.embedded.undertow.UndertowServletWebServer - Undertow started on port(s) 8081 (http) with context path ''
2019-11-06 13:56:28.778 [restartedMain] INFO  com.osen.cloud.system.LampblackSystemApplication - Started LampblackSystemApplication in 11.013 seconds (JVM running for 12.347)
2019-11-06 13:56:29.290 [RMI TCP Connection(1)-192.168.1.54] INFO  com.zaxxer.hikari.HikariDataSource - DatebookHikariCP - Starting...
2019-11-06 13:56:29.295 [RMI TCP Connection(2)-192.168.1.54] INFO  io.undertow.servlet - Initializing Spring DispatcherServlet 'dispatcherServlet'
2019-11-06 13:56:29.296 [RMI TCP Connection(2)-192.168.1.54] INFO  org.springframework.web.servlet.DispatcherServlet - Initializing Servlet 'dispatcherServlet'
2019-11-06 13:56:29.316 [RMI TCP Connection(2)-192.168.1.54] INFO  org.springframework.web.servlet.DispatcherServlet - Completed initialization in 20 ms
2019-11-06 13:56:30.613 [RMI TCP Connection(1)-192.168.1.54] INFO  com.zaxxer.hikari.HikariDataSource - DatebookHikariCP - Start completed.
2019-11-06 13:56:30.813 [parallel-1] INFO  io.lettuce.core.EpollProvider - Starting without optional epoll library
2019-11-06 13:56:30.817 [parallel-1] INFO  io.lettuce.core.KqueueProvider - Starting without optional kqueue library
2019-11-06 13:57:21.448 [nioEventLoopGroup-5-1] INFO  c.o.c.s.system_socket.handler.SocketServerHandler - 设备成功连接服务器：0c9d92fffe787de5-00001938-00000002-9ec9edccdf01f384-520590bd
2019-11-06 13:57:32.558 [nioEventLoopGroup-5-1] INFO  c.o.c.s.system_socket.handler.SocketServerHandler - 服务器接收设备上传数据开始：0c9d92fffe787de5-00001938-00000002-9ec9edccdf01f384-520590bd
2019-11-06 13:57:32.558 [nioEventLoopGroup-5-1] INFO  c.o.c.s.system_socket.handler.SocketServerHandler - 接收设备数据：##0097ST=22;CN=2011;PW=123456;MN=2019110503106001;CP=&&DataTime=20191106090915;VOC-Rtd=0.0,VOC-Flag=P&&5140
2019-11-06 13:57:32.594 [nioEventLoopGroup-5-1] INFO  c.o.c.s.system_socket.handler.SocketServerHandler - VOC设备
2019-11-06 13:57:32.595 [nioEventLoopGroup-5-1] INFO  c.o.c.s.system_socket.handler.SocketServerHandler - 格式化数据：{ST=22, MN=2019110503106001, PW=123456, CN=2011, CP={DataTime=2019-11-06T09:09:15, VOC-Flag=P, VOC-Rtd=0.0}}
2019-11-06 13:57:32.601 [nioEventLoopGroup-5-1] INFO  c.o.c.s.system_socket.handler.SocketServerHandler - 服务器接收设备上传数据完毕：0c9d92fffe787de5-00001938-00000002-9ec9edccdf01f384-520590bd
2019-11-06 13:58:56.606 [nioEventLoopGroup-5-1] INFO  c.o.c.s.system_socket.handler.SocketServerHandler - 设备数据上传超时：0c9d92fffe787de5-00001938-00000002-9ec9edccdf01f384-520590bd
2019-11-06 13:58:56.607 [nioEventLoopGroup-5-1] INFO  c.o.c.s.system_socket.handler.SocketServerHandler - 设备与服务器断开连接：0c9d92fffe787de5-00001938-00000002-9ec9edccdf01f384-520590bd
2019-11-06 14:00:46.688 [Thread-28] INFO  o.s.scheduling.concurrent.ThreadPoolTaskScheduler - Shutting down ExecutorService 'taskScheduler'
2019-11-06 14:00:46.691 [Thread-28] INFO  o.s.scheduling.concurrent.ThreadPoolTaskExecutor - Shutting down ExecutorService 'applicationTaskExecutor'
2019-11-06 14:00:47.822 [Thread-28] INFO  com.zaxxer.hikari.HikariDataSource - DatebookHikariCP - Shutdown initiated...
2019-11-06 14:00:47.830 [Thread-28] INFO  com.zaxxer.hikari.HikariDataSource - DatebookHikariCP - Shutdown completed.
2019-11-06 14:00:47.835 [Thread-28] INFO  io.undertow.servlet - Destroying Spring FrameworkServlet 'dispatcherServlet'
2019-11-06 14:34:04.029 [restartedMain] INFO  com.osen.cloud.system.LampblackSystemApplication - Starting LampblackSystemApplication on PC-20190708MDDO with PID 5108 (E:\gitworkspace\lampblack-admin\lampblack-system\target\classes started by Administrator in E:\gitworkspace\lampblack-admin)
2019-11-06 14:34:04.038 [restartedMain] INFO  com.osen.cloud.system.LampblackSystemApplication - The following profiles are active: dev
2019-11-06 14:34:04.154 [restartedMain] INFO  o.s.b.d.env.DevToolsPropertyDefaultsPostProcessor - Devtools property defaults active! Set 'spring.devtools.add-properties' to 'false' to disable
2019-11-06 14:34:04.155 [restartedMain] INFO  o.s.b.d.env.DevToolsPropertyDefaultsPostProcessor - For additional web related logging consider setting the 'logging.level.web' property to 'DEBUG'
2019-11-06 14:34:06.383 [restartedMain] INFO  o.s.d.r.config.RepositoryConfigurationDelegate - Multiple Spring Data modules found, entering strict repository configuration mode!
2019-11-06 14:34:06.388 [restartedMain] INFO  o.s.d.r.config.RepositoryConfigurationDelegate - Bootstrapping Spring Data repositories in DEFAULT mode.
2019-11-06 14:34:06.460 [restartedMain] INFO  o.s.d.r.config.RepositoryConfigurationDelegate - Finished Spring Data repository scanning in 43ms. Found 0 repository interfaces.
2019-11-06 14:34:07.257 [restartedMain] INFO  o.s.c.s.PostProcessorRegistrationDelegate$BeanPostProcessorChecker - Bean 'org.springframework.security.config.annotation.configuration.ObjectPostProcessorConfiguration' of type [org.springframework.security.config.annotation.configuration.ObjectPostProcessorConfiguration$$EnhancerBySpringCGLIB$$2ba4980e] is not eligible for getting processed by all BeanPostProcessors (for example: not eligible for auto-proxying)
2019-11-06 14:34:07.276 [restartedMain] INFO  o.s.c.s.PostProcessorRegistrationDelegate$BeanPostProcessorChecker - Bean 'org.springframework.transaction.annotation.ProxyTransactionManagementConfiguration' of type [org.springframework.transaction.annotation.ProxyTransactionManagementConfiguration$$EnhancerBySpringCGLIB$$92f6cfd4] is not eligible for getting processed by all BeanPostProcessors (for example: not eligible for auto-proxying)
2019-11-06 14:34:07.316 [restartedMain] INFO  o.s.c.s.PostProcessorRegistrationDelegate$BeanPostProcessorChecker - Bean 'objectPostProcessor' of type [org.springframework.security.config.annotation.configuration.AutowireBeanFactoryObjectPostProcessor] is not eligible for getting processed by all BeanPostProcessors (for example: not eligible for auto-proxying)
2019-11-06 14:34:07.320 [restartedMain] INFO  o.s.c.s.PostProcessorRegistrationDelegate$BeanPostProcessorChecker - Bean 'org.springframework.security.access.expression.method.DefaultMethodSecurityExpressionHandler@1d57cb0a' of type [org.springframework.security.access.expression.method.DefaultMethodSecurityExpressionHandler] is not eligible for getting processed by all BeanPostProcessors (for example: not eligible for auto-proxying)
2019-11-06 14:34:07.325 [restartedMain] INFO  o.s.c.s.PostProcessorRegistrationDelegate$BeanPostProcessorChecker - Bean 'org.springframework.security.config.annotation.method.configuration.GlobalMethodSecurityConfiguration' of type [org.springframework.security.config.annotation.method.configuration.GlobalMethodSecurityConfiguration$$EnhancerBySpringCGLIB$$50793ac0] is not eligible for getting processed by all BeanPostProcessors (for example: not eligible for auto-proxying)
2019-11-06 14:34:07.339 [restartedMain] INFO  o.s.c.s.PostProcessorRegistrationDelegate$BeanPostProcessorChecker - Bean 'methodSecurityMetadataSource' of type [org.springframework.security.access.method.DelegatingMethodSecurityMetadataSource] is not eligible for getting processed by all BeanPostProcessors (for example: not eligible for auto-proxying)
2019-11-06 14:34:07.906 [restartedMain] INFO  io.undertow.servlet - Initializing Spring embedded WebApplicationContext
2019-11-06 14:34:07.906 [restartedMain] INFO  org.springframework.web.context.ContextLoader - Root WebApplicationContext: initialization completed in 3751 ms
2019-11-06 14:34:12.536 [Socket Server Thread-01] INFO  c.o.c.s.system_socket.config.SocketServerStarter - system_socket service starting port: 8888
2019-11-06 14:34:12.823 [restartedMain] INFO  o.s.security.web.DefaultSecurityFilterChain - Creating filter chain: any request, [org.springframework.security.web.context.request.async.WebAsyncManagerIntegrationFilter@1acb8dd, org.springframework.security.web.context.SecurityContextPersistenceFilter@b57d4c9, org.springframework.security.web.header.HeaderWriterFilter@5561accb, org.springframework.security.web.authentication.logout.LogoutFilter@6f9a3366, com.osen.cloud.system.web_security.config.JwtAuthenticationTokenFilter@4aca3f2c, org.springframework.security.web.authentication.UsernamePasswordAuthenticationFilter@6d4af0fe, org.springframework.security.web.savedrequest.RequestCacheAwareFilter@187e508b, org.springframework.security.web.servletapi.SecurityContextHolderAwareRequestFilter@2fe83db5, org.springframework.security.web.authentication.AnonymousAuthenticationFilter@4873d48a, org.springframework.security.web.session.SessionManagementFilter@308dc1f7, org.springframework.security.web.access.ExceptionTranslationFilter@4a6bd7fd, org.springframework.security.web.access.intercept.FilterSecurityInterceptor@5cb8af4a]
2019-11-06 14:34:13.053 [restartedMain] INFO  o.s.scheduling.concurrent.ThreadPoolTaskExecutor - Initializing ExecutorService 'applicationTaskExecutor'
2019-11-06 14:34:14.100 [restartedMain] INFO  o.s.b.actuate.endpoint.web.EndpointLinksResolver - Exposing 2 endpoint(s) beneath base path '/actuator'
2019-11-06 14:34:14.189 [restartedMain] INFO  o.s.scheduling.concurrent.ThreadPoolTaskScheduler - Initializing ExecutorService 'taskScheduler'
2019-11-06 14:34:14.314 [restartedMain] INFO  o.s.b.d.autoconfigure.OptionalLiveReloadServer - LiveReload server is running on port 35729
2019-11-06 14:34:14.477 [restartedMain] INFO  org.xnio - XNIO version 3.3.8.Final
2019-11-06 14:34:14.495 [restartedMain] INFO  org.xnio.nio - XNIO NIO Implementation Version 3.3.8.Final
2019-11-06 14:34:14.586 [restartedMain] INFO  o.s.b.w.embedded.undertow.UndertowServletWebServer - Undertow started on port(s) 8081 (http) with context path ''
2019-11-06 14:34:14.592 [restartedMain] INFO  com.osen.cloud.system.LampblackSystemApplication - Started LampblackSystemApplication in 12.423 seconds (JVM running for 14.098)
2019-11-06 14:34:15.340 [RMI TCP Connection(5)-192.168.1.54] INFO  io.undertow.servlet - Initializing Spring DispatcherServlet 'dispatcherServlet'
2019-11-06 14:34:15.340 [RMI TCP Connection(5)-192.168.1.54] INFO  org.springframework.web.servlet.DispatcherServlet - Initializing Servlet 'dispatcherServlet'
2019-11-06 14:34:15.344 [RMI TCP Connection(4)-192.168.1.54] INFO  com.zaxxer.hikari.HikariDataSource - DatebookHikariCP - Starting...
2019-11-06 14:34:15.361 [RMI TCP Connection(5)-192.168.1.54] INFO  org.springframework.web.servlet.DispatcherServlet - Completed initialization in 21 ms
2019-11-06 14:34:16.602 [RMI TCP Connection(4)-192.168.1.54] INFO  com.zaxxer.hikari.HikariDataSource - DatebookHikariCP - Start completed.
2019-11-06 14:34:16.914 [parallel-1] INFO  io.lettuce.core.EpollProvider - Starting without optional epoll library
2019-11-06 14:34:16.918 [parallel-1] INFO  io.lettuce.core.KqueueProvider - Starting without optional kqueue library
2019-11-06 14:34:33.518 [nioEventLoopGroup-5-1] INFO  c.o.c.s.system_socket.handler.SocketServerHandler - 设备成功连接服务器：0c9d92fffe787de5-000013f4-00000002-52fe6e414f44028c-94aff5c3
2019-11-06 14:34:36.190 [nioEventLoopGroup-5-1] INFO  c.o.c.s.system_socket.handler.SocketServerHandler - 服务器接收设备上传数据开始：0c9d92fffe787de5-000013f4-00000002-52fe6e414f44028c-94aff5c3
2019-11-06 14:34:36.190 [nioEventLoopGroup-5-1] INFO  c.o.c.s.system_socket.handler.SocketServerHandler - 接收设备数据：##0401QN=20191106105600001;ST=22;CN=2011;PW=123456;MN=2019110507100002;Flag=5;CP=&&DataTime=20191106105600;a01001-Rtd=27.2,a01001-Flag=N;a01002-Rtd=43.5,a01002-Flag=N;T02-Rtd=272.0,T02-Flag=N;H02-Rtd=440.0,H02-Flag=N;T03-Rtd=273.0,T03-Flag=N;H03-Rtd=433.0,H03-Flag=N;T04-Rtd=273.0,T04-Flag=N;H04-Rtd=432.0,H04-Flag=N;a01002-Rtd=43.5,a01002-Flag=N;lng-Rtd=113.840355,lng-Flag=N;lat-Rtd=22.700445,lat-Flag=N&&0440
2019-11-06 14:34:36.220 [nioEventLoopGroup-5-1] INFO  c.o.c.s.system_socket.handler.SocketServerHandler - 冷链设备
2019-11-06 14:34:36.220 [nioEventLoopGroup-5-1] INFO  c.o.c.s.system_socket.handler.SocketServerHandler - 格式化数据：{ST=22, MN=2019110507100002, PW=123456, CN=2011, QN=20191106105600001, Flag=5, CP={H02-Rtd=440.0, T02-Rtd=272.0, H02-Flag=N, T04-Flag=N, a01001-Flag=N, a01002-Rtd=43.5, DataTime=2019-11-06T10:56, T04-Rtd=273.0, lat-Rtd=22.700445, H03-Flag=N, H03-Rtd=433.0, lng-Rtd=113.840355, T03-Flag=N, lat-Flag=N, T03-Rtd=273.0, T02-Flag=N, a01001-Rtd=27.2, H04-Rtd=432.0, H04-Flag=N, a01002-Flag=N, lng-Flag=N}}
2019-11-06 14:34:36.226 [nioEventLoopGroup-5-1] INFO  c.o.c.s.system_socket.handler.SocketServerHandler - 服务器接收设备上传数据完毕：0c9d92fffe787de5-000013f4-00000002-52fe6e414f44028c-94aff5c3
2019-11-06 14:35:35.649 [Thread-29] INFO  o.s.scheduling.concurrent.ThreadPoolTaskScheduler - Shutting down ExecutorService 'taskScheduler'
2019-11-06 14:35:35.651 [Thread-29] INFO  o.s.scheduling.concurrent.ThreadPoolTaskExecutor - Shutting down ExecutorService 'applicationTaskExecutor'
2019-11-06 14:35:36.809 [Thread-29] INFO  com.zaxxer.hikari.HikariDataSource - DatebookHikariCP - Shutdown initiated...
2019-11-06 14:35:36.821 [Thread-29] INFO  com.zaxxer.hikari.HikariDataSource - DatebookHikariCP - Shutdown completed.
2019-11-06 14:35:36.827 [Thread-29] INFO  io.undertow.servlet - Destroying Spring FrameworkServlet 'dispatcherServlet'
2019-11-06 14:41:29.047 [restartedMain] INFO  com.osen.cloud.system.LampblackSystemApplication - Starting LampblackSystemApplication on PC-20190708MDDO with PID 3568 (E:\gitworkspace\lampblack-admin\lampblack-system\target\classes started by Administrator in E:\gitworkspace\lampblack-admin)
2019-11-06 14:41:29.054 [restartedMain] INFO  com.osen.cloud.system.LampblackSystemApplication - The following profiles are active: pro
2019-11-06 14:41:29.224 [restartedMain] INFO  o.s.b.d.env.DevToolsPropertyDefaultsPostProcessor - Devtools property defaults active! Set 'spring.devtools.add-properties' to 'false' to disable
2019-11-06 14:41:29.224 [restartedMain] INFO  o.s.b.d.env.DevToolsPropertyDefaultsPostProcessor - For additional web related logging consider setting the 'logging.level.web' property to 'DEBUG'
2019-11-06 14:41:32.249 [restartedMain] INFO  o.s.d.r.config.RepositoryConfigurationDelegate - Multiple Spring Data modules found, entering strict repository configuration mode!
2019-11-06 14:41:32.254 [restartedMain] INFO  o.s.d.r.config.RepositoryConfigurationDelegate - Bootstrapping Spring Data repositories in DEFAULT mode.
2019-11-06 14:41:32.348 [restartedMain] INFO  o.s.d.r.config.RepositoryConfigurationDelegate - Finished Spring Data repository scanning in 59ms. Found 0 repository interfaces.
2019-11-06 14:41:33.459 [restartedMain] INFO  o.s.c.s.PostProcessorRegistrationDelegate$BeanPostProcessorChecker - Bean 'org.springframework.security.config.annotation.configuration.ObjectPostProcessorConfiguration' of type [org.springframework.security.config.annotation.configuration.ObjectPostProcessorConfiguration$$EnhancerBySpringCGLIB$$212e3a9b] is not eligible for getting processed by all BeanPostProcessors (for example: not eligible for auto-proxying)
2019-11-06 14:41:33.486 [restartedMain] INFO  o.s.c.s.PostProcessorRegistrationDelegate$BeanPostProcessorChecker - Bean 'org.springframework.transaction.annotation.ProxyTransactionManagementConfiguration' of type [org.springframework.transaction.annotation.ProxyTransactionManagementConfiguration$$EnhancerBySpringCGLIB$$88807261] is not eligible for getting processed by all BeanPostProcessors (for example: not eligible for auto-proxying)
2019-11-06 14:41:33.559 [restartedMain] INFO  o.s.c.s.PostProcessorRegistrationDelegate$BeanPostProcessorChecker - Bean 'objectPostProcessor' of type [org.springframework.security.config.annotation.configuration.AutowireBeanFactoryObjectPostProcessor] is not eligible for getting processed by all BeanPostProcessors (for example: not eligible for auto-proxying)
2019-11-06 14:41:33.565 [restartedMain] INFO  o.s.c.s.PostProcessorRegistrationDelegate$BeanPostProcessorChecker - Bean 'org.springframework.security.access.expression.method.DefaultMethodSecurityExpressionHandler@707cddf8' of type [org.springframework.security.access.expression.method.DefaultMethodSecurityExpressionHandler] is not eligible for getting processed by all BeanPostProcessors (for example: not eligible for auto-proxying)
2019-11-06 14:41:33.578 [restartedMain] INFO  o.s.c.s.PostProcessorRegistrationDelegate$BeanPostProcessorChecker - Bean 'org.springframework.security.config.annotation.method.configuration.GlobalMethodSecurityConfiguration' of type [org.springframework.security.config.annotation.method.configuration.GlobalMethodSecurityConfiguration$$EnhancerBySpringCGLIB$$4602dd4d] is not eligible for getting processed by all BeanPostProcessors (for example: not eligible for auto-proxying)
2019-11-06 14:41:33.595 [restartedMain] INFO  o.s.c.s.PostProcessorRegistrationDelegate$BeanPostProcessorChecker - Bean 'methodSecurityMetadataSource' of type [org.springframework.security.access.method.DelegatingMethodSecurityMetadataSource] is not eligible for getting processed by all BeanPostProcessors (for example: not eligible for auto-proxying)
2019-11-06 14:41:34.454 [restartedMain] INFO  io.undertow.servlet - Initializing Spring embedded WebApplicationContext
2019-11-06 14:41:34.454 [restartedMain] INFO  org.springframework.web.context.ContextLoader - Root WebApplicationContext: initialization completed in 5229 ms
2019-11-06 14:41:38.925 [Socket Server Thread-01] INFO  c.o.c.s.system_socket.config.SocketServerStarter - system_socket service starting port: 8888
2019-11-06 14:41:39.229 [restartedMain] INFO  o.s.security.web.DefaultSecurityFilterChain - Creating filter chain: any request, [org.springframework.security.web.context.request.async.WebAsyncManagerIntegrationFilter@15158ec1, org.springframework.security.web.context.SecurityContextPersistenceFilter@4875fabb, org.springframework.security.web.header.HeaderWriterFilter@2a27d816, org.springframework.security.web.authentication.logout.LogoutFilter@f08bbf2, com.osen.cloud.system.web_security.config.JwtAuthenticationTokenFilter@4bbb145f, org.springframework.security.web.authentication.UsernamePasswordAuthenticationFilter@3e59f0e7, org.springframework.security.web.savedrequest.RequestCacheAwareFilter@51e90c47, org.springframework.security.web.servletapi.SecurityContextHolderAwareRequestFilter@3c027305, org.springframework.security.web.authentication.AnonymousAuthenticationFilter@58bced4, org.springframework.security.web.session.SessionManagementFilter@267b0557, org.springframework.security.web.access.ExceptionTranslationFilter@1a0abff2, org.springframework.security.web.access.intercept.FilterSecurityInterceptor@7bcb0746]
2019-11-06 14:41:39.482 [restartedMain] INFO  o.s.scheduling.concurrent.ThreadPoolTaskExecutor - Initializing ExecutorService 'applicationTaskExecutor'
2019-11-06 14:41:40.585 [restartedMain] INFO  o.s.b.actuate.endpoint.web.EndpointLinksResolver - Exposing 2 endpoint(s) beneath base path '/actuator'
2019-11-06 14:41:40.683 [restartedMain] INFO  o.s.scheduling.concurrent.ThreadPoolTaskScheduler - Initializing ExecutorService 'taskScheduler'
2019-11-06 14:41:40.810 [restartedMain] INFO  o.s.b.d.autoconfigure.OptionalLiveReloadServer - LiveReload server is running on port 35729
2019-11-06 14:41:40.989 [restartedMain] INFO  org.xnio - XNIO version 3.3.8.Final
2019-11-06 14:41:41.007 [restartedMain] INFO  org.xnio.nio - XNIO NIO Implementation Version 3.3.8.Final
2019-11-06 14:41:41.096 [restartedMain] INFO  o.s.b.w.embedded.undertow.UndertowServletWebServer - Undertow started on port(s) 8080 (http) with context path ''
2019-11-06 14:41:41.102 [restartedMain] INFO  com.osen.cloud.system.LampblackSystemApplication - Started LampblackSystemApplication in 13.857 seconds (JVM running for 15.821)
2019-11-06 14:41:41.764 [RMI TCP Connection(4)-192.168.1.54] INFO  io.undertow.servlet - Initializing Spring DispatcherServlet 'dispatcherServlet'
2019-11-06 14:41:41.765 [RMI TCP Connection(4)-192.168.1.54] INFO  org.springframework.web.servlet.DispatcherServlet - Initializing Servlet 'dispatcherServlet'
2019-11-06 14:41:41.773 [RMI TCP Connection(3)-192.168.1.54] INFO  com.zaxxer.hikari.HikariDataSource - DatebookHikariCP - Starting...
2019-11-06 14:41:41.788 [RMI TCP Connection(4)-192.168.1.54] INFO  org.springframework.web.servlet.DispatcherServlet - Completed initialization in 23 ms
2019-11-06 14:41:42.142 [RMI TCP Connection(3)-192.168.1.54] INFO  com.zaxxer.hikari.HikariDataSource - DatebookHikariCP - Start completed.
2019-11-06 14:41:42.355 [parallel-1] INFO  io.lettuce.core.EpollProvider - Starting without optional epoll library
2019-11-06 14:41:42.360 [parallel-1] INFO  io.lettuce.core.KqueueProvider - Starting without optional kqueue library
2019-11-06 14:41:47.149 [Thread-33] INFO  o.s.scheduling.concurrent.ThreadPoolTaskScheduler - Shutting down ExecutorService 'taskScheduler'
2019-11-06 14:41:47.152 [Thread-33] INFO  o.s.scheduling.concurrent.ThreadPoolTaskExecutor - Shutting down ExecutorService 'applicationTaskExecutor'
2019-11-06 14:41:48.289 [Thread-33] INFO  com.zaxxer.hikari.HikariDataSource - DatebookHikariCP - Shutdown initiated...
2019-11-06 14:41:48.298 [Thread-33] INFO  com.zaxxer.hikari.HikariDataSource - DatebookHikariCP - Shutdown completed.
2019-11-06 14:41:48.304 [Thread-33] INFO  io.undertow.servlet - Destroying Spring FrameworkServlet 'dispatcherServlet'
2019-11-06 16:22:25.179 [restartedMain] INFO  com.osen.cloud.system.LampblackSystemApplication - Starting LampblackSystemApplication on PC-20190708MDDO with PID 8956 (E:\gitworkspace\lampblack-admin\lampblack-system\target\classes started by Administrator in E:\gitworkspace\lampblack-admin)
2019-11-06 16:22:25.184 [restartedMain] INFO  com.osen.cloud.system.LampblackSystemApplication - The following profiles are active: pro
2019-11-06 16:22:25.357 [restartedMain] INFO  o.s.b.d.env.DevToolsPropertyDefaultsPostProcessor - Devtools property defaults active! Set 'spring.devtools.add-properties' to 'false' to disable
2019-11-06 16:22:25.358 [restartedMain] INFO  o.s.b.d.env.DevToolsPropertyDefaultsPostProcessor - For additional web related logging consider setting the 'logging.level.web' property to 'DEBUG'
2019-11-06 16:22:28.307 [restartedMain] INFO  o.s.d.r.config.RepositoryConfigurationDelegate - Multiple Spring Data modules found, entering strict repository configuration mode!
2019-11-06 16:22:28.313 [restartedMain] INFO  o.s.d.r.config.RepositoryConfigurationDelegate - Bootstrapping Spring Data repositories in DEFAULT mode.
2019-11-06 16:22:28.404 [restartedMain] INFO  o.s.d.r.config.RepositoryConfigurationDelegate - Finished Spring Data repository scanning in 56ms. Found 0 repository interfaces.
2019-11-06 16:22:29.179 [restartedMain] INFO  o.s.c.s.PostProcessorRegistrationDelegate$BeanPostProcessorChecker - Bean 'org.springframework.security.config.annotation.configuration.ObjectPostProcessorConfiguration' of type [org.springframework.security.config.annotation.configuration.ObjectPostProcessorConfiguration$$EnhancerBySpringCGLIB$$cad47608] is not eligible for getting processed by all BeanPostProcessors (for example: not eligible for auto-proxying)
2019-11-06 16:22:29.197 [restartedMain] INFO  o.s.c.s.PostProcessorRegistrationDelegate$BeanPostProcessorChecker - Bean 'org.springframework.transaction.annotation.ProxyTransactionManagementConfiguration' of type [org.springframework.transaction.annotation.ProxyTransactionManagementConfiguration$$EnhancerBySpringCGLIB$$3226adce] is not eligible for getting processed by all BeanPostProcessors (for example: not eligible for auto-proxying)
2019-11-06 16:22:29.238 [restartedMain] INFO  o.s.c.s.PostProcessorRegistrationDelegate$BeanPostProcessorChecker - Bean 'objectPostProcessor' of type [org.springframework.security.config.annotation.configuration.AutowireBeanFactoryObjectPostProcessor] is not eligible for getting processed by all BeanPostProcessors (for example: not eligible for auto-proxying)
2019-11-06 16:22:29.241 [restartedMain] INFO  o.s.c.s.PostProcessorRegistrationDelegate$BeanPostProcessorChecker - Bean 'org.springframework.security.access.expression.method.DefaultMethodSecurityExpressionHandler@7877582a' of type [org.springframework.security.access.expression.method.DefaultMethodSecurityExpressionHandler] is not eligible for getting processed by all BeanPostProcessors (for example: not eligible for auto-proxying)
2019-11-06 16:22:29.243 [restartedMain] INFO  o.s.c.s.PostProcessorRegistrationDelegate$BeanPostProcessorChecker - Bean 'org.springframework.security.config.annotation.method.configuration.GlobalMethodSecurityConfiguration' of type [org.springframework.security.config.annotation.method.configuration.GlobalMethodSecurityConfiguration$$EnhancerBySpringCGLIB$$efa918ba] is not eligible for getting processed by all BeanPostProcessors (for example: not eligible for auto-proxying)
2019-11-06 16:22:29.256 [restartedMain] INFO  o.s.c.s.PostProcessorRegistrationDelegate$BeanPostProcessorChecker - Bean 'methodSecurityMetadataSource' of type [org.springframework.security.access.method.DelegatingMethodSecurityMetadataSource] is not eligible for getting processed by all BeanPostProcessors (for example: not eligible for auto-proxying)
2019-11-06 16:22:29.814 [restartedMain] INFO  io.undertow.servlet - Initializing Spring embedded WebApplicationContext
2019-11-06 16:22:29.815 [restartedMain] INFO  org.springframework.web.context.ContextLoader - Root WebApplicationContext: initialization completed in 4457 ms
2019-11-06 16:22:33.894 [Socket Server Thread-01] INFO  c.o.c.s.system_socket.config.SocketServerStarter - system_socket service starting port: 8888
2019-11-06 16:22:34.172 [restartedMain] INFO  o.s.security.web.DefaultSecurityFilterChain - Creating filter chain: any request, [org.springframework.security.web.context.request.async.WebAsyncManagerIntegrationFilter@34ac1413, org.springframework.security.web.context.SecurityContextPersistenceFilter@534015c3, org.springframework.security.web.header.HeaderWriterFilter@a035226, org.springframework.security.web.authentication.logout.LogoutFilter@1645d436, com.osen.cloud.system.web_security.config.JwtAuthenticationTokenFilter@6b563674, org.springframework.security.web.authentication.UsernamePasswordAuthenticationFilter@1adba121, org.springframework.security.web.savedrequest.RequestCacheAwareFilter@2eb18965, org.springframework.security.web.servletapi.SecurityContextHolderAwareRequestFilter@635d47bb, org.springframework.security.web.authentication.AnonymousAuthenticationFilter@76f94c3f, org.springframework.security.web.session.SessionManagementFilter@6febd7d2, org.springframework.security.web.access.ExceptionTranslationFilter@b9fad05, org.springframework.security.web.access.intercept.FilterSecurityInterceptor@7491b605]
2019-11-06 16:22:34.395 [restartedMain] INFO  o.s.scheduling.concurrent.ThreadPoolTaskExecutor - Initializing ExecutorService 'applicationTaskExecutor'
2019-11-06 16:22:35.384 [restartedMain] INFO  o.s.b.actuate.endpoint.web.EndpointLinksResolver - Exposing 2 endpoint(s) beneath base path '/actuator'
2019-11-06 16:22:35.476 [restartedMain] INFO  o.s.scheduling.concurrent.ThreadPoolTaskScheduler - Initializing ExecutorService 'taskScheduler'
2019-11-06 16:22:35.597 [restartedMain] INFO  o.s.b.d.autoconfigure.OptionalLiveReloadServer - LiveReload server is running on port 35729
2019-11-06 16:22:35.766 [restartedMain] INFO  org.xnio - XNIO version 3.3.8.Final
2019-11-06 16:22:35.786 [restartedMain] INFO  org.xnio.nio - XNIO NIO Implementation Version 3.3.8.Final
2019-11-06 16:22:35.872 [restartedMain] INFO  o.s.b.w.embedded.undertow.UndertowServletWebServer - Undertow started on port(s) 8080 (http) with context path ''
2019-11-06 16:22:35.880 [restartedMain] INFO  com.osen.cloud.system.LampblackSystemApplication - Started LampblackSystemApplication in 11.765 seconds (JVM running for 13.291)
2019-11-06 16:22:36.457 [RMI TCP Connection(3)-192.168.1.54] INFO  io.undertow.servlet - Initializing Spring DispatcherServlet 'dispatcherServlet'
2019-11-06 16:22:36.457 [RMI TCP Connection(3)-192.168.1.54] INFO  org.springframework.web.servlet.DispatcherServlet - Initializing Servlet 'dispatcherServlet'
2019-11-06 16:22:36.476 [RMI TCP Connection(3)-192.168.1.54] INFO  org.springframework.web.servlet.DispatcherServlet - Completed initialization in 19 ms
2019-11-06 16:22:36.533 [RMI TCP Connection(5)-192.168.1.54] INFO  com.zaxxer.hikari.HikariDataSource - DatebookHikariCP - Starting...
2019-11-06 16:22:36.983 [RMI TCP Connection(5)-192.168.1.54] INFO  com.zaxxer.hikari.HikariDataSource - DatebookHikariCP - Start completed.
2019-11-06 16:22:37.186 [parallel-1] INFO  io.lettuce.core.EpollProvider - Starting without optional epoll library
2019-11-06 16:22:37.192 [parallel-1] INFO  io.lettuce.core.KqueueProvider - Starting without optional kqueue library
2019-11-06 16:22:42.017 [nioEventLoopGroup-5-1] INFO  c.o.c.s.system_socket.handler.SocketServerHandler - 设备成功连接服务器：0c9d92fffe787de5-000022fc-00000002-9853cb8b9057043e-daec3533
2019-11-06 16:22:43.081 [nioEventLoopGroup-5-1] INFO  c.o.c.s.system_socket.handler.SocketServerHandler - 服务器接收设备上传数据完毕：0c9d92fffe787de5-000022fc-00000002-9853cb8b9057043e-daec3533
2019-11-06 16:22:49.639 [nioEventLoopGroup-5-1] INFO  c.o.c.s.system_socket.handler.SocketServerHandler - 服务器接收设备上传数据完毕：0c9d92fffe787de5-000022fc-00000002-9853cb8b9057043e-daec3533
2019-11-06 16:22:49.642 [nioEventLoopGroup-5-1] INFO  c.o.c.s.system_socket.handler.SocketServerHandler - 设备与服务器断开连接：0c9d92fffe787de5-000022fc-00000002-9853cb8b9057043e-daec3533
2019-11-06 16:23:24.198 [Thread-30] INFO  o.s.scheduling.concurrent.ThreadPoolTaskScheduler - Shutting down ExecutorService 'taskScheduler'
2019-11-06 16:23:24.201 [Thread-30] INFO  o.s.scheduling.concurrent.ThreadPoolTaskExecutor - Shutting down ExecutorService 'applicationTaskExecutor'
2019-11-06 16:23:25.386 [Thread-30] INFO  com.zaxxer.hikari.HikariDataSource - DatebookHikariCP - Shutdown initiated...
2019-11-06 16:23:25.397 [Thread-30] INFO  com.zaxxer.hikari.HikariDataSource - DatebookHikariCP - Shutdown completed.
2019-11-06 16:23:25.401 [Thread-30] INFO  io.undertow.servlet - Destroying Spring FrameworkServlet 'dispatcherServlet'
