2020-01-15 14:38:10.021 log message -> UT026010: Buffer pool was not set on WebSocketDeploymentInfo, the default pool will be used
2020-01-15 14:38:17.060 log message -> DatebookHikariCP - idleTimeout is close to or more than maxLifetime, disabling it.
2020-01-15 14:43:20.500 log message -> Resolved [com.alibaba.fastjson.JSONException: Text '2020-01-15T14:44:00' could not be parsed at index 10]
2020-01-15 14:44:31.837 log message -> UT026010: Buffer pool was not set on WebSocketDeploymentInfo, the default pool will be used
2020-01-15 14:44:38.206 log message -> DatebookHikariCP - idleTimeout is close to or more than maxLifetime, disabling it.
2020-01-15 14:48:50.140 log message -> UT026010: Buffer pool was not set on WebSocketDeploymentInfo, the default pool will be used
2020-01-15 14:48:56.686 log message -> DatebookHikariCP - idleTimeout is close to or more than maxLifetime, disabling it.
2020-01-15 14:51:29.667 log message -> UT026010: Buffer pool was not set on WebSocketDeploymentInfo, the default pool will be used
2020-01-15 14:51:36.130 log message -> DatebookHikariCP - idleTimeout is close to or more than maxLifetime, disabling it.
2020-01-15 14:52:52.934 log message -> UT026010: Buffer pool was not set on WebSocketDeploymentInfo, the default pool will be used
2020-01-15 14:52:59.674 log message -> DatebookHikariCP - idleTimeout is close to or more than maxLifetime, disabling it.
2020-01-15 14:57:59.811 log message -> Resolved [java.time.format.DateTimeParseException: Text '2019-12-20' could not be parsed at index 10]
2020-01-15 14:58:44.238 log message -> UT026010: Buffer pool was not set on WebSocketDeploymentInfo, the default pool will be used
2020-01-15 14:58:50.535 log message -> DatebookHikariCP - idleTimeout is close to or more than maxLifetime, disabling it.
2020-01-15 14:59:02.046 log message -> Resolved [java.time.format.DateTimeParseException: Text '2019-12-20' could not be parsed at index 10]
2020-01-15 14:59:42.748 log message -> UT026010: Buffer pool was not set on WebSocketDeploymentInfo, the default pool will be used
2020-01-15 14:59:49.518 log message -> DatebookHikariCP - idleTimeout is close to or more than maxLifetime, disabling it.
2020-01-15 15:00:04.670 log message -> Resolved [java.time.format.DateTimeParseException: Text '2019-12-20' could not be parsed at index 10]
2020-01-15 15:01:26.602 log message -> UT026010: Buffer pool was not set on WebSocketDeploymentInfo, the default pool will be used
2020-01-15 15:01:57.980 log message -> UT026010: Buffer pool was not set on WebSocketDeploymentInfo, the default pool will be used
2020-01-15 15:02:04.505 log message -> DatebookHikariCP - idleTimeout is close to or more than maxLifetime, disabling it.
2020-01-15 15:02:12.314 log message -> Resolved [java.time.format.DateTimeParseException: Text '2019-12-20' could not be parsed: Unable to obtain LocalDateTime from TemporalAccessor: {},ISO resolved to 2019-12-20 of type java.time.format.Parsed]
2020-01-15 15:04:19.157 log message -> UT026010: Buffer pool was not set on WebSocketDeploymentInfo, the default pool will be used
2020-01-15 15:04:48.269 log message -> UT026010: Buffer pool was not set on WebSocketDeploymentInfo, the default pool will be used
2020-01-15 15:04:54.603 log message -> DatebookHikariCP - idleTimeout is close to or more than maxLifetime, disabling it.
2020-01-15 15:08:08.621 log message -> DatebookHikariCP - Thread starvation or clock leap detected (housekeeper delta=1m13s510ms345µs424ns).
2020-01-15 15:09:11.494 log message -> UT026010: Buffer pool was not set on WebSocketDeploymentInfo, the default pool will be used
2020-01-15 15:09:18.030 log message -> DatebookHikariCP - idleTimeout is close to or more than maxLifetime, disabling it.
2020-01-15 15:46:15.698 log message -> UT026010: Buffer pool was not set on WebSocketDeploymentInfo, the default pool will be used
2020-01-15 15:46:22.378 log message -> DatebookHikariCP - idleTimeout is close to or more than maxLifetime, disabling it.
2020-01-15 16:28:29.061 log message -> UT026010: Buffer pool was not set on WebSocketDeploymentInfo, the default pool will be used
2020-01-15 16:28:35.747 log message -> DatebookHikariCP - idleTimeout is close to or more than maxLifetime, disabling it.
2020-01-15 16:56:02.533 log message -> DatebookHikariCP - Failed to validate connection com.mysql.cj.jdbc.ConnectionImpl@46a43ff3 (No operations allowed after connection closed.). Possibly consider using a shorter maxLifetime value.
